<?xml version="1.0" encoding="UTF-8" ?>
<testsuite tests="3" failures="0" name="com.shoppingbackend.test.SupplierTestCase" time="1.397" errors="0" skipped="2">
  <properties>
    <property name="java.runtime.name" value="Java(TM) SE Runtime Environment"/>
    <property name="sun.boot.library.path" value="C:\Program Files\Java\jdk1.8.0_121\jre\bin"/>
    <property name="java.vm.version" value="25.121-b13"/>
    <property name="java.vm.vendor" value="Oracle Corporation"/>
    <property name="maven.multiModuleProjectDirectory" value="H:\dtproject\shopingbackend"/>
    <property name="java.vendor.url" value="http://java.oracle.com/"/>
    <property name="path.separator" value=";"/>
    <property name="guice.disable.misplaced.annotation.check" value="true"/>
    <property name="java.vm.name" value="Java HotSpot(TM) 64-Bit Server VM"/>
    <property name="file.encoding.pkg" value="sun.io"/>
    <property name="user.script" value=""/>
    <property name="user.country" value="US"/>
    <property name="sun.java.launcher" value="SUN_STANDARD"/>
    <property name="sun.os.patch.level" value=""/>
    <property name="java.vm.specification.name" value="Java Virtual Machine Specification"/>
    <property name="user.dir" value="H:\dtproject\shopingbackend"/>
    <property name="java.runtime.version" value="1.8.0_121-b13"/>
    <property name="java.awt.graphicsenv" value="sun.awt.Win32GraphicsEnvironment"/>
    <property name="java.endorsed.dirs" value="C:\Program Files\Java\jdk1.8.0_121\jre\lib\endorsed"/>
    <property name="os.arch" value="amd64"/>
    <property name="java.io.tmpdir" value="C:\Users\MEHBOO~1\AppData\Local\Temp\"/>
    <property name="line.separator" value="
"/>
    <property name="java.vm.specification.vendor" value="Oracle Corporation"/>
    <property name="user.variant" value=""/>
    <property name="os.name" value="Windows 10"/>
    <property name="classworlds.conf" value="H:\dtproject\.metadata\.plugins\org.eclipse.m2e.launching\launches\m2conf203756584245189981.tmp"/>
    <property name="sun.jnu.encoding" value="Cp1252"/>
    <property name="java.library.path" value="C:\Program Files\Java\jdk1.8.0_121\bin;C:\WINDOWS\Sun\Java\bin;C:\WINDOWS\system32;C:\WINDOWS;C:/Program Files/Java/jdk1.8.0_121/bin/../jre/bin/server;C:/Program Files/Java/jdk1.8.0_121/bin/../jre/bin;C:/Program Files/Java/jdk1.8.0_121/bin/../jre/lib/amd64;C:\Program Files (x86)\Intel\iCLS Client\;C:\Program Files\Java\jdk1.8.0_121\bin;C:\ProgramData\Oracle\Java\javapath;C:\oraclexe\app\oracle\product\11.2.0\server\bin;C:\Program Files\Intel\iCLS Client\;C:\windows\system32;C:\windows;C:\windows\System32\Wbem;C:\windows\System32\WindowsPowerShell\v1.0\;C:\Program Files (x86)\NVIDIA Corporation\PhysX\Common;C:\WINDOWS\system32;C:\WINDOWS;C:\WINDOWS\System32\Wbem;C:\WINDOWS\System32\WindowsPowerShell\v1.0\;C:\Program Files (x86)\Java\jdk1.8.0_45\bin;C:\Program Files (x86)\Intel\Intel(R) Management Engine Components\DAL;C:\Program Files\Intel\Intel(R) Management Engine Components\DAL;C:\Program Files (x86)\Intel\Intel(R) Management Engine Components\IPT;C:\Program Files\Intel\Intel(R) Management Engine Components\IPT;C:\Program Files\Intel\WiFi\bin\;C:\Program Files\Common Files\Intel\WirelessCommon\;C:\Users\mehboob Khan\AppData\Local\Microsoft\WindowsApps;;H:\eclipse-jee-oxygen-R-win32-x86_64\eclipse;;."/>
    <property name="java.specification.name" value="Java Platform API Specification"/>
    <property name="java.class.version" value="52.0"/>
    <property name="sun.management.compiler" value="HotSpot 64-Bit Tiered Compilers"/>
    <property name="os.version" value="10.0"/>
    <property name="user.home" value="C:\Users\mehboob Khan"/>
    <property name="user.timezone" value="Asia/Calcutta"/>
    <property name="java.awt.printerjob" value="sun.awt.windows.WPrinterJob"/>
    <property name="java.specification.version" value="1.8"/>
    <property name="file.encoding" value="Cp1252"/>
    <property name="user.name" value="mehboob Khan"/>
    <property name="java.class.path" value="H:\eclipse-jee-oxygen-R-win32-x86_64\eclipse\plugins\org.eclipse.m2e.maven.runtime_1.8.3.20180227-2135\jars\plexus-classworlds-2.5.2.jar"/>
    <property name="java.vm.specification.version" value="1.8"/>
    <property name="sun.arch.data.model" value="64"/>
    <property name="java.home" value="C:\Program Files\Java\jdk1.8.0_121\jre"/>
    <property name="sun.java.command" value="org.codehaus.plexus.classworlds.launcher.Launcher -B clean install"/>
    <property name="java.specification.vendor" value="Oracle Corporation"/>
    <property name="user.language" value="en"/>
    <property name="awt.toolkit" value="sun.awt.windows.WToolkit"/>
    <property name="java.vm.info" value="mixed mode"/>
    <property name="java.version" value="1.8.0_121"/>
    <property name="java.ext.dirs" value="C:\Program Files\Java\jdk1.8.0_121\jre\lib\ext;C:\WINDOWS\Sun\Java\lib\ext"/>
    <property name="sun.boot.class.path" value="C:\Program Files\Java\jdk1.8.0_121\jre\lib\resources.jar;C:\Program Files\Java\jdk1.8.0_121\jre\lib\rt.jar;C:\Program Files\Java\jdk1.8.0_121\jre\lib\sunrsasign.jar;C:\Program Files\Java\jdk1.8.0_121\jre\lib\jsse.jar;C:\Program Files\Java\jdk1.8.0_121\jre\lib\jce.jar;C:\Program Files\Java\jdk1.8.0_121\jre\lib\charsets.jar;C:\Program Files\Java\jdk1.8.0_121\jre\lib\jfr.jar;C:\Program Files\Java\jdk1.8.0_121\jre\classes"/>
    <property name="java.vendor" value="Oracle Corporation"/>
    <property name="maven.home" value="H:\dtproject\shopingbackend\EMBEDDED"/>
    <property name="file.separator" value="\"/>
    <property name="java.vendor.url.bug" value="http://bugreport.sun.com/bugreport/"/>
    <property name="sun.cpu.endian" value="little"/>
    <property name="sun.io.unicode.encoding" value="UnicodeLittle"/>
    <property name="sun.desktop" value="windows"/>
    <property name="sun.cpu.isalist" value="amd64"/>
  </properties>
  <testcase classname="com.shoppingbackend.test.SupplierTestCase" name="testUpdateSupplier" time="0.69">
    <skipped/>
    <system-out>16:32:49.984 [main] DEBUG org.springframework.core.env.StandardEnvironment - Adding [systemProperties] PropertySource with lowest search precedence
16:32:49.984 [main] DEBUG org.springframework.core.env.StandardEnvironment - Adding [systemEnvironment] PropertySource with lowest search precedence
16:32:49.984 [main] DEBUG org.springframework.core.env.StandardEnvironment - Initialized StandardEnvironment with PropertySources [systemProperties,systemEnvironment]
16:32:49.984 [main] DEBUG org.springframework.core.io.support.PathMatchingResourcePatternResolver - Resolved classpath location [com/shoppingbackend/] to resources [URL [file:/H:/dtproject/shopingbackend/target/test-classes/com/shoppingbackend/], URL [file:/H:/dtproject/shopingbackend/target/classes/com/shoppingbackend/]]
16:32:49.984 [main] DEBUG org.springframework.core.io.support.PathMatchingResourcePatternResolver - Looking for matching resources in directory tree [H:\dtproject\shopingbackend\target\test-classes\com\shoppingbackend]
16:32:49.984 [main] DEBUG org.springframework.core.io.support.PathMatchingResourcePatternResolver - Searching directory [H:\dtproject\shopingbackend\target\test-classes\com\shoppingbackend] for files matching pattern [H:/dtproject/shopingbackend/target/test-classes/com/shoppingbackend/**/*.class]
16:32:49.984 [main] DEBUG org.springframework.core.io.support.PathMatchingResourcePatternResolver - Searching directory [H:\dtproject\shopingbackend\target\test-classes\com\shoppingbackend\test] for files matching pattern [H:/dtproject/shopingbackend/target/test-classes/com/shoppingbackend/**/*.class]
16:32:49.984 [main] DEBUG org.springframework.core.io.support.PathMatchingResourcePatternResolver - Looking for matching resources in directory tree [H:\dtproject\shopingbackend\target\classes\com\shoppingbackend]
16:32:49.984 [main] DEBUG org.springframework.core.io.support.PathMatchingResourcePatternResolver - Searching directory [H:\dtproject\shopingbackend\target\classes\com\shoppingbackend] for files matching pattern [H:/dtproject/shopingbackend/target/classes/com/shoppingbackend/**/*.class]
16:32:49.984 [main] DEBUG org.springframework.core.io.support.PathMatchingResourcePatternResolver - Searching directory [H:\dtproject\shopingbackend\target\classes\com\shoppingbackend\config] for files matching pattern [H:/dtproject/shopingbackend/target/classes/com/shoppingbackend/**/*.class]
16:32:49.984 [main] DEBUG org.springframework.core.io.support.PathMatchingResourcePatternResolver - Searching directory [H:\dtproject\shopingbackend\target\classes\com\shoppingbackend\dao] for files matching pattern [H:/dtproject/shopingbackend/target/classes/com/shoppingbackend/**/*.class]
16:32:49.984 [main] DEBUG org.springframework.core.io.support.PathMatchingResourcePatternResolver - Searching directory [H:\dtproject\shopingbackend\target\classes\com\shoppingbackend\dao\daoimpl] for files matching pattern [H:/dtproject/shopingbackend/target/classes/com/shoppingbackend/**/*.class]
16:32:49.984 [main] DEBUG org.springframework.core.io.support.PathMatchingResourcePatternResolver - Searching directory [H:\dtproject\shopingbackend\target\classes\com\shoppingbackend\model] for files matching pattern [H:/dtproject/shopingbackend/target/classes/com/shoppingbackend/**/*.class]
16:32:49.984 [main] DEBUG org.springframework.core.io.support.PathMatchingResourcePatternResolver - Resolved location pattern [classpath*:com/shoppingbackend/**/*.class] to resources [file [H:\dtproject\shopingbackend\target\test-classes\com\shoppingbackend\AppTest.class], file [H:\dtproject\shopingbackend\target\test-classes\com\shoppingbackend\test\CartLineTestCase.class], file [H:\dtproject\shopingbackend\target\test-classes\com\shoppingbackend\test\CategoryTestCase.class], file [H:\dtproject\shopingbackend\target\test-classes\com\shoppingbackend\test\ProductTestCase.class], file [H:\dtproject\shopingbackend\target\test-classes\com\shoppingbackend\test\SupplierTestCase.class], file [H:\dtproject\shopingbackend\target\test-classes\com\shoppingbackend\test\UserTestCase.class], file [H:\dtproject\shopingbackend\target\classes\com\shoppingbackend\App.class], file [H:\dtproject\shopingbackend\target\classes\com\shoppingbackend\config\HibernateConfig.class], file [H:\dtproject\shopingbackend\target\classes\com\shoppingbackend\dao\CartLineDAO.class], file [H:\dtproject\shopingbackend\target\classes\com\shoppingbackend\dao\CategoryDAO.class], file [H:\dtproject\shopingbackend\target\classes\com\shoppingbackend\dao\daoimpl\CartLineDAOImpl.class], file [H:\dtproject\shopingbackend\target\classes\com\shoppingbackend\dao\daoimpl\CategoryDAOImpl.class], file [H:\dtproject\shopingbackend\target\classes\com\shoppingbackend\dao\daoimpl\ProductDAOImpl.class], file [H:\dtproject\shopingbackend\target\classes\com\shoppingbackend\dao\daoimpl\SupplierDAOImpl.class], file [H:\dtproject\shopingbackend\target\classes\com\shoppingbackend\dao\daoimpl\UserDAOImpl.class], file [H:\dtproject\shopingbackend\target\classes\com\shoppingbackend\dao\ProductDAO.class], file [H:\dtproject\shopingbackend\target\classes\com\shoppingbackend\dao\SupplierDAO.class], file [H:\dtproject\shopingbackend\target\classes\com\shoppingbackend\dao\UserDAO.class], file [H:\dtproject\shopingbackend\target\classes\com\shoppingbackend\model\Address.class], file [H:\dtproject\shopingbackend\target\classes\com\shoppingbackend\model\Cart.class], file [H:\dtproject\shopingbackend\target\classes\com\shoppingbackend\model\CartLine.class], file [H:\dtproject\shopingbackend\target\classes\com\shoppingbackend\model\Category.class], file [H:\dtproject\shopingbackend\target\classes\com\shoppingbackend\model\OrderDetail.class], file [H:\dtproject\shopingbackend\target\classes\com\shoppingbackend\model\OrderItem.class], file [H:\dtproject\shopingbackend\target\classes\com\shoppingbackend\model\Product.class], file [H:\dtproject\shopingbackend\target\classes\com\shoppingbackend\model\Supplier.class], file [H:\dtproject\shopingbackend\target\classes\com\shoppingbackend\model\User.class]]
16:32:50.015 [main] DEBUG org.springframework.context.annotation.ClassPathBeanDefinitionScanner - Identified candidate component class: file [H:\dtproject\shopingbackend\target\classes\com\shoppingbackend\config\HibernateConfig.class]
16:32:50.031 [main] DEBUG org.springframework.context.annotation.ClassPathBeanDefinitionScanner - Identified candidate component class: file [H:\dtproject\shopingbackend\target\classes\com\shoppingbackend\dao\daoimpl\CartLineDAOImpl.class]
16:32:50.031 [main] DEBUG org.springframework.context.annotation.ClassPathBeanDefinitionScanner - Identified candidate component class: file [H:\dtproject\shopingbackend\target\classes\com\shoppingbackend\dao\daoimpl\CategoryDAOImpl.class]
16:32:50.031 [main] DEBUG org.springframework.context.annotation.ClassPathBeanDefinitionScanner - Identified candidate component class: file [H:\dtproject\shopingbackend\target\classes\com\shoppingbackend\dao\daoimpl\ProductDAOImpl.class]
16:32:50.031 [main] DEBUG org.springframework.context.annotation.ClassPathBeanDefinitionScanner - Identified candidate component class: file [H:\dtproject\shopingbackend\target\classes\com\shoppingbackend\dao\daoimpl\SupplierDAOImpl.class]
16:32:50.031 [main] DEBUG org.springframework.context.annotation.ClassPathBeanDefinitionScanner - Identified candidate component class: file [H:\dtproject\shopingbackend\target\classes\com\shoppingbackend\dao\daoimpl\UserDAOImpl.class]
16:32:50.031 [main] DEBUG org.springframework.context.annotation.ClassPathBeanDefinitionScanner - Identified candidate component class: file [H:\dtproject\shopingbackend\target\classes\com\shoppingbackend\model\Product.class]
16:32:50.031 [main] INFO org.springframework.context.annotation.AnnotationConfigApplicationContext - Refreshing org.springframework.context.annotation.AnnotationConfigApplicationContext@bb9ab64: startup date [Mon May 07 16:32:50 IST 2018]; root of context hierarchy
16:32:50.031 [main] DEBUG org.springframework.context.annotation.AnnotationConfigApplicationContext - Bean factory for org.springframework.context.annotation.AnnotationConfigApplicationContext@bb9ab64: org.springframework.beans.factory.support.DefaultListableBeanFactory@7ce4de34: defining beans [org.springframework.context.annotation.internalConfigurationAnnotationProcessor,org.springframework.context.annotation.internalAutowiredAnnotationProcessor,org.springframework.context.annotation.internalRequiredAnnotationProcessor,org.springframework.context.annotation.internalCommonAnnotationProcessor,org.springframework.context.annotation.internalPersistenceAnnotationProcessor,org.springframework.context.event.internalEventListenerProcessor,org.springframework.context.event.internalEventListenerFactory,hibernateConfig,cartLineDAO,categoryDAO,productDAO,supplierDAO,userDAO,product]; root of factory hierarchy
16:32:50.031 [main] DEBUG org.springframework.beans.factory.support.DefaultListableBeanFactory - Creating shared instance of singleton bean &apos;org.springframework.context.annotation.internalConfigurationAnnotationProcessor&apos;
16:32:50.031 [main] DEBUG org.springframework.beans.factory.support.DefaultListableBeanFactory - Creating instance of bean &apos;org.springframework.context.annotation.internalConfigurationAnnotationProcessor&apos;
16:32:50.031 [main] DEBUG org.springframework.beans.factory.support.DefaultListableBeanFactory - Eagerly caching bean &apos;org.springframework.context.annotation.internalConfigurationAnnotationProcessor&apos; to allow for resolving potential circular references
16:32:50.031 [main] DEBUG org.springframework.beans.factory.support.DefaultListableBeanFactory - Finished creating instance of bean &apos;org.springframework.context.annotation.internalConfigurationAnnotationProcessor&apos;
16:32:50.031 [main] DEBUG org.springframework.core.io.support.PathMatchingResourcePatternResolver - Resolved classpath location [com/shoppingbackend/model/] to resources [URL [file:/H:/dtproject/shopingbackend/target/classes/com/shoppingbackend/model/]]
16:32:50.031 [main] DEBUG org.springframework.core.io.support.PathMatchingResourcePatternResolver - Looking for matching resources in directory tree [H:\dtproject\shopingbackend\target\classes\com\shoppingbackend\model]
16:32:50.031 [main] DEBUG org.springframework.core.io.support.PathMatchingResourcePatternResolver - Searching directory [H:\dtproject\shopingbackend\target\classes\com\shoppingbackend\model] for files matching pattern [H:/dtproject/shopingbackend/target/classes/com/shoppingbackend/model/**/*.class]
16:32:50.031 [main] DEBUG org.springframework.core.io.support.PathMatchingResourcePatternResolver - Resolved location pattern [classpath*:com/shoppingbackend/model/**/*.class] to resources [file [H:\dtproject\shopingbackend\target\classes\com\shoppingbackend\model\Address.class], file [H:\dtproject\shopingbackend\target\classes\com\shoppingbackend\model\Cart.class], file [H:\dtproject\shopingbackend\target\classes\com\shoppingbackend\model\CartLine.class], file [H:\dtproject\shopingbackend\target\classes\com\shoppingbackend\model\Category.class], file [H:\dtproject\shopingbackend\target\classes\com\shoppingbackend\model\OrderDetail.class], file [H:\dtproject\shopingbackend\target\classes\com\shoppingbackend\model\OrderItem.class], file [H:\dtproject\shopingbackend\target\classes\com\shoppingbackend\model\Product.class], file [H:\dtproject\shopingbackend\target\classes\com\shoppingbackend\model\Supplier.class], file [H:\dtproject\shopingbackend\target\classes\com\shoppingbackend\model\User.class]]
16:32:50.047 [main] DEBUG org.springframework.context.annotation.ClassPathBeanDefinitionScanner - Identified candidate component class: file [H:\dtproject\shopingbackend\target\classes\com\shoppingbackend\model\Product.class]
16:32:50.062 [main] DEBUG org.springframework.context.annotation.ConfigurationClassBeanDefinitionReader - Registered bean definition for imported class &apos;org.springframework.transaction.annotation.ProxyTransactionManagementConfiguration&apos;
16:32:50.062 [main] DEBUG org.springframework.context.annotation.ConfigurationClassBeanDefinitionReader - Registering bean definition for @Bean method org.springframework.transaction.annotation.ProxyTransactionManagementConfiguration.org.springframework.transaction.config.internalTransactionAdvisor()
16:32:50.062 [main] DEBUG org.springframework.context.annotation.ConfigurationClassBeanDefinitionReader - Registering bean definition for @Bean method org.springframework.transaction.annotation.ProxyTransactionManagementConfiguration.transactionAttributeSource()
16:32:50.062 [main] DEBUG org.springframework.context.annotation.ConfigurationClassBeanDefinitionReader - Registering bean definition for @Bean method org.springframework.transaction.annotation.ProxyTransactionManagementConfiguration.transactionInterceptor()
16:32:50.062 [main] DEBUG org.springframework.context.annotation.ConfigurationClassBeanDefinitionReader - Registering bean definition for @Bean method org.springframework.transaction.annotation.ProxyTransactionManagementConfiguration.org.springframework.transaction.config.internalTransactionalEventListenerFactory()
16:32:50.062 [main] DEBUG org.springframework.context.annotation.ConfigurationClassBeanDefinitionReader - Registering bean definition for @Bean method com.shoppingbackend.config.HibernateConfig.dataSource()
16:32:50.062 [main] DEBUG org.springframework.context.annotation.ConfigurationClassBeanDefinitionReader - Registering bean definition for @Bean method com.shoppingbackend.config.HibernateConfig.getSessionFactory()
16:32:50.062 [main] DEBUG org.springframework.context.annotation.ConfigurationClassBeanDefinitionReader - Registering bean definition for @Bean method com.shoppingbackend.config.HibernateConfig.getTransactionManager()
16:32:50.062 [main] DEBUG org.springframework.context.annotation.ConfigurationClassEnhancer - Successfully enhanced com.shoppingbackend.config.HibernateConfig; enhanced class name is: com.shoppingbackend.config.HibernateConfig$$EnhancerBySpringCGLIB$$fa400f53
16:32:50.062 [main] DEBUG org.springframework.context.annotation.ConfigurationClassPostProcessor - Replacing bean definition &apos;hibernateConfig&apos; existing class &apos;com.shoppingbackend.config.HibernateConfig&apos; with enhanced class &apos;com.shoppingbackend.config.HibernateConfig$$EnhancerBySpringCGLIB$$fa400f53&apos;
16:32:50.062 [main] DEBUG org.springframework.context.annotation.ConfigurationClassEnhancer - Successfully enhanced org.springframework.transaction.annotation.ProxyTransactionManagementConfiguration; enhanced class name is: org.springframework.transaction.annotation.ProxyTransactionManagementConfiguration$$EnhancerBySpringCGLIB$$42863f97
16:32:50.062 [main] DEBUG org.springframework.context.annotation.ConfigurationClassPostProcessor - Replacing bean definition &apos;org.springframework.transaction.annotation.ProxyTransactionManagementConfiguration&apos; existing class &apos;org.springframework.transaction.annotation.ProxyTransactionManagementConfiguration&apos; with enhanced class &apos;org.springframework.transaction.annotation.ProxyTransactionManagementConfiguration$$EnhancerBySpringCGLIB$$42863f97&apos;
16:32:50.062 [main] DEBUG org.springframework.beans.factory.support.DefaultListableBeanFactory - Creating shared instance of singleton bean &apos;org.springframework.context.annotation.internalAutowiredAnnotationProcessor&apos;
16:32:50.062 [main] DEBUG org.springframework.beans.factory.support.DefaultListableBeanFactory - Creating instance of bean &apos;org.springframework.context.annotation.internalAutowiredAnnotationProcessor&apos;
16:32:50.062 [main] DEBUG org.springframework.beans.factory.support.DefaultListableBeanFactory - Eagerly caching bean &apos;org.springframework.context.annotation.internalAutowiredAnnotationProcessor&apos; to allow for resolving potential circular references
16:32:50.062 [main] DEBUG org.springframework.beans.factory.support.DefaultListableBeanFactory - Finished creating instance of bean &apos;org.springframework.context.annotation.internalAutowiredAnnotationProcessor&apos;
16:32:50.062 [main] DEBUG org.springframework.beans.factory.support.DefaultListableBeanFactory - Creating shared instance of singleton bean &apos;org.springframework.context.annotation.internalRequiredAnnotationProcessor&apos;
16:32:50.062 [main] DEBUG org.springframework.beans.factory.support.DefaultListableBeanFactory - Creating instance of bean &apos;org.springframework.context.annotation.internalRequiredAnnotationProcessor&apos;
16:32:50.062 [main] DEBUG org.springframework.beans.factory.support.DefaultListableBeanFactory - Eagerly caching bean &apos;org.springframework.context.annotation.internalRequiredAnnotationProcessor&apos; to allow for resolving potential circular references
16:32:50.062 [main] DEBUG org.springframework.beans.factory.support.DefaultListableBeanFactory - Finished creating instance of bean &apos;org.springframework.context.annotation.internalRequiredAnnotationProcessor&apos;
16:32:50.062 [main] DEBUG org.springframework.beans.factory.support.DefaultListableBeanFactory - Creating shared instance of singleton bean &apos;org.springframework.context.annotation.internalCommonAnnotationProcessor&apos;
16:32:50.062 [main] DEBUG org.springframework.beans.factory.support.DefaultListableBeanFactory - Creating instance of bean &apos;org.springframework.context.annotation.internalCommonAnnotationProcessor&apos;
16:32:50.062 [main] DEBUG org.springframework.beans.factory.support.DefaultListableBeanFactory - Eagerly caching bean &apos;org.springframework.context.annotation.internalCommonAnnotationProcessor&apos; to allow for resolving potential circular references
16:32:50.079 [main] DEBUG org.springframework.beans.factory.support.DefaultListableBeanFactory - Finished creating instance of bean &apos;org.springframework.context.annotation.internalCommonAnnotationProcessor&apos;
16:32:50.079 [main] DEBUG org.springframework.beans.factory.support.DefaultListableBeanFactory - Creating shared instance of singleton bean &apos;org.springframework.context.annotation.internalPersistenceAnnotationProcessor&apos;
16:32:50.079 [main] DEBUG org.springframework.beans.factory.support.DefaultListableBeanFactory - Creating instance of bean &apos;org.springframework.context.annotation.internalPersistenceAnnotationProcessor&apos;
16:32:50.079 [main] DEBUG org.springframework.beans.factory.support.DefaultListableBeanFactory - Eagerly caching bean &apos;org.springframework.context.annotation.internalPersistenceAnnotationProcessor&apos; to allow for resolving potential circular references
16:32:50.084 [main] DEBUG org.springframework.beans.factory.support.DefaultListableBeanFactory - Finished creating instance of bean &apos;org.springframework.context.annotation.internalPersistenceAnnotationProcessor&apos;
16:32:50.084 [main] DEBUG org.springframework.beans.factory.support.DefaultListableBeanFactory - Creating shared instance of singleton bean &apos;org.springframework.aop.config.internalAutoProxyCreator&apos;
16:32:50.084 [main] DEBUG org.springframework.beans.factory.support.DefaultListableBeanFactory - Creating instance of bean &apos;org.springframework.aop.config.internalAutoProxyCreator&apos;
16:32:50.084 [main] DEBUG org.springframework.beans.factory.support.DefaultListableBeanFactory - Eagerly caching bean &apos;org.springframework.aop.config.internalAutoProxyCreator&apos; to allow for resolving potential circular references
16:32:50.084 [main] DEBUG org.springframework.beans.factory.support.DefaultListableBeanFactory - Finished creating instance of bean &apos;org.springframework.aop.config.internalAutoProxyCreator&apos;
16:32:50.084 [main] DEBUG org.springframework.context.annotation.AnnotationConfigApplicationContext - Unable to locate MessageSource with name &apos;messageSource&apos;: using default [org.springframework.context.support.DelegatingMessageSource@dc7b462]
16:32:50.084 [main] DEBUG org.springframework.context.annotation.AnnotationConfigApplicationContext - Unable to locate ApplicationEventMulticaster with name &apos;applicationEventMulticaster&apos;: using default [org.springframework.context.event.SimpleApplicationEventMulticaster@1f51431]
16:32:50.084 [main] DEBUG org.springframework.beans.factory.support.DefaultListableBeanFactory - Pre-instantiating singletons in org.springframework.beans.factory.support.DefaultListableBeanFactory@7ce4de34: defining beans [org.springframework.context.annotation.internalConfigurationAnnotationProcessor,org.springframework.context.annotation.internalAutowiredAnnotationProcessor,org.springframework.context.annotation.internalRequiredAnnotationProcessor,org.springframework.context.annotation.internalCommonAnnotationProcessor,org.springframework.context.annotation.internalPersistenceAnnotationProcessor,org.springframework.context.event.internalEventListenerProcessor,org.springframework.context.event.internalEventListenerFactory,hibernateConfig,cartLineDAO,categoryDAO,productDAO,supplierDAO,userDAO,product,org.springframework.transaction.annotation.ProxyTransactionManagementConfiguration,org.springframework.transaction.config.internalTransactionAdvisor,transactionAttributeSource,transactionInterceptor,org.springframework.transaction.config.internalTransactionalEventListenerFactory,dataSource,getSessionFactory,getTransactionManager,org.springframework.aop.config.internalAutoProxyCreator]; root of factory hierarchy
16:32:50.084 [main] DEBUG org.springframework.beans.factory.support.DefaultListableBeanFactory - Returning cached instance of singleton bean &apos;org.springframework.context.annotation.internalConfigurationAnnotationProcessor&apos;
16:32:50.084 [main] DEBUG org.springframework.beans.factory.support.DefaultListableBeanFactory - Returning cached instance of singleton bean &apos;org.springframework.context.annotation.internalAutowiredAnnotationProcessor&apos;
16:32:50.084 [main] DEBUG org.springframework.beans.factory.support.DefaultListableBeanFactory - Returning cached instance of singleton bean &apos;org.springframework.context.annotation.internalRequiredAnnotationProcessor&apos;
16:32:50.084 [main] DEBUG org.springframework.beans.factory.support.DefaultListableBeanFactory - Returning cached instance of singleton bean &apos;org.springframework.context.annotation.internalCommonAnnotationProcessor&apos;
16:32:50.084 [main] DEBUG org.springframework.beans.factory.support.DefaultListableBeanFactory - Returning cached instance of singleton bean &apos;org.springframework.context.annotation.internalPersistenceAnnotationProcessor&apos;
16:32:50.084 [main] DEBUG org.springframework.beans.factory.support.DefaultListableBeanFactory - Creating shared instance of singleton bean &apos;org.springframework.context.event.internalEventListenerProcessor&apos;
16:32:50.084 [main] DEBUG org.springframework.beans.factory.support.DefaultListableBeanFactory - Creating instance of bean &apos;org.springframework.context.event.internalEventListenerProcessor&apos;
16:32:50.084 [main] DEBUG org.springframework.beans.factory.support.DefaultListableBeanFactory - Eagerly caching bean &apos;org.springframework.context.event.internalEventListenerProcessor&apos; to allow for resolving potential circular references
16:32:50.084 [main] DEBUG org.springframework.beans.factory.support.DefaultListableBeanFactory - Creating shared instance of singleton bean &apos;org.springframework.transaction.config.internalTransactionAdvisor&apos;
16:32:50.084 [main] DEBUG org.springframework.beans.factory.support.DefaultListableBeanFactory - Creating instance of bean &apos;org.springframework.transaction.config.internalTransactionAdvisor&apos;
16:32:50.084 [main] DEBUG org.springframework.beans.factory.support.DefaultListableBeanFactory - Creating shared instance of singleton bean &apos;org.springframework.transaction.annotation.ProxyTransactionManagementConfiguration&apos;
16:32:50.084 [main] DEBUG org.springframework.beans.factory.support.DefaultListableBeanFactory - Creating instance of bean &apos;org.springframework.transaction.annotation.ProxyTransactionManagementConfiguration&apos;
16:32:50.084 [main] DEBUG org.springframework.beans.factory.annotation.InjectionMetadata - Registered injected element on class [org.springframework.transaction.annotation.ProxyTransactionManagementConfiguration$$EnhancerBySpringCGLIB$$42863f97]: AutowiredMethodElement for void org.springframework.transaction.annotation.AbstractTransactionManagementConfiguration.setConfigurers(java.util.Collection)
16:32:50.084 [main] DEBUG org.springframework.beans.factory.support.DefaultListableBeanFactory - Eagerly caching bean &apos;org.springframework.transaction.annotation.ProxyTransactionManagementConfiguration&apos; to allow for resolving potential circular references
16:32:50.084 [main] DEBUG org.springframework.beans.factory.annotation.InjectionMetadata - Processing injected element of bean &apos;org.springframework.transaction.annotation.ProxyTransactionManagementConfiguration&apos;: AutowiredMethodElement for void org.springframework.transaction.annotation.AbstractTransactionManagementConfiguration.setConfigurers(java.util.Collection)
16:32:50.084 [main] DEBUG org.springframework.beans.factory.support.DefaultListableBeanFactory - Returning cached instance of singleton bean &apos;org.springframework.context.annotation.ConfigurationClassPostProcessor.importRegistry&apos;
16:32:50.084 [main] DEBUG org.springframework.aop.framework.autoproxy.BeanFactoryAdvisorRetrievalHelper - Skipping currently created advisor &apos;org.springframework.transaction.config.internalTransactionAdvisor&apos;
16:32:50.084 [main] DEBUG org.springframework.beans.factory.support.DefaultListableBeanFactory - Finished creating instance of bean &apos;org.springframework.transaction.annotation.ProxyTransactionManagementConfiguration&apos;
16:32:50.084 [main] DEBUG org.springframework.beans.factory.support.DefaultListableBeanFactory - Creating shared instance of singleton bean &apos;transactionAttributeSource&apos;
16:32:50.084 [main] DEBUG org.springframework.beans.factory.support.DefaultListableBeanFactory - Creating instance of bean &apos;transactionAttributeSource&apos;
16:32:50.084 [main] DEBUG org.springframework.beans.factory.support.DefaultListableBeanFactory - Returning cached instance of singleton bean &apos;org.springframework.transaction.annotation.ProxyTransactionManagementConfiguration&apos;
16:32:50.100 [main] DEBUG org.springframework.beans.factory.support.DefaultListableBeanFactory - Eagerly caching bean &apos;transactionAttributeSource&apos; to allow for resolving potential circular references
16:32:50.100 [main] DEBUG org.springframework.aop.framework.autoproxy.BeanFactoryAdvisorRetrievalHelper - Skipping currently created advisor &apos;org.springframework.transaction.config.internalTransactionAdvisor&apos;
16:32:50.100 [main] DEBUG org.springframework.beans.factory.support.DefaultListableBeanFactory - Finished creating instance of bean &apos;transactionAttributeSource&apos;
16:32:50.100 [main] DEBUG org.springframework.beans.factory.support.DefaultListableBeanFactory - Creating shared instance of singleton bean &apos;transactionInterceptor&apos;
16:32:50.100 [main] DEBUG org.springframework.beans.factory.support.DefaultListableBeanFactory - Creating instance of bean &apos;transactionInterceptor&apos;
16:32:50.100 [main] DEBUG org.springframework.beans.factory.support.DefaultListableBeanFactory - Returning cached instance of singleton bean &apos;org.springframework.transaction.annotation.ProxyTransactionManagementConfiguration&apos;
16:32:50.100 [main] DEBUG org.springframework.beans.factory.support.DefaultListableBeanFactory - Returning cached instance of singleton bean &apos;transactionAttributeSource&apos;
16:32:50.100 [main] DEBUG org.springframework.beans.factory.support.DefaultListableBeanFactory - Eagerly caching bean &apos;transactionInterceptor&apos; to allow for resolving potential circular references
16:32:50.100 [main] DEBUG org.springframework.beans.factory.support.DefaultListableBeanFactory - Invoking afterPropertiesSet() on bean with name &apos;transactionInterceptor&apos;
16:32:50.100 [main] DEBUG org.springframework.beans.factory.support.DefaultListableBeanFactory - Finished creating instance of bean &apos;transactionInterceptor&apos;
16:32:50.100 [main] DEBUG org.springframework.beans.factory.support.DefaultListableBeanFactory - Eagerly caching bean &apos;org.springframework.transaction.config.internalTransactionAdvisor&apos; to allow for resolving potential circular references
16:32:50.100 [main] DEBUG org.springframework.beans.factory.support.DefaultListableBeanFactory - Finished creating instance of bean &apos;org.springframework.transaction.config.internalTransactionAdvisor&apos;
16:32:50.100 [main] DEBUG org.springframework.beans.factory.support.DefaultListableBeanFactory - Finished creating instance of bean &apos;org.springframework.context.event.internalEventListenerProcessor&apos;
16:32:50.100 [main] DEBUG org.springframework.beans.factory.support.DefaultListableBeanFactory - Creating shared instance of singleton bean &apos;org.springframework.context.event.internalEventListenerFactory&apos;
16:32:50.100 [main] DEBUG org.springframework.beans.factory.support.DefaultListableBeanFactory - Creating instance of bean &apos;org.springframework.context.event.internalEventListenerFactory&apos;
16:32:50.100 [main] DEBUG org.springframework.beans.factory.support.DefaultListableBeanFactory - Eagerly caching bean &apos;org.springframework.context.event.internalEventListenerFactory&apos; to allow for resolving potential circular references
16:32:50.100 [main] DEBUG org.springframework.beans.factory.support.DefaultListableBeanFactory - Returning cached instance of singleton bean &apos;org.springframework.transaction.config.internalTransactionAdvisor&apos;
16:32:50.100 [main] DEBUG org.springframework.beans.factory.support.DefaultListableBeanFactory - Finished creating instance of bean &apos;org.springframework.context.event.internalEventListenerFactory&apos;
16:32:50.116 [main] DEBUG org.springframework.beans.factory.support.DefaultListableBeanFactory - Creating shared instance of singleton bean &apos;hibernateConfig&apos;
16:32:50.116 [main] DEBUG org.springframework.beans.factory.support.DefaultListableBeanFactory - Creating instance of bean &apos;hibernateConfig&apos;
16:32:50.116 [main] DEBUG org.springframework.beans.factory.support.DefaultListableBeanFactory - Eagerly caching bean &apos;hibernateConfig&apos; to allow for resolving potential circular references
16:32:50.116 [main] DEBUG org.springframework.beans.factory.support.DefaultListableBeanFactory - Returning cached instance of singleton bean &apos;org.springframework.transaction.config.internalTransactionAdvisor&apos;
16:32:50.116 [main] DEBUG org.springframework.beans.factory.support.DefaultListableBeanFactory - Finished creating instance of bean &apos;hibernateConfig&apos;
16:32:50.116 [main] DEBUG org.springframework.beans.factory.support.DefaultListableBeanFactory - Creating shared instance of singleton bean &apos;cartLineDAO&apos;
16:32:50.116 [main] DEBUG org.springframework.beans.factory.support.DefaultListableBeanFactory - Creating instance of bean &apos;cartLineDAO&apos;
16:32:50.116 [main] DEBUG org.springframework.beans.factory.annotation.InjectionMetadata - Registered injected element on class [com.shoppingbackend.dao.daoimpl.CartLineDAOImpl]: AutowiredFieldElement for private org.hibernate.SessionFactory com.shoppingbackend.dao.daoimpl.CartLineDAOImpl.sessionFactory
16:32:50.116 [main] DEBUG org.springframework.beans.factory.support.DefaultListableBeanFactory - Eagerly caching bean &apos;cartLineDAO&apos; to allow for resolving potential circular references
16:32:50.116 [main] DEBUG org.springframework.beans.factory.annotation.InjectionMetadata - Processing injected element of bean &apos;cartLineDAO&apos;: AutowiredFieldElement for private org.hibernate.SessionFactory com.shoppingbackend.dao.daoimpl.CartLineDAOImpl.sessionFactory
16:32:50.116 [main] DEBUG org.springframework.beans.factory.support.DefaultListableBeanFactory - Creating shared instance of singleton bean &apos;getSessionFactory&apos;
16:32:50.116 [main] DEBUG org.springframework.beans.factory.support.DefaultListableBeanFactory - Creating instance of bean &apos;getSessionFactory&apos;
16:32:50.116 [main] DEBUG org.springframework.beans.factory.support.DefaultListableBeanFactory - Returning cached instance of singleton bean &apos;hibernateConfig&apos;
16:32:50.116 [main] DEBUG org.springframework.beans.factory.support.DefaultListableBeanFactory - Creating shared instance of singleton bean &apos;dataSource&apos;
16:32:50.116 [main] DEBUG org.springframework.beans.factory.support.DefaultListableBeanFactory - Creating instance of bean &apos;dataSource&apos;
16:32:50.116 [main] DEBUG org.springframework.beans.factory.support.DefaultListableBeanFactory - Returning cached instance of singleton bean &apos;hibernateConfig&apos;
16:32:50.116 [main] DEBUG org.springframework.beans.factory.support.DefaultListableBeanFactory - Eagerly caching bean &apos;dataSource&apos; to allow for resolving potential circular references
16:32:50.131 [main] DEBUG org.springframework.beans.factory.support.DefaultListableBeanFactory - Returning cached instance of singleton bean &apos;org.springframework.transaction.config.internalTransactionAdvisor&apos;
16:32:50.131 [main] DEBUG org.springframework.beans.factory.support.DefaultListableBeanFactory - Finished creating instance of bean &apos;dataSource&apos;
16:32:50.131 [main] DEBUG org.springframework.beans.factory.support.DefaultListableBeanFactory - Autowiring by type from bean name &apos;getSessionFactory&apos; via factory method to bean named &apos;dataSource&apos;
16:32:50.131 [main] DEBUG org.hibernate.integrator.internal.IntegratorServiceImpl - Adding Integrator [org.hibernate.cfg.beanvalidation.BeanValidationIntegrator].
16:32:50.131 [main] DEBUG org.hibernate.integrator.internal.IntegratorServiceImpl - Adding Integrator [org.hibernate.secure.spi.JaccIntegrator].
16:32:50.131 [main] DEBUG org.hibernate.integrator.internal.IntegratorServiceImpl - Adding Integrator [org.hibernate.cache.internal.CollectionCacheInvalidator].
16:32:50.147 [main] DEBUG org.springframework.core.io.support.PathMatchingResourcePatternResolver - Resolved classpath location [com/shoppingbackend/model/] to resources [URL [file:/H:/dtproject/shopingbackend/target/classes/com/shoppingbackend/model/]]
16:32:50.147 [main] DEBUG org.springframework.core.io.support.PathMatchingResourcePatternResolver - Looking for matching resources in directory tree [H:\dtproject\shopingbackend\target\classes\com\shoppingbackend\model]
16:32:50.147 [main] DEBUG org.springframework.core.io.support.PathMatchingResourcePatternResolver - Searching directory [H:\dtproject\shopingbackend\target\classes\com\shoppingbackend\model] for files matching pattern [H:/dtproject/shopingbackend/target/classes/com/shoppingbackend/model/**/*.class]
16:32:50.147 [main] DEBUG org.springframework.core.io.support.PathMatchingResourcePatternResolver - Resolved location pattern [classpath*:com/shoppingbackend/model/**/*.class] to resources [file [H:\dtproject\shopingbackend\target\classes\com\shoppingbackend\model\Address.class], file [H:\dtproject\shopingbackend\target\classes\com\shoppingbackend\model\Cart.class], file [H:\dtproject\shopingbackend\target\classes\com\shoppingbackend\model\CartLine.class], file [H:\dtproject\shopingbackend\target\classes\com\shoppingbackend\model\Category.class], file [H:\dtproject\shopingbackend\target\classes\com\shoppingbackend\model\OrderDetail.class], file [H:\dtproject\shopingbackend\target\classes\com\shoppingbackend\model\OrderItem.class], file [H:\dtproject\shopingbackend\target\classes\com\shoppingbackend\model\Product.class], file [H:\dtproject\shopingbackend\target\classes\com\shoppingbackend\model\Supplier.class], file [H:\dtproject\shopingbackend\target\classes\com\shoppingbackend\model\User.class]]
16:32:50.147 [main] DEBUG org.hibernate.cfg.Configuration - Building session factory using internal StandardServiceRegistryBuilder
16:32:50.147 [main] DEBUG org.hibernate.service.spi.ServiceBinding - Overriding existing service binding [org.hibernate.secure.spi.JaccService]
16:32:50.147 [main] DEBUG org.hibernate.cfg.Configuration - Building session factory using provided StandardServiceRegistry
16:32:50.147 [main] DEBUG org.hibernate.cache.internal.RegionFactoryInitiator - Cache region factory : org.hibernate.cache.internal.NoCachingRegionFactory
16:32:50.147 [main] DEBUG org.hibernate.type.BasicTypeRegistry - Adding type registration boolean -&gt; org.hibernate.type.BooleanType@769a1df5
16:32:50.147 [main] DEBUG org.hibernate.type.BasicTypeRegistry - Adding type registration boolean -&gt; org.hibernate.type.BooleanType@769a1df5
16:32:50.147 [main] DEBUG org.hibernate.type.BasicTypeRegistry - Adding type registration java.lang.Boolean -&gt; org.hibernate.type.BooleanType@769a1df5
16:32:50.147 [main] DEBUG org.hibernate.type.BasicTypeRegistry - Adding type registration numeric_boolean -&gt; org.hibernate.type.NumericBooleanType@5167f57d
16:32:50.147 [main] DEBUG org.hibernate.type.BasicTypeRegistry - Adding type registration true_false -&gt; org.hibernate.type.TrueFalseType@6cc4cdb9
16:32:50.147 [main] DEBUG org.hibernate.type.BasicTypeRegistry - Adding type registration yes_no -&gt; org.hibernate.type.YesNoType@5038d0b5
16:32:50.147 [main] DEBUG org.hibernate.type.BasicTypeRegistry - Adding type registration byte -&gt; org.hibernate.type.ByteType@61710c6
16:32:50.147 [main] DEBUG org.hibernate.type.BasicTypeRegistry - Adding type registration byte -&gt; org.hibernate.type.ByteType@61710c6
16:32:50.147 [main] DEBUG org.hibernate.type.BasicTypeRegistry - Adding type registration java.lang.Byte -&gt; org.hibernate.type.ByteType@61710c6
16:32:50.147 [main] DEBUG org.hibernate.type.BasicTypeRegistry - Adding type registration character -&gt; org.hibernate.type.CharacterType@7d7758be
16:32:50.147 [main] DEBUG org.hibernate.type.BasicTypeRegistry - Adding type registration char -&gt; org.hibernate.type.CharacterType@7d7758be
16:32:50.147 [main] DEBUG org.hibernate.type.BasicTypeRegistry - Adding type registration java.lang.Character -&gt; org.hibernate.type.CharacterType@7d7758be
16:32:50.147 [main] DEBUG org.hibernate.type.BasicTypeRegistry - Adding type registration short -&gt; org.hibernate.type.ShortType@a8ef162
16:32:50.147 [main] DEBUG org.hibernate.type.BasicTypeRegistry - Adding type registration short -&gt; org.hibernate.type.ShortType@a8ef162
16:32:50.147 [main] DEBUG org.hibernate.type.BasicTypeRegistry - Adding type registration java.lang.Short -&gt; org.hibernate.type.ShortType@a8ef162
16:32:50.147 [main] DEBUG org.hibernate.type.BasicTypeRegistry - Adding type registration integer -&gt; org.hibernate.type.IntegerType@78fa769e
16:32:50.147 [main] DEBUG org.hibernate.type.BasicTypeRegistry - Adding type registration int -&gt; org.hibernate.type.IntegerType@78fa769e
16:32:50.147 [main] DEBUG org.hibernate.type.BasicTypeRegistry - Adding type registration java.lang.Integer -&gt; org.hibernate.type.IntegerType@78fa769e
16:32:50.147 [main] DEBUG org.hibernate.type.BasicTypeRegistry - Adding type registration long -&gt; org.hibernate.type.LongType@238d68ff
16:32:50.147 [main] DEBUG org.hibernate.type.BasicTypeRegistry - Adding type registration long -&gt; org.hibernate.type.LongType@238d68ff
16:32:50.147 [main] DEBUG org.hibernate.type.BasicTypeRegistry - Adding type registration java.lang.Long -&gt; org.hibernate.type.LongType@238d68ff
16:32:50.147 [main] DEBUG org.hibernate.type.BasicTypeRegistry - Adding type registration float -&gt; org.hibernate.type.FloatType@17d919b6
16:32:50.147 [main] DEBUG org.hibernate.type.BasicTypeRegistry - Adding type registration float -&gt; org.hibernate.type.FloatType@17d919b6
16:32:50.147 [main] DEBUG org.hibernate.type.BasicTypeRegistry - Adding type registration java.lang.Float -&gt; org.hibernate.type.FloatType@17d919b6
16:32:50.147 [main] DEBUG org.hibernate.type.BasicTypeRegistry - Adding type registration double -&gt; org.hibernate.type.DoubleType@3e62d773
16:32:50.147 [main] DEBUG org.hibernate.type.BasicTypeRegistry - Adding type registration double -&gt; org.hibernate.type.DoubleType@3e62d773
16:32:50.147 [main] DEBUG org.hibernate.type.BasicTypeRegistry - Adding type registration java.lang.Double -&gt; org.hibernate.type.DoubleType@3e62d773
16:32:50.147 [main] DEBUG org.hibernate.type.BasicTypeRegistry - Adding type registration big_decimal -&gt; org.hibernate.type.BigDecimalType@21d03963
16:32:50.147 [main] DEBUG org.hibernate.type.BasicTypeRegistry - Adding type registration java.math.BigDecimal -&gt; org.hibernate.type.BigDecimalType@21d03963
16:32:50.147 [main] DEBUG org.hibernate.type.BasicTypeRegistry - Adding type registration big_integer -&gt; org.hibernate.type.BigIntegerType@33f676f6
16:32:50.147 [main] DEBUG org.hibernate.type.BasicTypeRegistry - Adding type registration java.math.BigInteger -&gt; org.hibernate.type.BigIntegerType@33f676f6
16:32:50.147 [main] DEBUG org.hibernate.type.BasicTypeRegistry - Adding type registration string -&gt; org.hibernate.type.StringType@2e570ded
16:32:50.147 [main] DEBUG org.hibernate.type.BasicTypeRegistry - Adding type registration java.lang.String -&gt; org.hibernate.type.StringType@2e570ded
16:32:50.147 [main] DEBUG org.hibernate.type.BasicTypeRegistry - Adding type registration nstring -&gt; org.hibernate.type.StringNVarcharType@2ca26d77
16:32:50.147 [main] DEBUG org.hibernate.type.BasicTypeRegistry - Adding type registration ncharacter -&gt; org.hibernate.type.CharacterNCharType@1ebea008
16:32:50.147 [main] DEBUG org.hibernate.type.BasicTypeRegistry - Adding type registration url -&gt; org.hibernate.type.UrlType@51bf5add
16:32:50.147 [main] DEBUG org.hibernate.type.BasicTypeRegistry - Adding type registration java.net.URL -&gt; org.hibernate.type.UrlType@51bf5add
16:32:50.147 [main] DEBUG org.hibernate.type.BasicTypeRegistry - Adding type registration Duration -&gt; org.hibernate.type.DurationType@478db956
16:32:50.147 [main] DEBUG org.hibernate.type.BasicTypeRegistry - Adding type registration java.time.Duration -&gt; org.hibernate.type.DurationType@478db956
16:32:50.147 [main] DEBUG org.hibernate.type.BasicTypeRegistry - Adding type registration Instant -&gt; org.hibernate.type.InstantType@3b5fad2d
16:32:50.147 [main] DEBUG org.hibernate.type.BasicTypeRegistry - Adding type registration java.time.Instant -&gt; org.hibernate.type.InstantType@3b5fad2d
16:32:50.147 [main] DEBUG org.hibernate.type.BasicTypeRegistry - Adding type registration LocalDateTime -&gt; org.hibernate.type.LocalDateTimeType@74f6c5d8
16:32:50.147 [main] DEBUG org.hibernate.type.BasicTypeRegistry - Adding type registration java.time.LocalDateTime -&gt; org.hibernate.type.LocalDateTimeType@74f6c5d8
16:32:50.147 [main] DEBUG org.hibernate.type.BasicTypeRegistry - Adding type registration LocalDate -&gt; org.hibernate.type.LocalDateType@791d1f8b
16:32:50.147 [main] DEBUG org.hibernate.type.BasicTypeRegistry - Adding type registration java.time.LocalDate -&gt; org.hibernate.type.LocalDateType@791d1f8b
16:32:50.147 [main] DEBUG org.hibernate.type.BasicTypeRegistry - Adding type registration LocalTime -&gt; org.hibernate.type.LocalTimeType@7ba8c737
16:32:50.147 [main] DEBUG org.hibernate.type.BasicTypeRegistry - Adding type registration java.time.LocalTime -&gt; org.hibernate.type.LocalTimeType@7ba8c737
16:32:50.147 [main] DEBUG org.hibernate.type.BasicTypeRegistry - Adding type registration OffsetDateTime -&gt; org.hibernate.type.OffsetDateTimeType@31edaa7d
16:32:50.147 [main] DEBUG org.hibernate.type.BasicTypeRegistry - Adding type registration java.time.OffsetDateTime -&gt; org.hibernate.type.OffsetDateTimeType@31edaa7d
16:32:50.147 [main] DEBUG org.hibernate.type.BasicTypeRegistry - Adding type registration OffsetTime -&gt; org.hibernate.type.OffsetTimeType@6950ed69
16:32:50.147 [main] DEBUG org.hibernate.type.BasicTypeRegistry - Adding type registration java.time.OffsetTime -&gt; org.hibernate.type.OffsetTimeType@6950ed69
16:32:50.147 [main] DEBUG org.hibernate.type.BasicTypeRegistry - Adding type registration ZonedDateTime -&gt; org.hibernate.type.ZonedDateTimeType@3fce8fd9
16:32:50.147 [main] DEBUG org.hibernate.type.BasicTypeRegistry - Adding type registration java.time.ZonedDateTime -&gt; org.hibernate.type.ZonedDateTimeType@3fce8fd9
16:32:50.147 [main] DEBUG org.hibernate.type.BasicTypeRegistry - Adding type registration date -&gt; org.hibernate.type.DateType@37911f88
16:32:50.147 [main] DEBUG org.hibernate.type.BasicTypeRegistry - Adding type registration java.sql.Date -&gt; org.hibernate.type.DateType@37911f88
16:32:50.147 [main] DEBUG org.hibernate.type.BasicTypeRegistry - Adding type registration time -&gt; org.hibernate.type.TimeType@4ea5b703
16:32:50.147 [main] DEBUG org.hibernate.type.BasicTypeRegistry - Adding type registration java.sql.Time -&gt; org.hibernate.type.TimeType@4ea5b703
16:32:50.147 [main] DEBUG org.hibernate.type.BasicTypeRegistry - Adding type registration timestamp -&gt; org.hibernate.type.TimestampType@723e88f9
16:32:50.147 [main] DEBUG org.hibernate.type.BasicTypeRegistry - Adding type registration java.sql.Timestamp -&gt; org.hibernate.type.TimestampType@723e88f9
16:32:50.147 [main] DEBUG org.hibernate.type.BasicTypeRegistry - Adding type registration java.util.Date -&gt; org.hibernate.type.TimestampType@723e88f9
16:32:50.216 [main] DEBUG org.hibernate.type.BasicTypeRegistry - Adding type registration dbtimestamp -&gt; org.hibernate.type.DbTimestampType@495ee280
16:32:50.217 [main] DEBUG org.hibernate.type.BasicTypeRegistry - Adding type registration calendar -&gt; org.hibernate.type.CalendarType@4e928fbf
16:32:50.217 [main] DEBUG org.hibernate.type.BasicTypeRegistry - Adding type registration java.util.Calendar -&gt; org.hibernate.type.CalendarType@4e928fbf
16:32:50.217 [main] DEBUG org.hibernate.type.BasicTypeRegistry - Adding type registration java.util.GregorianCalendar -&gt; org.hibernate.type.CalendarType@4e928fbf
16:32:50.217 [main] DEBUG org.hibernate.type.BasicTypeRegistry - Adding type registration calendar_date -&gt; org.hibernate.type.CalendarDateType@2e32ccc5
16:32:50.217 [main] DEBUG org.hibernate.type.BasicTypeRegistry - Adding type registration locale -&gt; org.hibernate.type.LocaleType@5f77d0f9
16:32:50.217 [main] DEBUG org.hibernate.type.BasicTypeRegistry - Adding type registration java.util.Locale -&gt; org.hibernate.type.LocaleType@5f77d0f9
16:32:50.217 [main] DEBUG org.hibernate.type.BasicTypeRegistry - Adding type registration currency -&gt; org.hibernate.type.CurrencyType@42b3b079
16:32:50.218 [main] DEBUG org.hibernate.type.BasicTypeRegistry - Adding type registration java.util.Currency -&gt; org.hibernate.type.CurrencyType@42b3b079
16:32:50.218 [main] DEBUG org.hibernate.type.BasicTypeRegistry - Adding type registration timezone -&gt; org.hibernate.type.TimeZoneType@6692b6c6
16:32:50.219 [main] DEBUG org.hibernate.type.BasicTypeRegistry - Adding type registration java.util.TimeZone -&gt; org.hibernate.type.TimeZoneType@6692b6c6
16:32:50.219 [main] DEBUG org.hibernate.type.BasicTypeRegistry - Adding type registration class -&gt; org.hibernate.type.ClassType@6736fa8d
16:32:50.220 [main] DEBUG org.hibernate.type.BasicTypeRegistry - Adding type registration java.lang.Class -&gt; org.hibernate.type.ClassType@6736fa8d
16:32:50.220 [main] DEBUG org.hibernate.type.BasicTypeRegistry - Adding type registration uuid-binary -&gt; org.hibernate.type.UUIDBinaryType@329dbdbf
16:32:50.220 [main] DEBUG org.hibernate.type.BasicTypeRegistry - Adding type registration java.util.UUID -&gt; org.hibernate.type.UUIDBinaryType@329dbdbf
16:32:50.220 [main] DEBUG org.hibernate.type.BasicTypeRegistry - Adding type registration uuid-char -&gt; org.hibernate.type.UUIDCharType@4ef782af
16:32:50.220 [main] DEBUG org.hibernate.type.BasicTypeRegistry - Adding type registration binary -&gt; org.hibernate.type.BinaryType@7f8a9499
16:32:50.220 [main] DEBUG org.hibernate.type.BasicTypeRegistry - Adding type registration byte[] -&gt; org.hibernate.type.BinaryType@7f8a9499
16:32:50.220 [main] DEBUG org.hibernate.type.BasicTypeRegistry - Adding type registration [B -&gt; org.hibernate.type.BinaryType@7f8a9499
16:32:50.221 [main] DEBUG org.hibernate.type.BasicTypeRegistry - Adding type registration wrapper-binary -&gt; org.hibernate.type.WrapperBinaryType@420a85c4
16:32:50.221 [main] DEBUG org.hibernate.type.BasicTypeRegistry - Adding type registration Byte[] -&gt; org.hibernate.type.WrapperBinaryType@420a85c4
16:32:50.221 [main] DEBUG org.hibernate.type.BasicTypeRegistry - Adding type registration [Ljava.lang.Byte; -&gt; org.hibernate.type.WrapperBinaryType@420a85c4
16:32:50.221 [main] DEBUG org.hibernate.type.BasicTypeRegistry - Adding type registration row_version -&gt; org.hibernate.type.RowVersionType@5d99c6b5
16:32:50.221 [main] DEBUG org.hibernate.type.BasicTypeRegistry - Adding type registration image -&gt; org.hibernate.type.ImageType@a82c5f1
16:32:50.221 [main] DEBUG org.hibernate.type.BasicTypeRegistry - Adding type registration characters -&gt; org.hibernate.type.CharArrayType@4e07b95f
16:32:50.221 [main] DEBUG org.hibernate.type.BasicTypeRegistry - Adding type registration char[] -&gt; org.hibernate.type.CharArrayType@4e07b95f
16:32:50.222 [main] DEBUG org.hibernate.type.BasicTypeRegistry - Adding type registration [C -&gt; org.hibernate.type.CharArrayType@4e07b95f
16:32:50.222 [main] DEBUG org.hibernate.type.BasicTypeRegistry - Adding type registration wrapper-characters -&gt; org.hibernate.type.CharacterArrayType@43599640
16:32:50.222 [main] DEBUG org.hibernate.type.BasicTypeRegistry - Adding type registration [Ljava.lang.Character; -&gt; org.hibernate.type.CharacterArrayType@43599640
16:32:50.222 [main] DEBUG org.hibernate.type.BasicTypeRegistry - Adding type registration Character[] -&gt; org.hibernate.type.CharacterArrayType@43599640
16:32:50.222 [main] DEBUG org.hibernate.type.BasicTypeRegistry - Adding type registration text -&gt; org.hibernate.type.TextType@544d57e
16:32:50.222 [main] DEBUG org.hibernate.type.BasicTypeRegistry - Adding type registration ntext -&gt; org.hibernate.type.NTextType@26df6e3a
16:32:50.223 [main] DEBUG org.hibernate.type.BasicTypeRegistry - Adding type registration blob -&gt; org.hibernate.type.BlobType@6c61a903
16:32:50.223 [main] DEBUG org.hibernate.type.BasicTypeRegistry - Adding type registration java.sql.Blob -&gt; org.hibernate.type.BlobType@6c61a903
16:32:50.223 [main] DEBUG org.hibernate.type.BasicTypeRegistry - Adding type registration materialized_blob -&gt; org.hibernate.type.MaterializedBlobType@59d4cd39
16:32:50.223 [main] DEBUG org.hibernate.type.BasicTypeRegistry - Adding type registration clob -&gt; org.hibernate.type.ClobType@57ad2aa7
16:32:50.223 [main] DEBUG org.hibernate.type.BasicTypeRegistry - Adding type registration java.sql.Clob -&gt; org.hibernate.type.ClobType@57ad2aa7
16:32:50.223 [main] DEBUG org.hibernate.type.BasicTypeRegistry - Adding type registration nclob -&gt; org.hibernate.type.NClobType@616ac46a
16:32:50.223 [main] DEBUG org.hibernate.type.BasicTypeRegistry - Adding type registration java.sql.NClob -&gt; org.hibernate.type.NClobType@616ac46a
16:32:50.223 [main] DEBUG org.hibernate.type.BasicTypeRegistry - Adding type registration materialized_clob -&gt; org.hibernate.type.MaterializedClobType@7ef27d7f
16:32:50.224 [main] DEBUG org.hibernate.type.BasicTypeRegistry - Adding type registration materialized_nclob -&gt; org.hibernate.type.MaterializedNClobType@5c669da8
16:32:50.224 [main] DEBUG org.hibernate.type.BasicTypeRegistry - Adding type registration serializable -&gt; org.hibernate.type.SerializableType@3b74ac8
16:32:50.224 [main] DEBUG org.hibernate.type.BasicTypeRegistry - Adding type registration object -&gt; org.hibernate.type.ObjectType@78aa1f72
16:32:50.224 [main] DEBUG org.hibernate.type.BasicTypeRegistry - Adding type registration java.lang.Object -&gt; org.hibernate.type.ObjectType@78aa1f72
16:32:50.224 [main] DEBUG org.hibernate.type.BasicTypeRegistry - Adding type registration imm_date -&gt; org.hibernate.type.AdaptedImmutableType@3cec79d3
16:32:50.224 [main] DEBUG org.hibernate.type.BasicTypeRegistry - Adding type registration imm_time -&gt; org.hibernate.type.AdaptedImmutableType@64b70919
16:32:50.224 [main] DEBUG org.hibernate.type.BasicTypeRegistry - Adding type registration imm_timestamp -&gt; org.hibernate.type.AdaptedImmutableType@4e31c3ec
16:32:50.225 [main] DEBUG org.hibernate.type.BasicTypeRegistry - Adding type registration imm_dbtimestamp -&gt; org.hibernate.type.AdaptedImmutableType@3157e4c0
16:32:50.225 [main] DEBUG org.hibernate.type.BasicTypeRegistry - Adding type registration imm_calendar -&gt; org.hibernate.type.AdaptedImmutableType@6eaa21d8
16:32:50.225 [main] DEBUG org.hibernate.type.BasicTypeRegistry - Adding type registration imm_calendar_date -&gt; org.hibernate.type.AdaptedImmutableType@328902d5
16:32:50.225 [main] DEBUG org.hibernate.type.BasicTypeRegistry - Adding type registration imm_binary -&gt; org.hibernate.type.AdaptedImmutableType@72e789cb
16:32:50.225 [main] DEBUG org.hibernate.type.BasicTypeRegistry - Adding type registration imm_serializable -&gt; org.hibernate.type.AdaptedImmutableType@7c1812b3
16:32:50.234 [main] DEBUG org.hibernate.engine.jdbc.env.internal.JdbcEnvironmentInitiator - Database -&gt;
       name : H2
    version : 1.4.196 (2017-06-10)
      major : 1
      minor : 4
16:32:50.234 [main] DEBUG org.hibernate.engine.jdbc.env.internal.JdbcEnvironmentInitiator - Driver -&gt;
       name : H2 JDBC Driver
    version : 1.4.196 (2017-06-10)
      major : 1
      minor : 4
16:32:50.234 [main] DEBUG org.hibernate.engine.jdbc.env.internal.JdbcEnvironmentInitiator - JDBC version : 4.0
16:32:50.235 [main] INFO org.hibernate.dialect.Dialect - HHH000400: Using dialect: org.hibernate.dialect.H2Dialect
16:32:50.249 [main] DEBUG org.hibernate.id.factory.internal.DefaultIdentifierGeneratorFactory - Registering IdentifierGenerator strategy [uuid2] -&gt; [org.hibernate.id.UUIDGenerator]
16:32:50.250 [main] DEBUG org.hibernate.id.factory.internal.DefaultIdentifierGeneratorFactory - Registering IdentifierGenerator strategy [guid] -&gt; [org.hibernate.id.GUIDGenerator]
16:32:50.250 [main] DEBUG org.hibernate.id.factory.internal.DefaultIdentifierGeneratorFactory - Registering IdentifierGenerator strategy [uuid] -&gt; [org.hibernate.id.UUIDHexGenerator]
16:32:50.250 [main] DEBUG org.hibernate.id.factory.internal.DefaultIdentifierGeneratorFactory - Registering IdentifierGenerator strategy [uuid.hex] -&gt; [org.hibernate.id.UUIDHexGenerator]
16:32:50.250 [main] DEBUG org.hibernate.id.factory.internal.DefaultIdentifierGeneratorFactory - Registering IdentifierGenerator strategy [assigned] -&gt; [org.hibernate.id.Assigned]
16:32:50.250 [main] DEBUG org.hibernate.id.factory.internal.DefaultIdentifierGeneratorFactory - Registering IdentifierGenerator strategy [identity] -&gt; [org.hibernate.id.IdentityGenerator]
16:32:50.250 [main] DEBUG org.hibernate.id.factory.internal.DefaultIdentifierGeneratorFactory - Registering IdentifierGenerator strategy [select] -&gt; [org.hibernate.id.SelectGenerator]
16:32:50.250 [main] DEBUG org.hibernate.id.factory.internal.DefaultIdentifierGeneratorFactory - Registering IdentifierGenerator strategy [sequence] -&gt; [org.hibernate.id.enhanced.SequenceStyleGenerator]
16:32:50.250 [main] DEBUG org.hibernate.id.factory.internal.DefaultIdentifierGeneratorFactory - Registering IdentifierGenerator strategy [seqhilo] -&gt; [org.hibernate.id.SequenceHiLoGenerator]
16:32:50.250 [main] DEBUG org.hibernate.id.factory.internal.DefaultIdentifierGeneratorFactory - Registering IdentifierGenerator strategy [increment] -&gt; [org.hibernate.id.IncrementGenerator]
16:32:50.250 [main] DEBUG org.hibernate.id.factory.internal.DefaultIdentifierGeneratorFactory - Registering IdentifierGenerator strategy [foreign] -&gt; [org.hibernate.id.ForeignGenerator]
16:32:50.250 [main] DEBUG org.hibernate.id.factory.internal.DefaultIdentifierGeneratorFactory - Registering IdentifierGenerator strategy [sequence-identity] -&gt; [org.hibernate.id.SequenceIdentityGenerator]
16:32:50.250 [main] DEBUG org.hibernate.id.factory.internal.DefaultIdentifierGeneratorFactory - Registering IdentifierGenerator strategy [enhanced-sequence] -&gt; [org.hibernate.id.enhanced.SequenceStyleGenerator]
16:32:50.250 [main] DEBUG org.hibernate.id.factory.internal.DefaultIdentifierGeneratorFactory - Registering IdentifierGenerator strategy [enhanced-table] -&gt; [org.hibernate.id.enhanced.TableGenerator]
16:32:50.250 [main] DEBUG org.hibernate.boot.model.relational.Namespace - Created database namespace [logicalName=Name{catalog=null, schema=null}, physicalName=Name{catalog=null, schema=null}]
16:32:50.250 [main] DEBUG org.hibernate.cfg.AnnotationBinder - Binding entity from annotated class: com.shoppingbackend.model.Address
16:32:50.250 [main] DEBUG org.hibernate.cfg.Ejb3Column - Binding column: Ejb3DiscriminatorColumn{logicalColumnName&apos;DTYPE&apos;, discriminatorTypeName=&apos;string&apos;}
16:32:50.250 [main] DEBUG org.hibernate.cfg.annotations.EntityBinder - Import with entity name Address
16:32:50.250 [main] DEBUG org.hibernate.cfg.annotations.EntityBinder - Bind entity com.shoppingbackend.model.Address on table Address
16:32:50.251 [main] DEBUG org.hibernate.cfg.Ejb3Column - Binding column: Ejb3Column{table=org.hibernate.mapping.Table(Address), mappingColumn=id, insertable=true, updatable=true, unique=false}
16:32:50.251 [main] DEBUG org.hibernate.cfg.annotations.PropertyBinder - MetadataSourceProcessor property id with lazy=false
16:32:50.251 [main] DEBUG org.hibernate.cfg.AbstractPropertyHolder - Attempting to locate auto-apply AttributeConverter for property [com.shoppingbackend.model.Address:id]
16:32:50.252 [main] DEBUG org.hibernate.cfg.annotations.SimpleValueBinder - building SimpleValue for id
16:32:50.252 [main] DEBUG org.hibernate.cfg.annotations.PropertyBinder - Building property id
16:32:50.253 [main] DEBUG org.hibernate.cfg.Ejb3Column - Binding column: Ejb3Column{table=org.hibernate.mapping.Table(Address), mappingColumn=address_line_one, insertable=true, updatable=true, unique=false}
16:32:50.253 [main] DEBUG org.hibernate.cfg.annotations.PropertyBinder - MetadataSourceProcessor property addressLineOne with lazy=false
16:32:50.253 [main] DEBUG org.hibernate.cfg.AbstractPropertyHolder - Attempting to locate auto-apply AttributeConverter for property [com.shoppingbackend.model.Address:addressLineOne]
16:32:50.253 [main] DEBUG org.hibernate.cfg.annotations.SimpleValueBinder - building SimpleValue for addressLineOne
16:32:50.253 [main] DEBUG org.hibernate.cfg.annotations.PropertyBinder - Building property addressLineOne
16:32:50.253 [main] DEBUG org.hibernate.cfg.Ejb3Column - Binding column: Ejb3Column{table=org.hibernate.mapping.Table(Address), mappingColumn=address_line_two, insertable=true, updatable=true, unique=false}
16:32:50.253 [main] DEBUG org.hibernate.cfg.annotations.PropertyBinder - MetadataSourceProcessor property addressLineTwo with lazy=false
16:32:50.253 [main] DEBUG org.hibernate.cfg.AbstractPropertyHolder - Attempting to locate auto-apply AttributeConverter for property [com.shoppingbackend.model.Address:addressLineTwo]
16:32:50.253 [main] DEBUG org.hibernate.cfg.annotations.SimpleValueBinder - building SimpleValue for addressLineTwo
16:32:50.254 [main] DEBUG org.hibernate.cfg.annotations.PropertyBinder - Building property addressLineTwo
16:32:50.254 [main] DEBUG org.hibernate.cfg.Ejb3Column - Binding column: Ejb3Column{table=org.hibernate.mapping.Table(Address), mappingColumn=is_billing, insertable=true, updatable=true, unique=false}
16:32:50.254 [main] DEBUG org.hibernate.cfg.annotations.PropertyBinder - MetadataSourceProcessor property billing with lazy=false
16:32:50.254 [main] DEBUG org.hibernate.cfg.AbstractPropertyHolder - Attempting to locate auto-apply AttributeConverter for property [com.shoppingbackend.model.Address:billing]
16:32:50.254 [main] DEBUG org.hibernate.cfg.annotations.SimpleValueBinder - building SimpleValue for billing
16:32:50.254 [main] DEBUG org.hibernate.cfg.annotations.PropertyBinder - Building property billing
16:32:50.254 [main] DEBUG org.hibernate.cfg.Ejb3Column - Binding column: Ejb3Column{table=org.hibernate.mapping.Table(Address), mappingColumn=city, insertable=true, updatable=true, unique=false}
16:32:50.254 [main] DEBUG org.hibernate.cfg.annotations.PropertyBinder - MetadataSourceProcessor property city with lazy=false
16:32:50.254 [main] DEBUG org.hibernate.cfg.AbstractPropertyHolder - Attempting to locate auto-apply AttributeConverter for property [com.shoppingbackend.model.Address:city]
16:32:50.254 [main] DEBUG org.hibernate.cfg.annotations.SimpleValueBinder - building SimpleValue for city
16:32:50.254 [main] DEBUG org.hibernate.cfg.annotations.PropertyBinder - Building property city
16:32:50.255 [main] DEBUG org.hibernate.cfg.Ejb3Column - Binding column: Ejb3Column{table=org.hibernate.mapping.Table(Address), mappingColumn=country, insertable=true, updatable=true, unique=false}
16:32:50.255 [main] DEBUG org.hibernate.cfg.annotations.PropertyBinder - MetadataSourceProcessor property country with lazy=false
16:32:50.255 [main] DEBUG org.hibernate.cfg.AbstractPropertyHolder - Attempting to locate auto-apply AttributeConverter for property [com.shoppingbackend.model.Address:country]
16:32:50.255 [main] DEBUG org.hibernate.cfg.annotations.SimpleValueBinder - building SimpleValue for country
16:32:50.256 [main] DEBUG org.hibernate.cfg.annotations.PropertyBinder - Building property country
16:32:50.257 [main] DEBUG org.hibernate.cfg.Ejb3Column - Binding column: Ejb3Column{table=org.hibernate.mapping.Table(Address), mappingColumn=postal_code, insertable=true, updatable=true, unique=false}
16:32:50.257 [main] DEBUG org.hibernate.cfg.annotations.PropertyBinder - MetadataSourceProcessor property postalCode with lazy=false
16:32:50.257 [main] DEBUG org.hibernate.cfg.AbstractPropertyHolder - Attempting to locate auto-apply AttributeConverter for property [com.shoppingbackend.model.Address:postalCode]
16:32:50.257 [main] DEBUG org.hibernate.cfg.annotations.SimpleValueBinder - building SimpleValue for postalCode
16:32:50.257 [main] DEBUG org.hibernate.cfg.annotations.PropertyBinder - Building property postalCode
16:32:50.257 [main] DEBUG org.hibernate.cfg.Ejb3Column - Binding column: Ejb3Column{table=org.hibernate.mapping.Table(Address), mappingColumn=is_shipping, insertable=true, updatable=true, unique=false}
16:32:50.257 [main] DEBUG org.hibernate.cfg.annotations.PropertyBinder - MetadataSourceProcessor property shipping with lazy=false
16:32:50.257 [main] DEBUG org.hibernate.cfg.AbstractPropertyHolder - Attempting to locate auto-apply AttributeConverter for property [com.shoppingbackend.model.Address:shipping]
16:32:50.257 [main] DEBUG org.hibernate.cfg.annotations.SimpleValueBinder - building SimpleValue for shipping
16:32:50.257 [main] DEBUG org.hibernate.cfg.annotations.PropertyBinder - Building property shipping
16:32:50.257 [main] DEBUG org.hibernate.cfg.Ejb3Column - Binding column: Ejb3Column{table=org.hibernate.mapping.Table(Address), mappingColumn=state, insertable=true, updatable=true, unique=false}
16:32:50.257 [main] DEBUG org.hibernate.cfg.annotations.PropertyBinder - MetadataSourceProcessor property state with lazy=false
16:32:50.257 [main] DEBUG org.hibernate.cfg.AbstractPropertyHolder - Attempting to locate auto-apply AttributeConverter for property [com.shoppingbackend.model.Address:state]
16:32:50.257 [main] DEBUG org.hibernate.cfg.annotations.SimpleValueBinder - building SimpleValue for state
16:32:50.257 [main] DEBUG org.hibernate.cfg.annotations.PropertyBinder - Building property state
16:32:50.258 [main] DEBUG org.hibernate.cfg.Ejb3Column - Binding column: Ejb3Column{table=org.hibernate.mapping.Table(Address), mappingColumn=user_id, insertable=true, updatable=true, unique=false}
16:32:50.258 [main] DEBUG org.hibernate.cfg.annotations.PropertyBinder - MetadataSourceProcessor property userId with lazy=false
16:32:50.258 [main] DEBUG org.hibernate.cfg.AbstractPropertyHolder - Attempting to locate auto-apply AttributeConverter for property [com.shoppingbackend.model.Address:userId]
16:32:50.258 [main] DEBUG org.hibernate.cfg.annotations.SimpleValueBinder - building SimpleValue for userId
16:32:50.258 [main] DEBUG org.hibernate.cfg.annotations.PropertyBinder - Building property userId
16:32:50.258 [main] DEBUG org.hibernate.cfg.AnnotationBinder - Binding entity from annotated class: com.shoppingbackend.model.Cart
16:32:50.258 [main] DEBUG org.hibernate.cfg.Ejb3Column - Binding column: Ejb3DiscriminatorColumn{logicalColumnName&apos;DTYPE&apos;, discriminatorTypeName=&apos;string&apos;}
16:32:50.258 [main] DEBUG org.hibernate.cfg.annotations.EntityBinder - Import with entity name Cart
16:32:50.258 [main] DEBUG org.hibernate.cfg.annotations.EntityBinder - Bind entity com.shoppingbackend.model.Cart on table Cart
16:32:50.260 [main] DEBUG org.hibernate.cfg.Ejb3Column - Binding column: Ejb3Column{table=org.hibernate.mapping.Table(Cart), mappingColumn=id, insertable=true, updatable=true, unique=false}
16:32:50.260 [main] DEBUG org.hibernate.cfg.annotations.PropertyBinder - MetadataSourceProcessor property id with lazy=false
16:32:50.260 [main] DEBUG org.hibernate.cfg.AbstractPropertyHolder - Attempting to locate auto-apply AttributeConverter for property [com.shoppingbackend.model.Cart:id]
16:32:50.260 [main] DEBUG org.hibernate.cfg.annotations.SimpleValueBinder - building SimpleValue for id
16:32:50.261 [main] DEBUG org.hibernate.cfg.annotations.PropertyBinder - Building property id
16:32:50.261 [main] DEBUG org.hibernate.cfg.Ejb3Column - Binding column: Ejb3Column{table=org.hibernate.mapping.Table(Cart), mappingColumn=cart_lines, insertable=true, updatable=true, unique=false}
16:32:50.261 [main] DEBUG org.hibernate.cfg.annotations.PropertyBinder - MetadataSourceProcessor property cartLines with lazy=false
16:32:50.261 [main] DEBUG org.hibernate.cfg.AbstractPropertyHolder - Attempting to locate auto-apply AttributeConverter for property [com.shoppingbackend.model.Cart:cartLines]
16:32:50.261 [main] DEBUG org.hibernate.cfg.annotations.SimpleValueBinder - building SimpleValue for cartLines
16:32:50.261 [main] DEBUG org.hibernate.cfg.annotations.PropertyBinder - Building property cartLines
16:32:50.261 [main] DEBUG org.hibernate.cfg.Ejb3Column - Binding column: Ejb3Column{table=org.hibernate.mapping.Table(Cart), mappingColumn=grand_total, insertable=true, updatable=true, unique=false}
16:32:50.261 [main] DEBUG org.hibernate.cfg.annotations.PropertyBinder - MetadataSourceProcessor property grandTotal with lazy=false
16:32:50.261 [main] DEBUG org.hibernate.cfg.AbstractPropertyHolder - Attempting to locate auto-apply AttributeConverter for property [com.shoppingbackend.model.Cart:grandTotal]
16:32:50.261 [main] DEBUG org.hibernate.cfg.annotations.SimpleValueBinder - building SimpleValue for grandTotal
16:32:50.261 [main] DEBUG org.hibernate.cfg.annotations.PropertyBinder - Building property grandTotal
16:32:50.261 [main] DEBUG org.hibernate.cfg.Ejb3Column - Binding column: Ejb3JoinColumn{logicalColumnName=&apos;null&apos;, referencedColumn=&apos;null&apos;, mappedBy=&apos;&apos;}
16:32:50.261 [main] DEBUG org.hibernate.cfg.Ejb3Column - Binding column: Ejb3Column{table=org.hibernate.mapping.Table(Cart), mappingColumn=user, insertable=true, updatable=true, unique=false}
16:32:50.261 [main] DEBUG org.hibernate.cfg.annotations.PropertyBinder - Building property user
16:32:50.261 [main] DEBUG org.hibernate.cfg.AnnotationBinder - Binding entity from annotated class: com.shoppingbackend.model.CartLine
16:32:50.261 [main] DEBUG org.hibernate.cfg.Ejb3Column - Binding column: Ejb3DiscriminatorColumn{logicalColumnName&apos;DTYPE&apos;, discriminatorTypeName=&apos;string&apos;}
16:32:50.261 [main] DEBUG org.hibernate.cfg.annotations.EntityBinder - Import with entity name CartLine
16:32:50.262 [main] DEBUG org.hibernate.cfg.annotations.EntityBinder - Bind entity com.shoppingbackend.model.CartLine on table cart_line
16:32:50.262 [main] DEBUG org.hibernate.cfg.Ejb3Column - Binding column: Ejb3Column{table=org.hibernate.mapping.Table(cart_line), mappingColumn=id, insertable=true, updatable=true, unique=false}
16:32:50.262 [main] DEBUG org.hibernate.cfg.annotations.PropertyBinder - MetadataSourceProcessor property id with lazy=false
16:32:50.262 [main] DEBUG org.hibernate.cfg.AbstractPropertyHolder - Attempting to locate auto-apply AttributeConverter for property [com.shoppingbackend.model.CartLine:id]
16:32:50.262 [main] DEBUG org.hibernate.cfg.annotations.SimpleValueBinder - building SimpleValue for id
16:32:50.262 [main] DEBUG org.hibernate.cfg.annotations.PropertyBinder - Building property id
16:32:50.263 [main] DEBUG org.hibernate.cfg.Ejb3Column - Binding column: Ejb3Column{table=org.hibernate.mapping.Table(cart_line), mappingColumn=is_available, insertable=true, updatable=true, unique=false}
16:32:50.263 [main] DEBUG org.hibernate.cfg.annotations.PropertyBinder - MetadataSourceProcessor property available with lazy=false
16:32:50.263 [main] DEBUG org.hibernate.cfg.AbstractPropertyHolder - Attempting to locate auto-apply AttributeConverter for property [com.shoppingbackend.model.CartLine:available]
16:32:50.263 [main] DEBUG org.hibernate.cfg.annotations.SimpleValueBinder - building SimpleValue for available
16:32:50.263 [main] DEBUG org.hibernate.cfg.annotations.PropertyBinder - Building property available
16:32:50.264 [main] DEBUG org.hibernate.cfg.Ejb3Column - Binding column: Ejb3Column{table=org.hibernate.mapping.Table(cart_line), mappingColumn=buying_price, insertable=true, updatable=true, unique=false}
16:32:50.264 [main] DEBUG org.hibernate.cfg.annotations.PropertyBinder - MetadataSourceProcessor property buyingPrice with lazy=false
16:32:50.264 [main] DEBUG org.hibernate.cfg.AbstractPropertyHolder - Attempting to locate auto-apply AttributeConverter for property [com.shoppingbackend.model.CartLine:buyingPrice]
16:32:50.264 [main] DEBUG org.hibernate.cfg.annotations.SimpleValueBinder - building SimpleValue for buyingPrice
16:32:50.264 [main] DEBUG org.hibernate.cfg.annotations.PropertyBinder - Building property buyingPrice
16:32:50.264 [main] DEBUG org.hibernate.cfg.Ejb3Column - Binding column: Ejb3Column{table=org.hibernate.mapping.Table(cart_line), mappingColumn=cart_id, insertable=true, updatable=true, unique=false}
16:32:50.264 [main] DEBUG org.hibernate.cfg.annotations.PropertyBinder - MetadataSourceProcessor property cartId with lazy=false
16:32:50.264 [main] DEBUG org.hibernate.cfg.AbstractPropertyHolder - Attempting to locate auto-apply AttributeConverter for property [com.shoppingbackend.model.CartLine:cartId]
16:32:50.264 [main] DEBUG org.hibernate.cfg.annotations.SimpleValueBinder - building SimpleValue for cartId
16:32:50.264 [main] DEBUG org.hibernate.cfg.annotations.PropertyBinder - Building property cartId
16:32:50.264 [main] DEBUG org.hibernate.cfg.Ejb3Column - Binding column: Ejb3JoinColumn{logicalColumnName=&apos;null&apos;, referencedColumn=&apos;null&apos;, mappedBy=&apos;&apos;}
16:32:50.264 [main] DEBUG org.hibernate.cfg.Ejb3Column - Binding column: Ejb3Column{table=org.hibernate.mapping.Table(cart_line), mappingColumn=product, insertable=true, updatable=true, unique=false}
16:32:50.264 [main] DEBUG org.hibernate.cfg.annotations.PropertyBinder - Building property product
16:32:50.264 [main] DEBUG org.hibernate.cfg.Ejb3Column - Binding column: Ejb3Column{table=org.hibernate.mapping.Table(cart_line), mappingColumn=product_count, insertable=true, updatable=true, unique=false}
16:32:50.264 [main] DEBUG org.hibernate.cfg.annotations.PropertyBinder - MetadataSourceProcessor property productCount with lazy=false
16:32:50.264 [main] DEBUG org.hibernate.cfg.AbstractPropertyHolder - Attempting to locate auto-apply AttributeConverter for property [com.shoppingbackend.model.CartLine:productCount]
16:32:50.264 [main] DEBUG org.hibernate.cfg.annotations.SimpleValueBinder - building SimpleValue for productCount
16:32:50.264 [main] DEBUG org.hibernate.cfg.annotations.PropertyBinder - Building property productCount
16:32:50.264 [main] DEBUG org.hibernate.cfg.Ejb3Column - Binding column: Ejb3Column{table=org.hibernate.mapping.Table(cart_line), mappingColumn=total, insertable=true, updatable=true, unique=false}
16:32:50.265 [main] DEBUG org.hibernate.cfg.annotations.PropertyBinder - MetadataSourceProcessor property total with lazy=false
16:32:50.265 [main] DEBUG org.hibernate.cfg.AbstractPropertyHolder - Attempting to locate auto-apply AttributeConverter for property [com.shoppingbackend.model.CartLine:total]
16:32:50.265 [main] DEBUG org.hibernate.cfg.annotations.SimpleValueBinder - building SimpleValue for total
16:32:50.265 [main] DEBUG org.hibernate.cfg.annotations.PropertyBinder - Building property total
16:32:50.265 [main] DEBUG org.hibernate.cfg.AnnotationBinder - Binding entity from annotated class: com.shoppingbackend.model.Category
16:32:50.265 [main] DEBUG org.hibernate.cfg.Ejb3Column - Binding column: Ejb3DiscriminatorColumn{logicalColumnName&apos;DTYPE&apos;, discriminatorTypeName=&apos;string&apos;}
16:32:50.265 [main] DEBUG org.hibernate.cfg.annotations.EntityBinder - Import with entity name Category
16:32:50.265 [main] DEBUG org.hibernate.cfg.annotations.EntityBinder - Bind entity com.shoppingbackend.model.Category on table Category
16:32:50.265 [main] DEBUG org.hibernate.cfg.Ejb3Column - Binding column: Ejb3Column{table=org.hibernate.mapping.Table(Category), mappingColumn=id, insertable=true, updatable=true, unique=false}
16:32:50.265 [main] DEBUG org.hibernate.cfg.annotations.PropertyBinder - MetadataSourceProcessor property id with lazy=false
16:32:50.265 [main] DEBUG org.hibernate.cfg.AbstractPropertyHolder - Attempting to locate auto-apply AttributeConverter for property [com.shoppingbackend.model.Category:id]
16:32:50.265 [main] DEBUG org.hibernate.cfg.annotations.SimpleValueBinder - building SimpleValue for id
16:32:50.266 [main] DEBUG org.hibernate.cfg.annotations.PropertyBinder - Building property id
16:32:50.266 [main] DEBUG org.hibernate.cfg.Ejb3Column - Binding column: Ejb3Column{table=org.hibernate.mapping.Table(Category), mappingColumn=is_active, insertable=true, updatable=true, unique=false}
16:32:50.266 [main] DEBUG org.hibernate.cfg.annotations.PropertyBinder - MetadataSourceProcessor property active with lazy=false
16:32:50.266 [main] DEBUG org.hibernate.cfg.AbstractPropertyHolder - Attempting to locate auto-apply AttributeConverter for property [com.shoppingbackend.model.Category:active]
16:32:50.266 [main] DEBUG org.hibernate.cfg.annotations.SimpleValueBinder - building SimpleValue for active
16:32:50.266 [main] DEBUG org.hibernate.cfg.annotations.PropertyBinder - Building property active
16:32:50.266 [main] DEBUG org.hibernate.cfg.Ejb3Column - Binding column: Ejb3Column{table=org.hibernate.mapping.Table(Category), mappingColumn=description, insertable=true, updatable=true, unique=false}
16:32:50.266 [main] DEBUG org.hibernate.cfg.annotations.PropertyBinder - MetadataSourceProcessor property description with lazy=false
16:32:50.266 [main] DEBUG org.hibernate.cfg.AbstractPropertyHolder - Attempting to locate auto-apply AttributeConverter for property [com.shoppingbackend.model.Category:description]
16:32:50.266 [main] DEBUG org.hibernate.cfg.annotations.SimpleValueBinder - building SimpleValue for description
16:32:50.266 [main] DEBUG org.hibernate.cfg.annotations.PropertyBinder - Building property description
16:32:50.266 [main] DEBUG org.hibernate.cfg.Ejb3Column - Binding column: Ejb3Column{table=org.hibernate.mapping.Table(Category), mappingColumn=name, insertable=true, updatable=true, unique=false}
16:32:50.266 [main] DEBUG org.hibernate.cfg.annotations.PropertyBinder - MetadataSourceProcessor property name with lazy=false
16:32:50.266 [main] DEBUG org.hibernate.cfg.AbstractPropertyHolder - Attempting to locate auto-apply AttributeConverter for property [com.shoppingbackend.model.Category:name]
16:32:50.266 [main] DEBUG org.hibernate.cfg.annotations.SimpleValueBinder - building SimpleValue for name
16:32:50.266 [main] DEBUG org.hibernate.cfg.annotations.PropertyBinder - Building property name
16:32:50.266 [main] DEBUG org.hibernate.cfg.AnnotationBinder - Binding entity from annotated class: com.shoppingbackend.model.OrderDetail
16:32:50.266 [main] DEBUG org.hibernate.cfg.Ejb3Column - Binding column: Ejb3DiscriminatorColumn{logicalColumnName&apos;DTYPE&apos;, discriminatorTypeName=&apos;string&apos;}
16:32:50.267 [main] DEBUG org.hibernate.cfg.annotations.EntityBinder - Import with entity name OrderDetail
16:32:50.267 [main] DEBUG org.hibernate.cfg.annotations.EntityBinder - Bind entity com.shoppingbackend.model.OrderDetail on table order_detail
16:32:50.267 [main] DEBUG org.hibernate.cfg.Ejb3Column - Binding column: Ejb3Column{table=org.hibernate.mapping.Table(order_detail), mappingColumn=id, insertable=true, updatable=true, unique=false}
16:32:50.268 [main] DEBUG org.hibernate.cfg.annotations.PropertyBinder - MetadataSourceProcessor property id with lazy=false
16:32:50.268 [main] DEBUG org.hibernate.cfg.AbstractPropertyHolder - Attempting to locate auto-apply AttributeConverter for property [com.shoppingbackend.model.OrderDetail:id]
16:32:50.269 [main] DEBUG org.hibernate.cfg.annotations.SimpleValueBinder - building SimpleValue for id
16:32:50.269 [main] DEBUG org.hibernate.cfg.annotations.PropertyBinder - Building property id
16:32:50.270 [main] DEBUG org.hibernate.cfg.Ejb3Column - Binding column: Ejb3JoinColumn{logicalColumnName=&apos;null&apos;, referencedColumn=&apos;null&apos;, mappedBy=&apos;null&apos;}
16:32:50.270 [main] DEBUG org.hibernate.cfg.Ejb3Column - Binding column: Ejb3Column{table=org.hibernate.mapping.Table(order_detail), mappingColumn=billing, insertable=true, updatable=true, unique=false}
16:32:50.270 [main] DEBUG org.hibernate.cfg.annotations.PropertyBinder - Building property billing
16:32:50.270 [main] DEBUG org.hibernate.cfg.Ejb3Column - Binding column: Ejb3Column{table=org.hibernate.mapping.Table(order_detail), mappingColumn=order_count, insertable=true, updatable=true, unique=false}
16:32:50.270 [main] DEBUG org.hibernate.cfg.annotations.PropertyBinder - MetadataSourceProcessor property orderCount with lazy=false
16:32:50.270 [main] DEBUG org.hibernate.cfg.AbstractPropertyHolder - Attempting to locate auto-apply AttributeConverter for property [com.shoppingbackend.model.OrderDetail:orderCount]
16:32:50.270 [main] DEBUG org.hibernate.cfg.annotations.SimpleValueBinder - building SimpleValue for orderCount
16:32:50.270 [main] DEBUG org.hibernate.cfg.annotations.PropertyBinder - Building property orderCount
16:32:50.270 [main] DEBUG org.hibernate.cfg.Ejb3Column - Binding column: Ejb3Column{table=org.hibernate.mapping.Table(order_detail), mappingColumn=order_date, insertable=true, updatable=true, unique=false}
16:32:50.270 [main] DEBUG org.hibernate.cfg.annotations.PropertyBinder - MetadataSourceProcessor property orderDate with lazy=false
16:32:50.270 [main] DEBUG org.hibernate.cfg.AbstractPropertyHolder - Attempting to locate auto-apply AttributeConverter for property [com.shoppingbackend.model.OrderDetail:orderDate]
16:32:50.270 [main] DEBUG org.hibernate.cfg.annotations.SimpleValueBinder - building SimpleValue for orderDate
16:32:50.270 [main] DEBUG org.hibernate.cfg.annotations.PropertyBinder - Building property orderDate
16:32:50.270 [main] DEBUG org.hibernate.cfg.Ejb3Column - Binding column: Ejb3JoinColumn{logicalColumnName=&apos;null&apos;, referencedColumn=&apos;null&apos;, mappedBy=&apos;orderDetail&apos;}
16:32:50.270 [main] DEBUG org.hibernate.cfg.Ejb3Column - Binding column: Ejb3Column{table=org.hibernate.mapping.Table(order_detail), mappingColumn=orderItems, insertable=true, updatable=true, unique=false}
16:32:50.270 [main] DEBUG org.hibernate.cfg.Ejb3Column - Binding column: Ejb3Column{table=org.hibernate.mapping.Table(order_detail), mappingColumn=null, insertable=true, updatable=true, unique=false}
16:32:50.271 [main] DEBUG org.hibernate.cfg.Ejb3Column - Binding column: Ejb3Column{table=org.hibernate.mapping.Table(order_detail), mappingColumn=element, insertable=true, updatable=true, unique=false}
16:32:50.271 [main] DEBUG org.hibernate.cfg.Ejb3Column - Binding column: Ejb3Column{table=org.hibernate.mapping.Table(order_detail), mappingColumn=orderItems_KEY, insertable=true, updatable=true, unique=false}
16:32:50.271 [main] DEBUG org.hibernate.cfg.Ejb3Column - Binding column: Ejb3JoinColumn{logicalColumnName=&apos;orderItems_KEY&apos;, referencedColumn=&apos;null&apos;, mappedBy=&apos;null&apos;}
16:32:50.271 [main] DEBUG org.hibernate.cfg.Ejb3Column - Binding column: Ejb3JoinColumn{logicalColumnName=&apos;null&apos;, referencedColumn=&apos;null&apos;, mappedBy=&apos;orderDetail&apos;}
16:32:50.271 [main] DEBUG org.hibernate.cfg.Ejb3Column - Binding column: Ejb3JoinColumn{logicalColumnName=&apos;null&apos;, referencedColumn=&apos;null&apos;, mappedBy=&apos;orderDetail&apos;}
16:32:50.271 [main] DEBUG org.hibernate.cfg.annotations.CollectionBinder - Collection role: com.shoppingbackend.model.OrderDetail.orderItems
16:32:50.271 [main] DEBUG org.hibernate.cfg.annotations.PropertyBinder - Building property orderItems
16:32:50.271 [main] DEBUG org.hibernate.cfg.Ejb3Column - Binding column: Ejb3Column{table=org.hibernate.mapping.Table(order_detail), mappingColumn=order_total, insertable=true, updatable=true, unique=false}
16:32:50.271 [main] DEBUG org.hibernate.cfg.annotations.PropertyBinder - MetadataSourceProcessor property orderTotal with lazy=false
16:32:50.271 [main] DEBUG org.hibernate.cfg.AbstractPropertyHolder - Attempting to locate auto-apply AttributeConverter for property [com.shoppingbackend.model.OrderDetail:orderTotal]
16:32:50.272 [main] DEBUG org.hibernate.cfg.annotations.SimpleValueBinder - building SimpleValue for orderTotal
16:32:50.272 [main] DEBUG org.hibernate.cfg.annotations.PropertyBinder - Building property orderTotal
16:32:50.272 [main] DEBUG org.hibernate.cfg.Ejb3Column - Binding column: Ejb3JoinColumn{logicalColumnName=&apos;null&apos;, referencedColumn=&apos;null&apos;, mappedBy=&apos;null&apos;}
16:32:50.272 [main] DEBUG org.hibernate.cfg.Ejb3Column - Binding column: Ejb3Column{table=org.hibernate.mapping.Table(order_detail), mappingColumn=shipping, insertable=true, updatable=true, unique=false}
16:32:50.272 [main] DEBUG org.hibernate.cfg.annotations.PropertyBinder - Building property shipping
16:32:50.272 [main] DEBUG org.hibernate.cfg.Ejb3Column - Binding column: Ejb3JoinColumn{logicalColumnName=&apos;user_id&apos;, referencedColumn=&apos;&apos;, mappedBy=&apos;&apos;}
16:32:50.272 [main] DEBUG org.hibernate.cfg.Ejb3Column - Binding column: Ejb3Column{table=org.hibernate.mapping.Table(order_detail), mappingColumn=user, insertable=true, updatable=true, unique=false}
16:32:50.272 [main] DEBUG org.hibernate.cfg.annotations.PropertyBinder - Building property user
16:32:50.272 [main] DEBUG org.hibernate.cfg.AnnotationBinder - Binding entity from annotated class: com.shoppingbackend.model.OrderItem
16:32:50.272 [main] DEBUG org.hibernate.cfg.Ejb3Column - Binding column: Ejb3DiscriminatorColumn{logicalColumnName&apos;DTYPE&apos;, discriminatorTypeName=&apos;string&apos;}
16:32:50.272 [main] DEBUG org.hibernate.cfg.annotations.EntityBinder - Import with entity name OrderItem
16:32:50.272 [main] DEBUG org.hibernate.cfg.annotations.EntityBinder - Bind entity com.shoppingbackend.model.OrderItem on table order_item
16:32:50.273 [main] DEBUG org.hibernate.cfg.Ejb3Column - Binding column: Ejb3Column{table=org.hibernate.mapping.Table(order_item), mappingColumn=id, insertable=true, updatable=true, unique=false}
16:32:50.273 [main] DEBUG org.hibernate.cfg.annotations.PropertyBinder - MetadataSourceProcessor property id with lazy=false
16:32:50.273 [main] DEBUG org.hibernate.cfg.AbstractPropertyHolder - Attempting to locate auto-apply AttributeConverter for property [com.shoppingbackend.model.OrderItem:id]
16:32:50.274 [main] DEBUG org.hibernate.cfg.annotations.SimpleValueBinder - building SimpleValue for id
16:32:50.274 [main] DEBUG org.hibernate.cfg.annotations.PropertyBinder - Building property id
16:32:50.274 [main] DEBUG org.hibernate.cfg.Ejb3Column - Binding column: Ejb3Column{table=org.hibernate.mapping.Table(order_item), mappingColumn=buying_price, insertable=true, updatable=true, unique=false}
16:32:50.274 [main] DEBUG org.hibernate.cfg.annotations.PropertyBinder - MetadataSourceProcessor property buyingPrice with lazy=false
16:32:50.274 [main] DEBUG org.hibernate.cfg.AbstractPropertyHolder - Attempting to locate auto-apply AttributeConverter for property [com.shoppingbackend.model.OrderItem:buyingPrice]
16:32:50.274 [main] DEBUG org.hibernate.cfg.annotations.SimpleValueBinder - building SimpleValue for buyingPrice
16:32:50.274 [main] DEBUG org.hibernate.cfg.annotations.PropertyBinder - Building property buyingPrice
16:32:50.274 [main] DEBUG org.hibernate.cfg.Ejb3Column - Binding column: Ejb3JoinColumn{logicalColumnName=&apos;order_id&apos;, referencedColumn=&apos;&apos;, mappedBy=&apos;&apos;}
16:32:50.274 [main] DEBUG org.hibernate.cfg.Ejb3Column - Binding column: Ejb3Column{table=org.hibernate.mapping.Table(order_item), mappingColumn=orderDetail, insertable=true, updatable=true, unique=false}
16:32:50.277 [main] DEBUG org.hibernate.cfg.annotations.PropertyBinder - Building property orderDetail
16:32:50.277 [main] DEBUG org.hibernate.cfg.Ejb3Column - Binding column: Ejb3JoinColumn{logicalColumnName=&apos;null&apos;, referencedColumn=&apos;null&apos;, mappedBy=&apos;&apos;}
16:32:50.277 [main] DEBUG org.hibernate.cfg.Ejb3Column - Binding column: Ejb3Column{table=org.hibernate.mapping.Table(order_item), mappingColumn=product, insertable=true, updatable=true, unique=false}
16:32:50.277 [main] DEBUG org.hibernate.cfg.annotations.PropertyBinder - Building property product
16:32:50.277 [main] DEBUG org.hibernate.cfg.Ejb3Column - Binding column: Ejb3Column{table=org.hibernate.mapping.Table(order_item), mappingColumn=product_count, insertable=true, updatable=true, unique=false}
16:32:50.277 [main] DEBUG org.hibernate.cfg.annotations.PropertyBinder - MetadataSourceProcessor property productCount with lazy=false
16:32:50.277 [main] DEBUG org.hibernate.cfg.AbstractPropertyHolder - Attempting to locate auto-apply AttributeConverter for property [com.shoppingbackend.model.OrderItem:productCount]
16:32:50.277 [main] DEBUG org.hibernate.cfg.annotations.SimpleValueBinder - building SimpleValue for productCount
16:32:50.277 [main] DEBUG org.hibernate.cfg.annotations.PropertyBinder - Building property productCount
16:32:50.277 [main] DEBUG org.hibernate.cfg.Ejb3Column - Binding column: Ejb3Column{table=org.hibernate.mapping.Table(order_item), mappingColumn=total, insertable=true, updatable=true, unique=false}
16:32:50.277 [main] DEBUG org.hibernate.cfg.annotations.PropertyBinder - MetadataSourceProcessor property total with lazy=false
16:32:50.277 [main] DEBUG org.hibernate.cfg.AbstractPropertyHolder - Attempting to locate auto-apply AttributeConverter for property [com.shoppingbackend.model.OrderItem:total]
16:32:50.277 [main] DEBUG org.hibernate.cfg.annotations.SimpleValueBinder - building SimpleValue for total
16:32:50.277 [main] DEBUG org.hibernate.cfg.annotations.PropertyBinder - Building property total
16:32:50.277 [main] DEBUG org.hibernate.cfg.AnnotationBinder - Binding entity from annotated class: com.shoppingbackend.model.Product
16:32:50.277 [main] DEBUG org.hibernate.cfg.Ejb3Column - Binding column: Ejb3DiscriminatorColumn{logicalColumnName&apos;DTYPE&apos;, discriminatorTypeName=&apos;string&apos;}
16:32:50.278 [main] DEBUG org.hibernate.cfg.annotations.EntityBinder - Import with entity name Product
16:32:50.278 [main] DEBUG org.hibernate.cfg.annotations.EntityBinder - Bind entity com.shoppingbackend.model.Product on table Product
16:32:50.280 [main] DEBUG org.hibernate.cfg.Ejb3Column - Binding column: Ejb3Column{table=org.hibernate.mapping.Table(Product), mappingColumn=id, insertable=true, updatable=true, unique=false}
16:32:50.280 [main] DEBUG org.hibernate.cfg.annotations.PropertyBinder - MetadataSourceProcessor property id with lazy=false
16:32:50.280 [main] DEBUG org.hibernate.cfg.AbstractPropertyHolder - Attempting to locate auto-apply AttributeConverter for property [com.shoppingbackend.model.Product:id]
16:32:50.280 [main] DEBUG org.hibernate.cfg.annotations.SimpleValueBinder - building SimpleValue for id
16:32:50.280 [main] DEBUG org.hibernate.cfg.annotations.PropertyBinder - Building property id
16:32:50.280 [main] DEBUG org.hibernate.cfg.Ejb3Column - Binding column: Ejb3Column{table=org.hibernate.mapping.Table(Product), mappingColumn=is_active, insertable=true, updatable=true, unique=false}
16:32:50.280 [main] DEBUG org.hibernate.cfg.annotations.PropertyBinder - MetadataSourceProcessor property active with lazy=false
16:32:50.280 [main] DEBUG org.hibernate.cfg.AbstractPropertyHolder - Attempting to locate auto-apply AttributeConverter for property [com.shoppingbackend.model.Product:active]
16:32:50.280 [main] DEBUG org.hibernate.cfg.annotations.SimpleValueBinder - building SimpleValue for active
16:32:50.281 [main] DEBUG org.hibernate.cfg.annotations.PropertyBinder - Building property active
16:32:50.281 [main] DEBUG org.hibernate.cfg.Ejb3Column - Binding column: Ejb3Column{table=org.hibernate.mapping.Table(Product), mappingColumn=brand, insertable=true, updatable=true, unique=false}
16:32:50.281 [main] DEBUG org.hibernate.cfg.annotations.PropertyBinder - MetadataSourceProcessor property brand with lazy=false
16:32:50.281 [main] DEBUG org.hibernate.cfg.AbstractPropertyHolder - Attempting to locate auto-apply AttributeConverter for property [com.shoppingbackend.model.Product:brand]
16:32:50.281 [main] DEBUG org.hibernate.cfg.annotations.SimpleValueBinder - building SimpleValue for brand
16:32:50.281 [main] DEBUG org.hibernate.cfg.annotations.PropertyBinder - Building property brand
16:32:50.281 [main] DEBUG org.hibernate.cfg.Ejb3Column - Binding column: Ejb3Column{table=org.hibernate.mapping.Table(Product), mappingColumn=category_id, insertable=true, updatable=true, unique=false}
16:32:50.281 [main] DEBUG org.hibernate.cfg.annotations.PropertyBinder - MetadataSourceProcessor property categoryId with lazy=false
16:32:50.281 [main] DEBUG org.hibernate.cfg.AbstractPropertyHolder - Attempting to locate auto-apply AttributeConverter for property [com.shoppingbackend.model.Product:categoryId]
16:32:50.281 [main] DEBUG org.hibernate.cfg.annotations.SimpleValueBinder - building SimpleValue for categoryId
16:32:50.281 [main] DEBUG org.hibernate.cfg.annotations.PropertyBinder - Building property categoryId
16:32:50.281 [main] DEBUG org.hibernate.cfg.Ejb3Column - Binding column: Ejb3Column{table=org.hibernate.mapping.Table(Product), mappingColumn=code, insertable=true, updatable=true, unique=false}
16:32:50.281 [main] DEBUG org.hibernate.cfg.annotations.PropertyBinder - MetadataSourceProcessor property code with lazy=false
16:32:50.281 [main] DEBUG org.hibernate.cfg.AbstractPropertyHolder - Attempting to locate auto-apply AttributeConverter for property [com.shoppingbackend.model.Product:code]
16:32:50.281 [main] DEBUG org.hibernate.cfg.annotations.SimpleValueBinder - building SimpleValue for code
16:32:50.281 [main] DEBUG org.hibernate.cfg.annotations.PropertyBinder - Building property code
16:32:50.281 [main] DEBUG org.hibernate.cfg.Ejb3Column - Binding column: Ejb3Column{table=org.hibernate.mapping.Table(Product), mappingColumn=description, insertable=true, updatable=true, unique=false}
16:32:50.281 [main] DEBUG org.hibernate.cfg.annotations.PropertyBinder - MetadataSourceProcessor property description with lazy=false
16:32:50.282 [main] DEBUG org.hibernate.cfg.AbstractPropertyHolder - Attempting to locate auto-apply AttributeConverter for property [com.shoppingbackend.model.Product:description]
16:32:50.283 [main] DEBUG org.hibernate.cfg.annotations.SimpleValueBinder - building SimpleValue for description
16:32:50.283 [main] DEBUG org.hibernate.cfg.annotations.PropertyBinder - Building property description
16:32:50.283 [main] DEBUG org.hibernate.cfg.Ejb3Column - Binding column: Ejb3Column{table=org.hibernate.mapping.Table(Product), mappingColumn=name, insertable=true, updatable=true, unique=false}
16:32:50.283 [main] DEBUG org.hibernate.cfg.annotations.PropertyBinder - MetadataSourceProcessor property name with lazy=false
16:32:50.283 [main] DEBUG org.hibernate.cfg.AbstractPropertyHolder - Attempting to locate auto-apply AttributeConverter for property [com.shoppingbackend.model.Product:name]
16:32:50.283 [main] DEBUG org.hibernate.cfg.annotations.SimpleValueBinder - building SimpleValue for name
16:32:50.283 [main] DEBUG org.hibernate.cfg.annotations.PropertyBinder - Building property name
16:32:50.283 [main] DEBUG org.hibernate.cfg.Ejb3Column - Binding column: Ejb3Column{table=org.hibernate.mapping.Table(Product), mappingColumn=purchases, insertable=true, updatable=true, unique=false}
16:32:50.284 [main] DEBUG org.hibernate.cfg.annotations.PropertyBinder - MetadataSourceProcessor property purchases with lazy=false
16:32:50.284 [main] DEBUG org.hibernate.cfg.AbstractPropertyHolder - Attempting to locate auto-apply AttributeConverter for property [com.shoppingbackend.model.Product:purchases]
16:32:50.284 [main] DEBUG org.hibernate.cfg.annotations.SimpleValueBinder - building SimpleValue for purchases
16:32:50.284 [main] DEBUG org.hibernate.cfg.annotations.PropertyBinder - Building property purchases
16:32:50.284 [main] DEBUG org.hibernate.cfg.Ejb3Column - Binding column: Ejb3Column{table=org.hibernate.mapping.Table(Product), mappingColumn=quantity, insertable=true, updatable=true, unique=false}
16:32:50.284 [main] DEBUG org.hibernate.cfg.annotations.PropertyBinder - MetadataSourceProcessor property quantity with lazy=false
16:32:50.284 [main] DEBUG org.hibernate.cfg.AbstractPropertyHolder - Attempting to locate auto-apply AttributeConverter for property [com.shoppingbackend.model.Product:quantity]
16:32:50.284 [main] DEBUG org.hibernate.cfg.annotations.SimpleValueBinder - building SimpleValue for quantity
16:32:50.284 [main] DEBUG org.hibernate.cfg.annotations.PropertyBinder - Building property quantity
16:32:50.284 [main] DEBUG org.hibernate.cfg.Ejb3Column - Binding column: Ejb3Column{table=org.hibernate.mapping.Table(Product), mappingColumn=supplier_id, insertable=true, updatable=true, unique=false}
16:32:50.285 [main] DEBUG org.hibernate.cfg.annotations.PropertyBinder - MetadataSourceProcessor property supplierId with lazy=false
16:32:50.285 [main] DEBUG org.hibernate.cfg.AbstractPropertyHolder - Attempting to locate auto-apply AttributeConverter for property [com.shoppingbackend.model.Product:supplierId]
16:32:50.285 [main] DEBUG org.hibernate.cfg.annotations.SimpleValueBinder - building SimpleValue for supplierId
16:32:50.285 [main] DEBUG org.hibernate.cfg.annotations.PropertyBinder - Building property supplierId
16:32:50.286 [main] DEBUG org.hibernate.cfg.Ejb3Column - Binding column: Ejb3Column{table=org.hibernate.mapping.Table(Product), mappingColumn=unit_price, insertable=true, updatable=true, unique=false}
16:32:50.287 [main] DEBUG org.hibernate.cfg.annotations.PropertyBinder - MetadataSourceProcessor property unitPrice with lazy=false
16:32:50.287 [main] DEBUG org.hibernate.cfg.AbstractPropertyHolder - Attempting to locate auto-apply AttributeConverter for property [com.shoppingbackend.model.Product:unitPrice]
16:32:50.287 [main] DEBUG org.hibernate.cfg.annotations.SimpleValueBinder - building SimpleValue for unitPrice
16:32:50.287 [main] DEBUG org.hibernate.cfg.annotations.PropertyBinder - Building property unitPrice
16:32:50.287 [main] DEBUG org.hibernate.cfg.Ejb3Column - Binding column: Ejb3Column{table=org.hibernate.mapping.Table(Product), mappingColumn=views, insertable=true, updatable=true, unique=false}
16:32:50.287 [main] DEBUG org.hibernate.cfg.annotations.PropertyBinder - MetadataSourceProcessor property views with lazy=false
16:32:50.287 [main] DEBUG org.hibernate.cfg.AbstractPropertyHolder - Attempting to locate auto-apply AttributeConverter for property [com.shoppingbackend.model.Product:views]
16:32:50.287 [main] DEBUG org.hibernate.cfg.annotations.SimpleValueBinder - building SimpleValue for views
16:32:50.288 [main] DEBUG org.hibernate.cfg.annotations.PropertyBinder - Building property views
16:32:50.288 [main] DEBUG org.hibernate.cfg.AnnotationBinder - Binding entity from annotated class: com.shoppingbackend.model.Supplier
16:32:50.288 [main] DEBUG org.hibernate.cfg.Ejb3Column - Binding column: Ejb3DiscriminatorColumn{logicalColumnName&apos;DTYPE&apos;, discriminatorTypeName=&apos;string&apos;}
16:32:50.288 [main] DEBUG org.hibernate.cfg.annotations.EntityBinder - Import with entity name Supplier
16:32:50.288 [main] DEBUG org.hibernate.cfg.annotations.EntityBinder - Bind entity com.shoppingbackend.model.Supplier on table supplier
16:32:50.288 [main] DEBUG org.hibernate.cfg.Ejb3Column - Binding column: Ejb3Column{table=org.hibernate.mapping.Table(supplier), mappingColumn=sid, insertable=true, updatable=true, unique=false}
16:32:50.289 [main] DEBUG org.hibernate.cfg.annotations.PropertyBinder - MetadataSourceProcessor property sid with lazy=false
16:32:50.289 [main] DEBUG org.hibernate.cfg.AbstractPropertyHolder - Attempting to locate auto-apply AttributeConverter for property [com.shoppingbackend.model.Supplier:sid]
16:32:50.290 [main] DEBUG org.hibernate.cfg.annotations.SimpleValueBinder - building SimpleValue for sid
16:32:50.290 [main] DEBUG org.hibernate.cfg.annotations.PropertyBinder - Building property sid
16:32:50.290 [main] DEBUG org.hibernate.cfg.Ejb3Column - Binding column: Ejb3Column{table=org.hibernate.mapping.Table(supplier), mappingColumn=supplier_name, insertable=true, updatable=true, unique=false}
16:32:50.290 [main] DEBUG org.hibernate.cfg.annotations.PropertyBinder - MetadataSourceProcessor property supplierName with lazy=false
16:32:50.290 [main] DEBUG org.hibernate.cfg.AbstractPropertyHolder - Attempting to locate auto-apply AttributeConverter for property [com.shoppingbackend.model.Supplier:supplierName]
16:32:50.290 [main] DEBUG org.hibernate.cfg.annotations.SimpleValueBinder - building SimpleValue for supplierName
16:32:50.290 [main] DEBUG org.hibernate.cfg.annotations.PropertyBinder - Building property supplierName
16:32:50.290 [main] DEBUG org.hibernate.cfg.AnnotationBinder - Binding entity from annotated class: com.shoppingbackend.model.User
16:32:50.290 [main] DEBUG org.hibernate.cfg.Ejb3Column - Binding column: Ejb3DiscriminatorColumn{logicalColumnName&apos;DTYPE&apos;, discriminatorTypeName=&apos;string&apos;}
16:32:50.291 [main] DEBUG org.hibernate.cfg.annotations.EntityBinder - Import with entity name User
16:32:50.291 [main] DEBUG org.hibernate.cfg.annotations.EntityBinder - Bind entity com.shoppingbackend.model.User on table user_detail
16:32:50.294 [main] DEBUG org.hibernate.cfg.Ejb3Column - Binding column: Ejb3Column{table=org.hibernate.mapping.Table(user_detail), mappingColumn=id, insertable=true, updatable=true, unique=false}
16:32:50.295 [main] DEBUG org.hibernate.cfg.annotations.PropertyBinder - MetadataSourceProcessor property id with lazy=false
16:32:50.295 [main] DEBUG org.hibernate.cfg.AbstractPropertyHolder - Attempting to locate auto-apply AttributeConverter for property [com.shoppingbackend.model.User:id]
16:32:50.295 [main] DEBUG org.hibernate.cfg.annotations.SimpleValueBinder - building SimpleValue for id
16:32:50.295 [main] DEBUG org.hibernate.cfg.annotations.PropertyBinder - Building property id
16:32:50.295 [main] DEBUG org.hibernate.cfg.Ejb3Column - Binding column: Ejb3JoinColumn{logicalColumnName=&apos;null&apos;, referencedColumn=&apos;null&apos;, mappedBy=&apos;user&apos;}
16:32:50.295 [main] DEBUG org.hibernate.cfg.Ejb3Column - Binding column: Ejb3Column{table=org.hibernate.mapping.Table(user_detail), mappingColumn=cart, insertable=true, updatable=true, unique=false}
16:32:50.297 [main] DEBUG org.hibernate.cfg.Ejb3Column - Binding column: Ejb3Column{table=org.hibernate.mapping.Table(user_detail), mappingColumn=contact_number, insertable=true, updatable=true, unique=false}
16:32:50.297 [main] DEBUG org.hibernate.cfg.annotations.PropertyBinder - MetadataSourceProcessor property contactNumber with lazy=false
16:32:50.297 [main] DEBUG org.hibernate.cfg.AbstractPropertyHolder - Attempting to locate auto-apply AttributeConverter for property [com.shoppingbackend.model.User:contactNumber]
16:32:50.297 [main] DEBUG org.hibernate.cfg.annotations.SimpleValueBinder - building SimpleValue for contactNumber
16:32:50.298 [main] DEBUG org.hibernate.cfg.annotations.PropertyBinder - Building property contactNumber
16:32:50.298 [main] DEBUG org.hibernate.cfg.Ejb3Column - Binding column: Ejb3Column{table=org.hibernate.mapping.Table(user_detail), mappingColumn=email, insertable=true, updatable=true, unique=false}
16:32:50.299 [main] DEBUG org.hibernate.cfg.annotations.PropertyBinder - MetadataSourceProcessor property email with lazy=false
16:32:50.299 [main] DEBUG org.hibernate.cfg.AbstractPropertyHolder - Attempting to locate auto-apply AttributeConverter for property [com.shoppingbackend.model.User:email]
16:32:50.299 [main] DEBUG org.hibernate.cfg.annotations.SimpleValueBinder - building SimpleValue for email
16:32:50.299 [main] DEBUG org.hibernate.cfg.annotations.PropertyBinder - Building property email
16:32:50.299 [main] DEBUG org.hibernate.cfg.Ejb3Column - Binding column: Ejb3Column{table=org.hibernate.mapping.Table(user_detail), mappingColumn=enabled, insertable=true, updatable=true, unique=false}
16:32:50.300 [main] DEBUG org.hibernate.cfg.annotations.PropertyBinder - MetadataSourceProcessor property enabled with lazy=false
16:32:50.300 [main] DEBUG org.hibernate.cfg.AbstractPropertyHolder - Attempting to locate auto-apply AttributeConverter for property [com.shoppingbackend.model.User:enabled]
16:32:50.300 [main] DEBUG org.hibernate.cfg.annotations.SimpleValueBinder - building SimpleValue for enabled
16:32:50.300 [main] DEBUG org.hibernate.cfg.annotations.PropertyBinder - Building property enabled
16:32:50.300 [main] DEBUG org.hibernate.cfg.Ejb3Column - Binding column: Ejb3Column{table=org.hibernate.mapping.Table(user_detail), mappingColumn=first_name, insertable=true, updatable=true, unique=false}
16:32:50.300 [main] DEBUG org.hibernate.cfg.annotations.PropertyBinder - MetadataSourceProcessor property firstName with lazy=false
16:32:50.300 [main] DEBUG org.hibernate.cfg.AbstractPropertyHolder - Attempting to locate auto-apply AttributeConverter for property [com.shoppingbackend.model.User:firstName]
16:32:50.300 [main] DEBUG org.hibernate.cfg.annotations.SimpleValueBinder - building SimpleValue for firstName
16:32:50.300 [main] DEBUG org.hibernate.cfg.annotations.PropertyBinder - Building property firstName
16:32:50.300 [main] DEBUG org.hibernate.cfg.Ejb3Column - Binding column: Ejb3Column{table=org.hibernate.mapping.Table(user_detail), mappingColumn=last_name, insertable=true, updatable=true, unique=false}
16:32:50.301 [main] DEBUG org.hibernate.cfg.annotations.PropertyBinder - MetadataSourceProcessor property lastName with lazy=false
16:32:50.301 [main] DEBUG org.hibernate.cfg.AbstractPropertyHolder - Attempting to locate auto-apply AttributeConverter for property [com.shoppingbackend.model.User:lastName]
16:32:50.301 [main] DEBUG org.hibernate.cfg.annotations.SimpleValueBinder - building SimpleValue for lastName
16:32:50.301 [main] DEBUG org.hibernate.cfg.annotations.PropertyBinder - Building property lastName
16:32:50.301 [main] DEBUG org.hibernate.cfg.Ejb3Column - Binding column: Ejb3Column{table=org.hibernate.mapping.Table(user_detail), mappingColumn=password, insertable=true, updatable=true, unique=false}
16:32:50.301 [main] DEBUG org.hibernate.cfg.annotations.PropertyBinder - MetadataSourceProcessor property password with lazy=false
16:32:50.301 [main] DEBUG org.hibernate.cfg.AbstractPropertyHolder - Attempting to locate auto-apply AttributeConverter for property [com.shoppingbackend.model.User:password]
16:32:50.301 [main] DEBUG org.hibernate.cfg.annotations.SimpleValueBinder - building SimpleValue for password
16:32:50.301 [main] DEBUG org.hibernate.cfg.annotations.PropertyBinder - Building property password
16:32:50.301 [main] DEBUG org.hibernate.cfg.Ejb3Column - Binding column: Ejb3Column{table=org.hibernate.mapping.Table(user_detail), mappingColumn=role, insertable=true, updatable=true, unique=false}
16:32:50.301 [main] DEBUG org.hibernate.cfg.annotations.PropertyBinder - MetadataSourceProcessor property role with lazy=false
16:32:50.302 [main] DEBUG org.hibernate.cfg.AbstractPropertyHolder - Attempting to locate auto-apply AttributeConverter for property [com.shoppingbackend.model.User:role]
16:32:50.302 [main] DEBUG org.hibernate.cfg.annotations.SimpleValueBinder - building SimpleValue for role
16:32:50.303 [main] DEBUG org.hibernate.cfg.annotations.PropertyBinder - Building property role
16:32:50.304 [main] DEBUG org.hibernate.cfg.annotations.SimpleValueBinder - Starting fillSimpleValue for id
16:32:50.304 [main] DEBUG org.hibernate.cfg.annotations.SimpleValueBinder - Starting fillSimpleValue for addressLineOne
16:32:50.304 [main] DEBUG org.hibernate.cfg.annotations.SimpleValueBinder - Starting fillSimpleValue for addressLineTwo
16:32:50.304 [main] DEBUG org.hibernate.cfg.annotations.SimpleValueBinder - Starting fillSimpleValue for billing
16:32:50.304 [main] DEBUG org.hibernate.cfg.annotations.SimpleValueBinder - Starting fillSimpleValue for city
16:32:50.304 [main] DEBUG org.hibernate.cfg.annotations.SimpleValueBinder - Starting fillSimpleValue for country
16:32:50.304 [main] DEBUG org.hibernate.cfg.annotations.SimpleValueBinder - Starting fillSimpleValue for postalCode
16:32:50.304 [main] DEBUG org.hibernate.cfg.annotations.SimpleValueBinder - Starting fillSimpleValue for shipping
16:32:50.304 [main] DEBUG org.hibernate.cfg.annotations.SimpleValueBinder - Starting fillSimpleValue for state
16:32:50.304 [main] DEBUG org.hibernate.cfg.annotations.SimpleValueBinder - Starting fillSimpleValue for userId
16:32:50.304 [main] DEBUG org.hibernate.cfg.annotations.SimpleValueBinder - Starting fillSimpleValue for id
16:32:50.304 [main] DEBUG org.hibernate.cfg.annotations.SimpleValueBinder - Starting fillSimpleValue for cartLines
16:32:50.304 [main] DEBUG org.hibernate.cfg.annotations.SimpleValueBinder - Starting fillSimpleValue for grandTotal
16:32:50.304 [main] DEBUG org.hibernate.cfg.annotations.SimpleValueBinder - Starting fillSimpleValue for id
16:32:50.304 [main] DEBUG org.hibernate.cfg.annotations.SimpleValueBinder - Starting fillSimpleValue for available
16:32:50.304 [main] DEBUG org.hibernate.cfg.annotations.SimpleValueBinder - Starting fillSimpleValue for buyingPrice
16:32:50.304 [main] DEBUG org.hibernate.cfg.annotations.SimpleValueBinder - Starting fillSimpleValue for cartId
16:32:50.304 [main] DEBUG org.hibernate.cfg.annotations.SimpleValueBinder - Starting fillSimpleValue for productCount
16:32:50.304 [main] DEBUG org.hibernate.cfg.annotations.SimpleValueBinder - Starting fillSimpleValue for total
16:32:50.304 [main] DEBUG org.hibernate.cfg.annotations.SimpleValueBinder - Starting fillSimpleValue for id
16:32:50.304 [main] DEBUG org.hibernate.cfg.annotations.SimpleValueBinder - Starting fillSimpleValue for active
16:32:50.304 [main] DEBUG org.hibernate.cfg.annotations.SimpleValueBinder - Starting fillSimpleValue for description
16:32:50.304 [main] DEBUG org.hibernate.cfg.annotations.SimpleValueBinder - Starting fillSimpleValue for name
16:32:50.304 [main] DEBUG org.hibernate.cfg.annotations.SimpleValueBinder - Starting fillSimpleValue for id
16:32:50.304 [main] DEBUG org.hibernate.cfg.annotations.SimpleValueBinder - Starting fillSimpleValue for orderCount
16:32:50.304 [main] DEBUG org.hibernate.cfg.annotations.SimpleValueBinder - Starting fillSimpleValue for orderDate
16:32:50.304 [main] DEBUG org.hibernate.cfg.annotations.SimpleValueBinder - Starting fillSimpleValue for orderTotal
16:32:50.304 [main] DEBUG org.hibernate.cfg.annotations.SimpleValueBinder - Starting fillSimpleValue for id
16:32:50.304 [main] DEBUG org.hibernate.cfg.annotations.SimpleValueBinder - Starting fillSimpleValue for buyingPrice
16:32:50.304 [main] DEBUG org.hibernate.cfg.annotations.SimpleValueBinder - Starting fillSimpleValue for productCount
16:32:50.304 [main] DEBUG org.hibernate.cfg.annotations.SimpleValueBinder - Starting fillSimpleValue for total
16:32:50.304 [main] DEBUG org.hibernate.cfg.annotations.SimpleValueBinder - Starting fillSimpleValue for id
16:32:50.304 [main] DEBUG org.hibernate.cfg.annotations.SimpleValueBinder - Starting fillSimpleValue for active
16:32:50.304 [main] DEBUG org.hibernate.cfg.annotations.SimpleValueBinder - Starting fillSimpleValue for brand
16:32:50.304 [main] DEBUG org.hibernate.cfg.annotations.SimpleValueBinder - Starting fillSimpleValue for categoryId
16:32:50.304 [main] DEBUG org.hibernate.cfg.annotations.SimpleValueBinder - Starting fillSimpleValue for code
16:32:50.305 [main] DEBUG org.hibernate.cfg.annotations.SimpleValueBinder - Starting fillSimpleValue for description
16:32:50.305 [main] DEBUG org.hibernate.cfg.annotations.SimpleValueBinder - Starting fillSimpleValue for name
16:32:50.305 [main] DEBUG org.hibernate.cfg.annotations.SimpleValueBinder - Starting fillSimpleValue for purchases
16:32:50.305 [main] DEBUG org.hibernate.cfg.annotations.SimpleValueBinder - Starting fillSimpleValue for quantity
16:32:50.305 [main] DEBUG org.hibernate.cfg.annotations.SimpleValueBinder - Starting fillSimpleValue for supplierId
16:32:50.305 [main] DEBUG org.hibernate.cfg.annotations.SimpleValueBinder - Starting fillSimpleValue for unitPrice
16:32:50.305 [main] DEBUG org.hibernate.cfg.annotations.SimpleValueBinder - Starting fillSimpleValue for views
16:32:50.305 [main] DEBUG org.hibernate.cfg.annotations.SimpleValueBinder - Starting fillSimpleValue for sid
16:32:50.305 [main] DEBUG org.hibernate.cfg.annotations.SimpleValueBinder - Starting fillSimpleValue for supplierName
16:32:50.305 [main] DEBUG org.hibernate.cfg.annotations.SimpleValueBinder - Starting fillSimpleValue for id
16:32:50.305 [main] DEBUG org.hibernate.cfg.annotations.SimpleValueBinder - Starting fillSimpleValue for contactNumber
16:32:50.305 [main] DEBUG org.hibernate.cfg.annotations.SimpleValueBinder - Starting fillSimpleValue for email
16:32:50.305 [main] DEBUG org.hibernate.cfg.annotations.SimpleValueBinder - Starting fillSimpleValue for enabled
16:32:50.305 [main] DEBUG org.hibernate.cfg.annotations.SimpleValueBinder - Starting fillSimpleValue for firstName
16:32:50.305 [main] DEBUG org.hibernate.cfg.annotations.SimpleValueBinder - Starting fillSimpleValue for lastName
16:32:50.305 [main] DEBUG org.hibernate.cfg.annotations.SimpleValueBinder - Starting fillSimpleValue for password
16:32:50.305 [main] DEBUG org.hibernate.cfg.annotations.SimpleValueBinder - Starting fillSimpleValue for role
16:32:50.305 [main] DEBUG org.hibernate.mapping.PrimaryKey - Forcing column [id] to be non-null as it is part of the primary key for table [address]
16:32:50.306 [main] DEBUG org.hibernate.mapping.PrimaryKey - Forcing column [id] to be non-null as it is part of the primary key for table [cart]
16:32:50.306 [main] DEBUG org.hibernate.mapping.PrimaryKey - Forcing column [id] to be non-null as it is part of the primary key for table [cart_line]
16:32:50.306 [main] DEBUG org.hibernate.mapping.PrimaryKey - Forcing column [id] to be non-null as it is part of the primary key for table [category]
16:32:50.306 [main] DEBUG org.hibernate.mapping.PrimaryKey - Forcing column [id] to be non-null as it is part of the primary key for table [order_detail]
16:32:50.306 [main] DEBUG org.hibernate.mapping.PrimaryKey - Forcing column [id] to be non-null as it is part of the primary key for table [order_item]
16:32:50.306 [main] DEBUG org.hibernate.mapping.PrimaryKey - Forcing column [id] to be non-null as it is part of the primary key for table [product]
16:32:50.306 [main] DEBUG org.hibernate.mapping.PrimaryKey - Forcing column [sid] to be non-null as it is part of the primary key for table [supplier]
16:32:50.306 [main] DEBUG org.hibernate.mapping.PrimaryKey - Forcing column [id] to be non-null as it is part of the primary key for table [user_detail]
16:32:50.306 [main] DEBUG org.hibernate.cfg.CollectionSecondPass - Second pass for collection: com.shoppingbackend.model.OrderDetail.orderItems
16:32:50.306 [main] DEBUG org.hibernate.cfg.annotations.CollectionBinder - Binding a OneToMany: com.shoppingbackend.model.OrderDetail.orderItems through a foreign key
16:32:50.306 [main] DEBUG org.hibernate.cfg.annotations.CollectionBinder - Mapping collection: com.shoppingbackend.model.OrderDetail.orderItems -&gt; order_item
16:32:50.306 [main] DEBUG org.hibernate.cfg.annotations.TableBinder - Retrieving property com.shoppingbackend.model.OrderItem.orderDetail
16:32:50.307 [main] DEBUG org.hibernate.cfg.CollectionSecondPass - Mapped collection key: order_id, one-to-many: com.shoppingbackend.model.OrderItem
16:32:50.307 [main] DEBUG org.hibernate.cfg.annotations.PropertyBinder - Building property cart
16:32:50.307 [main] DEBUG org.hibernate.boot.internal.InFlightMetadataCollectorImpl - Processing association property references
16:32:50.307 [main] DEBUG org.hibernate.boot.internal.InFlightMetadataCollectorImpl - Resolving reference to class: com.shoppingbackend.model.User
16:32:50.308 [main] DEBUG org.hibernate.boot.internal.InFlightMetadataCollectorImpl - Resolving reference to class: com.shoppingbackend.model.Product
16:32:50.308 [main] DEBUG org.hibernate.boot.internal.InFlightMetadataCollectorImpl - Resolving reference to class: com.shoppingbackend.model.Address
16:32:50.309 [main] DEBUG org.hibernate.boot.internal.InFlightMetadataCollectorImpl - Resolving reference to class: com.shoppingbackend.model.Address
16:32:50.311 [main] DEBUG org.hibernate.boot.internal.InFlightMetadataCollectorImpl - Resolving reference to class: com.shoppingbackend.model.User
16:32:50.311 [main] DEBUG org.hibernate.boot.internal.InFlightMetadataCollectorImpl - Resolving reference to class: com.shoppingbackend.model.OrderDetail
16:32:50.311 [main] DEBUG org.hibernate.boot.internal.InFlightMetadataCollectorImpl - Resolving reference to class: com.shoppingbackend.model.Product
16:32:50.312 [main] DEBUG org.hibernate.boot.internal.InFlightMetadataCollectorImpl - Processing association property references
16:32:50.312 [main] DEBUG org.hibernate.boot.internal.InFlightMetadataCollectorImpl - Resolving reference to class: com.shoppingbackend.model.User
16:32:50.312 [main] DEBUG org.hibernate.boot.internal.InFlightMetadataCollectorImpl - Resolving reference to class: com.shoppingbackend.model.Product
16:32:50.312 [main] DEBUG org.hibernate.boot.internal.InFlightMetadataCollectorImpl - Resolving reference to class: com.shoppingbackend.model.Address
16:32:50.312 [main] DEBUG org.hibernate.boot.internal.InFlightMetadataCollectorImpl - Resolving reference to class: com.shoppingbackend.model.Address
16:32:50.312 [main] DEBUG org.hibernate.boot.internal.InFlightMetadataCollectorImpl - Resolving reference to class: com.shoppingbackend.model.User
16:32:50.312 [main] DEBUG org.hibernate.boot.internal.InFlightMetadataCollectorImpl - Resolving reference to class: com.shoppingbackend.model.OrderDetail
16:32:50.312 [main] DEBUG org.hibernate.boot.internal.InFlightMetadataCollectorImpl - Resolving reference to class: com.shoppingbackend.model.Product
16:32:50.314 [main] DEBUG org.hibernate.internal.SessionFactoryImpl - Building session factory
16:32:50.314 [main] DEBUG org.hibernate.cfg.Settings - SessionFactory name : null
16:32:50.314 [main] DEBUG org.hibernate.cfg.Settings - Automatic flush during beforeCompletion(): enabled
16:32:50.314 [main] DEBUG org.hibernate.cfg.Settings - Automatic session close at end of transaction: disabled
16:32:50.314 [main] DEBUG org.hibernate.cfg.Settings - Statistics: disabled
16:32:50.314 [main] DEBUG org.hibernate.cfg.Settings - Deleted entity synthetic identifier rollback: disabled
16:32:50.314 [main] DEBUG org.hibernate.cfg.Settings - Default entity-mode: pojo
16:32:50.315 [main] DEBUG org.hibernate.cfg.Settings - Check Nullability in Core (should be disabled when Bean Validation is on): enabled
16:32:50.315 [main] DEBUG org.hibernate.cfg.Settings - Allow initialization of lazy state outside session : disabled
16:32:50.315 [main] DEBUG org.hibernate.cfg.Settings - Using BatchFetchStyle : LEGACY
16:32:50.315 [main] DEBUG org.hibernate.cfg.Settings - Default batch fetch size: -1
16:32:50.315 [main] DEBUG org.hibernate.cfg.Settings - Maximum outer join fetch depth: null
16:32:50.315 [main] DEBUG org.hibernate.cfg.Settings - Default null ordering: NONE
16:32:50.315 [main] DEBUG org.hibernate.cfg.Settings - Order SQL updates by primary key: disabled
16:32:50.315 [main] DEBUG org.hibernate.cfg.Settings - Order SQL inserts for batching: disabled
16:32:50.315 [main] DEBUG org.hibernate.cfg.Settings - multi-tenancy strategy : NONE
16:32:50.315 [main] DEBUG org.hibernate.cfg.Settings - JTA Track by Thread: enabled
16:32:50.315 [main] DEBUG org.hibernate.cfg.Settings - Query language substitutions: {}
16:32:50.315 [main] DEBUG org.hibernate.cfg.Settings - JPA query language strict compliance: disabled
16:32:50.316 [main] DEBUG org.hibernate.cfg.Settings - Named query checking : enabled
16:32:50.316 [main] DEBUG org.hibernate.cfg.Settings - Second-level cache: enabled
16:32:50.316 [main] DEBUG org.hibernate.cfg.Settings - Second-level query cache: disabled
16:32:50.316 [main] DEBUG org.hibernate.cfg.Settings - Second-level query cache factory: org.hibernate.cache.internal.StandardQueryCacheFactory@4204541c
16:32:50.316 [main] DEBUG org.hibernate.cfg.Settings - Second-level cache region prefix: null
16:32:50.316 [main] DEBUG org.hibernate.cfg.Settings - Optimize second-level cache for minimal puts: disabled
16:32:50.316 [main] DEBUG org.hibernate.cfg.Settings - Structured second-level cache entries: disabled
16:32:50.316 [main] DEBUG org.hibernate.cfg.Settings - Second-level cache direct-reference entries: disabled
16:32:50.316 [main] DEBUG org.hibernate.cfg.Settings - Automatic eviction of collection cache: disabled
16:32:50.316 [main] DEBUG org.hibernate.cfg.Settings - JDBC batch size: 15
16:32:50.316 [main] DEBUG org.hibernate.cfg.Settings - JDBC batch updates for versioned data: enabled
16:32:50.316 [main] DEBUG org.hibernate.cfg.Settings - Scrollable result sets: enabled
16:32:50.316 [main] DEBUG org.hibernate.cfg.Settings - Wrap result sets: disabled
16:32:50.316 [main] DEBUG org.hibernate.cfg.Settings - JDBC3 getGeneratedKeys(): enabled
16:32:50.316 [main] DEBUG org.hibernate.cfg.Settings - JDBC result set fetch size: null
16:32:50.316 [main] DEBUG org.hibernate.cfg.Settings - Connection release mode: ON_CLOSE
16:32:50.316 [main] DEBUG org.hibernate.cfg.Settings - Generate SQL with comments: disabled
16:32:50.317 [main] DEBUG org.hibernate.internal.SessionFactoryImpl - Session factory constructed with filter configurations : {}
16:32:50.317 [main] DEBUG org.hibernate.internal.SessionFactoryImpl - Instantiating session factory with properties: {sun.desktop=windows, hibernate.format_sql=true, awt.toolkit=sun.awt.windows.WToolkit, file.encoding.pkg=sun.io, java.specification.version=1.8, hibernate.connection.handling_mode=DELAYED_ACQUISITION_AND_HOLD, sun.cpu.isalist=amd64, sun.jnu.encoding=Cp1252, hibernate.dialect=org.hibernate.dialect.H2Dialect, java.class.path=H:\dtproject\shopingbackend\target\test-classes;H:\dtproject\shopingbackend\target\classes;C:\Users\mehboob Khan\.m2\repository\junit\junit\4.12\junit-4.12.jar;C:\Users\mehboob Khan\.m2\repository\org\hamcrest\hamcrest-core\1.3\hamcrest-core-1.3.jar;C:\Users\mehboob Khan\.m2\repository\org\springframework\spring-core\4.3.6.RELEASE\spring-core-4.3.6.RELEASE.jar;C:\Users\mehboob Khan\.m2\repository\org\springframework\spring-context\4.3.6.RELEASE\spring-context-4.3.6.RELEASE.jar;C:\Users\mehboob Khan\.m2\repository\org\springframework\spring-aop\4.3.6.RELEASE\spring-aop-4.3.6.RELEASE.jar;C:\Users\mehboob Khan\.m2\repository\org\springframework\spring-beans\4.3.6.RELEASE\spring-beans-4.3.6.RELEASE.jar;C:\Users\mehboob Khan\.m2\repository\org\springframework\spring-expression\4.3.6.RELEASE\spring-expression-4.3.6.RELEASE.jar;C:\Users\mehboob Khan\.m2\repository\org\springframework\spring-web\4.3.6.RELEASE\spring-web-4.3.6.RELEASE.jar;C:\Users\mehboob Khan\.m2\repository\org\springframework\spring-orm\4.3.6.RELEASE\spring-orm-4.3.6.RELEASE.jar;C:\Users\mehboob Khan\.m2\repository\org\springframework\spring-jdbc\4.3.6.RELEASE\spring-jdbc-4.3.6.RELEASE.jar;C:\Users\mehboob Khan\.m2\repository\org\springframework\spring-tx\4.3.6.RELEASE\spring-tx-4.3.6.RELEASE.jar;C:\Users\mehboob Khan\.m2\repository\com\h2database\h2\1.4.196\h2-1.4.196.jar;C:\Users\mehboob Khan\.m2\repository\org\hibernate\hibernate-core\5.2.7.Final\hibernate-core-5.2.7.Final.jar;C:\Users\mehboob Khan\.m2\repository\org\jboss\logging\jboss-logging\3.3.0.Final\jboss-logging-3.3.0.Final.jar;C:\Users\mehboob Khan\.m2\repository\org\hibernate\javax\persistence\hibernate-jpa-2.1-api\1.0.0.Final\hibernate-jpa-2.1-api-1.0.0.Final.jar;C:\Users\mehboob Khan\.m2\repository\org\javassist\javassist\3.20.0-GA\javassist-3.20.0-GA.jar;C:\Users\mehboob Khan\.m2\repository\antlr\antlr\2.7.7\antlr-2.7.7.jar;C:\Users\mehboob Khan\.m2\repository\org\apache\geronimo\specs\geronimo-jta_1.1_spec\1.1.1\geronimo-jta_1.1_spec-1.1.1.jar;C:\Users\mehboob Khan\.m2\repository\org\jboss\jandex\2.0.3.Final\jandex-2.0.3.Final.jar;C:\Users\mehboob Khan\.m2\repository\com\fasterxml\classmate\1.3.0\classmate-1.3.0.jar;C:\Users\mehboob Khan\.m2\repository\dom4j\dom4j\1.6.1\dom4j-1.6.1.jar;C:\Users\mehboob Khan\.m2\repository\org\hibernate\common\hibernate-commons-annotations\5.0.1.Final\hibernate-commons-annotations-5.0.1.Final.jar;C:\Users\mehboob Khan\.m2\repository\org\apache\commons\commons-dbcp2\2.1.1\commons-dbcp2-2.1.1.jar;C:\Users\mehboob Khan\.m2\repository\org\apache\commons\commons-pool2\2.4.2\commons-pool2-2.4.2.jar;C:\Users\mehboob Khan\.m2\repository\com\fasterxml\jackson\core\jackson-databind\2.8.7\jackson-databind-2.8.7.jar;C:\Users\mehboob Khan\.m2\repository\com\fasterxml\jackson\core\jackson-core\2.8.7\jackson-core-2.8.7.jar;C:\Users\mehboob Khan\.m2\repository\com\fasterxml\jackson\core\jackson-annotations\2.8.7\jackson-annotations-2.8.7.jar;C:\Users\mehboob Khan\.m2\repository\ch\qos\logback\logback-classic\1.2.1\logback-classic-1.2.1.jar;C:\Users\mehboob Khan\.m2\repository\ch\qos\logback\logback-core\1.2.1\logback-core-1.2.1.jar;C:\Users\mehboob Khan\.m2\repository\org\slf4j\slf4j-api\1.7.22\slf4j-api-1.7.22.jar;C:\Users\mehboob Khan\.m2\repository\org\slf4j\jcl-over-slf4j\1.7.24\jcl-over-slf4j-1.7.24.jar;C:\Users\mehboob Khan\.m2\repository\org\hibernate\hibernate-validator\5.4.1.Final\hibernate-validator-5.4.1.Final.jar;C:\Users\mehboob Khan\.m2\repository\javax\validation\validation-api\1.1.0.Final\validation-api-1.1.0.Final.jar;, java.vm.vendor=Oracle Corporation, sun.arch.data.model=64, user.variant=, java.vendor.url=http://java.oracle.com/, user.timezone=Asia/Calcutta, os.name=Windows 10, java.vm.specification.version=1.8, user.country=US, sun.java.launcher=SUN_STANDARD, sun.boot.library.path=C:\Program Files\Java\jdk1.8.0_121\jre\bin, sun.java.command=H:\dtproject\shopingbackend\target\surefire\surefirebooter8548834511282405986.jar H:\dtproject\shopingbackend\target\surefire\surefire2199121988317650438tmp H:\dtproject\shopingbackend\target\surefire\surefire_05677477004815122738tmp, surefire.test.class.path=H:\dtproject\shopingbackend\target\test-classes;H:\dtproject\shopingbackend\target\classes;C:\Users\mehboob Khan\.m2\repository\junit\junit\4.12\junit-4.12.jar;C:\Users\mehboob Khan\.m2\repository\org\hamcrest\hamcrest-core\1.3\hamcrest-core-1.3.jar;C:\Users\mehboob Khan\.m2\repository\org\springframework\spring-core\4.3.6.RELEASE\spring-core-4.3.6.RELEASE.jar;C:\Users\mehboob Khan\.m2\repository\org\springframework\spring-context\4.3.6.RELEASE\spring-context-4.3.6.RELEASE.jar;C:\Users\mehboob Khan\.m2\repository\org\springframework\spring-aop\4.3.6.RELEASE\spring-aop-4.3.6.RELEASE.jar;C:\Users\mehboob Khan\.m2\repository\org\springframework\spring-beans\4.3.6.RELEASE\spring-beans-4.3.6.RELEASE.jar;C:\Users\mehboob Khan\.m2\repository\org\springframework\spring-expression\4.3.6.RELEASE\spring-expression-4.3.6.RELEASE.jar;C:\Users\mehboob Khan\.m2\repository\org\springframework\spring-web\4.3.6.RELEASE\spring-web-4.3.6.RELEASE.jar;C:\Users\mehboob Khan\.m2\repository\org\springframework\spring-orm\4.3.6.RELEASE\spring-orm-4.3.6.RELEASE.jar;C:\Users\mehboob Khan\.m2\repository\org\springframework\spring-jdbc\4.3.6.RELEASE\spring-jdbc-4.3.6.RELEASE.jar;C:\Users\mehboob Khan\.m2\repository\org\springframework\spring-tx\4.3.6.RELEASE\spring-tx-4.3.6.RELEASE.jar;C:\Users\mehboob Khan\.m2\repository\com\h2database\h2\1.4.196\h2-1.4.196.jar;C:\Users\mehboob Khan\.m2\repository\org\hibernate\hibernate-core\5.2.7.Final\hibernate-core-5.2.7.Final.jar;C:\Users\mehboob Khan\.m2\repository\org\jboss\logging\jboss-logging\3.3.0.Final\jboss-logging-3.3.0.Final.jar;C:\Users\mehboob Khan\.m2\repository\org\hibernate\javax\persistence\hibernate-jpa-2.1-api\1.0.0.Final\hibernate-jpa-2.1-api-1.0.0.Final.jar;C:\Users\mehboob Khan\.m2\repository\org\javassist\javassist\3.20.0-GA\javassist-3.20.0-GA.jar;C:\Users\mehboob Khan\.m2\repository\antlr\antlr\2.7.7\antlr-2.7.7.jar;C:\Users\mehboob Khan\.m2\repository\org\apache\geronimo\specs\geronimo-jta_1.1_spec\1.1.1\geronimo-jta_1.1_spec-1.1.1.jar;C:\Users\mehboob Khan\.m2\repository\org\jboss\jandex\2.0.3.Final\jandex-2.0.3.Final.jar;C:\Users\mehboob Khan\.m2\repository\com\fasterxml\classmate\1.3.0\classmate-1.3.0.jar;C:\Users\mehboob Khan\.m2\repository\dom4j\dom4j\1.6.1\dom4j-1.6.1.jar;C:\Users\mehboob Khan\.m2\repository\org\hibernate\common\hibernate-commons-annotations\5.0.1.Final\hibernate-commons-annotations-5.0.1.Final.jar;C:\Users\mehboob Khan\.m2\repository\org\apache\commons\commons-dbcp2\2.1.1\commons-dbcp2-2.1.1.jar;C:\Users\mehboob Khan\.m2\repository\org\apache\commons\commons-pool2\2.4.2\commons-pool2-2.4.2.jar;C:\Users\mehboob Khan\.m2\repository\com\fasterxml\jackson\core\jackson-databind\2.8.7\jackson-databind-2.8.7.jar;C:\Users\mehboob Khan\.m2\repository\com\fasterxml\jackson\core\jackson-core\2.8.7\jackson-core-2.8.7.jar;C:\Users\mehboob Khan\.m2\repository\com\fasterxml\jackson\core\jackson-annotations\2.8.7\jackson-annotations-2.8.7.jar;C:\Users\mehboob Khan\.m2\repository\ch\qos\logback\logback-classic\1.2.1\logback-classic-1.2.1.jar;C:\Users\mehboob Khan\.m2\repository\ch\qos\logback\logback-core\1.2.1\logback-core-1.2.1.jar;C:\Users\mehboob Khan\.m2\repository\org\slf4j\slf4j-api\1.7.22\slf4j-api-1.7.22.jar;C:\Users\mehboob Khan\.m2\repository\org\slf4j\jcl-over-slf4j\1.7.24\jcl-over-slf4j-1.7.24.jar;C:\Users\mehboob Khan\.m2\repository\org\hibernate\hibernate-validator\5.4.1.Final\hibernate-validator-5.4.1.Final.jar;C:\Users\mehboob Khan\.m2\repository\javax\validation\validation-api\1.1.0.Final\validation-api-1.1.0.Final.jar;, sun.cpu.endian=little, user.home=C:\Users\mehboob Khan, user.language=en, java.specification.vendor=Oracle Corporation, java.home=C:\Program Files\Java\jdk1.8.0_121\jre, basedir=H:\dtproject\shopingbackend, file.separator=\, line.separator=
, java.vm.specification.vendor=Oracle Corporation, java.specification.name=Java Platform API Specification, java.awt.graphicsenv=sun.awt.Win32GraphicsEnvironment, surefire.real.class.path=H:\dtproject\shopingbackend\target\surefire\surefirebooter8548834511282405986.jar, sun.boot.class.path=C:\Program Files\Java\jdk1.8.0_121\jre\lib\resources.jar;C:\Program Files\Java\jdk1.8.0_121\jre\lib\rt.jar;C:\Program Files\Java\jdk1.8.0_121\jre\lib\sunrsasign.jar;C:\Program Files\Java\jdk1.8.0_121\jre\lib\jsse.jar;C:\Program Files\Java\jdk1.8.0_121\jre\lib\jce.jar;C:\Program Files\Java\jdk1.8.0_121\jre\lib\charsets.jar;C:\Program Files\Java\jdk1.8.0_121\jre\lib\jfr.jar;C:\Program Files\Java\jdk1.8.0_121\jre\classes, hibernate.hbm2ddl.auto=update, user.script=, sun.management.compiler=HotSpot 64-Bit Tiered Compilers, java.runtime.version=1.8.0_121-b13, user.name=mehboob Khan, path.separator=;, os.version=10.0, java.endorsed.dirs=C:\Program Files\Java\jdk1.8.0_121\jre\lib\endorsed, java.runtime.name=Java(TM) SE Runtime Environment, file.encoding=Cp1252, java.vm.name=Java HotSpot(TM) 64-Bit Server VM, hibernate.show_sql=true, hibernate.classLoaders=[sun.misc.Launcher$AppClassLoader@4aa298b7], hibernate.current_session_context_class=org.springframework.orm.hibernate5.SpringSessionContext, localRepository=C:\Users\mehboob Khan\.m2\repository, java.vendor.url.bug=http://bugreport.sun.com/bugreport/, java.io.tmpdir=C:\Users\MEHBOO~1\AppData\Local\Temp\, java.version=1.8.0_121, user.dir=H:\dtproject\shopingbackend, os.arch=amd64, java.vm.specification.name=Java Virtual Machine Specification, java.awt.printerjob=sun.awt.windows.WPrinterJob, sun.os.patch.level=, hibernate.boot.CfgXmlAccessService.key=org.hibernate.boot.cfgxml.spi.LoadedConfig@4d7aaca2, java.library.path=C:\Program Files\Java\jdk1.8.0_121\jre\bin;C:\WINDOWS\Sun\Java\bin;C:\WINDOWS\system32;C:\WINDOWS;C:/Program Files/Java/jdk1.8.0_121/bin/../jre/bin/server;C:/Program Files/Java/jdk1.8.0_121/bin/../jre/bin;C:/Program Files/Java/jdk1.8.0_121/bin/../jre/lib/amd64;C:\Program Files (x86)\Intel\iCLS Client\;C:\Program Files\Java\jdk1.8.0_121\bin;C:\ProgramData\Oracle\Java\javapath;C:\oraclexe\app\oracle\product\11.2.0\server\bin;C:\Program Files\Intel\iCLS Client\;C:\windows\system32;C:\windows;C:\windows\System32\Wbem;C:\windows\System32\WindowsPowerShell\v1.0\;C:\Program Files (x86)\NVIDIA Corporation\PhysX\Common;C:\WINDOWS\system32;C:\WINDOWS;C:\WINDOWS\System32\Wbem;C:\WINDOWS\System32\WindowsPowerShell\v1.0\;C:\Program Files (x86)\Java\jdk1.8.0_45\bin;C:\Program Files (x86)\Intel\Intel(R) Management Engine Components\DAL;C:\Program Files\Intel\Intel(R) Management Engine Components\DAL;C:\Program Files (x86)\Intel\Intel(R) Management Engine Components\IPT;C:\Program Files\Intel\Intel(R) Management Engine Components\IPT;C:\Program Files\Intel\WiFi\bin\;C:\Program Files\Common Files\Intel\WirelessCommon\;C:\Users\mehboob Khan\AppData\Local\Microsoft\WindowsApps;;H:\eclipse-jee-oxygen-R-win32-x86_64\eclipse;;., java.vm.info=mixed mode, java.vendor=Oracle Corporation, java.vm.version=25.121-b13, hibernate.bytecode.use_reflection_optimizer=false, hibernate.connection.datasource=org.apache.commons.dbcp2.BasicDataSource@627d8516, java.ext.dirs=C:\Program Files\Java\jdk1.8.0_121\jre\lib\ext;C:\WINDOWS\Sun\Java\lib\ext, sun.io.unicode.encoding=UnicodeLittle, java.class.version=52.0}
16:32:50.321 [main] DEBUG org.hibernate.validator.internal.engine.resolver.DefaultTraversableResolver - Found javax.persistence.Persistence on classpath containing &apos;getPersistenceUtil&apos;. Assuming JPA 2 environment. Trying to instantiate JPA aware TraversableResolver
16:32:50.321 [main] DEBUG org.hibernate.validator.internal.engine.resolver.DefaultTraversableResolver - Instantiated JPA aware TraversableResolver of type org.hibernate.validator.internal.engine.resolver.JPATraversableResolver.
16:32:50.321 [main] DEBUG org.hibernate.validator.internal.xml.ValidationXmlParser - Trying to load META-INF/validation.xml for XML based Validator configuration.
16:32:50.321 [main] DEBUG org.hibernate.validator.internal.xml.ResourceLoaderHelper - Trying to load META-INF/validation.xml via TCCL
16:32:50.322 [main] DEBUG org.hibernate.validator.internal.xml.ResourceLoaderHelper - Trying to load META-INF/validation.xml via Hibernate Validator&apos;s class loader
16:32:50.322 [main] DEBUG org.hibernate.validator.internal.xml.ValidationXmlParser - No META-INF/validation.xml found. Using annotation based configuration only.
16:32:50.323 [main] DEBUG org.hibernate.cfg.beanvalidation.TypeSafeActivator - Unable to acquire Bean Validation ValidatorFactory, skipping activation
16:32:50.323 [main] DEBUG org.hibernate.secure.spi.JaccIntegrator - Skipping JACC integration as it was not enabled
16:32:50.323 [main] DEBUG org.hibernate.internal.SessionFactoryImpl - Instantiated session factory
16:32:50.323 [main] DEBUG org.hibernate.boot.internal.ClassLoaderAccessImpl - Not known whether passed class name [com.shoppingbackend.model.OrderDetail] is safe
16:32:50.323 [main] DEBUG org.hibernate.boot.internal.ClassLoaderAccessImpl - No temp ClassLoader provided; using live ClassLoader for loading potentially unsafe class : com.shoppingbackend.model.OrderDetail
16:32:50.323 [main] DEBUG org.hibernate.boot.internal.ClassLoaderAccessImpl - Not known whether passed class name [com.shoppingbackend.model.OrderDetail] is safe
16:32:50.323 [main] DEBUG org.hibernate.boot.internal.ClassLoaderAccessImpl - No temp ClassLoader provided; using live ClassLoader for loading potentially unsafe class : com.shoppingbackend.model.OrderDetail
16:32:50.325 [main] DEBUG org.hibernate.boot.internal.ClassLoaderAccessImpl - Not known whether passed class name [com.shoppingbackend.model.CartLine] is safe
16:32:50.325 [main] DEBUG org.hibernate.boot.internal.ClassLoaderAccessImpl - No temp ClassLoader provided; using live ClassLoader for loading potentially unsafe class : com.shoppingbackend.model.CartLine
16:32:50.325 [main] DEBUG org.hibernate.boot.internal.ClassLoaderAccessImpl - Not known whether passed class name [com.shoppingbackend.model.CartLine] is safe
16:32:50.325 [main] DEBUG org.hibernate.boot.internal.ClassLoaderAccessImpl - No temp ClassLoader provided; using live ClassLoader for loading potentially unsafe class : com.shoppingbackend.model.CartLine
16:32:50.326 [main] DEBUG org.hibernate.boot.internal.ClassLoaderAccessImpl - Not known whether passed class name [com.shoppingbackend.model.OrderItem] is safe
16:32:50.327 [main] DEBUG org.hibernate.boot.internal.ClassLoaderAccessImpl - No temp ClassLoader provided; using live ClassLoader for loading potentially unsafe class : com.shoppingbackend.model.OrderItem
16:32:50.327 [main] DEBUG org.hibernate.boot.internal.ClassLoaderAccessImpl - Not known whether passed class name [com.shoppingbackend.model.OrderItem] is safe
16:32:50.327 [main] DEBUG org.hibernate.boot.internal.ClassLoaderAccessImpl - No temp ClassLoader provided; using live ClassLoader for loading potentially unsafe class : com.shoppingbackend.model.OrderItem
16:32:50.328 [main] DEBUG org.hibernate.boot.internal.ClassLoaderAccessImpl - Not known whether passed class name [com.shoppingbackend.model.Supplier] is safe
16:32:50.328 [main] DEBUG org.hibernate.boot.internal.ClassLoaderAccessImpl - No temp ClassLoader provided; using live ClassLoader for loading potentially unsafe class : com.shoppingbackend.model.Supplier
16:32:50.328 [main] DEBUG org.hibernate.boot.internal.ClassLoaderAccessImpl - Not known whether passed class name [com.shoppingbackend.model.Supplier] is safe
16:32:50.329 [main] DEBUG org.hibernate.boot.internal.ClassLoaderAccessImpl - No temp ClassLoader provided; using live ClassLoader for loading potentially unsafe class : com.shoppingbackend.model.Supplier
16:32:50.330 [main] DEBUG org.hibernate.boot.internal.ClassLoaderAccessImpl - Not known whether passed class name [com.shoppingbackend.model.User] is safe
16:32:50.330 [main] DEBUG org.hibernate.boot.internal.ClassLoaderAccessImpl - No temp ClassLoader provided; using live ClassLoader for loading potentially unsafe class : com.shoppingbackend.model.User
16:32:50.330 [main] DEBUG org.hibernate.boot.internal.ClassLoaderAccessImpl - Not known whether passed class name [com.shoppingbackend.model.User] is safe
16:32:50.330 [main] DEBUG org.hibernate.boot.internal.ClassLoaderAccessImpl - No temp ClassLoader provided; using live ClassLoader for loading potentially unsafe class : com.shoppingbackend.model.User
16:32:50.331 [main] DEBUG org.hibernate.boot.internal.ClassLoaderAccessImpl - Not known whether passed class name [com.shoppingbackend.model.Cart] is safe
16:32:50.332 [main] DEBUG org.hibernate.boot.internal.ClassLoaderAccessImpl - No temp ClassLoader provided; using live ClassLoader for loading potentially unsafe class : com.shoppingbackend.model.Cart
16:32:50.332 [main] DEBUG org.hibernate.boot.internal.ClassLoaderAccessImpl - Not known whether passed class name [com.shoppingbackend.model.Cart] is safe
16:32:50.332 [main] DEBUG org.hibernate.boot.internal.ClassLoaderAccessImpl - No temp ClassLoader provided; using live ClassLoader for loading potentially unsafe class : com.shoppingbackend.model.Cart
16:32:50.333 [main] DEBUG org.hibernate.boot.internal.ClassLoaderAccessImpl - Not known whether passed class name [com.shoppingbackend.model.Category] is safe
16:32:50.333 [main] DEBUG org.hibernate.boot.internal.ClassLoaderAccessImpl - No temp ClassLoader provided; using live ClassLoader for loading potentially unsafe class : com.shoppingbackend.model.Category
16:32:50.334 [main] DEBUG org.hibernate.boot.internal.ClassLoaderAccessImpl - Not known whether passed class name [com.shoppingbackend.model.Category] is safe
16:32:50.334 [main] DEBUG org.hibernate.boot.internal.ClassLoaderAccessImpl - No temp ClassLoader provided; using live ClassLoader for loading potentially unsafe class : com.shoppingbackend.model.Category
16:32:50.342 [main] DEBUG org.hibernate.boot.internal.ClassLoaderAccessImpl - Not known whether passed class name [com.shoppingbackend.model.Address] is safe
16:32:50.342 [main] DEBUG org.hibernate.boot.internal.ClassLoaderAccessImpl - No temp ClassLoader provided; using live ClassLoader for loading potentially unsafe class : com.shoppingbackend.model.Address
16:32:50.342 [main] DEBUG org.hibernate.boot.internal.ClassLoaderAccessImpl - Not known whether passed class name [com.shoppingbackend.model.Address] is safe
16:32:50.343 [main] DEBUG org.hibernate.boot.internal.ClassLoaderAccessImpl - No temp ClassLoader provided; using live ClassLoader for loading potentially unsafe class : com.shoppingbackend.model.Address
16:32:50.348 [main] DEBUG org.hibernate.boot.internal.ClassLoaderAccessImpl - Not known whether passed class name [com.shoppingbackend.model.Product] is safe
16:32:50.349 [main] DEBUG org.hibernate.boot.internal.ClassLoaderAccessImpl - No temp ClassLoader provided; using live ClassLoader for loading potentially unsafe class : com.shoppingbackend.model.Product
16:32:50.350 [main] DEBUG org.hibernate.boot.internal.ClassLoaderAccessImpl - Not known whether passed class name [com.shoppingbackend.model.Product] is safe
16:32:50.351 [main] DEBUG org.hibernate.boot.internal.ClassLoaderAccessImpl - No temp ClassLoader provided; using live ClassLoader for loading potentially unsafe class : com.shoppingbackend.model.Product
16:32:50.354 [main] DEBUG org.hibernate.persister.collection.AbstractCollectionPersister - Static SQL for collection: com.shoppingbackend.model.OrderDetail.orderItems
16:32:50.354 [main] DEBUG org.hibernate.persister.collection.AbstractCollectionPersister -  Row insert: update order_item set order_id=? where id=?
16:32:50.354 [main] DEBUG org.hibernate.persister.collection.AbstractCollectionPersister -  Row update: update order_item set  where id=?
16:32:50.354 [main] DEBUG org.hibernate.persister.collection.AbstractCollectionPersister -  Row delete: update order_item set order_id=null where order_id=? and id=?
16:32:50.354 [main] DEBUG org.hibernate.persister.collection.AbstractCollectionPersister -  One-shot delete: update order_item set order_id=null where order_id=?
16:32:50.355 [main] DEBUG org.hibernate.persister.entity.AbstractEntityPersister - Static SQL for entity: com.shoppingbackend.model.OrderDetail
16:32:50.355 [main] DEBUG org.hibernate.persister.entity.AbstractEntityPersister -  Version select: select id from order_detail where id =?
16:32:50.355 [main] DEBUG org.hibernate.persister.entity.AbstractEntityPersister -  Snapshot select: select orderdetai_.id, orderdetai_.billing_id as billing_5_4_, orderdetai_.order_count as order_co2_4_, orderdetai_.order_date as order_da3_4_, orderdetai_.order_total as order_to4_4_, orderdetai_.shipping_id as shipping6_4_, orderdetai_.user_id as user_id7_4_ from order_detail orderdetai_ where orderdetai_.id=?
16:32:50.355 [main] DEBUG org.hibernate.persister.entity.AbstractEntityPersister -  Insert 0: insert into order_detail (billing_id, order_count, order_date, order_total, shipping_id, user_id, id) values (?, ?, ?, ?, ?, ?, ?)
16:32:50.355 [main] DEBUG org.hibernate.persister.entity.AbstractEntityPersister -  Update 0: update order_detail set billing_id=?, order_count=?, order_date=?, order_total=?, shipping_id=?, user_id=? where id=?
16:32:50.355 [main] DEBUG org.hibernate.persister.entity.AbstractEntityPersister -  Delete 0: delete from order_detail where id=?
16:32:50.356 [main] DEBUG org.hibernate.persister.entity.AbstractEntityPersister -  Identity insert: insert into order_detail (id, billing_id, order_count, order_date, order_total, shipping_id, user_id) values (null, ?, ?, ?, ?, ?, ?)
16:32:50.356 [main] DEBUG org.hibernate.loader.plan.build.internal.spaces.QuerySpacesImpl - Adding QuerySpace : uid = &lt;gen:0&gt; -&gt; org.hibernate.loader.plan.build.internal.spaces.EntityQuerySpaceImpl@7a1f8def]
16:32:50.356 [main] DEBUG org.hibernate.persister.walking.spi.MetamodelGraphWalker - Visiting attribute path : billing
16:32:50.356 [main] DEBUG org.hibernate.loader.plan.build.internal.spaces.QuerySpacesImpl - Adding QuerySpace : uid = &lt;gen:1&gt; -&gt; org.hibernate.loader.plan.build.internal.spaces.EntityQuerySpaceImpl@5e8c34a0]
16:32:50.356 [main] DEBUG org.hibernate.persister.walking.spi.MetamodelGraphWalker - Visiting attribute path : billing.addressLineOne
16:32:50.356 [main] DEBUG org.hibernate.persister.walking.spi.MetamodelGraphWalker - Visiting attribute path : billing.addressLineTwo
16:32:50.357 [main] DEBUG org.hibernate.persister.walking.spi.MetamodelGraphWalker - Visiting attribute path : billing.billing
16:32:50.357 [main] DEBUG org.hibernate.persister.walking.spi.MetamodelGraphWalker - Visiting attribute path : billing.city
16:32:50.357 [main] DEBUG org.hibernate.persister.walking.spi.MetamodelGraphWalker - Visiting attribute path : billing.country
16:32:50.357 [main] DEBUG org.hibernate.persister.walking.spi.MetamodelGraphWalker - Visiting attribute path : billing.postalCode
16:32:50.357 [main] DEBUG org.hibernate.persister.walking.spi.MetamodelGraphWalker - Visiting attribute path : billing.shipping
16:32:50.357 [main] DEBUG org.hibernate.persister.walking.spi.MetamodelGraphWalker - Visiting attribute path : billing.state
16:32:50.357 [main] DEBUG org.hibernate.persister.walking.spi.MetamodelGraphWalker - Visiting attribute path : billing.userId
16:32:50.357 [main] DEBUG org.hibernate.persister.walking.spi.MetamodelGraphWalker - Visiting attribute path : orderCount
16:32:50.357 [main] DEBUG org.hibernate.persister.walking.spi.MetamodelGraphWalker - Visiting attribute path : orderDate
16:32:50.358 [main] DEBUG org.hibernate.persister.walking.spi.MetamodelGraphWalker - Visiting attribute path : orderItems
16:32:50.358 [main] DEBUG org.hibernate.loader.plan.build.internal.spaces.QuerySpacesImpl - Adding QuerySpace : uid = &lt;gen:2&gt; -&gt; org.hibernate.loader.plan.build.internal.spaces.CollectionQuerySpaceImpl@7aead3af]
16:32:50.358 [main] DEBUG org.hibernate.loader.plan.build.internal.spaces.QuerySpacesImpl - Adding QuerySpace : uid = &lt;gen:3&gt; -&gt; org.hibernate.loader.plan.build.internal.spaces.EntityQuerySpaceImpl@3ac8cf9b]
16:32:50.358 [main] DEBUG org.hibernate.persister.walking.spi.MetamodelGraphWalker - Visiting attribute path : orderItems.buyingPrice
16:32:50.358 [main] DEBUG org.hibernate.persister.walking.spi.MetamodelGraphWalker - Visiting attribute path : orderItems.orderDetail
16:32:50.358 [main] DEBUG org.hibernate.persister.walking.spi.MetamodelGraphWalker - Property path deemed to be circular : orderItems.orderDetail
16:32:50.359 [main] DEBUG org.hibernate.persister.walking.spi.MetamodelGraphWalker - Visiting attribute path : orderItems.product
16:32:50.359 [main] DEBUG org.hibernate.loader.plan.build.internal.spaces.QuerySpacesImpl - Adding QuerySpace : uid = &lt;gen:4&gt; -&gt; org.hibernate.loader.plan.build.internal.spaces.EntityQuerySpaceImpl@37ce3644]
16:32:50.360 [main] DEBUG org.hibernate.persister.walking.spi.MetamodelGraphWalker - Visiting attribute path : orderItems.product.active
16:32:50.360 [main] DEBUG org.hibernate.persister.walking.spi.MetamodelGraphWalker - Visiting attribute path : orderItems.product.brand
16:32:50.360 [main] DEBUG org.hibernate.persister.walking.spi.MetamodelGraphWalker - Visiting attribute path : orderItems.product.categoryId
16:32:50.360 [main] DEBUG org.hibernate.persister.walking.spi.MetamodelGraphWalker - Visiting attribute path : orderItems.product.code
16:32:50.360 [main] DEBUG org.hibernate.persister.walking.spi.MetamodelGraphWalker - Visiting attribute path : orderItems.product.description
16:32:50.360 [main] DEBUG org.hibernate.persister.walking.spi.MetamodelGraphWalker - Visiting attribute path : orderItems.product.name
16:32:50.361 [main] DEBUG org.hibernate.persister.walking.spi.MetamodelGraphWalker - Visiting attribute path : orderItems.product.purchases
16:32:50.364 [main] DEBUG org.hibernate.persister.walking.spi.MetamodelGraphWalker - Visiting attribute path : orderItems.product.quantity
16:32:50.364 [main] DEBUG org.hibernate.persister.walking.spi.MetamodelGraphWalker - Visiting attribute path : orderItems.product.supplierId
16:32:50.364 [main] DEBUG org.hibernate.persister.walking.spi.MetamodelGraphWalker - Visiting attribute path : orderItems.product.unitPrice
16:32:50.364 [main] DEBUG org.hibernate.persister.walking.spi.MetamodelGraphWalker - Visiting attribute path : orderItems.product.views
16:32:50.365 [main] DEBUG org.hibernate.persister.walking.spi.MetamodelGraphWalker - Visiting attribute path : orderItems.productCount
16:32:50.365 [main] DEBUG org.hibernate.persister.walking.spi.MetamodelGraphWalker - Visiting attribute path : orderItems.total
16:32:50.365 [main] DEBUG org.hibernate.persister.walking.spi.MetamodelGraphWalker - Visiting attribute path : orderTotal
16:32:50.365 [main] DEBUG org.hibernate.persister.walking.spi.MetamodelGraphWalker - Visiting attribute path : shipping
16:32:50.366 [main] DEBUG org.hibernate.loader.plan.build.internal.spaces.QuerySpacesImpl - Adding QuerySpace : uid = &lt;gen:5&gt; -&gt; org.hibernate.loader.plan.build.internal.spaces.EntityQuerySpaceImpl@38018b62]
16:32:50.366 [main] DEBUG org.hibernate.persister.walking.spi.MetamodelGraphWalker - Visiting attribute path : shipping.addressLineOne
16:32:50.366 [main] DEBUG org.hibernate.persister.walking.spi.MetamodelGraphWalker - Visiting attribute path : shipping.addressLineTwo
16:32:50.366 [main] DEBUG org.hibernate.persister.walking.spi.MetamodelGraphWalker - Visiting attribute path : shipping.billing
16:32:50.366 [main] DEBUG org.hibernate.persister.walking.spi.MetamodelGraphWalker - Visiting attribute path : shipping.city
16:32:50.366 [main] DEBUG org.hibernate.persister.walking.spi.MetamodelGraphWalker - Visiting attribute path : shipping.country
16:32:50.366 [main] DEBUG org.hibernate.persister.walking.spi.MetamodelGraphWalker - Visiting attribute path : shipping.postalCode
16:32:50.366 [main] DEBUG org.hibernate.persister.walking.spi.MetamodelGraphWalker - Visiting attribute path : shipping.shipping
16:32:50.366 [main] DEBUG org.hibernate.persister.walking.spi.MetamodelGraphWalker - Visiting attribute path : shipping.state
16:32:50.366 [main] DEBUG org.hibernate.persister.walking.spi.MetamodelGraphWalker - Visiting attribute path : shipping.userId
16:32:50.366 [main] DEBUG org.hibernate.persister.walking.spi.MetamodelGraphWalker - Visiting attribute path : user
16:32:50.367 [main] DEBUG org.hibernate.loader.plan.build.internal.spaces.QuerySpacesImpl - Adding QuerySpace : uid = &lt;gen:6&gt; -&gt; org.hibernate.loader.plan.build.internal.spaces.EntityQuerySpaceImpl@4ad3d266]
16:32:50.367 [main] DEBUG org.hibernate.persister.walking.spi.MetamodelGraphWalker - Visiting attribute path : user.contactNumber
16:32:50.368 [main] DEBUG org.hibernate.persister.walking.spi.MetamodelGraphWalker - Visiting attribute path : user.email
16:32:50.368 [main] DEBUG org.hibernate.persister.walking.spi.MetamodelGraphWalker - Visiting attribute path : user.enabled
16:32:50.368 [main] DEBUG org.hibernate.persister.walking.spi.MetamodelGraphWalker - Visiting attribute path : user.firstName
16:32:50.368 [main] DEBUG org.hibernate.persister.walking.spi.MetamodelGraphWalker - Visiting attribute path : user.lastName
16:32:50.370 [main] DEBUG org.hibernate.persister.walking.spi.MetamodelGraphWalker - Visiting attribute path : user.password
16:32:50.370 [main] DEBUG org.hibernate.persister.walking.spi.MetamodelGraphWalker - Visiting attribute path : user.role
16:32:50.370 [main] DEBUG org.hibernate.persister.walking.spi.MetamodelGraphWalker - Visiting attribute path : user.cart
16:32:50.370 [main] DEBUG org.hibernate.loader.plan.build.internal.spaces.QuerySpacesImpl - Adding QuerySpace : uid = &lt;gen:7&gt; -&gt; org.hibernate.loader.plan.build.internal.spaces.EntityQuerySpaceImpl@15d0849]
16:32:50.370 [main] DEBUG org.hibernate.persister.walking.spi.MetamodelGraphWalker - Visiting attribute path : user.cart.cartLines
16:32:50.370 [main] DEBUG org.hibernate.persister.walking.spi.MetamodelGraphWalker - Visiting attribute path : user.cart.grandTotal
16:32:50.375 [main] DEBUG org.hibernate.persister.walking.spi.MetamodelGraphWalker - Visiting attribute path : user.cart.user
16:32:50.375 [main] DEBUG org.hibernate.persister.walking.spi.MetamodelGraphWalker - Property path deemed to be circular : user.cart.user
16:32:50.375 [main] DEBUG org.hibernate.loader.plan.build.internal.FetchStyleLoadPlanBuildingAssociationVisitationStrategy - Building LoadPlan...
16:32:50.376 [main] DEBUG org.hibernate.loader.plan.exec.internal.LoadQueryJoinAndFetchProcessor - processing queryspace &lt;gen:0&gt;
16:32:50.377 [main] DEBUG org.hibernate.loader.plan.build.spi.LoadPlanTreePrinter - LoadPlan(entity=com.shoppingbackend.model.OrderDetail)
    - Returns
       - EntityReturnImpl(entity=com.shoppingbackend.model.OrderDetail, querySpaceUid=&lt;gen:0&gt;, path=com.shoppingbackend.model.OrderDetail)
          - EntityAttributeFetchImpl(entity=com.shoppingbackend.model.Address, querySpaceUid=&lt;gen:1&gt;, path=com.shoppingbackend.model.OrderDetail.billing)
          - CollectionAttributeFetchImpl(collection=com.shoppingbackend.model.OrderDetail.orderItems, querySpaceUid=&lt;gen:2&gt;, path=com.shoppingbackend.model.OrderDetail.orderItems)
             - (collection element) CollectionFetchableElementEntityGraph(entity=com.shoppingbackend.model.OrderItem, querySpaceUid=&lt;gen:3&gt;, path=com.shoppingbackend.model.OrderDetail.orderItems.&lt;elements&gt;)
                - EntityAttributeFetchImpl(entity=com.shoppingbackend.model.Product, querySpaceUid=&lt;gen:4&gt;, path=com.shoppingbackend.model.OrderDetail.orderItems.&lt;elements&gt;.product)
          - EntityAttributeFetchImpl(entity=com.shoppingbackend.model.Address, querySpaceUid=&lt;gen:5&gt;, path=com.shoppingbackend.model.OrderDetail.shipping)
          - EntityAttributeFetchImpl(entity=com.shoppingbackend.model.User, querySpaceUid=&lt;gen:6&gt;, path=com.shoppingbackend.model.OrderDetail.user)
             - EntityAttributeFetchImpl(entity=com.shoppingbackend.model.Cart, querySpaceUid=&lt;gen:7&gt;, path=com.shoppingbackend.model.OrderDetail.user.cart)
    - QuerySpaces
       - EntityQuerySpaceImpl(uid=&lt;gen:0&gt;, entity=com.shoppingbackend.model.OrderDetail)
          - SQL table alias mapping - orderdetai0_
          - alias suffix - 0_
          - suffixed key columns - {id1_4_0_}
          - JOIN (JoinDefinedByMetadata(billing)) : &lt;gen:0&gt; -&gt; &lt;gen:1&gt;
             - EntityQuerySpaceImpl(uid=&lt;gen:1&gt;, entity=com.shoppingbackend.model.Address)
                - SQL table alias mapping - address1_
                - alias suffix - 1_
                - suffixed key columns - {id1_0_1_}
          - JOIN (JoinDefinedByMetadata(orderItems)) : &lt;gen:0&gt; -&gt; &lt;gen:2&gt;
             - CollectionQuerySpaceImpl(uid=&lt;gen:2&gt;, collection=com.shoppingbackend.model.OrderDetail.orderItems)
                - SQL table alias mapping - orderitems2_
                - alias suffix - 2_
                - suffixed key columns - {order_id5_5_2_}
                - entity-element alias suffix - 3_
                - 3_entity-element suffixed key columns - id1_5_3_
                - JOIN (JoinDefinedByMetadata(elements)) : &lt;gen:2&gt; -&gt; &lt;gen:3&gt;
                   - EntityQuerySpaceImpl(uid=&lt;gen:3&gt;, entity=com.shoppingbackend.model.OrderItem)
                      - SQL table alias mapping - orderitems2_
                      - alias suffix - 3_
                      - suffixed key columns - {id1_5_3_}
                      - JOIN (JoinDefinedByMetadata(product)) : &lt;gen:3&gt; -&gt; &lt;gen:4&gt;
                         - EntityQuerySpaceImpl(uid=&lt;gen:4&gt;, entity=com.shoppingbackend.model.Product)
                            - SQL table alias mapping - product3_
                            - alias suffix - 4_
                            - suffixed key columns - {id1_6_4_}
          - JOIN (JoinDefinedByMetadata(shipping)) : &lt;gen:0&gt; -&gt; &lt;gen:5&gt;
             - EntityQuerySpaceImpl(uid=&lt;gen:5&gt;, entity=com.shoppingbackend.model.Address)
                - SQL table alias mapping - address4_
                - alias suffix - 5_
                - suffixed key columns - {id1_0_5_}
          - JOIN (JoinDefinedByMetadata(user)) : &lt;gen:0&gt; -&gt; &lt;gen:6&gt;
             - EntityQuerySpaceImpl(uid=&lt;gen:6&gt;, entity=com.shoppingbackend.model.User)
                - SQL table alias mapping - user5_
                - alias suffix - 6_
                - suffixed key columns - {id1_8_6_}
                - JOIN (JoinDefinedByMetadata(cart)) : &lt;gen:6&gt; -&gt; &lt;gen:7&gt;
                   - EntityQuerySpaceImpl(uid=&lt;gen:7&gt;, entity=com.shoppingbackend.model.Cart)
                      - SQL table alias mapping - cart6_
                      - alias suffix - 7_
                      - suffixed key columns - {id1_1_7_}

16:32:50.377 [main] DEBUG org.hibernate.loader.entity.plan.EntityLoader - Static select for entity com.shoppingbackend.model.OrderDetail [NONE]: select orderdetai0_.id as id1_4_0_, orderdetai0_.billing_id as billing_5_4_0_, orderdetai0_.order_count as order_co2_4_0_, orderdetai0_.order_date as order_da3_4_0_, orderdetai0_.order_total as order_to4_4_0_, orderdetai0_.shipping_id as shipping6_4_0_, orderdetai0_.user_id as user_id7_4_0_, address1_.id as id1_0_1_, address1_.address_line_one as address_2_0_1_, address1_.address_line_two as address_3_0_1_, address1_.is_billing as is_billi4_0_1_, address1_.city as city5_0_1_, address1_.country as country6_0_1_, address1_.postal_code as postal_c7_0_1_, address1_.is_shipping as is_shipp8_0_1_, address1_.state as state9_0_1_, address1_.user_id as user_id10_0_1_, orderitems2_.order_id as order_id5_5_2_, orderitems2_.id as id1_5_2_, orderitems2_.id as id1_5_3_, orderitems2_.buying_price as buying_p2_5_3_, orderitems2_.order_id as order_id5_5_3_, orderitems2_.product_id as product_6_5_3_, orderitems2_.product_count as product_3_5_3_, orderitems2_.total as total4_5_3_, product3_.id as id1_6_4_, product3_.is_active as is_activ2_6_4_, product3_.brand as brand3_6_4_, product3_.category_id as category4_6_4_, product3_.code as code5_6_4_, product3_.description as descript6_6_4_, product3_.name as name7_6_4_, product3_.purchases as purchase8_6_4_, product3_.quantity as quantity9_6_4_, product3_.supplier_id as supplie10_6_4_, product3_.unit_price as unit_pr11_6_4_, product3_.views as views12_6_4_, address4_.id as id1_0_5_, address4_.address_line_one as address_2_0_5_, address4_.address_line_two as address_3_0_5_, address4_.is_billing as is_billi4_0_5_, address4_.city as city5_0_5_, address4_.country as country6_0_5_, address4_.postal_code as postal_c7_0_5_, address4_.is_shipping as is_shipp8_0_5_, address4_.state as state9_0_5_, address4_.user_id as user_id10_0_5_, user5_.id as id1_8_6_, user5_.contact_number as contact_2_8_6_, user5_.email as email3_8_6_, user5_.enabled as enabled4_8_6_, user5_.first_name as first_na5_8_6_, user5_.last_name as last_nam6_8_6_, user5_.password as password7_8_6_, user5_.role as role8_8_6_, cart6_.id as id1_1_7_, cart6_.cart_lines as cart_lin2_1_7_, cart6_.grand_total as grand_to3_1_7_, cart6_.user_id as user_id4_1_7_ from order_detail orderdetai0_ left outer join Address address1_ on orderdetai0_.billing_id=address1_.id left outer join order_item orderitems2_ on orderdetai0_.id=orderitems2_.order_id left outer join Product product3_ on orderitems2_.product_id=product3_.id left outer join Address address4_ on orderdetai0_.shipping_id=address4_.id left outer join user_detail user5_ on orderdetai0_.user_id=user5_.id left outer join Cart cart6_ on user5_.id=cart6_.user_id where orderdetai0_.id=?
16:32:50.377 [main] DEBUG org.hibernate.loader.plan.build.internal.spaces.QuerySpacesImpl - Adding QuerySpace : uid = &lt;gen:0&gt; -&gt; org.hibernate.loader.plan.build.internal.spaces.EntityQuerySpaceImpl@14ac77b9]
16:32:50.378 [main] DEBUG org.hibernate.persister.walking.spi.MetamodelGraphWalker - Visiting attribute path : billing
16:32:50.378 [main] DEBUG org.hibernate.loader.plan.build.internal.spaces.QuerySpacesImpl - Adding QuerySpace : uid = &lt;gen:1&gt; -&gt; org.hibernate.loader.plan.build.internal.spaces.EntityQuerySpaceImpl@563a89b5]
16:32:50.378 [main] DEBUG org.hibernate.persister.walking.spi.MetamodelGraphWalker - Visiting attribute path : billing.addressLineOne
16:32:50.380 [main] DEBUG org.hibernate.persister.walking.spi.MetamodelGraphWalker - Visiting attribute path : billing.addressLineTwo
16:32:50.380 [main] DEBUG org.hibernate.persister.walking.spi.MetamodelGraphWalker - Visiting attribute path : billing.billing
16:32:50.380 [main] DEBUG org.hibernate.persister.walking.spi.MetamodelGraphWalker - Visiting attribute path : billing.city
16:32:50.380 [main] DEBUG org.hibernate.persister.walking.spi.MetamodelGraphWalker - Visiting attribute path : billing.country
16:32:50.380 [main] DEBUG org.hibernate.persister.walking.spi.MetamodelGraphWalker - Visiting attribute path : billing.postalCode
16:32:50.380 [main] DEBUG org.hibernate.persister.walking.spi.MetamodelGraphWalker - Visiting attribute path : billing.shipping
16:32:50.380 [main] DEBUG org.hibernate.persister.walking.spi.MetamodelGraphWalker - Visiting attribute path : billing.state
16:32:50.380 [main] DEBUG org.hibernate.persister.walking.spi.MetamodelGraphWalker - Visiting attribute path : billing.userId
16:32:50.380 [main] DEBUG org.hibernate.persister.walking.spi.MetamodelGraphWalker - Visiting attribute path : orderCount
16:32:50.381 [main] DEBUG org.hibernate.persister.walking.spi.MetamodelGraphWalker - Visiting attribute path : orderDate
16:32:50.381 [main] DEBUG org.hibernate.persister.walking.spi.MetamodelGraphWalker - Visiting attribute path : orderItems
16:32:50.381 [main] DEBUG org.hibernate.loader.plan.build.internal.spaces.QuerySpacesImpl - Adding QuerySpace : uid = &lt;gen:2&gt; -&gt; org.hibernate.loader.plan.build.internal.spaces.CollectionQuerySpaceImpl@270b6b5e]
16:32:50.381 [main] DEBUG org.hibernate.loader.plan.build.internal.spaces.QuerySpacesImpl - Adding QuerySpace : uid = &lt;gen:3&gt; -&gt; org.hibernate.loader.plan.build.internal.spaces.EntityQuerySpaceImpl@7e94d093]
16:32:50.381 [main] DEBUG org.hibernate.persister.walking.spi.MetamodelGraphWalker - Visiting attribute path : orderItems.buyingPrice
16:32:50.381 [main] DEBUG org.hibernate.persister.walking.spi.MetamodelGraphWalker - Visiting attribute path : orderItems.orderDetail
16:32:50.381 [main] DEBUG org.hibernate.persister.walking.spi.MetamodelGraphWalker - Property path deemed to be circular : orderItems.orderDetail
16:32:50.382 [main] DEBUG org.hibernate.persister.walking.spi.MetamodelGraphWalker - Visiting attribute path : orderItems.product
16:32:50.382 [main] DEBUG org.hibernate.loader.plan.build.internal.spaces.QuerySpacesImpl - Adding QuerySpace : uid = &lt;gen:4&gt; -&gt; org.hibernate.loader.plan.build.internal.spaces.EntityQuerySpaceImpl@3e6534e7]
16:32:50.382 [main] DEBUG org.hibernate.persister.walking.spi.MetamodelGraphWalker - Visiting attribute path : orderItems.product.active
16:32:50.382 [main] DEBUG org.hibernate.persister.walking.spi.MetamodelGraphWalker - Visiting attribute path : orderItems.product.brand
16:32:50.382 [main] DEBUG org.hibernate.persister.walking.spi.MetamodelGraphWalker - Visiting attribute path : orderItems.product.categoryId
16:32:50.382 [main] DEBUG org.hibernate.persister.walking.spi.MetamodelGraphWalker - Visiting attribute path : orderItems.product.code
16:32:50.382 [main] DEBUG org.hibernate.persister.walking.spi.MetamodelGraphWalker - Visiting attribute path : orderItems.product.description
16:32:50.382 [main] DEBUG org.hibernate.persister.walking.spi.MetamodelGraphWalker - Visiting attribute path : orderItems.product.name
16:32:50.382 [main] DEBUG org.hibernate.persister.walking.spi.MetamodelGraphWalker - Visiting attribute path : orderItems.product.purchases
16:32:50.382 [main] DEBUG org.hibernate.persister.walking.spi.MetamodelGraphWalker - Visiting attribute path : orderItems.product.quantity
16:32:50.383 [main] DEBUG org.hibernate.persister.walking.spi.MetamodelGraphWalker - Visiting attribute path : orderItems.product.supplierId
16:32:50.383 [main] DEBUG org.hibernate.persister.walking.spi.MetamodelGraphWalker - Visiting attribute path : orderItems.product.unitPrice
16:32:50.383 [main] DEBUG org.hibernate.persister.walking.spi.MetamodelGraphWalker - Visiting attribute path : orderItems.product.views
16:32:50.383 [main] DEBUG org.hibernate.persister.walking.spi.MetamodelGraphWalker - Visiting attribute path : orderItems.productCount
16:32:50.383 [main] DEBUG org.hibernate.persister.walking.spi.MetamodelGraphWalker - Visiting attribute path : orderItems.total
16:32:50.383 [main] DEBUG org.hibernate.persister.walking.spi.MetamodelGraphWalker - Visiting attribute path : orderTotal
16:32:50.383 [main] DEBUG org.hibernate.persister.walking.spi.MetamodelGraphWalker - Visiting attribute path : shipping
16:32:50.383 [main] DEBUG org.hibernate.loader.plan.build.internal.spaces.QuerySpacesImpl - Adding QuerySpace : uid = &lt;gen:5&gt; -&gt; org.hibernate.loader.plan.build.internal.spaces.EntityQuerySpaceImpl@167279d1]
16:32:50.386 [main] DEBUG org.hibernate.persister.walking.spi.MetamodelGraphWalker - Visiting attribute path : shipping.addressLineOne
16:32:50.387 [main] DEBUG org.hibernate.persister.walking.spi.MetamodelGraphWalker - Visiting attribute path : shipping.addressLineTwo
16:32:50.387 [main] DEBUG org.hibernate.persister.walking.spi.MetamodelGraphWalker - Visiting attribute path : shipping.billing
16:32:50.387 [main] DEBUG org.hibernate.persister.walking.spi.MetamodelGraphWalker - Visiting attribute path : shipping.city
16:32:50.387 [main] DEBUG org.hibernate.persister.walking.spi.MetamodelGraphWalker - Visiting attribute path : shipping.country
16:32:50.387 [main] DEBUG org.hibernate.persister.walking.spi.MetamodelGraphWalker - Visiting attribute path : shipping.postalCode
16:32:50.387 [main] DEBUG org.hibernate.persister.walking.spi.MetamodelGraphWalker - Visiting attribute path : shipping.shipping
16:32:50.387 [main] DEBUG org.hibernate.persister.walking.spi.MetamodelGraphWalker - Visiting attribute path : shipping.state
16:32:50.387 [main] DEBUG org.hibernate.persister.walking.spi.MetamodelGraphWalker - Visiting attribute path : shipping.userId
16:32:50.387 [main] DEBUG org.hibernate.persister.walking.spi.MetamodelGraphWalker - Visiting attribute path : user
16:32:50.388 [main] DEBUG org.hibernate.loader.plan.build.internal.spaces.QuerySpacesImpl - Adding QuerySpace : uid = &lt;gen:6&gt; -&gt; org.hibernate.loader.plan.build.internal.spaces.EntityQuerySpaceImpl@4d96250]
16:32:50.390 [main] DEBUG org.hibernate.persister.walking.spi.MetamodelGraphWalker - Visiting attribute path : user.contactNumber
16:32:50.390 [main] DEBUG org.hibernate.persister.walking.spi.MetamodelGraphWalker - Visiting attribute path : user.email
16:32:50.390 [main] DEBUG org.hibernate.persister.walking.spi.MetamodelGraphWalker - Visiting attribute path : user.enabled
16:32:50.390 [main] DEBUG org.hibernate.persister.walking.spi.MetamodelGraphWalker - Visiting attribute path : user.firstName
16:32:50.390 [main] DEBUG org.hibernate.persister.walking.spi.MetamodelGraphWalker - Visiting attribute path : user.lastName
16:32:50.390 [main] DEBUG org.hibernate.persister.walking.spi.MetamodelGraphWalker - Visiting attribute path : user.password
16:32:50.390 [main] DEBUG org.hibernate.persister.walking.spi.MetamodelGraphWalker - Visiting attribute path : user.role
16:32:50.390 [main] DEBUG org.hibernate.persister.walking.spi.MetamodelGraphWalker - Visiting attribute path : user.cart
16:32:50.390 [main] DEBUG org.hibernate.loader.plan.build.internal.spaces.QuerySpacesImpl - Adding QuerySpace : uid = &lt;gen:7&gt; -&gt; org.hibernate.loader.plan.build.internal.spaces.EntityQuerySpaceImpl@c1fa7d4]
16:32:50.391 [main] DEBUG org.hibernate.persister.walking.spi.MetamodelGraphWalker - Visiting attribute path : user.cart.cartLines
16:32:50.391 [main] DEBUG org.hibernate.persister.walking.spi.MetamodelGraphWalker - Visiting attribute path : user.cart.grandTotal
16:32:50.391 [main] DEBUG org.hibernate.persister.walking.spi.MetamodelGraphWalker - Visiting attribute path : user.cart.user
16:32:50.391 [main] DEBUG org.hibernate.persister.walking.spi.MetamodelGraphWalker - Property path deemed to be circular : user.cart.user
16:32:50.391 [main] DEBUG org.hibernate.loader.plan.build.internal.FetchStyleLoadPlanBuildingAssociationVisitationStrategy - Building LoadPlan...
16:32:50.391 [main] DEBUG org.hibernate.loader.plan.exec.internal.LoadQueryJoinAndFetchProcessor - processing queryspace &lt;gen:0&gt;
16:32:50.392 [main] DEBUG org.hibernate.loader.plan.build.spi.LoadPlanTreePrinter - LoadPlan(entity=com.shoppingbackend.model.OrderDetail)
    - Returns
       - EntityReturnImpl(entity=com.shoppingbackend.model.OrderDetail, querySpaceUid=&lt;gen:0&gt;, path=com.shoppingbackend.model.OrderDetail)
          - EntityAttributeFetchImpl(entity=com.shoppingbackend.model.Address, querySpaceUid=&lt;gen:1&gt;, path=com.shoppingbackend.model.OrderDetail.billing)
          - CollectionAttributeFetchImpl(collection=com.shoppingbackend.model.OrderDetail.orderItems, querySpaceUid=&lt;gen:2&gt;, path=com.shoppingbackend.model.OrderDetail.orderItems)
             - (collection element) CollectionFetchableElementEntityGraph(entity=com.shoppingbackend.model.OrderItem, querySpaceUid=&lt;gen:3&gt;, path=com.shoppingbackend.model.OrderDetail.orderItems.&lt;elements&gt;)
                - EntityAttributeFetchImpl(entity=com.shoppingbackend.model.Product, querySpaceUid=&lt;gen:4&gt;, path=com.shoppingbackend.model.OrderDetail.orderItems.&lt;elements&gt;.product)
          - EntityAttributeFetchImpl(entity=com.shoppingbackend.model.Address, querySpaceUid=&lt;gen:5&gt;, path=com.shoppingbackend.model.OrderDetail.shipping)
          - EntityAttributeFetchImpl(entity=com.shoppingbackend.model.User, querySpaceUid=&lt;gen:6&gt;, path=com.shoppingbackend.model.OrderDetail.user)
             - EntityAttributeFetchImpl(entity=com.shoppingbackend.model.Cart, querySpaceUid=&lt;gen:7&gt;, path=com.shoppingbackend.model.OrderDetail.user.cart)
    - QuerySpaces
       - EntityQuerySpaceImpl(uid=&lt;gen:0&gt;, entity=com.shoppingbackend.model.OrderDetail)
          - SQL table alias mapping - orderdetai0_
          - alias suffix - 0_
          - suffixed key columns - {id1_4_0_}
          - JOIN (JoinDefinedByMetadata(billing)) : &lt;gen:0&gt; -&gt; &lt;gen:1&gt;
             - EntityQuerySpaceImpl(uid=&lt;gen:1&gt;, entity=com.shoppingbackend.model.Address)
                - SQL table alias mapping - address1_
                - alias suffix - 1_
                - suffixed key columns - {id1_0_1_}
          - JOIN (JoinDefinedByMetadata(orderItems)) : &lt;gen:0&gt; -&gt; &lt;gen:2&gt;
             - CollectionQuerySpaceImpl(uid=&lt;gen:2&gt;, collection=com.shoppingbackend.model.OrderDetail.orderItems)
                - SQL table alias mapping - orderitems2_
                - alias suffix - 2_
                - suffixed key columns - {order_id5_5_2_}
                - entity-element alias suffix - 3_
                - 3_entity-element suffixed key columns - id1_5_3_
                - JOIN (JoinDefinedByMetadata(elements)) : &lt;gen:2&gt; -&gt; &lt;gen:3&gt;
                   - EntityQuerySpaceImpl(uid=&lt;gen:3&gt;, entity=com.shoppingbackend.model.OrderItem)
                      - SQL table alias mapping - orderitems2_
                      - alias suffix - 3_
                      - suffixed key columns - {id1_5_3_}
                      - JOIN (JoinDefinedByMetadata(product)) : &lt;gen:3&gt; -&gt; &lt;gen:4&gt;
                         - EntityQuerySpaceImpl(uid=&lt;gen:4&gt;, entity=com.shoppingbackend.model.Product)
                            - SQL table alias mapping - product3_
                            - alias suffix - 4_
                            - suffixed key columns - {id1_6_4_}
          - JOIN (JoinDefinedByMetadata(shipping)) : &lt;gen:0&gt; -&gt; &lt;gen:5&gt;
             - EntityQuerySpaceImpl(uid=&lt;gen:5&gt;, entity=com.shoppingbackend.model.Address)
                - SQL table alias mapping - address4_
                - alias suffix - 5_
                - suffixed key columns - {id1_0_5_}
          - JOIN (JoinDefinedByMetadata(user)) : &lt;gen:0&gt; -&gt; &lt;gen:6&gt;
             - EntityQuerySpaceImpl(uid=&lt;gen:6&gt;, entity=com.shoppingbackend.model.User)
                - SQL table alias mapping - user5_
                - alias suffix - 6_
                - suffixed key columns - {id1_8_6_}
                - JOIN (JoinDefinedByMetadata(cart)) : &lt;gen:6&gt; -&gt; &lt;gen:7&gt;
                   - EntityQuerySpaceImpl(uid=&lt;gen:7&gt;, entity=com.shoppingbackend.model.Cart)
                      - SQL table alias mapping - cart6_
                      - alias suffix - 7_
                      - suffixed key columns - {id1_1_7_}

16:32:50.393 [main] DEBUG org.hibernate.loader.entity.plan.EntityLoader - Static select for entity com.shoppingbackend.model.OrderDetail [READ]: select orderdetai0_.id as id1_4_0_, orderdetai0_.billing_id as billing_5_4_0_, orderdetai0_.order_count as order_co2_4_0_, orderdetai0_.order_date as order_da3_4_0_, orderdetai0_.order_total as order_to4_4_0_, orderdetai0_.shipping_id as shipping6_4_0_, orderdetai0_.user_id as user_id7_4_0_, address1_.id as id1_0_1_, address1_.address_line_one as address_2_0_1_, address1_.address_line_two as address_3_0_1_, address1_.is_billing as is_billi4_0_1_, address1_.city as city5_0_1_, address1_.country as country6_0_1_, address1_.postal_code as postal_c7_0_1_, address1_.is_shipping as is_shipp8_0_1_, address1_.state as state9_0_1_, address1_.user_id as user_id10_0_1_, orderitems2_.order_id as order_id5_5_2_, orderitems2_.id as id1_5_2_, orderitems2_.id as id1_5_3_, orderitems2_.buying_price as buying_p2_5_3_, orderitems2_.order_id as order_id5_5_3_, orderitems2_.product_id as product_6_5_3_, orderitems2_.product_count as product_3_5_3_, orderitems2_.total as total4_5_3_, product3_.id as id1_6_4_, product3_.is_active as is_activ2_6_4_, product3_.brand as brand3_6_4_, product3_.category_id as category4_6_4_, product3_.code as code5_6_4_, product3_.description as descript6_6_4_, product3_.name as name7_6_4_, product3_.purchases as purchase8_6_4_, product3_.quantity as quantity9_6_4_, product3_.supplier_id as supplie10_6_4_, product3_.unit_price as unit_pr11_6_4_, product3_.views as views12_6_4_, address4_.id as id1_0_5_, address4_.address_line_one as address_2_0_5_, address4_.address_line_two as address_3_0_5_, address4_.is_billing as is_billi4_0_5_, address4_.city as city5_0_5_, address4_.country as country6_0_5_, address4_.postal_code as postal_c7_0_5_, address4_.is_shipping as is_shipp8_0_5_, address4_.state as state9_0_5_, address4_.user_id as user_id10_0_5_, user5_.id as id1_8_6_, user5_.contact_number as contact_2_8_6_, user5_.email as email3_8_6_, user5_.enabled as enabled4_8_6_, user5_.first_name as first_na5_8_6_, user5_.last_name as last_nam6_8_6_, user5_.password as password7_8_6_, user5_.role as role8_8_6_, cart6_.id as id1_1_7_, cart6_.cart_lines as cart_lin2_1_7_, cart6_.grand_total as grand_to3_1_7_, cart6_.user_id as user_id4_1_7_ from order_detail orderdetai0_ left outer join Address address1_ on orderdetai0_.billing_id=address1_.id left outer join order_item orderitems2_ on orderdetai0_.id=orderitems2_.order_id left outer join Product product3_ on orderitems2_.product_id=product3_.id left outer join Address address4_ on orderdetai0_.shipping_id=address4_.id left outer join user_detail user5_ on orderdetai0_.user_id=user5_.id left outer join Cart cart6_ on user5_.id=cart6_.user_id where orderdetai0_.id=?
16:32:50.393 [main] DEBUG org.hibernate.loader.plan.build.internal.spaces.QuerySpacesImpl - Adding QuerySpace : uid = &lt;gen:0&gt; -&gt; org.hibernate.loader.plan.build.internal.spaces.EntityQuerySpaceImpl@35178483]
16:32:50.393 [main] DEBUG org.hibernate.persister.walking.spi.MetamodelGraphWalker - Visiting attribute path : billing
16:32:50.393 [main] DEBUG org.hibernate.loader.plan.build.internal.spaces.QuerySpacesImpl - Adding QuerySpace : uid = &lt;gen:1&gt; -&gt; org.hibernate.loader.plan.build.internal.spaces.EntityQuerySpaceImpl@7a8136b3]
16:32:50.393 [main] DEBUG org.hibernate.persister.walking.spi.MetamodelGraphWalker - Visiting attribute path : orderCount
16:32:50.393 [main] DEBUG org.hibernate.persister.walking.spi.MetamodelGraphWalker - Visiting attribute path : orderDate
16:32:50.393 [main] DEBUG org.hibernate.persister.walking.spi.MetamodelGraphWalker - Visiting attribute path : orderItems
16:32:50.393 [main] DEBUG org.hibernate.loader.plan.build.internal.spaces.QuerySpacesImpl - Adding QuerySpace : uid = &lt;gen:2&gt; -&gt; org.hibernate.loader.plan.build.internal.spaces.CollectionQuerySpaceImpl@1de6932a]
16:32:50.393 [main] DEBUG org.hibernate.loader.plan.build.internal.spaces.QuerySpacesImpl - Adding QuerySpace : uid = &lt;gen:3&gt; -&gt; org.hibernate.loader.plan.build.internal.spaces.EntityQuerySpaceImpl@14dc3f89]
16:32:50.393 [main] DEBUG org.hibernate.persister.walking.spi.MetamodelGraphWalker - Visiting attribute path : orderTotal
16:32:50.394 [main] DEBUG org.hibernate.persister.walking.spi.MetamodelGraphWalker - Visiting attribute path : shipping
16:32:50.394 [main] DEBUG org.hibernate.loader.plan.build.internal.spaces.QuerySpacesImpl - Adding QuerySpace : uid = &lt;gen:4&gt; -&gt; org.hibernate.loader.plan.build.internal.spaces.EntityQuerySpaceImpl@1706a5c9]
16:32:50.394 [main] DEBUG org.hibernate.persister.walking.spi.MetamodelGraphWalker - Visiting attribute path : user
16:32:50.394 [main] DEBUG org.hibernate.loader.plan.build.internal.spaces.QuerySpacesImpl - Adding QuerySpace : uid = &lt;gen:5&gt; -&gt; org.hibernate.loader.plan.build.internal.spaces.EntityQuerySpaceImpl@64412d34]
16:32:50.394 [main] DEBUG org.hibernate.loader.plan.build.internal.FetchStyleLoadPlanBuildingAssociationVisitationStrategy - Building LoadPlan...
16:32:50.394 [main] DEBUG org.hibernate.loader.plan.exec.internal.LoadQueryJoinAndFetchProcessor - processing queryspace &lt;gen:0&gt;
16:32:50.395 [main] DEBUG org.hibernate.loader.plan.build.spi.LoadPlanTreePrinter - LoadPlan(entity=com.shoppingbackend.model.OrderDetail)
    - Returns
       - EntityReturnImpl(entity=com.shoppingbackend.model.OrderDetail, querySpaceUid=&lt;gen:0&gt;, path=com.shoppingbackend.model.OrderDetail)
          - EntityAttributeFetchImpl(entity=com.shoppingbackend.model.Address, querySpaceUid=&lt;gen:1&gt;, path=com.shoppingbackend.model.OrderDetail.billing)
          - CollectionAttributeFetchImpl(collection=com.shoppingbackend.model.OrderDetail.orderItems, querySpaceUid=&lt;gen:2&gt;, path=com.shoppingbackend.model.OrderDetail.orderItems)
             - (collection element) CollectionFetchableElementEntityGraph(entity=com.shoppingbackend.model.OrderItem, querySpaceUid=&lt;gen:3&gt;, path=com.shoppingbackend.model.OrderDetail.orderItems.&lt;elements&gt;)
          - EntityAttributeFetchImpl(entity=com.shoppingbackend.model.Address, querySpaceUid=&lt;gen:4&gt;, path=com.shoppingbackend.model.OrderDetail.shipping)
          - EntityAttributeFetchImpl(entity=com.shoppingbackend.model.User, querySpaceUid=&lt;gen:5&gt;, path=com.shoppingbackend.model.OrderDetail.user)
    - QuerySpaces
       - EntityQuerySpaceImpl(uid=&lt;gen:0&gt;, entity=com.shoppingbackend.model.OrderDetail)
          - SQL table alias mapping - orderdetai0_
          - alias suffix - 0_
          - suffixed key columns - {id1_4_0_}

16:32:50.395 [main] DEBUG org.hibernate.loader.entity.plan.EntityLoader - Static select for entity com.shoppingbackend.model.OrderDetail [UPGRADE]: select orderdetai0_.id as id1_4_0_, orderdetai0_.billing_id as billing_5_4_0_, orderdetai0_.order_count as order_co2_4_0_, orderdetai0_.order_date as order_da3_4_0_, orderdetai0_.order_total as order_to4_4_0_, orderdetai0_.shipping_id as shipping6_4_0_, orderdetai0_.user_id as user_id7_4_0_ from order_detail orderdetai0_ where orderdetai0_.id=? for update
16:32:50.395 [main] DEBUG org.hibernate.loader.plan.build.internal.spaces.QuerySpacesImpl - Adding QuerySpace : uid = &lt;gen:0&gt; -&gt; org.hibernate.loader.plan.build.internal.spaces.EntityQuerySpaceImpl@4d178d55]
16:32:50.397 [main] DEBUG org.hibernate.persister.walking.spi.MetamodelGraphWalker - Visiting attribute path : billing
16:32:50.397 [main] DEBUG org.hibernate.loader.plan.build.internal.spaces.QuerySpacesImpl - Adding QuerySpace : uid = &lt;gen:1&gt; -&gt; org.hibernate.loader.plan.build.internal.spaces.EntityQuerySpaceImpl@1a480135]
16:32:50.397 [main] DEBUG org.hibernate.persister.walking.spi.MetamodelGraphWalker - Visiting attribute path : orderCount
16:32:50.397 [main] DEBUG org.hibernate.persister.walking.spi.MetamodelGraphWalker - Visiting attribute path : orderDate
16:32:50.397 [main] DEBUG org.hibernate.persister.walking.spi.MetamodelGraphWalker - Visiting attribute path : orderItems
16:32:50.397 [main] DEBUG org.hibernate.loader.plan.build.internal.spaces.QuerySpacesImpl - Adding QuerySpace : uid = &lt;gen:2&gt; -&gt; org.hibernate.loader.plan.build.internal.spaces.CollectionQuerySpaceImpl@778db7c5]
16:32:50.397 [main] DEBUG org.hibernate.loader.plan.build.internal.spaces.QuerySpacesImpl - Adding QuerySpace : uid = &lt;gen:3&gt; -&gt; org.hibernate.loader.plan.build.internal.spaces.EntityQuerySpaceImpl@681e144]
16:32:50.397 [main] DEBUG org.hibernate.persister.walking.spi.MetamodelGraphWalker - Visiting attribute path : orderTotal
16:32:50.397 [main] DEBUG org.hibernate.persister.walking.spi.MetamodelGraphWalker - Visiting attribute path : shipping
16:32:50.397 [main] DEBUG org.hibernate.loader.plan.build.internal.spaces.QuerySpacesImpl - Adding QuerySpace : uid = &lt;gen:4&gt; -&gt; org.hibernate.loader.plan.build.internal.spaces.EntityQuerySpaceImpl@2875b016]
16:32:50.398 [main] DEBUG org.hibernate.persister.walking.spi.MetamodelGraphWalker - Visiting attribute path : user
16:32:50.398 [main] DEBUG org.hibernate.loader.plan.build.internal.spaces.QuerySpacesImpl - Adding QuerySpace : uid = &lt;gen:5&gt; -&gt; org.hibernate.loader.plan.build.internal.spaces.EntityQuerySpaceImpl@72ee5d84]
16:32:50.399 [main] DEBUG org.hibernate.loader.plan.build.internal.FetchStyleLoadPlanBuildingAssociationVisitationStrategy - Building LoadPlan...
16:32:50.399 [main] DEBUG org.hibernate.loader.plan.exec.internal.LoadQueryJoinAndFetchProcessor - processing queryspace &lt;gen:0&gt;
16:32:50.400 [main] DEBUG org.hibernate.loader.plan.build.spi.LoadPlanTreePrinter - LoadPlan(entity=com.shoppingbackend.model.OrderDetail)
    - Returns
       - EntityReturnImpl(entity=com.shoppingbackend.model.OrderDetail, querySpaceUid=&lt;gen:0&gt;, path=com.shoppingbackend.model.OrderDetail)
          - EntityAttributeFetchImpl(entity=com.shoppingbackend.model.Address, querySpaceUid=&lt;gen:1&gt;, path=com.shoppingbackend.model.OrderDetail.billing)
          - CollectionAttributeFetchImpl(collection=com.shoppingbackend.model.OrderDetail.orderItems, querySpaceUid=&lt;gen:2&gt;, path=com.shoppingbackend.model.OrderDetail.orderItems)
             - (collection element) CollectionFetchableElementEntityGraph(entity=com.shoppingbackend.model.OrderItem, querySpaceUid=&lt;gen:3&gt;, path=com.shoppingbackend.model.OrderDetail.orderItems.&lt;elements&gt;)
          - EntityAttributeFetchImpl(entity=com.shoppingbackend.model.Address, querySpaceUid=&lt;gen:4&gt;, path=com.shoppingbackend.model.OrderDetail.shipping)
          - EntityAttributeFetchImpl(entity=com.shoppingbackend.model.User, querySpaceUid=&lt;gen:5&gt;, path=com.shoppingbackend.model.OrderDetail.user)
    - QuerySpaces
       - EntityQuerySpaceImpl(uid=&lt;gen:0&gt;, entity=com.shoppingbackend.model.OrderDetail)
          - SQL table alias mapping - orderdetai0_
          - alias suffix - 0_
          - suffixed key columns - {id1_4_0_}

16:32:50.400 [main] DEBUG org.hibernate.loader.entity.plan.EntityLoader - Static select for entity com.shoppingbackend.model.OrderDetail [UPGRADE_NOWAIT]: select orderdetai0_.id as id1_4_0_, orderdetai0_.billing_id as billing_5_4_0_, orderdetai0_.order_count as order_co2_4_0_, orderdetai0_.order_date as order_da3_4_0_, orderdetai0_.order_total as order_to4_4_0_, orderdetai0_.shipping_id as shipping6_4_0_, orderdetai0_.user_id as user_id7_4_0_ from order_detail orderdetai0_ where orderdetai0_.id=? for update
16:32:50.400 [main] DEBUG org.hibernate.loader.plan.build.internal.spaces.QuerySpacesImpl - Adding QuerySpace : uid = &lt;gen:0&gt; -&gt; org.hibernate.loader.plan.build.internal.spaces.EntityQuerySpaceImpl@68c7ef83]
16:32:50.400 [main] DEBUG org.hibernate.persister.walking.spi.MetamodelGraphWalker - Visiting attribute path : billing
16:32:50.400 [main] DEBUG org.hibernate.loader.plan.build.internal.spaces.QuerySpacesImpl - Adding QuerySpace : uid = &lt;gen:1&gt; -&gt; org.hibernate.loader.plan.build.internal.spaces.EntityQuerySpaceImpl@64355120]
16:32:50.400 [main] DEBUG org.hibernate.persister.walking.spi.MetamodelGraphWalker - Visiting attribute path : orderCount
16:32:50.400 [main] DEBUG org.hibernate.persister.walking.spi.MetamodelGraphWalker - Visiting attribute path : orderDate
16:32:50.400 [main] DEBUG org.hibernate.persister.walking.spi.MetamodelGraphWalker - Visiting attribute path : orderItems
16:32:50.401 [main] DEBUG org.hibernate.loader.plan.build.internal.spaces.QuerySpacesImpl - Adding QuerySpace : uid = &lt;gen:2&gt; -&gt; org.hibernate.loader.plan.build.internal.spaces.CollectionQuerySpaceImpl@64b7225f]
16:32:50.401 [main] DEBUG org.hibernate.loader.plan.build.internal.spaces.QuerySpacesImpl - Adding QuerySpace : uid = &lt;gen:3&gt; -&gt; org.hibernate.loader.plan.build.internal.spaces.EntityQuerySpaceImpl@33db72bd]
16:32:50.401 [main] DEBUG org.hibernate.persister.walking.spi.MetamodelGraphWalker - Visiting attribute path : orderTotal
16:32:50.401 [main] DEBUG org.hibernate.persister.walking.spi.MetamodelGraphWalker - Visiting attribute path : shipping
16:32:50.401 [main] DEBUG org.hibernate.loader.plan.build.internal.spaces.QuerySpacesImpl - Adding QuerySpace : uid = &lt;gen:4&gt; -&gt; org.hibernate.loader.plan.build.internal.spaces.EntityQuerySpaceImpl@7f92b990]
16:32:50.401 [main] DEBUG org.hibernate.persister.walking.spi.MetamodelGraphWalker - Visiting attribute path : user
16:32:50.401 [main] DEBUG org.hibernate.loader.plan.build.internal.spaces.QuerySpacesImpl - Adding QuerySpace : uid = &lt;gen:5&gt; -&gt; org.hibernate.loader.plan.build.internal.spaces.EntityQuerySpaceImpl@31e04b13]
16:32:50.403 [main] DEBUG org.hibernate.loader.plan.build.internal.FetchStyleLoadPlanBuildingAssociationVisitationStrategy - Building LoadPlan...
16:32:50.403 [main] DEBUG org.hibernate.loader.plan.exec.internal.LoadQueryJoinAndFetchProcessor - processing queryspace &lt;gen:0&gt;
16:32:50.403 [main] DEBUG org.hibernate.loader.plan.build.spi.LoadPlanTreePrinter - LoadPlan(entity=com.shoppingbackend.model.OrderDetail)
    - Returns
       - EntityReturnImpl(entity=com.shoppingbackend.model.OrderDetail, querySpaceUid=&lt;gen:0&gt;, path=com.shoppingbackend.model.OrderDetail)
          - EntityAttributeFetchImpl(entity=com.shoppingbackend.model.Address, querySpaceUid=&lt;gen:1&gt;, path=com.shoppingbackend.model.OrderDetail.billing)
          - CollectionAttributeFetchImpl(collection=com.shoppingbackend.model.OrderDetail.orderItems, querySpaceUid=&lt;gen:2&gt;, path=com.shoppingbackend.model.OrderDetail.orderItems)
             - (collection element) CollectionFetchableElementEntityGraph(entity=com.shoppingbackend.model.OrderItem, querySpaceUid=&lt;gen:3&gt;, path=com.shoppingbackend.model.OrderDetail.orderItems.&lt;elements&gt;)
          - EntityAttributeFetchImpl(entity=com.shoppingbackend.model.Address, querySpaceUid=&lt;gen:4&gt;, path=com.shoppingbackend.model.OrderDetail.shipping)
          - EntityAttributeFetchImpl(entity=com.shoppingbackend.model.User, querySpaceUid=&lt;gen:5&gt;, path=com.shoppingbackend.model.OrderDetail.user)
    - QuerySpaces
       - EntityQuerySpaceImpl(uid=&lt;gen:0&gt;, entity=com.shoppingbackend.model.OrderDetail)
          - SQL table alias mapping - orderdetai0_
          - alias suffix - 0_
          - suffixed key columns - {id1_4_0_}

16:32:50.404 [main] DEBUG org.hibernate.loader.entity.plan.EntityLoader - Static select for entity com.shoppingbackend.model.OrderDetail [UPGRADE_SKIPLOCKED]: select orderdetai0_.id as id1_4_0_, orderdetai0_.billing_id as billing_5_4_0_, orderdetai0_.order_count as order_co2_4_0_, orderdetai0_.order_date as order_da3_4_0_, orderdetai0_.order_total as order_to4_4_0_, orderdetai0_.shipping_id as shipping6_4_0_, orderdetai0_.user_id as user_id7_4_0_ from order_detail orderdetai0_ where orderdetai0_.id=? for update
16:32:50.404 [main] DEBUG org.hibernate.loader.plan.build.internal.spaces.QuerySpacesImpl - Adding QuerySpace : uid = &lt;gen:0&gt; -&gt; org.hibernate.loader.plan.build.internal.spaces.EntityQuerySpaceImpl@6c1832aa]
16:32:50.404 [main] DEBUG org.hibernate.persister.walking.spi.MetamodelGraphWalker - Visiting attribute path : billing
16:32:50.404 [main] DEBUG org.hibernate.loader.plan.build.internal.spaces.QuerySpacesImpl - Adding QuerySpace : uid = &lt;gen:1&gt; -&gt; org.hibernate.loader.plan.build.internal.spaces.EntityQuerySpaceImpl@6e8a9c30]
16:32:50.404 [main] DEBUG org.hibernate.persister.walking.spi.MetamodelGraphWalker - Visiting attribute path : orderCount
16:32:50.404 [main] DEBUG org.hibernate.persister.walking.spi.MetamodelGraphWalker - Visiting attribute path : orderDate
16:32:50.404 [main] DEBUG org.hibernate.persister.walking.spi.MetamodelGraphWalker - Visiting attribute path : orderItems
16:32:50.404 [main] DEBUG org.hibernate.loader.plan.build.internal.spaces.QuerySpacesImpl - Adding QuerySpace : uid = &lt;gen:2&gt; -&gt; org.hibernate.loader.plan.build.internal.spaces.CollectionQuerySpaceImpl@5d01ea21]
16:32:50.404 [main] DEBUG org.hibernate.loader.plan.build.internal.spaces.QuerySpacesImpl - Adding QuerySpace : uid = &lt;gen:3&gt; -&gt; org.hibernate.loader.plan.build.internal.spaces.EntityQuerySpaceImpl@70211e49]
16:32:50.404 [main] DEBUG org.hibernate.persister.walking.spi.MetamodelGraphWalker - Visiting attribute path : orderTotal
16:32:50.404 [main] DEBUG org.hibernate.persister.walking.spi.MetamodelGraphWalker - Visiting attribute path : shipping
16:32:50.404 [main] DEBUG org.hibernate.loader.plan.build.internal.spaces.QuerySpacesImpl - Adding QuerySpace : uid = &lt;gen:4&gt; -&gt; org.hibernate.loader.plan.build.internal.spaces.EntityQuerySpaceImpl@3b46dd8]
16:32:50.405 [main] DEBUG org.hibernate.persister.walking.spi.MetamodelGraphWalker - Visiting attribute path : user
16:32:50.405 [main] DEBUG org.hibernate.loader.plan.build.internal.spaces.QuerySpacesImpl - Adding QuerySpace : uid = &lt;gen:5&gt; -&gt; org.hibernate.loader.plan.build.internal.spaces.EntityQuerySpaceImpl@39651a82]
16:32:50.405 [main] DEBUG org.hibernate.loader.plan.build.internal.FetchStyleLoadPlanBuildingAssociationVisitationStrategy - Building LoadPlan...
16:32:50.405 [main] DEBUG org.hibernate.loader.plan.exec.internal.LoadQueryJoinAndFetchProcessor - processing queryspace &lt;gen:0&gt;
16:32:50.405 [main] DEBUG org.hibernate.loader.plan.build.spi.LoadPlanTreePrinter - LoadPlan(entity=com.shoppingbackend.model.OrderDetail)
    - Returns
       - EntityReturnImpl(entity=com.shoppingbackend.model.OrderDetail, querySpaceUid=&lt;gen:0&gt;, path=com.shoppingbackend.model.OrderDetail)
          - EntityAttributeFetchImpl(entity=com.shoppingbackend.model.Address, querySpaceUid=&lt;gen:1&gt;, path=com.shoppingbackend.model.OrderDetail.billing)
          - CollectionAttributeFetchImpl(collection=com.shoppingbackend.model.OrderDetail.orderItems, querySpaceUid=&lt;gen:2&gt;, path=com.shoppingbackend.model.OrderDetail.orderItems)
             - (collection element) CollectionFetchableElementEntityGraph(entity=com.shoppingbackend.model.OrderItem, querySpaceUid=&lt;gen:3&gt;, path=com.shoppingbackend.model.OrderDetail.orderItems.&lt;elements&gt;)
          - EntityAttributeFetchImpl(entity=com.shoppingbackend.model.Address, querySpaceUid=&lt;gen:4&gt;, path=com.shoppingbackend.model.OrderDetail.shipping)
          - EntityAttributeFetchImpl(entity=com.shoppingbackend.model.User, querySpaceUid=&lt;gen:5&gt;, path=com.shoppingbackend.model.OrderDetail.user)
    - QuerySpaces
       - EntityQuerySpaceImpl(uid=&lt;gen:0&gt;, entity=com.shoppingbackend.model.OrderDetail)
          - SQL table alias mapping - orderdetai0_
          - alias suffix - 0_
          - suffixed key columns - {id1_4_0_}

16:32:50.405 [main] DEBUG org.hibernate.loader.entity.plan.EntityLoader - Static select for entity com.shoppingbackend.model.OrderDetail [FORCE]: select orderdetai0_.id as id1_4_0_, orderdetai0_.billing_id as billing_5_4_0_, orderdetai0_.order_count as order_co2_4_0_, orderdetai0_.order_date as order_da3_4_0_, orderdetai0_.order_total as order_to4_4_0_, orderdetai0_.shipping_id as shipping6_4_0_, orderdetai0_.user_id as user_id7_4_0_ from order_detail orderdetai0_ where orderdetai0_.id=? for update
16:32:50.405 [main] DEBUG org.hibernate.loader.plan.build.internal.spaces.QuerySpacesImpl - Adding QuerySpace : uid = &lt;gen:0&gt; -&gt; org.hibernate.loader.plan.build.internal.spaces.EntityQuerySpaceImpl@6be7bf6d]
16:32:50.406 [main] DEBUG org.hibernate.persister.walking.spi.MetamodelGraphWalker - Visiting attribute path : billing
16:32:50.406 [main] DEBUG org.hibernate.loader.plan.build.internal.spaces.QuerySpacesImpl - Adding QuerySpace : uid = &lt;gen:1&gt; -&gt; org.hibernate.loader.plan.build.internal.spaces.EntityQuerySpaceImpl@33364212]
16:32:50.406 [main] DEBUG org.hibernate.persister.walking.spi.MetamodelGraphWalker - Visiting attribute path : orderCount
16:32:50.406 [main] DEBUG org.hibernate.persister.walking.spi.MetamodelGraphWalker - Visiting attribute path : orderDate
16:32:50.406 [main] DEBUG org.hibernate.persister.walking.spi.MetamodelGraphWalker - Visiting attribute path : orderItems
16:32:50.406 [main] DEBUG org.hibernate.loader.plan.build.internal.spaces.QuerySpacesImpl - Adding QuerySpace : uid = &lt;gen:2&gt; -&gt; org.hibernate.loader.plan.build.internal.spaces.CollectionQuerySpaceImpl@2216effc]
16:32:50.406 [main] DEBUG org.hibernate.loader.plan.build.internal.spaces.QuerySpacesImpl - Adding QuerySpace : uid = &lt;gen:3&gt; -&gt; org.hibernate.loader.plan.build.internal.spaces.EntityQuerySpaceImpl@745c2004]
16:32:50.406 [main] DEBUG org.hibernate.persister.walking.spi.MetamodelGraphWalker - Visiting attribute path : orderTotal
16:32:50.406 [main] DEBUG org.hibernate.persister.walking.spi.MetamodelGraphWalker - Visiting attribute path : shipping
16:32:50.406 [main] DEBUG org.hibernate.loader.plan.build.internal.spaces.QuerySpacesImpl - Adding QuerySpace : uid = &lt;gen:4&gt; -&gt; org.hibernate.loader.plan.build.internal.spaces.EntityQuerySpaceImpl@6da9dc6]
16:32:50.406 [main] DEBUG org.hibernate.persister.walking.spi.MetamodelGraphWalker - Visiting attribute path : user
16:32:50.406 [main] DEBUG org.hibernate.loader.plan.build.internal.spaces.QuerySpacesImpl - Adding QuerySpace : uid = &lt;gen:5&gt; -&gt; org.hibernate.loader.plan.build.internal.spaces.EntityQuerySpaceImpl@7fd69dd]
16:32:50.406 [main] DEBUG org.hibernate.loader.plan.build.internal.FetchStyleLoadPlanBuildingAssociationVisitationStrategy - Building LoadPlan...
16:32:50.406 [main] DEBUG org.hibernate.loader.plan.exec.internal.LoadQueryJoinAndFetchProcessor - processing queryspace &lt;gen:0&gt;
16:32:50.406 [main] DEBUG org.hibernate.loader.plan.build.spi.LoadPlanTreePrinter - LoadPlan(entity=com.shoppingbackend.model.OrderDetail)
    - Returns
       - EntityReturnImpl(entity=com.shoppingbackend.model.OrderDetail, querySpaceUid=&lt;gen:0&gt;, path=com.shoppingbackend.model.OrderDetail)
          - EntityAttributeFetchImpl(entity=com.shoppingbackend.model.Address, querySpaceUid=&lt;gen:1&gt;, path=com.shoppingbackend.model.OrderDetail.billing)
          - CollectionAttributeFetchImpl(collection=com.shoppingbackend.model.OrderDetail.orderItems, querySpaceUid=&lt;gen:2&gt;, path=com.shoppingbackend.model.OrderDetail.orderItems)
             - (collection element) CollectionFetchableElementEntityGraph(entity=com.shoppingbackend.model.OrderItem, querySpaceUid=&lt;gen:3&gt;, path=com.shoppingbackend.model.OrderDetail.orderItems.&lt;elements&gt;)
          - EntityAttributeFetchImpl(entity=com.shoppingbackend.model.Address, querySpaceUid=&lt;gen:4&gt;, path=com.shoppingbackend.model.OrderDetail.shipping)
          - EntityAttributeFetchImpl(entity=com.shoppingbackend.model.User, querySpaceUid=&lt;gen:5&gt;, path=com.shoppingbackend.model.OrderDetail.user)
    - QuerySpaces
       - EntityQuerySpaceImpl(uid=&lt;gen:0&gt;, entity=com.shoppingbackend.model.OrderDetail)
          - SQL table alias mapping - orderdetai0_
          - alias suffix - 0_
          - suffixed key columns - {id1_4_0_}

16:32:50.407 [main] DEBUG org.hibernate.loader.entity.plan.EntityLoader - Static select for entity com.shoppingbackend.model.OrderDetail [PESSIMISTIC_READ]: select orderdetai0_.id as id1_4_0_, orderdetai0_.billing_id as billing_5_4_0_, orderdetai0_.order_count as order_co2_4_0_, orderdetai0_.order_date as order_da3_4_0_, orderdetai0_.order_total as order_to4_4_0_, orderdetai0_.shipping_id as shipping6_4_0_, orderdetai0_.user_id as user_id7_4_0_ from order_detail orderdetai0_ where orderdetai0_.id=? for update
16:32:50.407 [main] DEBUG org.hibernate.loader.plan.build.internal.spaces.QuerySpacesImpl - Adding QuerySpace : uid = &lt;gen:0&gt; -&gt; org.hibernate.loader.plan.build.internal.spaces.EntityQuerySpaceImpl@12010fd1]
16:32:50.407 [main] DEBUG org.hibernate.persister.walking.spi.MetamodelGraphWalker - Visiting attribute path : billing
16:32:50.407 [main] DEBUG org.hibernate.loader.plan.build.internal.spaces.QuerySpacesImpl - Adding QuerySpace : uid = &lt;gen:1&gt; -&gt; org.hibernate.loader.plan.build.internal.spaces.EntityQuerySpaceImpl@552ed807]
16:32:50.407 [main] DEBUG org.hibernate.persister.walking.spi.MetamodelGraphWalker - Visiting attribute path : orderCount
16:32:50.407 [main] DEBUG org.hibernate.persister.walking.spi.MetamodelGraphWalker - Visiting attribute path : orderDate
16:32:50.407 [main] DEBUG org.hibernate.persister.walking.spi.MetamodelGraphWalker - Visiting attribute path : orderItems
16:32:50.407 [main] DEBUG org.hibernate.loader.plan.build.internal.spaces.QuerySpacesImpl - Adding QuerySpace : uid = &lt;gen:2&gt; -&gt; org.hibernate.loader.plan.build.internal.spaces.CollectionQuerySpaceImpl@3971f0fe]
16:32:50.407 [main] DEBUG org.hibernate.loader.plan.build.internal.spaces.QuerySpacesImpl - Adding QuerySpace : uid = &lt;gen:3&gt; -&gt; org.hibernate.loader.plan.build.internal.spaces.EntityQuerySpaceImpl@23940f86]
16:32:50.407 [main] DEBUG org.hibernate.persister.walking.spi.MetamodelGraphWalker - Visiting attribute path : orderTotal
16:32:50.407 [main] DEBUG org.hibernate.persister.walking.spi.MetamodelGraphWalker - Visiting attribute path : shipping
16:32:50.407 [main] DEBUG org.hibernate.loader.plan.build.internal.spaces.QuerySpacesImpl - Adding QuerySpace : uid = &lt;gen:4&gt; -&gt; org.hibernate.loader.plan.build.internal.spaces.EntityQuerySpaceImpl@66153688]
16:32:50.407 [main] DEBUG org.hibernate.persister.walking.spi.MetamodelGraphWalker - Visiting attribute path : user
16:32:50.407 [main] DEBUG org.hibernate.loader.plan.build.internal.spaces.QuerySpacesImpl - Adding QuerySpace : uid = &lt;gen:5&gt; -&gt; org.hibernate.loader.plan.build.internal.spaces.EntityQuerySpaceImpl@455824ad]
16:32:50.407 [main] DEBUG org.hibernate.loader.plan.build.internal.FetchStyleLoadPlanBuildingAssociationVisitationStrategy - Building LoadPlan...
16:32:50.407 [main] DEBUG org.hibernate.loader.plan.exec.internal.LoadQueryJoinAndFetchProcessor - processing queryspace &lt;gen:0&gt;
16:32:50.408 [main] DEBUG org.hibernate.loader.plan.build.spi.LoadPlanTreePrinter - LoadPlan(entity=com.shoppingbackend.model.OrderDetail)
    - Returns
       - EntityReturnImpl(entity=com.shoppingbackend.model.OrderDetail, querySpaceUid=&lt;gen:0&gt;, path=com.shoppingbackend.model.OrderDetail)
          - EntityAttributeFetchImpl(entity=com.shoppingbackend.model.Address, querySpaceUid=&lt;gen:1&gt;, path=com.shoppingbackend.model.OrderDetail.billing)
          - CollectionAttributeFetchImpl(collection=com.shoppingbackend.model.OrderDetail.orderItems, querySpaceUid=&lt;gen:2&gt;, path=com.shoppingbackend.model.OrderDetail.orderItems)
             - (collection element) CollectionFetchableElementEntityGraph(entity=com.shoppingbackend.model.OrderItem, querySpaceUid=&lt;gen:3&gt;, path=com.shoppingbackend.model.OrderDetail.orderItems.&lt;elements&gt;)
          - EntityAttributeFetchImpl(entity=com.shoppingbackend.model.Address, querySpaceUid=&lt;gen:4&gt;, path=com.shoppingbackend.model.OrderDetail.shipping)
          - EntityAttributeFetchImpl(entity=com.shoppingbackend.model.User, querySpaceUid=&lt;gen:5&gt;, path=com.shoppingbackend.model.OrderDetail.user)
    - QuerySpaces
       - EntityQuerySpaceImpl(uid=&lt;gen:0&gt;, entity=com.shoppingbackend.model.OrderDetail)
          - SQL table alias mapping - orderdetai0_
          - alias suffix - 0_
          - suffixed key columns - {id1_4_0_}

16:32:50.408 [main] DEBUG org.hibernate.loader.entity.plan.EntityLoader - Static select for entity com.shoppingbackend.model.OrderDetail [PESSIMISTIC_WRITE]: select orderdetai0_.id as id1_4_0_, orderdetai0_.billing_id as billing_5_4_0_, orderdetai0_.order_count as order_co2_4_0_, orderdetai0_.order_date as order_da3_4_0_, orderdetai0_.order_total as order_to4_4_0_, orderdetai0_.shipping_id as shipping6_4_0_, orderdetai0_.user_id as user_id7_4_0_ from order_detail orderdetai0_ where orderdetai0_.id=? for update
16:32:50.408 [main] DEBUG org.hibernate.loader.plan.build.internal.spaces.QuerySpacesImpl - Adding QuerySpace : uid = &lt;gen:0&gt; -&gt; org.hibernate.loader.plan.build.internal.spaces.EntityQuerySpaceImpl@7318daf8]
16:32:50.408 [main] DEBUG org.hibernate.persister.walking.spi.MetamodelGraphWalker - Visiting attribute path : billing
16:32:50.409 [main] DEBUG org.hibernate.loader.plan.build.internal.spaces.QuerySpacesImpl - Adding QuerySpace : uid = &lt;gen:1&gt; -&gt; org.hibernate.loader.plan.build.internal.spaces.EntityQuerySpaceImpl@3f1ddac2]
16:32:50.409 [main] DEBUG org.hibernate.persister.walking.spi.MetamodelGraphWalker - Visiting attribute path : orderCount
16:32:50.409 [main] DEBUG org.hibernate.persister.walking.spi.MetamodelGraphWalker - Visiting attribute path : orderDate
16:32:50.409 [main] DEBUG org.hibernate.persister.walking.spi.MetamodelGraphWalker - Visiting attribute path : orderItems
16:32:50.409 [main] DEBUG org.hibernate.loader.plan.build.internal.spaces.QuerySpacesImpl - Adding QuerySpace : uid = &lt;gen:2&gt; -&gt; org.hibernate.loader.plan.build.internal.spaces.CollectionQuerySpaceImpl@3be4fcc0]
16:32:50.409 [main] DEBUG org.hibernate.loader.plan.build.internal.spaces.QuerySpacesImpl - Adding QuerySpace : uid = &lt;gen:3&gt; -&gt; org.hibernate.loader.plan.build.internal.spaces.EntityQuerySpaceImpl@e1e2e5e]
16:32:50.409 [main] DEBUG org.hibernate.persister.walking.spi.MetamodelGraphWalker - Visiting attribute path : orderTotal
16:32:50.409 [main] DEBUG org.hibernate.persister.walking.spi.MetamodelGraphWalker - Visiting attribute path : shipping
16:32:50.409 [main] DEBUG org.hibernate.loader.plan.build.internal.spaces.QuerySpacesImpl - Adding QuerySpace : uid = &lt;gen:4&gt; -&gt; org.hibernate.loader.plan.build.internal.spaces.EntityQuerySpaceImpl@661c46bc]
16:32:50.409 [main] DEBUG org.hibernate.persister.walking.spi.MetamodelGraphWalker - Visiting attribute path : user
16:32:50.409 [main] DEBUG org.hibernate.loader.plan.build.internal.spaces.QuerySpacesImpl - Adding QuerySpace : uid = &lt;gen:5&gt; -&gt; org.hibernate.loader.plan.build.internal.spaces.EntityQuerySpaceImpl@37864b77]
16:32:50.409 [main] DEBUG org.hibernate.loader.plan.build.internal.FetchStyleLoadPlanBuildingAssociationVisitationStrategy - Building LoadPlan...
16:32:50.409 [main] DEBUG org.hibernate.loader.plan.exec.internal.LoadQueryJoinAndFetchProcessor - processing queryspace &lt;gen:0&gt;
16:32:50.410 [main] DEBUG org.hibernate.loader.plan.build.spi.LoadPlanTreePrinter - LoadPlan(entity=com.shoppingbackend.model.OrderDetail)
    - Returns
       - EntityReturnImpl(entity=com.shoppingbackend.model.OrderDetail, querySpaceUid=&lt;gen:0&gt;, path=com.shoppingbackend.model.OrderDetail)
          - EntityAttributeFetchImpl(entity=com.shoppingbackend.model.Address, querySpaceUid=&lt;gen:1&gt;, path=com.shoppingbackend.model.OrderDetail.billing)
          - CollectionAttributeFetchImpl(collection=com.shoppingbackend.model.OrderDetail.orderItems, querySpaceUid=&lt;gen:2&gt;, path=com.shoppingbackend.model.OrderDetail.orderItems)
             - (collection element) CollectionFetchableElementEntityGraph(entity=com.shoppingbackend.model.OrderItem, querySpaceUid=&lt;gen:3&gt;, path=com.shoppingbackend.model.OrderDetail.orderItems.&lt;elements&gt;)
          - EntityAttributeFetchImpl(entity=com.shoppingbackend.model.Address, querySpaceUid=&lt;gen:4&gt;, path=com.shoppingbackend.model.OrderDetail.shipping)
          - EntityAttributeFetchImpl(entity=com.shoppingbackend.model.User, querySpaceUid=&lt;gen:5&gt;, path=com.shoppingbackend.model.OrderDetail.user)
    - QuerySpaces
       - EntityQuerySpaceImpl(uid=&lt;gen:0&gt;, entity=com.shoppingbackend.model.OrderDetail)
          - SQL table alias mapping - orderdetai0_
          - alias suffix - 0_
          - suffixed key columns - {id1_4_0_}

16:32:50.410 [main] DEBUG org.hibernate.loader.entity.plan.EntityLoader - Static select for entity com.shoppingbackend.model.OrderDetail [PESSIMISTIC_FORCE_INCREMENT]: select orderdetai0_.id as id1_4_0_, orderdetai0_.billing_id as billing_5_4_0_, orderdetai0_.order_count as order_co2_4_0_, orderdetai0_.order_date as order_da3_4_0_, orderdetai0_.order_total as order_to4_4_0_, orderdetai0_.shipping_id as shipping6_4_0_, orderdetai0_.user_id as user_id7_4_0_ from order_detail orderdetai0_ where orderdetai0_.id=? for update
16:32:50.410 [main] DEBUG org.hibernate.loader.plan.build.internal.spaces.QuerySpacesImpl - Adding QuerySpace : uid = &lt;gen:0&gt; -&gt; org.hibernate.loader.plan.build.internal.spaces.EntityQuerySpaceImpl@2b98b3bb]
16:32:50.410 [main] DEBUG org.hibernate.persister.walking.spi.MetamodelGraphWalker - Visiting attribute path : billing
16:32:50.410 [main] DEBUG org.hibernate.loader.plan.build.internal.spaces.QuerySpacesImpl - Adding QuerySpace : uid = &lt;gen:1&gt; -&gt; org.hibernate.loader.plan.build.internal.spaces.EntityQuerySpaceImpl@50a691d3]
16:32:50.410 [main] DEBUG org.hibernate.persister.walking.spi.MetamodelGraphWalker - Visiting attribute path : orderCount
16:32:50.410 [main] DEBUG org.hibernate.persister.walking.spi.MetamodelGraphWalker - Visiting attribute path : orderDate
16:32:50.410 [main] DEBUG org.hibernate.persister.walking.spi.MetamodelGraphWalker - Visiting attribute path : orderItems
16:32:50.410 [main] DEBUG org.hibernate.loader.plan.build.internal.spaces.QuerySpacesImpl - Adding QuerySpace : uid = &lt;gen:2&gt; -&gt; org.hibernate.loader.plan.build.internal.spaces.CollectionQuerySpaceImpl@557eb543]
16:32:50.411 [main] DEBUG org.hibernate.loader.plan.build.internal.spaces.QuerySpacesImpl - Adding QuerySpace : uid = &lt;gen:3&gt; -&gt; org.hibernate.loader.plan.build.internal.spaces.EntityQuerySpaceImpl@3b95d13c]
16:32:50.411 [main] DEBUG org.hibernate.persister.walking.spi.MetamodelGraphWalker - Visiting attribute path : orderTotal
16:32:50.411 [main] DEBUG org.hibernate.persister.walking.spi.MetamodelGraphWalker - Visiting attribute path : shipping
16:32:50.411 [main] DEBUG org.hibernate.loader.plan.build.internal.spaces.QuerySpacesImpl - Adding QuerySpace : uid = &lt;gen:4&gt; -&gt; org.hibernate.loader.plan.build.internal.spaces.EntityQuerySpaceImpl@3730ab42]
16:32:50.411 [main] DEBUG org.hibernate.persister.walking.spi.MetamodelGraphWalker - Visiting attribute path : user
16:32:50.411 [main] DEBUG org.hibernate.loader.plan.build.internal.spaces.QuerySpacesImpl - Adding QuerySpace : uid = &lt;gen:5&gt; -&gt; org.hibernate.loader.plan.build.internal.spaces.EntityQuerySpaceImpl@537c8c7e]
16:32:50.411 [main] DEBUG org.hibernate.loader.plan.build.internal.FetchStyleLoadPlanBuildingAssociationVisitationStrategy - Building LoadPlan...
16:32:50.411 [main] DEBUG org.hibernate.loader.plan.exec.internal.LoadQueryJoinAndFetchProcessor - processing queryspace &lt;gen:0&gt;
16:32:50.411 [main] DEBUG org.hibernate.loader.plan.build.spi.LoadPlanTreePrinter - LoadPlan(entity=com.shoppingbackend.model.OrderDetail)
    - Returns
       - EntityReturnImpl(entity=com.shoppingbackend.model.OrderDetail, querySpaceUid=&lt;gen:0&gt;, path=com.shoppingbackend.model.OrderDetail)
          - EntityAttributeFetchImpl(entity=com.shoppingbackend.model.Address, querySpaceUid=&lt;gen:1&gt;, path=com.shoppingbackend.model.OrderDetail.billing)
          - CollectionAttributeFetchImpl(collection=com.shoppingbackend.model.OrderDetail.orderItems, querySpaceUid=&lt;gen:2&gt;, path=com.shoppingbackend.model.OrderDetail.orderItems)
             - (collection element) CollectionFetchableElementEntityGraph(entity=com.shoppingbackend.model.OrderItem, querySpaceUid=&lt;gen:3&gt;, path=com.shoppingbackend.model.OrderDetail.orderItems.&lt;elements&gt;)
          - EntityAttributeFetchImpl(entity=com.shoppingbackend.model.Address, querySpaceUid=&lt;gen:4&gt;, path=com.shoppingbackend.model.OrderDetail.shipping)
          - EntityAttributeFetchImpl(entity=com.shoppingbackend.model.User, querySpaceUid=&lt;gen:5&gt;, path=com.shoppingbackend.model.OrderDetail.user)
    - QuerySpaces
       - EntityQuerySpaceImpl(uid=&lt;gen:0&gt;, entity=com.shoppingbackend.model.OrderDetail)
          - SQL table alias mapping - orderdetai0_
          - alias suffix - 0_
          - suffixed key columns - {id1_4_0_}

16:32:50.412 [main] DEBUG org.hibernate.loader.entity.plan.EntityLoader - Static select for entity com.shoppingbackend.model.OrderDetail [OPTIMISTIC]: select orderdetai0_.id as id1_4_0_, orderdetai0_.billing_id as billing_5_4_0_, orderdetai0_.order_count as order_co2_4_0_, orderdetai0_.order_date as order_da3_4_0_, orderdetai0_.order_total as order_to4_4_0_, orderdetai0_.shipping_id as shipping6_4_0_, orderdetai0_.user_id as user_id7_4_0_ from order_detail orderdetai0_ where orderdetai0_.id=?
16:32:50.412 [main] DEBUG org.hibernate.loader.plan.build.internal.spaces.QuerySpacesImpl - Adding QuerySpace : uid = &lt;gen:0&gt; -&gt; org.hibernate.loader.plan.build.internal.spaces.EntityQuerySpaceImpl@7308ffff]
16:32:50.412 [main] DEBUG org.hibernate.persister.walking.spi.MetamodelGraphWalker - Visiting attribute path : billing
16:32:50.412 [main] DEBUG org.hibernate.loader.plan.build.internal.spaces.QuerySpacesImpl - Adding QuerySpace : uid = &lt;gen:1&gt; -&gt; org.hibernate.loader.plan.build.internal.spaces.EntityQuerySpaceImpl@54d901aa]
16:32:50.412 [main] DEBUG org.hibernate.persister.walking.spi.MetamodelGraphWalker - Visiting attribute path : orderCount
16:32:50.412 [main] DEBUG org.hibernate.persister.walking.spi.MetamodelGraphWalker - Visiting attribute path : orderDate
16:32:50.412 [main] DEBUG org.hibernate.persister.walking.spi.MetamodelGraphWalker - Visiting attribute path : orderItems
16:32:50.412 [main] DEBUG org.hibernate.loader.plan.build.internal.spaces.QuerySpacesImpl - Adding QuerySpace : uid = &lt;gen:2&gt; -&gt; org.hibernate.loader.plan.build.internal.spaces.CollectionQuerySpaceImpl@63716833]
16:32:50.412 [main] DEBUG org.hibernate.loader.plan.build.internal.spaces.QuerySpacesImpl - Adding QuerySpace : uid = &lt;gen:3&gt; -&gt; org.hibernate.loader.plan.build.internal.spaces.EntityQuerySpaceImpl@573284a5]
16:32:50.412 [main] DEBUG org.hibernate.persister.walking.spi.MetamodelGraphWalker - Visiting attribute path : orderTotal
16:32:50.412 [main] DEBUG org.hibernate.persister.walking.spi.MetamodelGraphWalker - Visiting attribute path : shipping
16:32:50.412 [main] DEBUG org.hibernate.loader.plan.build.internal.spaces.QuerySpacesImpl - Adding QuerySpace : uid = &lt;gen:4&gt; -&gt; org.hibernate.loader.plan.build.internal.spaces.EntityQuerySpaceImpl@3fbfbf84]
16:32:50.412 [main] DEBUG org.hibernate.persister.walking.spi.MetamodelGraphWalker - Visiting attribute path : user
16:32:50.412 [main] DEBUG org.hibernate.loader.plan.build.internal.spaces.QuerySpacesImpl - Adding QuerySpace : uid = &lt;gen:5&gt; -&gt; org.hibernate.loader.plan.build.internal.spaces.EntityQuerySpaceImpl@23f72d88]
16:32:50.412 [main] DEBUG org.hibernate.loader.plan.build.internal.FetchStyleLoadPlanBuildingAssociationVisitationStrategy - Building LoadPlan...
16:32:50.412 [main] DEBUG org.hibernate.loader.plan.exec.internal.LoadQueryJoinAndFetchProcessor - processing queryspace &lt;gen:0&gt;
16:32:50.413 [main] DEBUG org.hibernate.loader.plan.build.spi.LoadPlanTreePrinter - LoadPlan(entity=com.shoppingbackend.model.OrderDetail)
    - Returns
       - EntityReturnImpl(entity=com.shoppingbackend.model.OrderDetail, querySpaceUid=&lt;gen:0&gt;, path=com.shoppingbackend.model.OrderDetail)
          - EntityAttributeFetchImpl(entity=com.shoppingbackend.model.Address, querySpaceUid=&lt;gen:1&gt;, path=com.shoppingbackend.model.OrderDetail.billing)
          - CollectionAttributeFetchImpl(collection=com.shoppingbackend.model.OrderDetail.orderItems, querySpaceUid=&lt;gen:2&gt;, path=com.shoppingbackend.model.OrderDetail.orderItems)
             - (collection element) CollectionFetchableElementEntityGraph(entity=com.shoppingbackend.model.OrderItem, querySpaceUid=&lt;gen:3&gt;, path=com.shoppingbackend.model.OrderDetail.orderItems.&lt;elements&gt;)
          - EntityAttributeFetchImpl(entity=com.shoppingbackend.model.Address, querySpaceUid=&lt;gen:4&gt;, path=com.shoppingbackend.model.OrderDetail.shipping)
          - EntityAttributeFetchImpl(entity=com.shoppingbackend.model.User, querySpaceUid=&lt;gen:5&gt;, path=com.shoppingbackend.model.OrderDetail.user)
    - QuerySpaces
       - EntityQuerySpaceImpl(uid=&lt;gen:0&gt;, entity=com.shoppingbackend.model.OrderDetail)
          - SQL table alias mapping - orderdetai0_
          - alias suffix - 0_
          - suffixed key columns - {id1_4_0_}

16:32:50.413 [main] DEBUG org.hibernate.loader.entity.plan.EntityLoader - Static select for entity com.shoppingbackend.model.OrderDetail [OPTIMISTIC_FORCE_INCREMENT]: select orderdetai0_.id as id1_4_0_, orderdetai0_.billing_id as billing_5_4_0_, orderdetai0_.order_count as order_co2_4_0_, orderdetai0_.order_date as order_da3_4_0_, orderdetai0_.order_total as order_to4_4_0_, orderdetai0_.shipping_id as shipping6_4_0_, orderdetai0_.user_id as user_id7_4_0_ from order_detail orderdetai0_ where orderdetai0_.id=?
16:32:50.413 [main] DEBUG org.hibernate.loader.Loader - Static select for action ACTION_MERGE on entity com.shoppingbackend.model.OrderDetail: select orderdetai0_.id as id1_4_1_, orderdetai0_.billing_id as billing_5_4_1_, orderdetai0_.order_count as order_co2_4_1_, orderdetai0_.order_date as order_da3_4_1_, orderdetai0_.order_total as order_to4_4_1_, orderdetai0_.shipping_id as shipping6_4_1_, orderdetai0_.user_id as user_id7_4_1_, orderitems1_.order_id as order_id5_5_3_, orderitems1_.id as id1_5_3_, orderitems1_.id as id1_5_0_, orderitems1_.buying_price as buying_p2_5_0_, orderitems1_.order_id as order_id5_5_0_, orderitems1_.product_id as product_6_5_0_, orderitems1_.product_count as product_3_5_0_, orderitems1_.total as total4_5_0_ from order_detail orderdetai0_ left outer join order_item orderitems1_ on orderdetai0_.id=orderitems1_.order_id where orderdetai0_.id=?
16:32:50.414 [main] DEBUG org.hibernate.loader.Loader - Static select for action ACTION_REFRESH on entity com.shoppingbackend.model.OrderDetail: select orderdetai0_.id as id1_4_1_, orderdetai0_.billing_id as billing_5_4_1_, orderdetai0_.order_count as order_co2_4_1_, orderdetai0_.order_date as order_da3_4_1_, orderdetai0_.order_total as order_to4_4_1_, orderdetai0_.shipping_id as shipping6_4_1_, orderdetai0_.user_id as user_id7_4_1_, orderitems1_.order_id as order_id5_5_3_, orderitems1_.id as id1_5_3_, orderitems1_.id as id1_5_0_, orderitems1_.buying_price as buying_p2_5_0_, orderitems1_.order_id as order_id5_5_0_, orderitems1_.product_id as product_6_5_0_, orderitems1_.product_count as product_3_5_0_, orderitems1_.total as total4_5_0_ from order_detail orderdetai0_ left outer join order_item orderitems1_ on orderdetai0_.id=orderitems1_.order_id where orderdetai0_.id=?
16:32:50.414 [main] DEBUG org.hibernate.persister.entity.AbstractEntityPersister - Static SQL for entity: com.shoppingbackend.model.CartLine
16:32:50.414 [main] DEBUG org.hibernate.persister.entity.AbstractEntityPersister -  Version select: select id from cart_line where id =?
16:32:50.414 [main] DEBUG org.hibernate.persister.entity.AbstractEntityPersister -  Snapshot select: select cartline_.id, cartline_.is_available as is_avail2_2_, cartline_.buying_price as buying_p3_2_, cartline_.cart_id as cart_id4_2_, cartline_.product_id as product_7_2_, cartline_.product_count as product_5_2_, cartline_.total as total6_2_ from cart_line cartline_ where cartline_.id=?
16:32:50.414 [main] DEBUG org.hibernate.persister.entity.AbstractEntityPersister -  Insert 0: insert into cart_line (is_available, buying_price, cart_id, product_id, product_count, total, id) values (?, ?, ?, ?, ?, ?, ?)
16:32:50.414 [main] DEBUG org.hibernate.persister.entity.AbstractEntityPersister -  Update 0: update cart_line set is_available=?, buying_price=?, cart_id=?, product_id=?, product_count=?, total=? where id=?
16:32:50.414 [main] DEBUG org.hibernate.persister.entity.AbstractEntityPersister -  Delete 0: delete from cart_line where id=?
16:32:50.414 [main] DEBUG org.hibernate.persister.entity.AbstractEntityPersister -  Identity insert: insert into cart_line (id, is_available, buying_price, cart_id, product_id, product_count, total) values (null, ?, ?, ?, ?, ?, ?)
16:32:50.415 [main] DEBUG org.hibernate.loader.plan.build.internal.spaces.QuerySpacesImpl - Adding QuerySpace : uid = &lt;gen:0&gt; -&gt; org.hibernate.loader.plan.build.internal.spaces.EntityQuerySpaceImpl@4bafe935]
16:32:50.415 [main] DEBUG org.hibernate.persister.walking.spi.MetamodelGraphWalker - Visiting attribute path : available
16:32:50.415 [main] DEBUG org.hibernate.persister.walking.spi.MetamodelGraphWalker - Visiting attribute path : buyingPrice
16:32:50.415 [main] DEBUG org.hibernate.persister.walking.spi.MetamodelGraphWalker - Visiting attribute path : cartId
16:32:50.415 [main] DEBUG org.hibernate.persister.walking.spi.MetamodelGraphWalker - Visiting attribute path : product
16:32:50.415 [main] DEBUG org.hibernate.loader.plan.build.internal.spaces.QuerySpacesImpl - Adding QuerySpace : uid = &lt;gen:1&gt; -&gt; org.hibernate.loader.plan.build.internal.spaces.EntityQuerySpaceImpl@4a7a965d]
16:32:50.415 [main] DEBUG org.hibernate.persister.walking.spi.MetamodelGraphWalker - Visiting attribute path : product.active
16:32:50.415 [main] DEBUG org.hibernate.persister.walking.spi.MetamodelGraphWalker - Visiting attribute path : product.brand
16:32:50.415 [main] DEBUG org.hibernate.persister.walking.spi.MetamodelGraphWalker - Visiting attribute path : product.categoryId
16:32:50.415 [main] DEBUG org.hibernate.persister.walking.spi.MetamodelGraphWalker - Visiting attribute path : product.code
16:32:50.415 [main] DEBUG org.hibernate.persister.walking.spi.MetamodelGraphWalker - Visiting attribute path : product.description
16:32:50.415 [main] DEBUG org.hibernate.persister.walking.spi.MetamodelGraphWalker - Visiting attribute path : product.name
16:32:50.415 [main] DEBUG org.hibernate.persister.walking.spi.MetamodelGraphWalker - Visiting attribute path : product.purchases
16:32:50.415 [main] DEBUG org.hibernate.persister.walking.spi.MetamodelGraphWalker - Visiting attribute path : product.quantity
16:32:50.415 [main] DEBUG org.hibernate.persister.walking.spi.MetamodelGraphWalker - Visiting attribute path : product.supplierId
16:32:50.415 [main] DEBUG org.hibernate.persister.walking.spi.MetamodelGraphWalker - Visiting attribute path : product.unitPrice
16:32:50.415 [main] DEBUG org.hibernate.persister.walking.spi.MetamodelGraphWalker - Visiting attribute path : product.views
16:32:50.415 [main] DEBUG org.hibernate.persister.walking.spi.MetamodelGraphWalker - Visiting attribute path : productCount
16:32:50.415 [main] DEBUG org.hibernate.persister.walking.spi.MetamodelGraphWalker - Visiting attribute path : total
16:32:50.415 [main] DEBUG org.hibernate.loader.plan.build.internal.FetchStyleLoadPlanBuildingAssociationVisitationStrategy - Building LoadPlan...
16:32:50.416 [main] DEBUG org.hibernate.loader.plan.exec.internal.LoadQueryJoinAndFetchProcessor - processing queryspace &lt;gen:0&gt;
16:32:50.416 [main] DEBUG org.hibernate.loader.plan.build.spi.LoadPlanTreePrinter - LoadPlan(entity=com.shoppingbackend.model.CartLine)
    - Returns
       - EntityReturnImpl(entity=com.shoppingbackend.model.CartLine, querySpaceUid=&lt;gen:0&gt;, path=com.shoppingbackend.model.CartLine)
          - EntityAttributeFetchImpl(entity=com.shoppingbackend.model.Product, querySpaceUid=&lt;gen:1&gt;, path=com.shoppingbackend.model.CartLine.product)
    - QuerySpaces
       - EntityQuerySpaceImpl(uid=&lt;gen:0&gt;, entity=com.shoppingbackend.model.CartLine)
          - SQL table alias mapping - cartline0_
          - alias suffix - 0_
          - suffixed key columns - {id1_2_0_}
          - JOIN (JoinDefinedByMetadata(product)) : &lt;gen:0&gt; -&gt; &lt;gen:1&gt;
             - EntityQuerySpaceImpl(uid=&lt;gen:1&gt;, entity=com.shoppingbackend.model.Product)
                - SQL table alias mapping - product1_
                - alias suffix - 1_
                - suffixed key columns - {id1_6_1_}

16:32:50.416 [main] DEBUG org.hibernate.loader.entity.plan.EntityLoader - Static select for entity com.shoppingbackend.model.CartLine [NONE]: select cartline0_.id as id1_2_0_, cartline0_.is_available as is_avail2_2_0_, cartline0_.buying_price as buying_p3_2_0_, cartline0_.cart_id as cart_id4_2_0_, cartline0_.product_id as product_7_2_0_, cartline0_.product_count as product_5_2_0_, cartline0_.total as total6_2_0_, product1_.id as id1_6_1_, product1_.is_active as is_activ2_6_1_, product1_.brand as brand3_6_1_, product1_.category_id as category4_6_1_, product1_.code as code5_6_1_, product1_.description as descript6_6_1_, product1_.name as name7_6_1_, product1_.purchases as purchase8_6_1_, product1_.quantity as quantity9_6_1_, product1_.supplier_id as supplie10_6_1_, product1_.unit_price as unit_pr11_6_1_, product1_.views as views12_6_1_ from cart_line cartline0_ left outer join Product product1_ on cartline0_.product_id=product1_.id where cartline0_.id=?
16:32:50.416 [main] DEBUG org.hibernate.loader.plan.build.internal.spaces.QuerySpacesImpl - Adding QuerySpace : uid = &lt;gen:0&gt; -&gt; org.hibernate.loader.plan.build.internal.spaces.EntityQuerySpaceImpl@64a9d48c]
16:32:50.416 [main] DEBUG org.hibernate.persister.walking.spi.MetamodelGraphWalker - Visiting attribute path : available
16:32:50.416 [main] DEBUG org.hibernate.persister.walking.spi.MetamodelGraphWalker - Visiting attribute path : buyingPrice
16:32:50.416 [main] DEBUG org.hibernate.persister.walking.spi.MetamodelGraphWalker - Visiting attribute path : cartId
16:32:50.416 [main] DEBUG org.hibernate.persister.walking.spi.MetamodelGraphWalker - Visiting attribute path : product
16:32:50.416 [main] DEBUG org.hibernate.loader.plan.build.internal.spaces.QuerySpacesImpl - Adding QuerySpace : uid = &lt;gen:1&gt; -&gt; org.hibernate.loader.plan.build.internal.spaces.EntityQuerySpaceImpl@288cdaab]
16:32:50.417 [main] DEBUG org.hibernate.persister.walking.spi.MetamodelGraphWalker - Visiting attribute path : product.active
16:32:50.417 [main] DEBUG org.hibernate.persister.walking.spi.MetamodelGraphWalker - Visiting attribute path : product.brand
16:32:50.417 [main] DEBUG org.hibernate.persister.walking.spi.MetamodelGraphWalker - Visiting attribute path : product.categoryId
16:32:50.417 [main] DEBUG org.hibernate.persister.walking.spi.MetamodelGraphWalker - Visiting attribute path : product.code
16:32:50.417 [main] DEBUG org.hibernate.persister.walking.spi.MetamodelGraphWalker - Visiting attribute path : product.description
16:32:50.417 [main] DEBUG org.hibernate.persister.walking.spi.MetamodelGraphWalker - Visiting attribute path : product.name
16:32:50.417 [main] DEBUG org.hibernate.persister.walking.spi.MetamodelGraphWalker - Visiting attribute path : product.purchases
16:32:50.417 [main] DEBUG org.hibernate.persister.walking.spi.MetamodelGraphWalker - Visiting attribute path : product.quantity
16:32:50.417 [main] DEBUG org.hibernate.persister.walking.spi.MetamodelGraphWalker - Visiting attribute path : product.supplierId
16:32:50.417 [main] DEBUG org.hibernate.persister.walking.spi.MetamodelGraphWalker - Visiting attribute path : product.unitPrice
16:32:50.417 [main] DEBUG org.hibernate.persister.walking.spi.MetamodelGraphWalker - Visiting attribute path : product.views
16:32:50.417 [main] DEBUG org.hibernate.persister.walking.spi.MetamodelGraphWalker - Visiting attribute path : productCount
16:32:50.417 [main] DEBUG org.hibernate.persister.walking.spi.MetamodelGraphWalker - Visiting attribute path : total
16:32:50.417 [main] DEBUG org.hibernate.loader.plan.build.internal.FetchStyleLoadPlanBuildingAssociationVisitationStrategy - Building LoadPlan...
16:32:50.417 [main] DEBUG org.hibernate.loader.plan.exec.internal.LoadQueryJoinAndFetchProcessor - processing queryspace &lt;gen:0&gt;
16:32:50.417 [main] DEBUG org.hibernate.loader.plan.build.spi.LoadPlanTreePrinter - LoadPlan(entity=com.shoppingbackend.model.CartLine)
    - Returns
       - EntityReturnImpl(entity=com.shoppingbackend.model.CartLine, querySpaceUid=&lt;gen:0&gt;, path=com.shoppingbackend.model.CartLine)
          - EntityAttributeFetchImpl(entity=com.shoppingbackend.model.Product, querySpaceUid=&lt;gen:1&gt;, path=com.shoppingbackend.model.CartLine.product)
    - QuerySpaces
       - EntityQuerySpaceImpl(uid=&lt;gen:0&gt;, entity=com.shoppingbackend.model.CartLine)
          - SQL table alias mapping - cartline0_
          - alias suffix - 0_
          - suffixed key columns - {id1_2_0_}
          - JOIN (JoinDefinedByMetadata(product)) : &lt;gen:0&gt; -&gt; &lt;gen:1&gt;
             - EntityQuerySpaceImpl(uid=&lt;gen:1&gt;, entity=com.shoppingbackend.model.Product)
                - SQL table alias mapping - product1_
                - alias suffix - 1_
                - suffixed key columns - {id1_6_1_}

16:32:50.417 [main] DEBUG org.hibernate.loader.entity.plan.EntityLoader - Static select for entity com.shoppingbackend.model.CartLine [READ]: select cartline0_.id as id1_2_0_, cartline0_.is_available as is_avail2_2_0_, cartline0_.buying_price as buying_p3_2_0_, cartline0_.cart_id as cart_id4_2_0_, cartline0_.product_id as product_7_2_0_, cartline0_.product_count as product_5_2_0_, cartline0_.total as total6_2_0_, product1_.id as id1_6_1_, product1_.is_active as is_activ2_6_1_, product1_.brand as brand3_6_1_, product1_.category_id as category4_6_1_, product1_.code as code5_6_1_, product1_.description as descript6_6_1_, product1_.name as name7_6_1_, product1_.purchases as purchase8_6_1_, product1_.quantity as quantity9_6_1_, product1_.supplier_id as supplie10_6_1_, product1_.unit_price as unit_pr11_6_1_, product1_.views as views12_6_1_ from cart_line cartline0_ left outer join Product product1_ on cartline0_.product_id=product1_.id where cartline0_.id=?
16:32:50.418 [main] DEBUG org.hibernate.loader.plan.build.internal.spaces.QuerySpacesImpl - Adding QuerySpace : uid = &lt;gen:0&gt; -&gt; org.hibernate.loader.plan.build.internal.spaces.EntityQuerySpaceImpl@99407c2]
16:32:50.419 [main] DEBUG org.hibernate.persister.walking.spi.MetamodelGraphWalker - Visiting attribute path : available
16:32:50.419 [main] DEBUG org.hibernate.persister.walking.spi.MetamodelGraphWalker - Visiting attribute path : buyingPrice
16:32:50.419 [main] DEBUG org.hibernate.persister.walking.spi.MetamodelGraphWalker - Visiting attribute path : cartId
16:32:50.419 [main] DEBUG org.hibernate.persister.walking.spi.MetamodelGraphWalker - Visiting attribute path : product
16:32:50.419 [main] DEBUG org.hibernate.loader.plan.build.internal.spaces.QuerySpacesImpl - Adding QuerySpace : uid = &lt;gen:1&gt; -&gt; org.hibernate.loader.plan.build.internal.spaces.EntityQuerySpaceImpl@226eba67]
16:32:50.419 [main] DEBUG org.hibernate.persister.walking.spi.MetamodelGraphWalker - Visiting attribute path : productCount
16:32:50.419 [main] DEBUG org.hibernate.persister.walking.spi.MetamodelGraphWalker - Visiting attribute path : total
16:32:50.419 [main] DEBUG org.hibernate.loader.plan.build.internal.FetchStyleLoadPlanBuildingAssociationVisitationStrategy - Building LoadPlan...
16:32:50.419 [main] DEBUG org.hibernate.loader.plan.exec.internal.LoadQueryJoinAndFetchProcessor - processing queryspace &lt;gen:0&gt;
16:32:50.420 [main] DEBUG org.hibernate.loader.plan.build.spi.LoadPlanTreePrinter - LoadPlan(entity=com.shoppingbackend.model.CartLine)
    - Returns
       - EntityReturnImpl(entity=com.shoppingbackend.model.CartLine, querySpaceUid=&lt;gen:0&gt;, path=com.shoppingbackend.model.CartLine)
          - EntityAttributeFetchImpl(entity=com.shoppingbackend.model.Product, querySpaceUid=&lt;gen:1&gt;, path=com.shoppingbackend.model.CartLine.product)
    - QuerySpaces
       - EntityQuerySpaceImpl(uid=&lt;gen:0&gt;, entity=com.shoppingbackend.model.CartLine)
          - SQL table alias mapping - cartline0_
          - alias suffix - 0_
          - suffixed key columns - {id1_2_0_}

16:32:50.420 [main] DEBUG org.hibernate.loader.entity.plan.EntityLoader - Static select for entity com.shoppingbackend.model.CartLine [UPGRADE]: select cartline0_.id as id1_2_0_, cartline0_.is_available as is_avail2_2_0_, cartline0_.buying_price as buying_p3_2_0_, cartline0_.cart_id as cart_id4_2_0_, cartline0_.product_id as product_7_2_0_, cartline0_.product_count as product_5_2_0_, cartline0_.total as total6_2_0_ from cart_line cartline0_ where cartline0_.id=? for update
16:32:50.420 [main] DEBUG org.hibernate.loader.plan.build.internal.spaces.QuerySpacesImpl - Adding QuerySpace : uid = &lt;gen:0&gt; -&gt; org.hibernate.loader.plan.build.internal.spaces.EntityQuerySpaceImpl@1cb7936c]
16:32:50.420 [main] DEBUG org.hibernate.persister.walking.spi.MetamodelGraphWalker - Visiting attribute path : available
16:32:50.420 [main] DEBUG org.hibernate.persister.walking.spi.MetamodelGraphWalker - Visiting attribute path : buyingPrice
16:32:50.420 [main] DEBUG org.hibernate.persister.walking.spi.MetamodelGraphWalker - Visiting attribute path : cartId
16:32:50.420 [main] DEBUG org.hibernate.persister.walking.spi.MetamodelGraphWalker - Visiting attribute path : product
16:32:50.420 [main] DEBUG org.hibernate.loader.plan.build.internal.spaces.QuerySpacesImpl - Adding QuerySpace : uid = &lt;gen:1&gt; -&gt; org.hibernate.loader.plan.build.internal.spaces.EntityQuerySpaceImpl@128c502c]
16:32:50.420 [main] DEBUG org.hibernate.persister.walking.spi.MetamodelGraphWalker - Visiting attribute path : productCount
16:32:50.420 [main] DEBUG org.hibernate.persister.walking.spi.MetamodelGraphWalker - Visiting attribute path : total
16:32:50.420 [main] DEBUG org.hibernate.loader.plan.build.internal.FetchStyleLoadPlanBuildingAssociationVisitationStrategy - Building LoadPlan...
16:32:50.421 [main] DEBUG org.hibernate.loader.plan.exec.internal.LoadQueryJoinAndFetchProcessor - processing queryspace &lt;gen:0&gt;
16:32:50.421 [main] DEBUG org.hibernate.loader.plan.build.spi.LoadPlanTreePrinter - LoadPlan(entity=com.shoppingbackend.model.CartLine)
    - Returns
       - EntityReturnImpl(entity=com.shoppingbackend.model.CartLine, querySpaceUid=&lt;gen:0&gt;, path=com.shoppingbackend.model.CartLine)
          - EntityAttributeFetchImpl(entity=com.shoppingbackend.model.Product, querySpaceUid=&lt;gen:1&gt;, path=com.shoppingbackend.model.CartLine.product)
    - QuerySpaces
       - EntityQuerySpaceImpl(uid=&lt;gen:0&gt;, entity=com.shoppingbackend.model.CartLine)
          - SQL table alias mapping - cartline0_
          - alias suffix - 0_
          - suffixed key columns - {id1_2_0_}

16:32:50.421 [main] DEBUG org.hibernate.loader.entity.plan.EntityLoader - Static select for entity com.shoppingbackend.model.CartLine [UPGRADE_NOWAIT]: select cartline0_.id as id1_2_0_, cartline0_.is_available as is_avail2_2_0_, cartline0_.buying_price as buying_p3_2_0_, cartline0_.cart_id as cart_id4_2_0_, cartline0_.product_id as product_7_2_0_, cartline0_.product_count as product_5_2_0_, cartline0_.total as total6_2_0_ from cart_line cartline0_ where cartline0_.id=? for update
16:32:50.421 [main] DEBUG org.hibernate.loader.plan.build.internal.spaces.QuerySpacesImpl - Adding QuerySpace : uid = &lt;gen:0&gt; -&gt; org.hibernate.loader.plan.build.internal.spaces.EntityQuerySpaceImpl@45667d98]
16:32:50.421 [main] DEBUG org.hibernate.persister.walking.spi.MetamodelGraphWalker - Visiting attribute path : available
16:32:50.421 [main] DEBUG org.hibernate.persister.walking.spi.MetamodelGraphWalker - Visiting attribute path : buyingPrice
16:32:50.421 [main] DEBUG org.hibernate.persister.walking.spi.MetamodelGraphWalker - Visiting attribute path : cartId
16:32:50.421 [main] DEBUG org.hibernate.persister.walking.spi.MetamodelGraphWalker - Visiting attribute path : product
16:32:50.421 [main] DEBUG org.hibernate.loader.plan.build.internal.spaces.QuerySpacesImpl - Adding QuerySpace : uid = &lt;gen:1&gt; -&gt; org.hibernate.loader.plan.build.internal.spaces.EntityQuerySpaceImpl@7123be6c]
16:32:50.421 [main] DEBUG org.hibernate.persister.walking.spi.MetamodelGraphWalker - Visiting attribute path : productCount
16:32:50.421 [main] DEBUG org.hibernate.persister.walking.spi.MetamodelGraphWalker - Visiting attribute path : total
16:32:50.421 [main] DEBUG org.hibernate.loader.plan.build.internal.FetchStyleLoadPlanBuildingAssociationVisitationStrategy - Building LoadPlan...
16:32:50.422 [main] DEBUG org.hibernate.loader.plan.exec.internal.LoadQueryJoinAndFetchProcessor - processing queryspace &lt;gen:0&gt;
16:32:50.422 [main] DEBUG org.hibernate.loader.plan.build.spi.LoadPlanTreePrinter - LoadPlan(entity=com.shoppingbackend.model.CartLine)
    - Returns
       - EntityReturnImpl(entity=com.shoppingbackend.model.CartLine, querySpaceUid=&lt;gen:0&gt;, path=com.shoppingbackend.model.CartLine)
          - EntityAttributeFetchImpl(entity=com.shoppingbackend.model.Product, querySpaceUid=&lt;gen:1&gt;, path=com.shoppingbackend.model.CartLine.product)
    - QuerySpaces
       - EntityQuerySpaceImpl(uid=&lt;gen:0&gt;, entity=com.shoppingbackend.model.CartLine)
          - SQL table alias mapping - cartline0_
          - alias suffix - 0_
          - suffixed key columns - {id1_2_0_}

16:32:50.422 [main] DEBUG org.hibernate.loader.entity.plan.EntityLoader - Static select for entity com.shoppingbackend.model.CartLine [UPGRADE_SKIPLOCKED]: select cartline0_.id as id1_2_0_, cartline0_.is_available as is_avail2_2_0_, cartline0_.buying_price as buying_p3_2_0_, cartline0_.cart_id as cart_id4_2_0_, cartline0_.product_id as product_7_2_0_, cartline0_.product_count as product_5_2_0_, cartline0_.total as total6_2_0_ from cart_line cartline0_ where cartline0_.id=? for update
16:32:50.422 [main] DEBUG org.hibernate.loader.plan.build.internal.spaces.QuerySpacesImpl - Adding QuerySpace : uid = &lt;gen:0&gt; -&gt; org.hibernate.loader.plan.build.internal.spaces.EntityQuerySpaceImpl@1de9d54]
16:32:50.422 [main] DEBUG org.hibernate.persister.walking.spi.MetamodelGraphWalker - Visiting attribute path : available
16:32:50.422 [main] DEBUG org.hibernate.persister.walking.spi.MetamodelGraphWalker - Visiting attribute path : buyingPrice
16:32:50.422 [main] DEBUG org.hibernate.persister.walking.spi.MetamodelGraphWalker - Visiting attribute path : cartId
16:32:50.422 [main] DEBUG org.hibernate.persister.walking.spi.MetamodelGraphWalker - Visiting attribute path : product
16:32:50.422 [main] DEBUG org.hibernate.loader.plan.build.internal.spaces.QuerySpacesImpl - Adding QuerySpace : uid = &lt;gen:1&gt; -&gt; org.hibernate.loader.plan.build.internal.spaces.EntityQuerySpaceImpl@47ad69f7]
16:32:50.423 [main] DEBUG org.hibernate.persister.walking.spi.MetamodelGraphWalker - Visiting attribute path : productCount
16:32:50.423 [main] DEBUG org.hibernate.persister.walking.spi.MetamodelGraphWalker - Visiting attribute path : total
16:32:50.423 [main] DEBUG org.hibernate.loader.plan.build.internal.FetchStyleLoadPlanBuildingAssociationVisitationStrategy - Building LoadPlan...
16:32:50.423 [main] DEBUG org.hibernate.loader.plan.exec.internal.LoadQueryJoinAndFetchProcessor - processing queryspace &lt;gen:0&gt;
16:32:50.423 [main] DEBUG org.hibernate.loader.plan.build.spi.LoadPlanTreePrinter - LoadPlan(entity=com.shoppingbackend.model.CartLine)
    - Returns
       - EntityReturnImpl(entity=com.shoppingbackend.model.CartLine, querySpaceUid=&lt;gen:0&gt;, path=com.shoppingbackend.model.CartLine)
          - EntityAttributeFetchImpl(entity=com.shoppingbackend.model.Product, querySpaceUid=&lt;gen:1&gt;, path=com.shoppingbackend.model.CartLine.product)
    - QuerySpaces
       - EntityQuerySpaceImpl(uid=&lt;gen:0&gt;, entity=com.shoppingbackend.model.CartLine)
          - SQL table alias mapping - cartline0_
          - alias suffix - 0_
          - suffixed key columns - {id1_2_0_}

16:32:50.423 [main] DEBUG org.hibernate.loader.entity.plan.EntityLoader - Static select for entity com.shoppingbackend.model.CartLine [FORCE]: select cartline0_.id as id1_2_0_, cartline0_.is_available as is_avail2_2_0_, cartline0_.buying_price as buying_p3_2_0_, cartline0_.cart_id as cart_id4_2_0_, cartline0_.product_id as product_7_2_0_, cartline0_.product_count as product_5_2_0_, cartline0_.total as total6_2_0_ from cart_line cartline0_ where cartline0_.id=? for update
16:32:50.423 [main] DEBUG org.hibernate.loader.plan.build.internal.spaces.QuerySpacesImpl - Adding QuerySpace : uid = &lt;gen:0&gt; -&gt; org.hibernate.loader.plan.build.internal.spaces.EntityQuerySpaceImpl@2b917fb0]
16:32:50.423 [main] DEBUG org.hibernate.persister.walking.spi.MetamodelGraphWalker - Visiting attribute path : available
16:32:50.423 [main] DEBUG org.hibernate.persister.walking.spi.MetamodelGraphWalker - Visiting attribute path : buyingPrice
16:32:50.423 [main] DEBUG org.hibernate.persister.walking.spi.MetamodelGraphWalker - Visiting attribute path : cartId
16:32:50.423 [main] DEBUG org.hibernate.persister.walking.spi.MetamodelGraphWalker - Visiting attribute path : product
16:32:50.424 [main] DEBUG org.hibernate.loader.plan.build.internal.spaces.QuerySpacesImpl - Adding QuerySpace : uid = &lt;gen:1&gt; -&gt; org.hibernate.loader.plan.build.internal.spaces.EntityQuerySpaceImpl@3c4262d1]
16:32:50.424 [main] DEBUG org.hibernate.persister.walking.spi.MetamodelGraphWalker - Visiting attribute path : productCount
16:32:50.424 [main] DEBUG org.hibernate.persister.walking.spi.MetamodelGraphWalker - Visiting attribute path : total
16:32:50.424 [main] DEBUG org.hibernate.loader.plan.build.internal.FetchStyleLoadPlanBuildingAssociationVisitationStrategy - Building LoadPlan...
16:32:50.424 [main] DEBUG org.hibernate.loader.plan.exec.internal.LoadQueryJoinAndFetchProcessor - processing queryspace &lt;gen:0&gt;
16:32:50.424 [main] DEBUG org.hibernate.loader.plan.build.spi.LoadPlanTreePrinter - LoadPlan(entity=com.shoppingbackend.model.CartLine)
    - Returns
       - EntityReturnImpl(entity=com.shoppingbackend.model.CartLine, querySpaceUid=&lt;gen:0&gt;, path=com.shoppingbackend.model.CartLine)
          - EntityAttributeFetchImpl(entity=com.shoppingbackend.model.Product, querySpaceUid=&lt;gen:1&gt;, path=com.shoppingbackend.model.CartLine.product)
    - QuerySpaces
       - EntityQuerySpaceImpl(uid=&lt;gen:0&gt;, entity=com.shoppingbackend.model.CartLine)
          - SQL table alias mapping - cartline0_
          - alias suffix - 0_
          - suffixed key columns - {id1_2_0_}

16:32:50.424 [main] DEBUG org.hibernate.loader.entity.plan.EntityLoader - Static select for entity com.shoppingbackend.model.CartLine [PESSIMISTIC_READ]: select cartline0_.id as id1_2_0_, cartline0_.is_available as is_avail2_2_0_, cartline0_.buying_price as buying_p3_2_0_, cartline0_.cart_id as cart_id4_2_0_, cartline0_.product_id as product_7_2_0_, cartline0_.product_count as product_5_2_0_, cartline0_.total as total6_2_0_ from cart_line cartline0_ where cartline0_.id=? for update
16:32:50.424 [main] DEBUG org.hibernate.loader.plan.build.internal.spaces.QuerySpacesImpl - Adding QuerySpace : uid = &lt;gen:0&gt; -&gt; org.hibernate.loader.plan.build.internal.spaces.EntityQuerySpaceImpl@100c567f]
16:32:50.425 [main] DEBUG org.hibernate.persister.walking.spi.MetamodelGraphWalker - Visiting attribute path : available
16:32:50.425 [main] DEBUG org.hibernate.persister.walking.spi.MetamodelGraphWalker - Visiting attribute path : buyingPrice
16:32:50.425 [main] DEBUG org.hibernate.persister.walking.spi.MetamodelGraphWalker - Visiting attribute path : cartId
16:32:50.425 [main] DEBUG org.hibernate.persister.walking.spi.MetamodelGraphWalker - Visiting attribute path : product
16:32:50.425 [main] DEBUG org.hibernate.loader.plan.build.internal.spaces.QuerySpacesImpl - Adding QuerySpace : uid = &lt;gen:1&gt; -&gt; org.hibernate.loader.plan.build.internal.spaces.EntityQuerySpaceImpl@6d5037a9]
16:32:50.425 [main] DEBUG org.hibernate.persister.walking.spi.MetamodelGraphWalker - Visiting attribute path : productCount
16:32:50.425 [main] DEBUG org.hibernate.persister.walking.spi.MetamodelGraphWalker - Visiting attribute path : total
16:32:50.425 [main] DEBUG org.hibernate.loader.plan.build.internal.FetchStyleLoadPlanBuildingAssociationVisitationStrategy - Building LoadPlan...
16:32:50.425 [main] DEBUG org.hibernate.loader.plan.exec.internal.LoadQueryJoinAndFetchProcessor - processing queryspace &lt;gen:0&gt;
16:32:50.425 [main] DEBUG org.hibernate.loader.plan.build.spi.LoadPlanTreePrinter - LoadPlan(entity=com.shoppingbackend.model.CartLine)
    - Returns
       - EntityReturnImpl(entity=com.shoppingbackend.model.CartLine, querySpaceUid=&lt;gen:0&gt;, path=com.shoppingbackend.model.CartLine)
          - EntityAttributeFetchImpl(entity=com.shoppingbackend.model.Product, querySpaceUid=&lt;gen:1&gt;, path=com.shoppingbackend.model.CartLine.product)
    - QuerySpaces
       - EntityQuerySpaceImpl(uid=&lt;gen:0&gt;, entity=com.shoppingbackend.model.CartLine)
          - SQL table alias mapping - cartline0_
          - alias suffix - 0_
          - suffixed key columns - {id1_2_0_}

16:32:50.425 [main] DEBUG org.hibernate.loader.entity.plan.EntityLoader - Static select for entity com.shoppingbackend.model.CartLine [PESSIMISTIC_WRITE]: select cartline0_.id as id1_2_0_, cartline0_.is_available as is_avail2_2_0_, cartline0_.buying_price as buying_p3_2_0_, cartline0_.cart_id as cart_id4_2_0_, cartline0_.product_id as product_7_2_0_, cartline0_.product_count as product_5_2_0_, cartline0_.total as total6_2_0_ from cart_line cartline0_ where cartline0_.id=? for update
16:32:50.425 [main] DEBUG org.hibernate.loader.plan.build.internal.spaces.QuerySpacesImpl - Adding QuerySpace : uid = &lt;gen:0&gt; -&gt; org.hibernate.loader.plan.build.internal.spaces.EntityQuerySpaceImpl@422b8438]
16:32:50.426 [main] DEBUG org.hibernate.persister.walking.spi.MetamodelGraphWalker - Visiting attribute path : available
16:32:50.426 [main] DEBUG org.hibernate.persister.walking.spi.MetamodelGraphWalker - Visiting attribute path : buyingPrice
16:32:50.426 [main] DEBUG org.hibernate.persister.walking.spi.MetamodelGraphWalker - Visiting attribute path : cartId
16:32:50.426 [main] DEBUG org.hibernate.persister.walking.spi.MetamodelGraphWalker - Visiting attribute path : product
16:32:50.426 [main] DEBUG org.hibernate.loader.plan.build.internal.spaces.QuerySpacesImpl - Adding QuerySpace : uid = &lt;gen:1&gt; -&gt; org.hibernate.loader.plan.build.internal.spaces.EntityQuerySpaceImpl@629adce]
16:32:50.426 [main] DEBUG org.hibernate.persister.walking.spi.MetamodelGraphWalker - Visiting attribute path : productCount
16:32:50.426 [main] DEBUG org.hibernate.persister.walking.spi.MetamodelGraphWalker - Visiting attribute path : total
16:32:50.426 [main] DEBUG org.hibernate.loader.plan.build.internal.FetchStyleLoadPlanBuildingAssociationVisitationStrategy - Building LoadPlan...
16:32:50.426 [main] DEBUG org.hibernate.loader.plan.exec.internal.LoadQueryJoinAndFetchProcessor - processing queryspace &lt;gen:0&gt;
16:32:50.426 [main] DEBUG org.hibernate.loader.plan.build.spi.LoadPlanTreePrinter - LoadPlan(entity=com.shoppingbackend.model.CartLine)
    - Returns
       - EntityReturnImpl(entity=com.shoppingbackend.model.CartLine, querySpaceUid=&lt;gen:0&gt;, path=com.shoppingbackend.model.CartLine)
          - EntityAttributeFetchImpl(entity=com.shoppingbackend.model.Product, querySpaceUid=&lt;gen:1&gt;, path=com.shoppingbackend.model.CartLine.product)
    - QuerySpaces
       - EntityQuerySpaceImpl(uid=&lt;gen:0&gt;, entity=com.shoppingbackend.model.CartLine)
          - SQL table alias mapping - cartline0_
          - alias suffix - 0_
          - suffixed key columns - {id1_2_0_}

16:32:50.426 [main] DEBUG org.hibernate.loader.entity.plan.EntityLoader - Static select for entity com.shoppingbackend.model.CartLine [PESSIMISTIC_FORCE_INCREMENT]: select cartline0_.id as id1_2_0_, cartline0_.is_available as is_avail2_2_0_, cartline0_.buying_price as buying_p3_2_0_, cartline0_.cart_id as cart_id4_2_0_, cartline0_.product_id as product_7_2_0_, cartline0_.product_count as product_5_2_0_, cartline0_.total as total6_2_0_ from cart_line cartline0_ where cartline0_.id=? for update
16:32:50.426 [main] DEBUG org.hibernate.loader.plan.build.internal.spaces.QuerySpacesImpl - Adding QuerySpace : uid = &lt;gen:0&gt; -&gt; org.hibernate.loader.plan.build.internal.spaces.EntityQuerySpaceImpl@6a282fdd]
16:32:50.426 [main] DEBUG org.hibernate.persister.walking.spi.MetamodelGraphWalker - Visiting attribute path : available
16:32:50.426 [main] DEBUG org.hibernate.persister.walking.spi.MetamodelGraphWalker - Visiting attribute path : buyingPrice
16:32:50.426 [main] DEBUG org.hibernate.persister.walking.spi.MetamodelGraphWalker - Visiting attribute path : cartId
16:32:50.426 [main] DEBUG org.hibernate.persister.walking.spi.MetamodelGraphWalker - Visiting attribute path : product
16:32:50.427 [main] DEBUG org.hibernate.loader.plan.build.internal.spaces.QuerySpacesImpl - Adding QuerySpace : uid = &lt;gen:1&gt; -&gt; org.hibernate.loader.plan.build.internal.spaces.EntityQuerySpaceImpl@70331432]
16:32:50.427 [main] DEBUG org.hibernate.persister.walking.spi.MetamodelGraphWalker - Visiting attribute path : productCount
16:32:50.427 [main] DEBUG org.hibernate.persister.walking.spi.MetamodelGraphWalker - Visiting attribute path : total
16:32:50.427 [main] DEBUG org.hibernate.loader.plan.build.internal.FetchStyleLoadPlanBuildingAssociationVisitationStrategy - Building LoadPlan...
16:32:50.427 [main] DEBUG org.hibernate.loader.plan.exec.internal.LoadQueryJoinAndFetchProcessor - processing queryspace &lt;gen:0&gt;
16:32:50.427 [main] DEBUG org.hibernate.loader.plan.build.spi.LoadPlanTreePrinter - LoadPlan(entity=com.shoppingbackend.model.CartLine)
    - Returns
       - EntityReturnImpl(entity=com.shoppingbackend.model.CartLine, querySpaceUid=&lt;gen:0&gt;, path=com.shoppingbackend.model.CartLine)
          - EntityAttributeFetchImpl(entity=com.shoppingbackend.model.Product, querySpaceUid=&lt;gen:1&gt;, path=com.shoppingbackend.model.CartLine.product)
    - QuerySpaces
       - EntityQuerySpaceImpl(uid=&lt;gen:0&gt;, entity=com.shoppingbackend.model.CartLine)
          - SQL table alias mapping - cartline0_
          - alias suffix - 0_
          - suffixed key columns - {id1_2_0_}

16:32:50.427 [main] DEBUG org.hibernate.loader.entity.plan.EntityLoader - Static select for entity com.shoppingbackend.model.CartLine [OPTIMISTIC]: select cartline0_.id as id1_2_0_, cartline0_.is_available as is_avail2_2_0_, cartline0_.buying_price as buying_p3_2_0_, cartline0_.cart_id as cart_id4_2_0_, cartline0_.product_id as product_7_2_0_, cartline0_.product_count as product_5_2_0_, cartline0_.total as total6_2_0_ from cart_line cartline0_ where cartline0_.id=?
16:32:50.427 [main] DEBUG org.hibernate.loader.plan.build.internal.spaces.QuerySpacesImpl - Adding QuerySpace : uid = &lt;gen:0&gt; -&gt; org.hibernate.loader.plan.build.internal.spaces.EntityQuerySpaceImpl@3bbf9027]
16:32:50.427 [main] DEBUG org.hibernate.persister.walking.spi.MetamodelGraphWalker - Visiting attribute path : available
16:32:50.427 [main] DEBUG org.hibernate.persister.walking.spi.MetamodelGraphWalker - Visiting attribute path : buyingPrice
16:32:50.428 [main] DEBUG org.hibernate.persister.walking.spi.MetamodelGraphWalker - Visiting attribute path : cartId
16:32:50.428 [main] DEBUG org.hibernate.persister.walking.spi.MetamodelGraphWalker - Visiting attribute path : product
16:32:50.428 [main] DEBUG org.hibernate.loader.plan.build.internal.spaces.QuerySpacesImpl - Adding QuerySpace : uid = &lt;gen:1&gt; -&gt; org.hibernate.loader.plan.build.internal.spaces.EntityQuerySpaceImpl@70e13fa]
16:32:50.428 [main] DEBUG org.hibernate.persister.walking.spi.MetamodelGraphWalker - Visiting attribute path : productCount
16:32:50.428 [main] DEBUG org.hibernate.persister.walking.spi.MetamodelGraphWalker - Visiting attribute path : total
16:32:50.428 [main] DEBUG org.hibernate.loader.plan.build.internal.FetchStyleLoadPlanBuildingAssociationVisitationStrategy - Building LoadPlan...
16:32:50.428 [main] DEBUG org.hibernate.loader.plan.exec.internal.LoadQueryJoinAndFetchProcessor - processing queryspace &lt;gen:0&gt;
16:32:50.428 [main] DEBUG org.hibernate.loader.plan.build.spi.LoadPlanTreePrinter - LoadPlan(entity=com.shoppingbackend.model.CartLine)
    - Returns
       - EntityReturnImpl(entity=com.shoppingbackend.model.CartLine, querySpaceUid=&lt;gen:0&gt;, path=com.shoppingbackend.model.CartLine)
          - EntityAttributeFetchImpl(entity=com.shoppingbackend.model.Product, querySpaceUid=&lt;gen:1&gt;, path=com.shoppingbackend.model.CartLine.product)
    - QuerySpaces
       - EntityQuerySpaceImpl(uid=&lt;gen:0&gt;, entity=com.shoppingbackend.model.CartLine)
          - SQL table alias mapping - cartline0_
          - alias suffix - 0_
          - suffixed key columns - {id1_2_0_}

16:32:50.429 [main] DEBUG org.hibernate.loader.entity.plan.EntityLoader - Static select for entity com.shoppingbackend.model.CartLine [OPTIMISTIC_FORCE_INCREMENT]: select cartline0_.id as id1_2_0_, cartline0_.is_available as is_avail2_2_0_, cartline0_.buying_price as buying_p3_2_0_, cartline0_.cart_id as cart_id4_2_0_, cartline0_.product_id as product_7_2_0_, cartline0_.product_count as product_5_2_0_, cartline0_.total as total6_2_0_ from cart_line cartline0_ where cartline0_.id=?
16:32:50.429 [main] DEBUG org.hibernate.loader.Loader - Static select for action ACTION_MERGE on entity com.shoppingbackend.model.CartLine: select cartline0_.id as id1_2_0_, cartline0_.is_available as is_avail2_2_0_, cartline0_.buying_price as buying_p3_2_0_, cartline0_.cart_id as cart_id4_2_0_, cartline0_.product_id as product_7_2_0_, cartline0_.product_count as product_5_2_0_, cartline0_.total as total6_2_0_ from cart_line cartline0_ where cartline0_.id=?
16:32:50.430 [main] DEBUG org.hibernate.loader.Loader - Static select for action ACTION_REFRESH on entity com.shoppingbackend.model.CartLine: select cartline0_.id as id1_2_0_, cartline0_.is_available as is_avail2_2_0_, cartline0_.buying_price as buying_p3_2_0_, cartline0_.cart_id as cart_id4_2_0_, cartline0_.product_id as product_7_2_0_, cartline0_.product_count as product_5_2_0_, cartline0_.total as total6_2_0_ from cart_line cartline0_ where cartline0_.id=?
16:32:50.430 [main] DEBUG org.hibernate.persister.entity.AbstractEntityPersister - Static SQL for entity: com.shoppingbackend.model.OrderItem
16:32:50.430 [main] DEBUG org.hibernate.persister.entity.AbstractEntityPersister -  Version select: select id from order_item where id =?
16:32:50.431 [main] DEBUG org.hibernate.persister.entity.AbstractEntityPersister -  Snapshot select: select orderitem_.id, orderitem_.buying_price as buying_p2_5_, orderitem_.order_id as order_id5_5_, orderitem_.product_id as product_6_5_, orderitem_.product_count as product_3_5_, orderitem_.total as total4_5_ from order_item orderitem_ where orderitem_.id=?
16:32:50.431 [main] DEBUG org.hibernate.persister.entity.AbstractEntityPersister -  Insert 0: insert into order_item (buying_price, order_id, product_id, product_count, total, id) values (?, ?, ?, ?, ?, ?)
16:32:50.431 [main] DEBUG org.hibernate.persister.entity.AbstractEntityPersister -  Update 0: update order_item set buying_price=?, order_id=?, product_id=?, product_count=?, total=? where id=?
16:32:50.431 [main] DEBUG org.hibernate.persister.entity.AbstractEntityPersister -  Delete 0: delete from order_item where id=?
16:32:50.431 [main] DEBUG org.hibernate.persister.entity.AbstractEntityPersister -  Identity insert: insert into order_item (id, buying_price, order_id, product_id, product_count, total) values (null, ?, ?, ?, ?, ?)
16:32:50.431 [main] DEBUG org.hibernate.loader.plan.build.internal.spaces.QuerySpacesImpl - Adding QuerySpace : uid = &lt;gen:0&gt; -&gt; org.hibernate.loader.plan.build.internal.spaces.EntityQuerySpaceImpl@6ff415ad]
16:32:50.431 [main] DEBUG org.hibernate.persister.walking.spi.MetamodelGraphWalker - Visiting attribute path : buyingPrice
16:32:50.431 [main] DEBUG org.hibernate.persister.walking.spi.MetamodelGraphWalker - Visiting attribute path : orderDetail
16:32:50.432 [main] DEBUG org.hibernate.loader.plan.build.internal.spaces.QuerySpacesImpl - Adding QuerySpace : uid = &lt;gen:1&gt; -&gt; org.hibernate.loader.plan.build.internal.spaces.EntityQuerySpaceImpl@28fd3dc1]
16:32:50.432 [main] DEBUG org.hibernate.persister.walking.spi.MetamodelGraphWalker - Visiting attribute path : orderDetail.billing
16:32:50.432 [main] DEBUG org.hibernate.loader.plan.build.internal.spaces.QuerySpacesImpl - Adding QuerySpace : uid = &lt;gen:2&gt; -&gt; org.hibernate.loader.plan.build.internal.spaces.EntityQuerySpaceImpl@108d55c4]
16:32:50.432 [main] DEBUG org.hibernate.persister.walking.spi.MetamodelGraphWalker - Visiting attribute path : orderDetail.billing.addressLineOne
16:32:50.432 [main] DEBUG org.hibernate.persister.walking.spi.MetamodelGraphWalker - Visiting attribute path : orderDetail.billing.addressLineTwo
16:32:50.432 [main] DEBUG org.hibernate.persister.walking.spi.MetamodelGraphWalker - Visiting attribute path : orderDetail.billing.billing
16:32:50.432 [main] DEBUG org.hibernate.persister.walking.spi.MetamodelGraphWalker - Visiting attribute path : orderDetail.billing.city
16:32:50.432 [main] DEBUG org.hibernate.persister.walking.spi.MetamodelGraphWalker - Visiting attribute path : orderDetail.billing.country
16:32:50.432 [main] DEBUG org.hibernate.persister.walking.spi.MetamodelGraphWalker - Visiting attribute path : orderDetail.billing.postalCode
16:32:50.432 [main] DEBUG org.hibernate.persister.walking.spi.MetamodelGraphWalker - Visiting attribute path : orderDetail.billing.shipping
16:32:50.432 [main] DEBUG org.hibernate.persister.walking.spi.MetamodelGraphWalker - Visiting attribute path : orderDetail.billing.state
16:32:50.432 [main] DEBUG org.hibernate.persister.walking.spi.MetamodelGraphWalker - Visiting attribute path : orderDetail.billing.userId
16:32:50.432 [main] DEBUG org.hibernate.persister.walking.spi.MetamodelGraphWalker - Visiting attribute path : orderDetail.orderCount
16:32:50.432 [main] DEBUG org.hibernate.persister.walking.spi.MetamodelGraphWalker - Visiting attribute path : orderDetail.orderDate
16:32:50.433 [main] DEBUG org.hibernate.persister.walking.spi.MetamodelGraphWalker - Visiting attribute path : orderDetail.orderItems
16:32:50.433 [main] DEBUG org.hibernate.persister.walking.spi.MetamodelGraphWalker - Property path deemed to be circular : orderDetail.orderItems
16:32:50.433 [main] DEBUG org.hibernate.persister.walking.spi.MetamodelGraphWalker - Visiting attribute path : orderDetail.orderTotal
16:32:50.433 [main] DEBUG org.hibernate.persister.walking.spi.MetamodelGraphWalker - Visiting attribute path : orderDetail.shipping
16:32:50.433 [main] DEBUG org.hibernate.loader.plan.build.internal.spaces.QuerySpacesImpl - Adding QuerySpace : uid = &lt;gen:3&gt; -&gt; org.hibernate.loader.plan.build.internal.spaces.EntityQuerySpaceImpl@15e0fe05]
16:32:50.433 [main] DEBUG org.hibernate.persister.walking.spi.MetamodelGraphWalker - Visiting attribute path : orderDetail.shipping.addressLineOne
16:32:50.433 [main] DEBUG org.hibernate.persister.walking.spi.MetamodelGraphWalker - Visiting attribute path : orderDetail.shipping.addressLineTwo
16:32:50.433 [main] DEBUG org.hibernate.persister.walking.spi.MetamodelGraphWalker - Visiting attribute path : orderDetail.shipping.billing
16:32:50.433 [main] DEBUG org.hibernate.persister.walking.spi.MetamodelGraphWalker - Visiting attribute path : orderDetail.shipping.city
16:32:50.433 [main] DEBUG org.hibernate.persister.walking.spi.MetamodelGraphWalker - Visiting attribute path : orderDetail.shipping.country
16:32:50.434 [main] DEBUG org.hibernate.persister.walking.spi.MetamodelGraphWalker - Visiting attribute path : orderDetail.shipping.postalCode
16:32:50.434 [main] DEBUG org.hibernate.persister.walking.spi.MetamodelGraphWalker - Visiting attribute path : orderDetail.shipping.shipping
16:32:50.434 [main] DEBUG org.hibernate.persister.walking.spi.MetamodelGraphWalker - Visiting attribute path : orderDetail.shipping.state
16:32:50.434 [main] DEBUG org.hibernate.persister.walking.spi.MetamodelGraphWalker - Visiting attribute path : orderDetail.shipping.userId
16:32:50.434 [main] DEBUG org.hibernate.persister.walking.spi.MetamodelGraphWalker - Visiting attribute path : orderDetail.user
16:32:50.434 [main] DEBUG org.hibernate.loader.plan.build.internal.spaces.QuerySpacesImpl - Adding QuerySpace : uid = &lt;gen:4&gt; -&gt; org.hibernate.loader.plan.build.internal.spaces.EntityQuerySpaceImpl@6bf13698]
16:32:50.434 [main] DEBUG org.hibernate.persister.walking.spi.MetamodelGraphWalker - Visiting attribute path : orderDetail.user.contactNumber
16:32:50.434 [main] DEBUG org.hibernate.persister.walking.spi.MetamodelGraphWalker - Visiting attribute path : orderDetail.user.email
16:32:50.434 [main] DEBUG org.hibernate.persister.walking.spi.MetamodelGraphWalker - Visiting attribute path : orderDetail.user.enabled
16:32:50.434 [main] DEBUG org.hibernate.persister.walking.spi.MetamodelGraphWalker - Visiting attribute path : orderDetail.user.firstName
16:32:50.434 [main] DEBUG org.hibernate.persister.walking.spi.MetamodelGraphWalker - Visiting attribute path : orderDetail.user.lastName
16:32:50.435 [main] DEBUG org.hibernate.persister.walking.spi.MetamodelGraphWalker - Visiting attribute path : orderDetail.user.password
16:32:50.435 [main] DEBUG org.hibernate.persister.walking.spi.MetamodelGraphWalker - Visiting attribute path : orderDetail.user.role
16:32:50.435 [main] DEBUG org.hibernate.persister.walking.spi.MetamodelGraphWalker - Visiting attribute path : orderDetail.user.cart
16:32:50.435 [main] DEBUG org.hibernate.loader.plan.build.internal.spaces.QuerySpacesImpl - Adding QuerySpace : uid = &lt;gen:5&gt; -&gt; org.hibernate.loader.plan.build.internal.spaces.EntityQuerySpaceImpl@3b90a30a]
16:32:50.435 [main] DEBUG org.hibernate.persister.walking.spi.MetamodelGraphWalker - Visiting attribute path : orderDetail.user.cart.cartLines
16:32:50.435 [main] DEBUG org.hibernate.persister.walking.spi.MetamodelGraphWalker - Visiting attribute path : orderDetail.user.cart.grandTotal
16:32:50.435 [main] DEBUG org.hibernate.persister.walking.spi.MetamodelGraphWalker - Visiting attribute path : orderDetail.user.cart.user
16:32:50.435 [main] DEBUG org.hibernate.persister.walking.spi.MetamodelGraphWalker - Property path deemed to be circular : orderDetail.user.cart.user
16:32:50.435 [main] DEBUG org.hibernate.persister.walking.spi.MetamodelGraphWalker - Visiting attribute path : product
16:32:50.435 [main] DEBUG org.hibernate.loader.plan.build.internal.spaces.QuerySpacesImpl - Adding QuerySpace : uid = &lt;gen:6&gt; -&gt; org.hibernate.loader.plan.build.internal.spaces.EntityQuerySpaceImpl@bdd2027]
16:32:50.435 [main] DEBUG org.hibernate.persister.walking.spi.MetamodelGraphWalker - Visiting attribute path : product.active
16:32:50.435 [main] DEBUG org.hibernate.persister.walking.spi.MetamodelGraphWalker - Visiting attribute path : product.brand
16:32:50.435 [main] DEBUG org.hibernate.persister.walking.spi.MetamodelGraphWalker - Visiting attribute path : product.categoryId
16:32:50.435 [main] DEBUG org.hibernate.persister.walking.spi.MetamodelGraphWalker - Visiting attribute path : product.code
16:32:50.435 [main] DEBUG org.hibernate.persister.walking.spi.MetamodelGraphWalker - Visiting attribute path : product.description
16:32:50.435 [main] DEBUG org.hibernate.persister.walking.spi.MetamodelGraphWalker - Visiting attribute path : product.name
16:32:50.435 [main] DEBUG org.hibernate.persister.walking.spi.MetamodelGraphWalker - Visiting attribute path : product.purchases
16:32:50.435 [main] DEBUG org.hibernate.persister.walking.spi.MetamodelGraphWalker - Visiting attribute path : product.quantity
16:32:50.435 [main] DEBUG org.hibernate.persister.walking.spi.MetamodelGraphWalker - Visiting attribute path : product.supplierId
16:32:50.435 [main] DEBUG org.hibernate.persister.walking.spi.MetamodelGraphWalker - Visiting attribute path : product.unitPrice
16:32:50.435 [main] DEBUG org.hibernate.persister.walking.spi.MetamodelGraphWalker - Visiting attribute path : product.views
16:32:50.436 [main] DEBUG org.hibernate.persister.walking.spi.MetamodelGraphWalker - Visiting attribute path : productCount
16:32:50.436 [main] DEBUG org.hibernate.persister.walking.spi.MetamodelGraphWalker - Visiting attribute path : total
16:32:50.436 [main] DEBUG org.hibernate.loader.plan.build.internal.FetchStyleLoadPlanBuildingAssociationVisitationStrategy - Building LoadPlan...
16:32:50.436 [main] DEBUG org.hibernate.loader.plan.exec.internal.LoadQueryJoinAndFetchProcessor - processing queryspace &lt;gen:0&gt;
16:32:50.437 [main] DEBUG org.hibernate.loader.plan.build.spi.LoadPlanTreePrinter - LoadPlan(entity=com.shoppingbackend.model.OrderItem)
    - Returns
       - EntityReturnImpl(entity=com.shoppingbackend.model.OrderItem, querySpaceUid=&lt;gen:0&gt;, path=com.shoppingbackend.model.OrderItem)
          - EntityAttributeFetchImpl(entity=com.shoppingbackend.model.OrderDetail, querySpaceUid=&lt;gen:1&gt;, path=com.shoppingbackend.model.OrderItem.orderDetail)
             - EntityAttributeFetchImpl(entity=com.shoppingbackend.model.Address, querySpaceUid=&lt;gen:2&gt;, path=com.shoppingbackend.model.OrderItem.orderDetail.billing)
             - EntityAttributeFetchImpl(entity=com.shoppingbackend.model.Address, querySpaceUid=&lt;gen:3&gt;, path=com.shoppingbackend.model.OrderItem.orderDetail.shipping)
             - EntityAttributeFetchImpl(entity=com.shoppingbackend.model.User, querySpaceUid=&lt;gen:4&gt;, path=com.shoppingbackend.model.OrderItem.orderDetail.user)
                - EntityAttributeFetchImpl(entity=com.shoppingbackend.model.Cart, querySpaceUid=&lt;gen:5&gt;, path=com.shoppingbackend.model.OrderItem.orderDetail.user.cart)
          - EntityAttributeFetchImpl(entity=com.shoppingbackend.model.Product, querySpaceUid=&lt;gen:6&gt;, path=com.shoppingbackend.model.OrderItem.product)
    - QuerySpaces
       - EntityQuerySpaceImpl(uid=&lt;gen:0&gt;, entity=com.shoppingbackend.model.OrderItem)
          - SQL table alias mapping - orderitem0_
          - alias suffix - 0_
          - suffixed key columns - {id1_5_0_}
          - JOIN (JoinDefinedByMetadata(orderDetail)) : &lt;gen:0&gt; -&gt; &lt;gen:1&gt;
             - EntityQuerySpaceImpl(uid=&lt;gen:1&gt;, entity=com.shoppingbackend.model.OrderDetail)
                - SQL table alias mapping - orderdetai1_
                - alias suffix - 1_
                - suffixed key columns - {id1_4_1_}
                - JOIN (JoinDefinedByMetadata(billing)) : &lt;gen:1&gt; -&gt; &lt;gen:2&gt;
                   - EntityQuerySpaceImpl(uid=&lt;gen:2&gt;, entity=com.shoppingbackend.model.Address)
                      - SQL table alias mapping - address2_
                      - alias suffix - 2_
                      - suffixed key columns - {id1_0_2_}
                - JOIN (JoinDefinedByMetadata(shipping)) : &lt;gen:1&gt; -&gt; &lt;gen:3&gt;
                   - EntityQuerySpaceImpl(uid=&lt;gen:3&gt;, entity=com.shoppingbackend.model.Address)
                      - SQL table alias mapping - address3_
                      - alias suffix - 3_
                      - suffixed key columns - {id1_0_3_}
                - JOIN (JoinDefinedByMetadata(user)) : &lt;gen:1&gt; -&gt; &lt;gen:4&gt;
                   - EntityQuerySpaceImpl(uid=&lt;gen:4&gt;, entity=com.shoppingbackend.model.User)
                      - SQL table alias mapping - user4_
                      - alias suffix - 4_
                      - suffixed key columns - {id1_8_4_}
                      - JOIN (JoinDefinedByMetadata(cart)) : &lt;gen:4&gt; -&gt; &lt;gen:5&gt;
                         - EntityQuerySpaceImpl(uid=&lt;gen:5&gt;, entity=com.shoppingbackend.model.Cart)
                            - SQL table alias mapping - cart5_
                            - alias suffix - 5_
                            - suffixed key columns - {id1_1_5_}
          - JOIN (JoinDefinedByMetadata(product)) : &lt;gen:0&gt; -&gt; &lt;gen:6&gt;
             - EntityQuerySpaceImpl(uid=&lt;gen:6&gt;, entity=com.shoppingbackend.model.Product)
                - SQL table alias mapping - product6_
                - alias suffix - 6_
                - suffixed key columns - {id1_6_6_}

16:32:50.437 [main] DEBUG org.hibernate.loader.entity.plan.EntityLoader - Static select for entity com.shoppingbackend.model.OrderItem [NONE]: select orderitem0_.id as id1_5_0_, orderitem0_.buying_price as buying_p2_5_0_, orderitem0_.order_id as order_id5_5_0_, orderitem0_.product_id as product_6_5_0_, orderitem0_.product_count as product_3_5_0_, orderitem0_.total as total4_5_0_, orderdetai1_.id as id1_4_1_, orderdetai1_.billing_id as billing_5_4_1_, orderdetai1_.order_count as order_co2_4_1_, orderdetai1_.order_date as order_da3_4_1_, orderdetai1_.order_total as order_to4_4_1_, orderdetai1_.shipping_id as shipping6_4_1_, orderdetai1_.user_id as user_id7_4_1_, address2_.id as id1_0_2_, address2_.address_line_one as address_2_0_2_, address2_.address_line_two as address_3_0_2_, address2_.is_billing as is_billi4_0_2_, address2_.city as city5_0_2_, address2_.country as country6_0_2_, address2_.postal_code as postal_c7_0_2_, address2_.is_shipping as is_shipp8_0_2_, address2_.state as state9_0_2_, address2_.user_id as user_id10_0_2_, address3_.id as id1_0_3_, address3_.address_line_one as address_2_0_3_, address3_.address_line_two as address_3_0_3_, address3_.is_billing as is_billi4_0_3_, address3_.city as city5_0_3_, address3_.country as country6_0_3_, address3_.postal_code as postal_c7_0_3_, address3_.is_shipping as is_shipp8_0_3_, address3_.state as state9_0_3_, address3_.user_id as user_id10_0_3_, user4_.id as id1_8_4_, user4_.contact_number as contact_2_8_4_, user4_.email as email3_8_4_, user4_.enabled as enabled4_8_4_, user4_.first_name as first_na5_8_4_, user4_.last_name as last_nam6_8_4_, user4_.password as password7_8_4_, user4_.role as role8_8_4_, cart5_.id as id1_1_5_, cart5_.cart_lines as cart_lin2_1_5_, cart5_.grand_total as grand_to3_1_5_, cart5_.user_id as user_id4_1_5_, product6_.id as id1_6_6_, product6_.is_active as is_activ2_6_6_, product6_.brand as brand3_6_6_, product6_.category_id as category4_6_6_, product6_.code as code5_6_6_, product6_.description as descript6_6_6_, product6_.name as name7_6_6_, product6_.purchases as purchase8_6_6_, product6_.quantity as quantity9_6_6_, product6_.supplier_id as supplie10_6_6_, product6_.unit_price as unit_pr11_6_6_, product6_.views as views12_6_6_ from order_item orderitem0_ left outer join order_detail orderdetai1_ on orderitem0_.order_id=orderdetai1_.id left outer join Address address2_ on orderdetai1_.billing_id=address2_.id left outer join Address address3_ on orderdetai1_.shipping_id=address3_.id left outer join user_detail user4_ on orderdetai1_.user_id=user4_.id left outer join Cart cart5_ on user4_.id=cart5_.user_id left outer join Product product6_ on orderitem0_.product_id=product6_.id where orderitem0_.id=?
16:32:50.437 [main] DEBUG org.hibernate.loader.plan.build.internal.spaces.QuerySpacesImpl - Adding QuerySpace : uid = &lt;gen:0&gt; -&gt; org.hibernate.loader.plan.build.internal.spaces.EntityQuerySpaceImpl@f446158]
16:32:50.437 [main] DEBUG org.hibernate.persister.walking.spi.MetamodelGraphWalker - Visiting attribute path : buyingPrice
16:32:50.437 [main] DEBUG org.hibernate.persister.walking.spi.MetamodelGraphWalker - Visiting attribute path : orderDetail
16:32:50.438 [main] DEBUG org.hibernate.loader.plan.build.internal.spaces.QuerySpacesImpl - Adding QuerySpace : uid = &lt;gen:1&gt; -&gt; org.hibernate.loader.plan.build.internal.spaces.EntityQuerySpaceImpl@504e1599]
16:32:50.438 [main] DEBUG org.hibernate.persister.walking.spi.MetamodelGraphWalker - Visiting attribute path : orderDetail.billing
16:32:50.438 [main] DEBUG org.hibernate.loader.plan.build.internal.spaces.QuerySpacesImpl - Adding QuerySpace : uid = &lt;gen:2&gt; -&gt; org.hibernate.loader.plan.build.internal.spaces.EntityQuerySpaceImpl@5d1b9c3d]
16:32:50.438 [main] DEBUG org.hibernate.persister.walking.spi.MetamodelGraphWalker - Visiting attribute path : orderDetail.billing.addressLineOne
16:32:50.438 [main] DEBUG org.hibernate.persister.walking.spi.MetamodelGraphWalker - Visiting attribute path : orderDetail.billing.addressLineTwo
16:32:50.438 [main] DEBUG org.hibernate.persister.walking.spi.MetamodelGraphWalker - Visiting attribute path : orderDetail.billing.billing
16:32:50.438 [main] DEBUG org.hibernate.persister.walking.spi.MetamodelGraphWalker - Visiting attribute path : orderDetail.billing.city
16:32:50.438 [main] DEBUG org.hibernate.persister.walking.spi.MetamodelGraphWalker - Visiting attribute path : orderDetail.billing.country
16:32:50.438 [main] DEBUG org.hibernate.persister.walking.spi.MetamodelGraphWalker - Visiting attribute path : orderDetail.billing.postalCode
16:32:50.438 [main] DEBUG org.hibernate.persister.walking.spi.MetamodelGraphWalker - Visiting attribute path : orderDetail.billing.shipping
16:32:50.438 [main] DEBUG org.hibernate.persister.walking.spi.MetamodelGraphWalker - Visiting attribute path : orderDetail.billing.state
16:32:50.438 [main] DEBUG org.hibernate.persister.walking.spi.MetamodelGraphWalker - Visiting attribute path : orderDetail.billing.userId
16:32:50.438 [main] DEBUG org.hibernate.persister.walking.spi.MetamodelGraphWalker - Visiting attribute path : orderDetail.orderCount
16:32:50.438 [main] DEBUG org.hibernate.persister.walking.spi.MetamodelGraphWalker - Visiting attribute path : orderDetail.orderDate
16:32:50.438 [main] DEBUG org.hibernate.persister.walking.spi.MetamodelGraphWalker - Visiting attribute path : orderDetail.orderItems
16:32:50.438 [main] DEBUG org.hibernate.persister.walking.spi.MetamodelGraphWalker - Property path deemed to be circular : orderDetail.orderItems
16:32:50.438 [main] DEBUG org.hibernate.persister.walking.spi.MetamodelGraphWalker - Visiting attribute path : orderDetail.orderTotal
16:32:50.438 [main] DEBUG org.hibernate.persister.walking.spi.MetamodelGraphWalker - Visiting attribute path : orderDetail.shipping
16:32:50.438 [main] DEBUG org.hibernate.loader.plan.build.internal.spaces.QuerySpacesImpl - Adding QuerySpace : uid = &lt;gen:3&gt; -&gt; org.hibernate.loader.plan.build.internal.spaces.EntityQuerySpaceImpl@49a26d19]
16:32:50.438 [main] DEBUG org.hibernate.persister.walking.spi.MetamodelGraphWalker - Visiting attribute path : orderDetail.shipping.addressLineOne
16:32:50.439 [main] DEBUG org.hibernate.persister.walking.spi.MetamodelGraphWalker - Visiting attribute path : orderDetail.shipping.addressLineTwo
16:32:50.439 [main] DEBUG org.hibernate.persister.walking.spi.MetamodelGraphWalker - Visiting attribute path : orderDetail.shipping.billing
16:32:50.439 [main] DEBUG org.hibernate.persister.walking.spi.MetamodelGraphWalker - Visiting attribute path : orderDetail.shipping.city
16:32:50.439 [main] DEBUG org.hibernate.persister.walking.spi.MetamodelGraphWalker - Visiting attribute path : orderDetail.shipping.country
16:32:50.439 [main] DEBUG org.hibernate.persister.walking.spi.MetamodelGraphWalker - Visiting attribute path : orderDetail.shipping.postalCode
16:32:50.439 [main] DEBUG org.hibernate.persister.walking.spi.MetamodelGraphWalker - Visiting attribute path : orderDetail.shipping.shipping
16:32:50.439 [main] DEBUG org.hibernate.persister.walking.spi.MetamodelGraphWalker - Visiting attribute path : orderDetail.shipping.state
16:32:50.439 [main] DEBUG org.hibernate.persister.walking.spi.MetamodelGraphWalker - Visiting attribute path : orderDetail.shipping.userId
16:32:50.439 [main] DEBUG org.hibernate.persister.walking.spi.MetamodelGraphWalker - Visiting attribute path : orderDetail.user
16:32:50.439 [main] DEBUG org.hibernate.loader.plan.build.internal.spaces.QuerySpacesImpl - Adding QuerySpace : uid = &lt;gen:4&gt; -&gt; org.hibernate.loader.plan.build.internal.spaces.EntityQuerySpaceImpl@7275c74b]
16:32:50.439 [main] DEBUG org.hibernate.persister.walking.spi.MetamodelGraphWalker - Visiting attribute path : orderDetail.user.contactNumber
16:32:50.439 [main] DEBUG org.hibernate.persister.walking.spi.MetamodelGraphWalker - Visiting attribute path : orderDetail.user.email
16:32:50.439 [main] DEBUG org.hibernate.persister.walking.spi.MetamodelGraphWalker - Visiting attribute path : orderDetail.user.enabled
16:32:50.439 [main] DEBUG org.hibernate.persister.walking.spi.MetamodelGraphWalker - Visiting attribute path : orderDetail.user.firstName
16:32:50.439 [main] DEBUG org.hibernate.persister.walking.spi.MetamodelGraphWalker - Visiting attribute path : orderDetail.user.lastName
16:32:50.439 [main] DEBUG org.hibernate.persister.walking.spi.MetamodelGraphWalker - Visiting attribute path : orderDetail.user.password
16:32:50.439 [main] DEBUG org.hibernate.persister.walking.spi.MetamodelGraphWalker - Visiting attribute path : orderDetail.user.role
16:32:50.439 [main] DEBUG org.hibernate.persister.walking.spi.MetamodelGraphWalker - Visiting attribute path : orderDetail.user.cart
16:32:50.439 [main] DEBUG org.hibernate.loader.plan.build.internal.spaces.QuerySpacesImpl - Adding QuerySpace : uid = &lt;gen:5&gt; -&gt; org.hibernate.loader.plan.build.internal.spaces.EntityQuerySpaceImpl@4315e9af]
16:32:50.439 [main] DEBUG org.hibernate.persister.walking.spi.MetamodelGraphWalker - Visiting attribute path : orderDetail.user.cart.cartLines
16:32:50.439 [main] DEBUG org.hibernate.persister.walking.spi.MetamodelGraphWalker - Visiting attribute path : orderDetail.user.cart.grandTotal
16:32:50.439 [main] DEBUG org.hibernate.persister.walking.spi.MetamodelGraphWalker - Visiting attribute path : orderDetail.user.cart.user
16:32:50.439 [main] DEBUG org.hibernate.persister.walking.spi.MetamodelGraphWalker - Property path deemed to be circular : orderDetail.user.cart.user
16:32:50.439 [main] DEBUG org.hibernate.persister.walking.spi.MetamodelGraphWalker - Visiting attribute path : product
16:32:50.440 [main] DEBUG org.hibernate.loader.plan.build.internal.spaces.QuerySpacesImpl - Adding QuerySpace : uid = &lt;gen:6&gt; -&gt; org.hibernate.loader.plan.build.internal.spaces.EntityQuerySpaceImpl@1eb2d371]
16:32:50.440 [main] DEBUG org.hibernate.persister.walking.spi.MetamodelGraphWalker - Visiting attribute path : product.active
16:32:50.440 [main] DEBUG org.hibernate.persister.walking.spi.MetamodelGraphWalker - Visiting attribute path : product.brand
16:32:50.440 [main] DEBUG org.hibernate.persister.walking.spi.MetamodelGraphWalker - Visiting attribute path : product.categoryId
16:32:50.440 [main] DEBUG org.hibernate.persister.walking.spi.MetamodelGraphWalker - Visiting attribute path : product.code
16:32:50.440 [main] DEBUG org.hibernate.persister.walking.spi.MetamodelGraphWalker - Visiting attribute path : product.description
16:32:50.440 [main] DEBUG org.hibernate.persister.walking.spi.MetamodelGraphWalker - Visiting attribute path : product.name
16:32:50.440 [main] DEBUG org.hibernate.persister.walking.spi.MetamodelGraphWalker - Visiting attribute path : product.purchases
16:32:50.440 [main] DEBUG org.hibernate.persister.walking.spi.MetamodelGraphWalker - Visiting attribute path : product.quantity
16:32:50.440 [main] DEBUG org.hibernate.persister.walking.spi.MetamodelGraphWalker - Visiting attribute path : product.supplierId
16:32:50.440 [main] DEBUG org.hibernate.persister.walking.spi.MetamodelGraphWalker - Visiting attribute path : product.unitPrice
16:32:50.440 [main] DEBUG org.hibernate.persister.walking.spi.MetamodelGraphWalker - Visiting attribute path : product.views
16:32:50.440 [main] DEBUG org.hibernate.persister.walking.spi.MetamodelGraphWalker - Visiting attribute path : productCount
16:32:50.440 [main] DEBUG org.hibernate.persister.walking.spi.MetamodelGraphWalker - Visiting attribute path : total
16:32:50.440 [main] DEBUG org.hibernate.loader.plan.build.internal.FetchStyleLoadPlanBuildingAssociationVisitationStrategy - Building LoadPlan...
16:32:50.440 [main] DEBUG org.hibernate.loader.plan.exec.internal.LoadQueryJoinAndFetchProcessor - processing queryspace &lt;gen:0&gt;
16:32:50.441 [main] DEBUG org.hibernate.loader.plan.build.spi.LoadPlanTreePrinter - LoadPlan(entity=com.shoppingbackend.model.OrderItem)
    - Returns
       - EntityReturnImpl(entity=com.shoppingbackend.model.OrderItem, querySpaceUid=&lt;gen:0&gt;, path=com.shoppingbackend.model.OrderItem)
          - EntityAttributeFetchImpl(entity=com.shoppingbackend.model.OrderDetail, querySpaceUid=&lt;gen:1&gt;, path=com.shoppingbackend.model.OrderItem.orderDetail)
             - EntityAttributeFetchImpl(entity=com.shoppingbackend.model.Address, querySpaceUid=&lt;gen:2&gt;, path=com.shoppingbackend.model.OrderItem.orderDetail.billing)
             - EntityAttributeFetchImpl(entity=com.shoppingbackend.model.Address, querySpaceUid=&lt;gen:3&gt;, path=com.shoppingbackend.model.OrderItem.orderDetail.shipping)
             - EntityAttributeFetchImpl(entity=com.shoppingbackend.model.User, querySpaceUid=&lt;gen:4&gt;, path=com.shoppingbackend.model.OrderItem.orderDetail.user)
                - EntityAttributeFetchImpl(entity=com.shoppingbackend.model.Cart, querySpaceUid=&lt;gen:5&gt;, path=com.shoppingbackend.model.OrderItem.orderDetail.user.cart)
          - EntityAttributeFetchImpl(entity=com.shoppingbackend.model.Product, querySpaceUid=&lt;gen:6&gt;, path=com.shoppingbackend.model.OrderItem.product)
    - QuerySpaces
       - EntityQuerySpaceImpl(uid=&lt;gen:0&gt;, entity=com.shoppingbackend.model.OrderItem)
          - SQL table alias mapping - orderitem0_
          - alias suffix - 0_
          - suffixed key columns - {id1_5_0_}
          - JOIN (JoinDefinedByMetadata(orderDetail)) : &lt;gen:0&gt; -&gt; &lt;gen:1&gt;
             - EntityQuerySpaceImpl(uid=&lt;gen:1&gt;, entity=com.shoppingbackend.model.OrderDetail)
                - SQL table alias mapping - orderdetai1_
                - alias suffix - 1_
                - suffixed key columns - {id1_4_1_}
                - JOIN (JoinDefinedByMetadata(billing)) : &lt;gen:1&gt; -&gt; &lt;gen:2&gt;
                   - EntityQuerySpaceImpl(uid=&lt;gen:2&gt;, entity=com.shoppingbackend.model.Address)
                      - SQL table alias mapping - address2_
                      - alias suffix - 2_
                      - suffixed key columns - {id1_0_2_}
                - JOIN (JoinDefinedByMetadata(shipping)) : &lt;gen:1&gt; -&gt; &lt;gen:3&gt;
                   - EntityQuerySpaceImpl(uid=&lt;gen:3&gt;, entity=com.shoppingbackend.model.Address)
                      - SQL table alias mapping - address3_
                      - alias suffix - 3_
                      - suffixed key columns - {id1_0_3_}
                - JOIN (JoinDefinedByMetadata(user)) : &lt;gen:1&gt; -&gt; &lt;gen:4&gt;
                   - EntityQuerySpaceImpl(uid=&lt;gen:4&gt;, entity=com.shoppingbackend.model.User)
                      - SQL table alias mapping - user4_
                      - alias suffix - 4_
                      - suffixed key columns - {id1_8_4_}
                      - JOIN (JoinDefinedByMetadata(cart)) : &lt;gen:4&gt; -&gt; &lt;gen:5&gt;
                         - EntityQuerySpaceImpl(uid=&lt;gen:5&gt;, entity=com.shoppingbackend.model.Cart)
                            - SQL table alias mapping - cart5_
                            - alias suffix - 5_
                            - suffixed key columns - {id1_1_5_}
          - JOIN (JoinDefinedByMetadata(product)) : &lt;gen:0&gt; -&gt; &lt;gen:6&gt;
             - EntityQuerySpaceImpl(uid=&lt;gen:6&gt;, entity=com.shoppingbackend.model.Product)
                - SQL table alias mapping - product6_
                - alias suffix - 6_
                - suffixed key columns - {id1_6_6_}

16:32:50.441 [main] DEBUG org.hibernate.loader.entity.plan.EntityLoader - Static select for entity com.shoppingbackend.model.OrderItem [READ]: select orderitem0_.id as id1_5_0_, orderitem0_.buying_price as buying_p2_5_0_, orderitem0_.order_id as order_id5_5_0_, orderitem0_.product_id as product_6_5_0_, orderitem0_.product_count as product_3_5_0_, orderitem0_.total as total4_5_0_, orderdetai1_.id as id1_4_1_, orderdetai1_.billing_id as billing_5_4_1_, orderdetai1_.order_count as order_co2_4_1_, orderdetai1_.order_date as order_da3_4_1_, orderdetai1_.order_total as order_to4_4_1_, orderdetai1_.shipping_id as shipping6_4_1_, orderdetai1_.user_id as user_id7_4_1_, address2_.id as id1_0_2_, address2_.address_line_one as address_2_0_2_, address2_.address_line_two as address_3_0_2_, address2_.is_billing as is_billi4_0_2_, address2_.city as city5_0_2_, address2_.country as country6_0_2_, address2_.postal_code as postal_c7_0_2_, address2_.is_shipping as is_shipp8_0_2_, address2_.state as state9_0_2_, address2_.user_id as user_id10_0_2_, address3_.id as id1_0_3_, address3_.address_line_one as address_2_0_3_, address3_.address_line_two as address_3_0_3_, address3_.is_billing as is_billi4_0_3_, address3_.city as city5_0_3_, address3_.country as country6_0_3_, address3_.postal_code as postal_c7_0_3_, address3_.is_shipping as is_shipp8_0_3_, address3_.state as state9_0_3_, address3_.user_id as user_id10_0_3_, user4_.id as id1_8_4_, user4_.contact_number as contact_2_8_4_, user4_.email as email3_8_4_, user4_.enabled as enabled4_8_4_, user4_.first_name as first_na5_8_4_, user4_.last_name as last_nam6_8_4_, user4_.password as password7_8_4_, user4_.role as role8_8_4_, cart5_.id as id1_1_5_, cart5_.cart_lines as cart_lin2_1_5_, cart5_.grand_total as grand_to3_1_5_, cart5_.user_id as user_id4_1_5_, product6_.id as id1_6_6_, product6_.is_active as is_activ2_6_6_, product6_.brand as brand3_6_6_, product6_.category_id as category4_6_6_, product6_.code as code5_6_6_, product6_.description as descript6_6_6_, product6_.name as name7_6_6_, product6_.purchases as purchase8_6_6_, product6_.quantity as quantity9_6_6_, product6_.supplier_id as supplie10_6_6_, product6_.unit_price as unit_pr11_6_6_, product6_.views as views12_6_6_ from order_item orderitem0_ left outer join order_detail orderdetai1_ on orderitem0_.order_id=orderdetai1_.id left outer join Address address2_ on orderdetai1_.billing_id=address2_.id left outer join Address address3_ on orderdetai1_.shipping_id=address3_.id left outer join user_detail user4_ on orderdetai1_.user_id=user4_.id left outer join Cart cart5_ on user4_.id=cart5_.user_id left outer join Product product6_ on orderitem0_.product_id=product6_.id where orderitem0_.id=?
16:32:50.442 [main] DEBUG org.hibernate.loader.plan.build.internal.spaces.QuerySpacesImpl - Adding QuerySpace : uid = &lt;gen:0&gt; -&gt; org.hibernate.loader.plan.build.internal.spaces.EntityQuerySpaceImpl@479f2dc2]
16:32:50.442 [main] DEBUG org.hibernate.persister.walking.spi.MetamodelGraphWalker - Visiting attribute path : buyingPrice
16:32:50.442 [main] DEBUG org.hibernate.persister.walking.spi.MetamodelGraphWalker - Visiting attribute path : orderDetail
16:32:50.442 [main] DEBUG org.hibernate.loader.plan.build.internal.spaces.QuerySpacesImpl - Adding QuerySpace : uid = &lt;gen:1&gt; -&gt; org.hibernate.loader.plan.build.internal.spaces.EntityQuerySpaceImpl@58a2b4c]
16:32:50.442 [main] DEBUG org.hibernate.persister.walking.spi.MetamodelGraphWalker - Visiting attribute path : product
16:32:50.442 [main] DEBUG org.hibernate.loader.plan.build.internal.spaces.QuerySpacesImpl - Adding QuerySpace : uid = &lt;gen:2&gt; -&gt; org.hibernate.loader.plan.build.internal.spaces.EntityQuerySpaceImpl@7159a5cd]
16:32:50.442 [main] DEBUG org.hibernate.persister.walking.spi.MetamodelGraphWalker - Visiting attribute path : productCount
16:32:50.442 [main] DEBUG org.hibernate.persister.walking.spi.MetamodelGraphWalker - Visiting attribute path : total
16:32:50.442 [main] DEBUG org.hibernate.loader.plan.build.internal.FetchStyleLoadPlanBuildingAssociationVisitationStrategy - Building LoadPlan...
16:32:50.442 [main] DEBUG org.hibernate.loader.plan.exec.internal.LoadQueryJoinAndFetchProcessor - processing queryspace &lt;gen:0&gt;
16:32:50.442 [main] DEBUG org.hibernate.loader.plan.build.spi.LoadPlanTreePrinter - LoadPlan(entity=com.shoppingbackend.model.OrderItem)
    - Returns
       - EntityReturnImpl(entity=com.shoppingbackend.model.OrderItem, querySpaceUid=&lt;gen:0&gt;, path=com.shoppingbackend.model.OrderItem)
          - EntityAttributeFetchImpl(entity=com.shoppingbackend.model.OrderDetail, querySpaceUid=&lt;gen:1&gt;, path=com.shoppingbackend.model.OrderItem.orderDetail)
          - EntityAttributeFetchImpl(entity=com.shoppingbackend.model.Product, querySpaceUid=&lt;gen:2&gt;, path=com.shoppingbackend.model.OrderItem.product)
    - QuerySpaces
       - EntityQuerySpaceImpl(uid=&lt;gen:0&gt;, entity=com.shoppingbackend.model.OrderItem)
          - SQL table alias mapping - orderitem0_
          - alias suffix - 0_
          - suffixed key columns - {id1_5_0_}

16:32:50.443 [main] DEBUG org.hibernate.loader.entity.plan.EntityLoader - Static select for entity com.shoppingbackend.model.OrderItem [UPGRADE]: select orderitem0_.id as id1_5_0_, orderitem0_.buying_price as buying_p2_5_0_, orderitem0_.order_id as order_id5_5_0_, orderitem0_.product_id as product_6_5_0_, orderitem0_.product_count as product_3_5_0_, orderitem0_.total as total4_5_0_ from order_item orderitem0_ where orderitem0_.id=? for update
16:32:50.443 [main] DEBUG org.hibernate.loader.plan.build.internal.spaces.QuerySpacesImpl - Adding QuerySpace : uid = &lt;gen:0&gt; -&gt; org.hibernate.loader.plan.build.internal.spaces.EntityQuerySpaceImpl@4f966719]
16:32:50.443 [main] DEBUG org.hibernate.persister.walking.spi.MetamodelGraphWalker - Visiting attribute path : buyingPrice
16:32:50.443 [main] DEBUG org.hibernate.persister.walking.spi.MetamodelGraphWalker - Visiting attribute path : orderDetail
16:32:50.443 [main] DEBUG org.hibernate.loader.plan.build.internal.spaces.QuerySpacesImpl - Adding QuerySpace : uid = &lt;gen:1&gt; -&gt; org.hibernate.loader.plan.build.internal.spaces.EntityQuerySpaceImpl@4ca8dbfa]
16:32:50.443 [main] DEBUG org.hibernate.persister.walking.spi.MetamodelGraphWalker - Visiting attribute path : product
16:32:50.443 [main] DEBUG org.hibernate.loader.plan.build.internal.spaces.QuerySpacesImpl - Adding QuerySpace : uid = &lt;gen:2&gt; -&gt; org.hibernate.loader.plan.build.internal.spaces.EntityQuerySpaceImpl@7063686f]
16:32:50.443 [main] DEBUG org.hibernate.persister.walking.spi.MetamodelGraphWalker - Visiting attribute path : productCount
16:32:50.444 [main] DEBUG org.hibernate.persister.walking.spi.MetamodelGraphWalker - Visiting attribute path : total
16:32:50.444 [main] DEBUG org.hibernate.loader.plan.build.internal.FetchStyleLoadPlanBuildingAssociationVisitationStrategy - Building LoadPlan...
16:32:50.444 [main] DEBUG org.hibernate.loader.plan.exec.internal.LoadQueryJoinAndFetchProcessor - processing queryspace &lt;gen:0&gt;
16:32:50.444 [main] DEBUG org.hibernate.loader.plan.build.spi.LoadPlanTreePrinter - LoadPlan(entity=com.shoppingbackend.model.OrderItem)
    - Returns
       - EntityReturnImpl(entity=com.shoppingbackend.model.OrderItem, querySpaceUid=&lt;gen:0&gt;, path=com.shoppingbackend.model.OrderItem)
          - EntityAttributeFetchImpl(entity=com.shoppingbackend.model.OrderDetail, querySpaceUid=&lt;gen:1&gt;, path=com.shoppingbackend.model.OrderItem.orderDetail)
          - EntityAttributeFetchImpl(entity=com.shoppingbackend.model.Product, querySpaceUid=&lt;gen:2&gt;, path=com.shoppingbackend.model.OrderItem.product)
    - QuerySpaces
       - EntityQuerySpaceImpl(uid=&lt;gen:0&gt;, entity=com.shoppingbackend.model.OrderItem)
          - SQL table alias mapping - orderitem0_
          - alias suffix - 0_
          - suffixed key columns - {id1_5_0_}

16:32:50.444 [main] DEBUG org.hibernate.loader.entity.plan.EntityLoader - Static select for entity com.shoppingbackend.model.OrderItem [UPGRADE_NOWAIT]: select orderitem0_.id as id1_5_0_, orderitem0_.buying_price as buying_p2_5_0_, orderitem0_.order_id as order_id5_5_0_, orderitem0_.product_id as product_6_5_0_, orderitem0_.product_count as product_3_5_0_, orderitem0_.total as total4_5_0_ from order_item orderitem0_ where orderitem0_.id=? for update
16:32:50.445 [main] DEBUG org.hibernate.loader.plan.build.internal.spaces.QuerySpacesImpl - Adding QuerySpace : uid = &lt;gen:0&gt; -&gt; org.hibernate.loader.plan.build.internal.spaces.EntityQuerySpaceImpl@c3177d5]
16:32:50.445 [main] DEBUG org.hibernate.persister.walking.spi.MetamodelGraphWalker - Visiting attribute path : buyingPrice
16:32:50.445 [main] DEBUG org.hibernate.persister.walking.spi.MetamodelGraphWalker - Visiting attribute path : orderDetail
16:32:50.445 [main] DEBUG org.hibernate.loader.plan.build.internal.spaces.QuerySpacesImpl - Adding QuerySpace : uid = &lt;gen:1&gt; -&gt; org.hibernate.loader.plan.build.internal.spaces.EntityQuerySpaceImpl@7c853486]
16:32:50.445 [main] DEBUG org.hibernate.persister.walking.spi.MetamodelGraphWalker - Visiting attribute path : product
16:32:50.445 [main] DEBUG org.hibernate.loader.plan.build.internal.spaces.QuerySpacesImpl - Adding QuerySpace : uid = &lt;gen:2&gt; -&gt; org.hibernate.loader.plan.build.internal.spaces.EntityQuerySpaceImpl@174e1b69]
16:32:50.445 [main] DEBUG org.hibernate.persister.walking.spi.MetamodelGraphWalker - Visiting attribute path : productCount
16:32:50.445 [main] DEBUG org.hibernate.persister.walking.spi.MetamodelGraphWalker - Visiting attribute path : total
16:32:50.445 [main] DEBUG org.hibernate.loader.plan.build.internal.FetchStyleLoadPlanBuildingAssociationVisitationStrategy - Building LoadPlan...
16:32:50.445 [main] DEBUG org.hibernate.loader.plan.exec.internal.LoadQueryJoinAndFetchProcessor - processing queryspace &lt;gen:0&gt;
16:32:50.445 [main] DEBUG org.hibernate.loader.plan.build.spi.LoadPlanTreePrinter - LoadPlan(entity=com.shoppingbackend.model.OrderItem)
    - Returns
       - EntityReturnImpl(entity=com.shoppingbackend.model.OrderItem, querySpaceUid=&lt;gen:0&gt;, path=com.shoppingbackend.model.OrderItem)
          - EntityAttributeFetchImpl(entity=com.shoppingbackend.model.OrderDetail, querySpaceUid=&lt;gen:1&gt;, path=com.shoppingbackend.model.OrderItem.orderDetail)
          - EntityAttributeFetchImpl(entity=com.shoppingbackend.model.Product, querySpaceUid=&lt;gen:2&gt;, path=com.shoppingbackend.model.OrderItem.product)
    - QuerySpaces
       - EntityQuerySpaceImpl(uid=&lt;gen:0&gt;, entity=com.shoppingbackend.model.OrderItem)
          - SQL table alias mapping - orderitem0_
          - alias suffix - 0_
          - suffixed key columns - {id1_5_0_}

16:32:50.446 [main] DEBUG org.hibernate.loader.entity.plan.EntityLoader - Static select for entity com.shoppingbackend.model.OrderItem [UPGRADE_SKIPLOCKED]: select orderitem0_.id as id1_5_0_, orderitem0_.buying_price as buying_p2_5_0_, orderitem0_.order_id as order_id5_5_0_, orderitem0_.product_id as product_6_5_0_, orderitem0_.product_count as product_3_5_0_, orderitem0_.total as total4_5_0_ from order_item orderitem0_ where orderitem0_.id=? for update
16:32:50.446 [main] DEBUG org.hibernate.loader.plan.build.internal.spaces.QuerySpacesImpl - Adding QuerySpace : uid = &lt;gen:0&gt; -&gt; org.hibernate.loader.plan.build.internal.spaces.EntityQuerySpaceImpl@1046498a]
16:32:50.446 [main] DEBUG org.hibernate.persister.walking.spi.MetamodelGraphWalker - Visiting attribute path : buyingPrice
16:32:50.446 [main] DEBUG org.hibernate.persister.walking.spi.MetamodelGraphWalker - Visiting attribute path : orderDetail
16:32:50.446 [main] DEBUG org.hibernate.loader.plan.build.internal.spaces.QuerySpacesImpl - Adding QuerySpace : uid = &lt;gen:1&gt; -&gt; org.hibernate.loader.plan.build.internal.spaces.EntityQuerySpaceImpl@71cb3139]
16:32:50.446 [main] DEBUG org.hibernate.persister.walking.spi.MetamodelGraphWalker - Visiting attribute path : product
16:32:50.447 [main] DEBUG org.hibernate.loader.plan.build.internal.spaces.QuerySpacesImpl - Adding QuerySpace : uid = &lt;gen:2&gt; -&gt; org.hibernate.loader.plan.build.internal.spaces.EntityQuerySpaceImpl@1639f93a]
16:32:50.447 [main] DEBUG org.hibernate.persister.walking.spi.MetamodelGraphWalker - Visiting attribute path : productCount
16:32:50.447 [main] DEBUG org.hibernate.persister.walking.spi.MetamodelGraphWalker - Visiting attribute path : total
16:32:50.447 [main] DEBUG org.hibernate.loader.plan.build.internal.FetchStyleLoadPlanBuildingAssociationVisitationStrategy - Building LoadPlan...
16:32:50.447 [main] DEBUG org.hibernate.loader.plan.exec.internal.LoadQueryJoinAndFetchProcessor - processing queryspace &lt;gen:0&gt;
16:32:50.447 [main] DEBUG org.hibernate.loader.plan.build.spi.LoadPlanTreePrinter - LoadPlan(entity=com.shoppingbackend.model.OrderItem)
    - Returns
       - EntityReturnImpl(entity=com.shoppingbackend.model.OrderItem, querySpaceUid=&lt;gen:0&gt;, path=com.shoppingbackend.model.OrderItem)
          - EntityAttributeFetchImpl(entity=com.shoppingbackend.model.OrderDetail, querySpaceUid=&lt;gen:1&gt;, path=com.shoppingbackend.model.OrderItem.orderDetail)
          - EntityAttributeFetchImpl(entity=com.shoppingbackend.model.Product, querySpaceUid=&lt;gen:2&gt;, path=com.shoppingbackend.model.OrderItem.product)
    - QuerySpaces
       - EntityQuerySpaceImpl(uid=&lt;gen:0&gt;, entity=com.shoppingbackend.model.OrderItem)
          - SQL table alias mapping - orderitem0_
          - alias suffix - 0_
          - suffixed key columns - {id1_5_0_}

16:32:50.448 [main] DEBUG org.hibernate.loader.entity.plan.EntityLoader - Static select for entity com.shoppingbackend.model.OrderItem [FORCE]: select orderitem0_.id as id1_5_0_, orderitem0_.buying_price as buying_p2_5_0_, orderitem0_.order_id as order_id5_5_0_, orderitem0_.product_id as product_6_5_0_, orderitem0_.product_count as product_3_5_0_, orderitem0_.total as total4_5_0_ from order_item orderitem0_ where orderitem0_.id=? for update
16:32:50.448 [main] DEBUG org.hibernate.loader.plan.build.internal.spaces.QuerySpacesImpl - Adding QuerySpace : uid = &lt;gen:0&gt; -&gt; org.hibernate.loader.plan.build.internal.spaces.EntityQuerySpaceImpl@3491e86e]
16:32:50.449 [main] DEBUG org.hibernate.persister.walking.spi.MetamodelGraphWalker - Visiting attribute path : buyingPrice
16:32:50.449 [main] DEBUG org.hibernate.persister.walking.spi.MetamodelGraphWalker - Visiting attribute path : orderDetail
16:32:50.449 [main] DEBUG org.hibernate.loader.plan.build.internal.spaces.QuerySpacesImpl - Adding QuerySpace : uid = &lt;gen:1&gt; -&gt; org.hibernate.loader.plan.build.internal.spaces.EntityQuerySpaceImpl@409986fe]
16:32:50.449 [main] DEBUG org.hibernate.persister.walking.spi.MetamodelGraphWalker - Visiting attribute path : product
16:32:50.449 [main] DEBUG org.hibernate.loader.plan.build.internal.spaces.QuerySpacesImpl - Adding QuerySpace : uid = &lt;gen:2&gt; -&gt; org.hibernate.loader.plan.build.internal.spaces.EntityQuerySpaceImpl@19b047fe]
16:32:50.450 [main] DEBUG org.hibernate.persister.walking.spi.MetamodelGraphWalker - Visiting attribute path : productCount
16:32:50.450 [main] DEBUG org.hibernate.persister.walking.spi.MetamodelGraphWalker - Visiting attribute path : total
16:32:50.450 [main] DEBUG org.hibernate.loader.plan.build.internal.FetchStyleLoadPlanBuildingAssociationVisitationStrategy - Building LoadPlan...
16:32:50.450 [main] DEBUG org.hibernate.loader.plan.exec.internal.LoadQueryJoinAndFetchProcessor - processing queryspace &lt;gen:0&gt;
16:32:50.450 [main] DEBUG org.hibernate.loader.plan.build.spi.LoadPlanTreePrinter - LoadPlan(entity=com.shoppingbackend.model.OrderItem)
    - Returns
       - EntityReturnImpl(entity=com.shoppingbackend.model.OrderItem, querySpaceUid=&lt;gen:0&gt;, path=com.shoppingbackend.model.OrderItem)
          - EntityAttributeFetchImpl(entity=com.shoppingbackend.model.OrderDetail, querySpaceUid=&lt;gen:1&gt;, path=com.shoppingbackend.model.OrderItem.orderDetail)
          - EntityAttributeFetchImpl(entity=com.shoppingbackend.model.Product, querySpaceUid=&lt;gen:2&gt;, path=com.shoppingbackend.model.OrderItem.product)
    - QuerySpaces
       - EntityQuerySpaceImpl(uid=&lt;gen:0&gt;, entity=com.shoppingbackend.model.OrderItem)
          - SQL table alias mapping - orderitem0_
          - alias suffix - 0_
          - suffixed key columns - {id1_5_0_}

16:32:50.450 [main] DEBUG org.hibernate.loader.entity.plan.EntityLoader - Static select for entity com.shoppingbackend.model.OrderItem [PESSIMISTIC_READ]: select orderitem0_.id as id1_5_0_, orderitem0_.buying_price as buying_p2_5_0_, orderitem0_.order_id as order_id5_5_0_, orderitem0_.product_id as product_6_5_0_, orderitem0_.product_count as product_3_5_0_, orderitem0_.total as total4_5_0_ from order_item orderitem0_ where orderitem0_.id=? for update
16:32:50.451 [main] DEBUG org.hibernate.loader.plan.build.internal.spaces.QuerySpacesImpl - Adding QuerySpace : uid = &lt;gen:0&gt; -&gt; org.hibernate.loader.plan.build.internal.spaces.EntityQuerySpaceImpl@22590e3e]
16:32:50.451 [main] DEBUG org.hibernate.persister.walking.spi.MetamodelGraphWalker - Visiting attribute path : buyingPrice
16:32:50.451 [main] DEBUG org.hibernate.persister.walking.spi.MetamodelGraphWalker - Visiting attribute path : orderDetail
16:32:50.451 [main] DEBUG org.hibernate.loader.plan.build.internal.spaces.QuerySpacesImpl - Adding QuerySpace : uid = &lt;gen:1&gt; -&gt; org.hibernate.loader.plan.build.internal.spaces.EntityQuerySpaceImpl@5f780a86]
16:32:50.451 [main] DEBUG org.hibernate.persister.walking.spi.MetamodelGraphWalker - Visiting attribute path : product
16:32:50.451 [main] DEBUG org.hibernate.loader.plan.build.internal.spaces.QuerySpacesImpl - Adding QuerySpace : uid = &lt;gen:2&gt; -&gt; org.hibernate.loader.plan.build.internal.spaces.EntityQuerySpaceImpl@446c3920]
16:32:50.451 [main] DEBUG org.hibernate.persister.walking.spi.MetamodelGraphWalker - Visiting attribute path : productCount
16:32:50.451 [main] DEBUG org.hibernate.persister.walking.spi.MetamodelGraphWalker - Visiting attribute path : total
16:32:50.451 [main] DEBUG org.hibernate.loader.plan.build.internal.FetchStyleLoadPlanBuildingAssociationVisitationStrategy - Building LoadPlan...
16:32:50.451 [main] DEBUG org.hibernate.loader.plan.exec.internal.LoadQueryJoinAndFetchProcessor - processing queryspace &lt;gen:0&gt;
16:32:50.452 [main] DEBUG org.hibernate.loader.plan.build.spi.LoadPlanTreePrinter - LoadPlan(entity=com.shoppingbackend.model.OrderItem)
    - Returns
       - EntityReturnImpl(entity=com.shoppingbackend.model.OrderItem, querySpaceUid=&lt;gen:0&gt;, path=com.shoppingbackend.model.OrderItem)
          - EntityAttributeFetchImpl(entity=com.shoppingbackend.model.OrderDetail, querySpaceUid=&lt;gen:1&gt;, path=com.shoppingbackend.model.OrderItem.orderDetail)
          - EntityAttributeFetchImpl(entity=com.shoppingbackend.model.Product, querySpaceUid=&lt;gen:2&gt;, path=com.shoppingbackend.model.OrderItem.product)
    - QuerySpaces
       - EntityQuerySpaceImpl(uid=&lt;gen:0&gt;, entity=com.shoppingbackend.model.OrderItem)
          - SQL table alias mapping - orderitem0_
          - alias suffix - 0_
          - suffixed key columns - {id1_5_0_}

16:32:50.452 [main] DEBUG org.hibernate.loader.entity.plan.EntityLoader - Static select for entity com.shoppingbackend.model.OrderItem [PESSIMISTIC_WRITE]: select orderitem0_.id as id1_5_0_, orderitem0_.buying_price as buying_p2_5_0_, orderitem0_.order_id as order_id5_5_0_, orderitem0_.product_id as product_6_5_0_, orderitem0_.product_count as product_3_5_0_, orderitem0_.total as total4_5_0_ from order_item orderitem0_ where orderitem0_.id=? for update
16:32:50.452 [main] DEBUG org.hibernate.loader.plan.build.internal.spaces.QuerySpacesImpl - Adding QuerySpace : uid = &lt;gen:0&gt; -&gt; org.hibernate.loader.plan.build.internal.spaces.EntityQuerySpaceImpl@2eaef76d]
16:32:50.452 [main] DEBUG org.hibernate.persister.walking.spi.MetamodelGraphWalker - Visiting attribute path : buyingPrice
16:32:50.452 [main] DEBUG org.hibernate.persister.walking.spi.MetamodelGraphWalker - Visiting attribute path : orderDetail
16:32:50.452 [main] DEBUG org.hibernate.loader.plan.build.internal.spaces.QuerySpacesImpl - Adding QuerySpace : uid = &lt;gen:1&gt; -&gt; org.hibernate.loader.plan.build.internal.spaces.EntityQuerySpaceImpl@34819867]
16:32:50.452 [main] DEBUG org.hibernate.persister.walking.spi.MetamodelGraphWalker - Visiting attribute path : product
16:32:50.452 [main] DEBUG org.hibernate.loader.plan.build.internal.spaces.QuerySpacesImpl - Adding QuerySpace : uid = &lt;gen:2&gt; -&gt; org.hibernate.loader.plan.build.internal.spaces.EntityQuerySpaceImpl@118102ee]
16:32:50.452 [main] DEBUG org.hibernate.persister.walking.spi.MetamodelGraphWalker - Visiting attribute path : productCount
16:32:50.452 [main] DEBUG org.hibernate.persister.walking.spi.MetamodelGraphWalker - Visiting attribute path : total
16:32:50.452 [main] DEBUG org.hibernate.loader.plan.build.internal.FetchStyleLoadPlanBuildingAssociationVisitationStrategy - Building LoadPlan...
16:32:50.452 [main] DEBUG org.hibernate.loader.plan.exec.internal.LoadQueryJoinAndFetchProcessor - processing queryspace &lt;gen:0&gt;
16:32:50.453 [main] DEBUG org.hibernate.loader.plan.build.spi.LoadPlanTreePrinter - LoadPlan(entity=com.shoppingbackend.model.OrderItem)
    - Returns
       - EntityReturnImpl(entity=com.shoppingbackend.model.OrderItem, querySpaceUid=&lt;gen:0&gt;, path=com.shoppingbackend.model.OrderItem)
          - EntityAttributeFetchImpl(entity=com.shoppingbackend.model.OrderDetail, querySpaceUid=&lt;gen:1&gt;, path=com.shoppingbackend.model.OrderItem.orderDetail)
          - EntityAttributeFetchImpl(entity=com.shoppingbackend.model.Product, querySpaceUid=&lt;gen:2&gt;, path=com.shoppingbackend.model.OrderItem.product)
    - QuerySpaces
       - EntityQuerySpaceImpl(uid=&lt;gen:0&gt;, entity=com.shoppingbackend.model.OrderItem)
          - SQL table alias mapping - orderitem0_
          - alias suffix - 0_
          - suffixed key columns - {id1_5_0_}

16:32:50.453 [main] DEBUG org.hibernate.loader.entity.plan.EntityLoader - Static select for entity com.shoppingbackend.model.OrderItem [PESSIMISTIC_FORCE_INCREMENT]: select orderitem0_.id as id1_5_0_, orderitem0_.buying_price as buying_p2_5_0_, orderitem0_.order_id as order_id5_5_0_, orderitem0_.product_id as product_6_5_0_, orderitem0_.product_count as product_3_5_0_, orderitem0_.total as total4_5_0_ from order_item orderitem0_ where orderitem0_.id=? for update
16:32:50.453 [main] DEBUG org.hibernate.loader.plan.build.internal.spaces.QuerySpacesImpl - Adding QuerySpace : uid = &lt;gen:0&gt; -&gt; org.hibernate.loader.plan.build.internal.spaces.EntityQuerySpaceImpl@48cd9a2c]
16:32:50.453 [main] DEBUG org.hibernate.persister.walking.spi.MetamodelGraphWalker - Visiting attribute path : buyingPrice
16:32:50.453 [main] DEBUG org.hibernate.persister.walking.spi.MetamodelGraphWalker - Visiting attribute path : orderDetail
16:32:50.453 [main] DEBUG org.hibernate.loader.plan.build.internal.spaces.QuerySpacesImpl - Adding QuerySpace : uid = &lt;gen:1&gt; -&gt; org.hibernate.loader.plan.build.internal.spaces.EntityQuerySpaceImpl@4f67e3df]
16:32:50.453 [main] DEBUG org.hibernate.persister.walking.spi.MetamodelGraphWalker - Visiting attribute path : product
16:32:50.453 [main] DEBUG org.hibernate.loader.plan.build.internal.spaces.QuerySpacesImpl - Adding QuerySpace : uid = &lt;gen:2&gt; -&gt; org.hibernate.loader.plan.build.internal.spaces.EntityQuerySpaceImpl@56681eaf]
16:32:50.453 [main] DEBUG org.hibernate.persister.walking.spi.MetamodelGraphWalker - Visiting attribute path : productCount
16:32:50.453 [main] DEBUG org.hibernate.persister.walking.spi.MetamodelGraphWalker - Visiting attribute path : total
16:32:50.453 [main] DEBUG org.hibernate.loader.plan.build.internal.FetchStyleLoadPlanBuildingAssociationVisitationStrategy - Building LoadPlan...
16:32:50.453 [main] DEBUG org.hibernate.loader.plan.exec.internal.LoadQueryJoinAndFetchProcessor - processing queryspace &lt;gen:0&gt;
16:32:50.454 [main] DEBUG org.hibernate.loader.plan.build.spi.LoadPlanTreePrinter - LoadPlan(entity=com.shoppingbackend.model.OrderItem)
    - Returns
       - EntityReturnImpl(entity=com.shoppingbackend.model.OrderItem, querySpaceUid=&lt;gen:0&gt;, path=com.shoppingbackend.model.OrderItem)
          - EntityAttributeFetchImpl(entity=com.shoppingbackend.model.OrderDetail, querySpaceUid=&lt;gen:1&gt;, path=com.shoppingbackend.model.OrderItem.orderDetail)
          - EntityAttributeFetchImpl(entity=com.shoppingbackend.model.Product, querySpaceUid=&lt;gen:2&gt;, path=com.shoppingbackend.model.OrderItem.product)
    - QuerySpaces
       - EntityQuerySpaceImpl(uid=&lt;gen:0&gt;, entity=com.shoppingbackend.model.OrderItem)
          - SQL table alias mapping - orderitem0_
          - alias suffix - 0_
          - suffixed key columns - {id1_5_0_}

16:32:50.454 [main] DEBUG org.hibernate.loader.entity.plan.EntityLoader - Static select for entity com.shoppingbackend.model.OrderItem [OPTIMISTIC]: select orderitem0_.id as id1_5_0_, orderitem0_.buying_price as buying_p2_5_0_, orderitem0_.order_id as order_id5_5_0_, orderitem0_.product_id as product_6_5_0_, orderitem0_.product_count as product_3_5_0_, orderitem0_.total as total4_5_0_ from order_item orderitem0_ where orderitem0_.id=?
16:32:50.454 [main] DEBUG org.hibernate.loader.plan.build.internal.spaces.QuerySpacesImpl - Adding QuerySpace : uid = &lt;gen:0&gt; -&gt; org.hibernate.loader.plan.build.internal.spaces.EntityQuerySpaceImpl@72d0f2b4]
16:32:50.454 [main] DEBUG org.hibernate.persister.walking.spi.MetamodelGraphWalker - Visiting attribute path : buyingPrice
16:32:50.454 [main] DEBUG org.hibernate.persister.walking.spi.MetamodelGraphWalker - Visiting attribute path : orderDetail
16:32:50.454 [main] DEBUG org.hibernate.loader.plan.build.internal.spaces.QuerySpacesImpl - Adding QuerySpace : uid = &lt;gen:1&gt; -&gt; org.hibernate.loader.plan.build.internal.spaces.EntityQuerySpaceImpl@1da4b6b3]
16:32:50.454 [main] DEBUG org.hibernate.persister.walking.spi.MetamodelGraphWalker - Visiting attribute path : product
16:32:50.454 [main] DEBUG org.hibernate.loader.plan.build.internal.spaces.QuerySpacesImpl - Adding QuerySpace : uid = &lt;gen:2&gt; -&gt; org.hibernate.loader.plan.build.internal.spaces.EntityQuerySpaceImpl@b2f4ece]
16:32:50.454 [main] DEBUG org.hibernate.persister.walking.spi.MetamodelGraphWalker - Visiting attribute path : productCount
16:32:50.454 [main] DEBUG org.hibernate.persister.walking.spi.MetamodelGraphWalker - Visiting attribute path : total
16:32:50.454 [main] DEBUG org.hibernate.loader.plan.build.internal.FetchStyleLoadPlanBuildingAssociationVisitationStrategy - Building LoadPlan...
16:32:50.454 [main] DEBUG org.hibernate.loader.plan.exec.internal.LoadQueryJoinAndFetchProcessor - processing queryspace &lt;gen:0&gt;
16:32:50.454 [main] DEBUG org.hibernate.loader.plan.build.spi.LoadPlanTreePrinter - LoadPlan(entity=com.shoppingbackend.model.OrderItem)
    - Returns
       - EntityReturnImpl(entity=com.shoppingbackend.model.OrderItem, querySpaceUid=&lt;gen:0&gt;, path=com.shoppingbackend.model.OrderItem)
          - EntityAttributeFetchImpl(entity=com.shoppingbackend.model.OrderDetail, querySpaceUid=&lt;gen:1&gt;, path=com.shoppingbackend.model.OrderItem.orderDetail)
          - EntityAttributeFetchImpl(entity=com.shoppingbackend.model.Product, querySpaceUid=&lt;gen:2&gt;, path=com.shoppingbackend.model.OrderItem.product)
    - QuerySpaces
       - EntityQuerySpaceImpl(uid=&lt;gen:0&gt;, entity=com.shoppingbackend.model.OrderItem)
          - SQL table alias mapping - orderitem0_
          - alias suffix - 0_
          - suffixed key columns - {id1_5_0_}

16:32:50.455 [main] DEBUG org.hibernate.loader.entity.plan.EntityLoader - Static select for entity com.shoppingbackend.model.OrderItem [OPTIMISTIC_FORCE_INCREMENT]: select orderitem0_.id as id1_5_0_, orderitem0_.buying_price as buying_p2_5_0_, orderitem0_.order_id as order_id5_5_0_, orderitem0_.product_id as product_6_5_0_, orderitem0_.product_count as product_3_5_0_, orderitem0_.total as total4_5_0_ from order_item orderitem0_ where orderitem0_.id=?
16:32:50.455 [main] DEBUG org.hibernate.loader.Loader - Static select for action ACTION_MERGE on entity com.shoppingbackend.model.OrderItem: select orderitem0_.id as id1_5_0_, orderitem0_.buying_price as buying_p2_5_0_, orderitem0_.order_id as order_id5_5_0_, orderitem0_.product_id as product_6_5_0_, orderitem0_.product_count as product_3_5_0_, orderitem0_.total as total4_5_0_ from order_item orderitem0_ where orderitem0_.id=?
16:32:50.455 [main] DEBUG org.hibernate.loader.Loader - Static select for action ACTION_REFRESH on entity com.shoppingbackend.model.OrderItem: select orderitem0_.id as id1_5_0_, orderitem0_.buying_price as buying_p2_5_0_, orderitem0_.order_id as order_id5_5_0_, orderitem0_.product_id as product_6_5_0_, orderitem0_.product_count as product_3_5_0_, orderitem0_.total as total4_5_0_ from order_item orderitem0_ where orderitem0_.id=?
16:32:50.455 [main] DEBUG org.hibernate.persister.entity.AbstractEntityPersister - Static SQL for entity: com.shoppingbackend.model.Supplier
16:32:50.455 [main] DEBUG org.hibernate.persister.entity.AbstractEntityPersister -  Version select: select sid from supplier where sid =?
16:32:50.455 [main] DEBUG org.hibernate.persister.entity.AbstractEntityPersister -  Snapshot select: select supplier_.sid, supplier_.supplier_name as supplier2_7_ from supplier supplier_ where supplier_.sid=?
16:32:50.455 [main] DEBUG org.hibernate.persister.entity.AbstractEntityPersister -  Insert 0: insert into supplier (supplier_name, sid) values (?, ?)
16:32:50.455 [main] DEBUG org.hibernate.persister.entity.AbstractEntityPersister -  Update 0: update supplier set supplier_name=? where sid=?
16:32:50.455 [main] DEBUG org.hibernate.persister.entity.AbstractEntityPersister -  Delete 0: delete from supplier where sid=?
16:32:50.455 [main] DEBUG org.hibernate.persister.entity.AbstractEntityPersister -  Identity insert: insert into supplier (sid, supplier_name) values (null, ?)
16:32:50.455 [main] DEBUG org.hibernate.loader.plan.build.internal.spaces.QuerySpacesImpl - Adding QuerySpace : uid = &lt;gen:0&gt; -&gt; org.hibernate.loader.plan.build.internal.spaces.EntityQuerySpaceImpl@7e1f584d]
16:32:50.455 [main] DEBUG org.hibernate.persister.walking.spi.MetamodelGraphWalker - Visiting attribute path : supplierName
16:32:50.455 [main] DEBUG org.hibernate.loader.plan.build.internal.FetchStyleLoadPlanBuildingAssociationVisitationStrategy - Building LoadPlan...
16:32:50.455 [main] DEBUG org.hibernate.loader.plan.exec.internal.LoadQueryJoinAndFetchProcessor - processing queryspace &lt;gen:0&gt;
16:32:50.456 [main] DEBUG org.hibernate.loader.plan.build.spi.LoadPlanTreePrinter - LoadPlan(entity=com.shoppingbackend.model.Supplier)
    - Returns
       - EntityReturnImpl(entity=com.shoppingbackend.model.Supplier, querySpaceUid=&lt;gen:0&gt;, path=com.shoppingbackend.model.Supplier)
    - QuerySpaces
       - EntityQuerySpaceImpl(uid=&lt;gen:0&gt;, entity=com.shoppingbackend.model.Supplier)
          - SQL table alias mapping - supplier0_
          - alias suffix - 0_
          - suffixed key columns - {sid1_7_0_}

16:32:50.456 [main] DEBUG org.hibernate.loader.entity.plan.EntityLoader - Static select for entity com.shoppingbackend.model.Supplier [NONE]: select supplier0_.sid as sid1_7_0_, supplier0_.supplier_name as supplier2_7_0_ from supplier supplier0_ where supplier0_.sid=?
16:32:50.456 [main] DEBUG org.hibernate.loader.plan.build.internal.spaces.QuerySpacesImpl - Adding QuerySpace : uid = &lt;gen:0&gt; -&gt; org.hibernate.loader.plan.build.internal.spaces.EntityQuerySpaceImpl@45d64d27]
16:32:50.456 [main] DEBUG org.hibernate.persister.walking.spi.MetamodelGraphWalker - Visiting attribute path : supplierName
16:32:50.456 [main] DEBUG org.hibernate.loader.plan.build.internal.FetchStyleLoadPlanBuildingAssociationVisitationStrategy - Building LoadPlan...
16:32:50.456 [main] DEBUG org.hibernate.loader.plan.exec.internal.LoadQueryJoinAndFetchProcessor - processing queryspace &lt;gen:0&gt;
16:32:50.456 [main] DEBUG org.hibernate.loader.plan.build.spi.LoadPlanTreePrinter - LoadPlan(entity=com.shoppingbackend.model.Supplier)
    - Returns
       - EntityReturnImpl(entity=com.shoppingbackend.model.Supplier, querySpaceUid=&lt;gen:0&gt;, path=com.shoppingbackend.model.Supplier)
    - QuerySpaces
       - EntityQuerySpaceImpl(uid=&lt;gen:0&gt;, entity=com.shoppingbackend.model.Supplier)
          - SQL table alias mapping - supplier0_
          - alias suffix - 0_
          - suffixed key columns - {sid1_7_0_}

16:32:50.456 [main] DEBUG org.hibernate.loader.entity.plan.EntityLoader - Static select for entity com.shoppingbackend.model.Supplier [READ]: select supplier0_.sid as sid1_7_0_, supplier0_.supplier_name as supplier2_7_0_ from supplier supplier0_ where supplier0_.sid=?
16:32:50.456 [main] DEBUG org.hibernate.loader.plan.build.internal.spaces.QuerySpacesImpl - Adding QuerySpace : uid = &lt;gen:0&gt; -&gt; org.hibernate.loader.plan.build.internal.spaces.EntityQuerySpaceImpl@30a7c98f]
16:32:50.456 [main] DEBUG org.hibernate.persister.walking.spi.MetamodelGraphWalker - Visiting attribute path : supplierName
16:32:50.456 [main] DEBUG org.hibernate.loader.plan.build.internal.FetchStyleLoadPlanBuildingAssociationVisitationStrategy - Building LoadPlan...
16:32:50.456 [main] DEBUG org.hibernate.loader.plan.exec.internal.LoadQueryJoinAndFetchProcessor - processing queryspace &lt;gen:0&gt;
16:32:50.456 [main] DEBUG org.hibernate.loader.plan.build.spi.LoadPlanTreePrinter - LoadPlan(entity=com.shoppingbackend.model.Supplier)
    - Returns
       - EntityReturnImpl(entity=com.shoppingbackend.model.Supplier, querySpaceUid=&lt;gen:0&gt;, path=com.shoppingbackend.model.Supplier)
    - QuerySpaces
       - EntityQuerySpaceImpl(uid=&lt;gen:0&gt;, entity=com.shoppingbackend.model.Supplier)
          - SQL table alias mapping - supplier0_
          - alias suffix - 0_
          - suffixed key columns - {sid1_7_0_}

16:32:50.456 [main] DEBUG org.hibernate.loader.entity.plan.EntityLoader - Static select for entity com.shoppingbackend.model.Supplier [UPGRADE]: select supplier0_.sid as sid1_7_0_, supplier0_.supplier_name as supplier2_7_0_ from supplier supplier0_ where supplier0_.sid=? for update
16:32:50.456 [main] DEBUG org.hibernate.loader.plan.build.internal.spaces.QuerySpacesImpl - Adding QuerySpace : uid = &lt;gen:0&gt; -&gt; org.hibernate.loader.plan.build.internal.spaces.EntityQuerySpaceImpl@41fed14f]
16:32:50.456 [main] DEBUG org.hibernate.persister.walking.spi.MetamodelGraphWalker - Visiting attribute path : supplierName
16:32:50.456 [main] DEBUG org.hibernate.loader.plan.build.internal.FetchStyleLoadPlanBuildingAssociationVisitationStrategy - Building LoadPlan...
16:32:50.457 [main] DEBUG org.hibernate.loader.plan.exec.internal.LoadQueryJoinAndFetchProcessor - processing queryspace &lt;gen:0&gt;
16:32:50.457 [main] DEBUG org.hibernate.loader.plan.build.spi.LoadPlanTreePrinter - LoadPlan(entity=com.shoppingbackend.model.Supplier)
    - Returns
       - EntityReturnImpl(entity=com.shoppingbackend.model.Supplier, querySpaceUid=&lt;gen:0&gt;, path=com.shoppingbackend.model.Supplier)
    - QuerySpaces
       - EntityQuerySpaceImpl(uid=&lt;gen:0&gt;, entity=com.shoppingbackend.model.Supplier)
          - SQL table alias mapping - supplier0_
          - alias suffix - 0_
          - suffixed key columns - {sid1_7_0_}

16:32:50.457 [main] DEBUG org.hibernate.loader.entity.plan.EntityLoader - Static select for entity com.shoppingbackend.model.Supplier [UPGRADE_NOWAIT]: select supplier0_.sid as sid1_7_0_, supplier0_.supplier_name as supplier2_7_0_ from supplier supplier0_ where supplier0_.sid=? for update
16:32:50.457 [main] DEBUG org.hibernate.loader.plan.build.internal.spaces.QuerySpacesImpl - Adding QuerySpace : uid = &lt;gen:0&gt; -&gt; org.hibernate.loader.plan.build.internal.spaces.EntityQuerySpaceImpl@a33b4e3]
16:32:50.457 [main] DEBUG org.hibernate.persister.walking.spi.MetamodelGraphWalker - Visiting attribute path : supplierName
16:32:50.457 [main] DEBUG org.hibernate.loader.plan.build.internal.FetchStyleLoadPlanBuildingAssociationVisitationStrategy - Building LoadPlan...
16:32:50.457 [main] DEBUG org.hibernate.loader.plan.exec.internal.LoadQueryJoinAndFetchProcessor - processing queryspace &lt;gen:0&gt;
16:32:50.457 [main] DEBUG org.hibernate.loader.plan.build.spi.LoadPlanTreePrinter - LoadPlan(entity=com.shoppingbackend.model.Supplier)
    - Returns
       - EntityReturnImpl(entity=com.shoppingbackend.model.Supplier, querySpaceUid=&lt;gen:0&gt;, path=com.shoppingbackend.model.Supplier)
    - QuerySpaces
       - EntityQuerySpaceImpl(uid=&lt;gen:0&gt;, entity=com.shoppingbackend.model.Supplier)
          - SQL table alias mapping - supplier0_
          - alias suffix - 0_
          - suffixed key columns - {sid1_7_0_}

16:32:50.457 [main] DEBUG org.hibernate.loader.entity.plan.EntityLoader - Static select for entity com.shoppingbackend.model.Supplier [UPGRADE_SKIPLOCKED]: select supplier0_.sid as sid1_7_0_, supplier0_.supplier_name as supplier2_7_0_ from supplier supplier0_ where supplier0_.sid=? for update
16:32:50.457 [main] DEBUG org.hibernate.loader.plan.build.internal.spaces.QuerySpacesImpl - Adding QuerySpace : uid = &lt;gen:0&gt; -&gt; org.hibernate.loader.plan.build.internal.spaces.EntityQuerySpaceImpl@3bae64d0]
16:32:50.457 [main] DEBUG org.hibernate.persister.walking.spi.MetamodelGraphWalker - Visiting attribute path : supplierName
16:32:50.457 [main] DEBUG org.hibernate.loader.plan.build.internal.FetchStyleLoadPlanBuildingAssociationVisitationStrategy - Building LoadPlan...
16:32:50.457 [main] DEBUG org.hibernate.loader.plan.exec.internal.LoadQueryJoinAndFetchProcessor - processing queryspace &lt;gen:0&gt;
16:32:50.457 [main] DEBUG org.hibernate.loader.plan.build.spi.LoadPlanTreePrinter - LoadPlan(entity=com.shoppingbackend.model.Supplier)
    - Returns
       - EntityReturnImpl(entity=com.shoppingbackend.model.Supplier, querySpaceUid=&lt;gen:0&gt;, path=com.shoppingbackend.model.Supplier)
    - QuerySpaces
       - EntityQuerySpaceImpl(uid=&lt;gen:0&gt;, entity=com.shoppingbackend.model.Supplier)
          - SQL table alias mapping - supplier0_
          - alias suffix - 0_
          - suffixed key columns - {sid1_7_0_}

16:32:50.457 [main] DEBUG org.hibernate.loader.entity.plan.EntityLoader - Static select for entity com.shoppingbackend.model.Supplier [FORCE]: select supplier0_.sid as sid1_7_0_, supplier0_.supplier_name as supplier2_7_0_ from supplier supplier0_ where supplier0_.sid=? for update
16:32:50.457 [main] DEBUG org.hibernate.loader.plan.build.internal.spaces.QuerySpacesImpl - Adding QuerySpace : uid = &lt;gen:0&gt; -&gt; org.hibernate.loader.plan.build.internal.spaces.EntityQuerySpaceImpl@1fba386c]
16:32:50.457 [main] DEBUG org.hibernate.persister.walking.spi.MetamodelGraphWalker - Visiting attribute path : supplierName
16:32:50.457 [main] DEBUG org.hibernate.loader.plan.build.internal.FetchStyleLoadPlanBuildingAssociationVisitationStrategy - Building LoadPlan...
16:32:50.458 [main] DEBUG org.hibernate.loader.plan.exec.internal.LoadQueryJoinAndFetchProcessor - processing queryspace &lt;gen:0&gt;
16:32:50.458 [main] DEBUG org.hibernate.loader.plan.build.spi.LoadPlanTreePrinter - LoadPlan(entity=com.shoppingbackend.model.Supplier)
    - Returns
       - EntityReturnImpl(entity=com.shoppingbackend.model.Supplier, querySpaceUid=&lt;gen:0&gt;, path=com.shoppingbackend.model.Supplier)
    - QuerySpaces
       - EntityQuerySpaceImpl(uid=&lt;gen:0&gt;, entity=com.shoppingbackend.model.Supplier)
          - SQL table alias mapping - supplier0_
          - alias suffix - 0_
          - suffixed key columns - {sid1_7_0_}

16:32:50.458 [main] DEBUG org.hibernate.loader.entity.plan.EntityLoader - Static select for entity com.shoppingbackend.model.Supplier [PESSIMISTIC_READ]: select supplier0_.sid as sid1_7_0_, supplier0_.supplier_name as supplier2_7_0_ from supplier supplier0_ where supplier0_.sid=? for update
16:32:50.458 [main] DEBUG org.hibernate.loader.plan.build.internal.spaces.QuerySpacesImpl - Adding QuerySpace : uid = &lt;gen:0&gt; -&gt; org.hibernate.loader.plan.build.internal.spaces.EntityQuerySpaceImpl@36b310aa]
16:32:50.458 [main] DEBUG org.hibernate.persister.walking.spi.MetamodelGraphWalker - Visiting attribute path : supplierName
16:32:50.458 [main] DEBUG org.hibernate.loader.plan.build.internal.FetchStyleLoadPlanBuildingAssociationVisitationStrategy - Building LoadPlan...
16:32:50.458 [main] DEBUG org.hibernate.loader.plan.exec.internal.LoadQueryJoinAndFetchProcessor - processing queryspace &lt;gen:0&gt;
16:32:50.458 [main] DEBUG org.hibernate.loader.plan.build.spi.LoadPlanTreePrinter - LoadPlan(entity=com.shoppingbackend.model.Supplier)
    - Returns
       - EntityReturnImpl(entity=com.shoppingbackend.model.Supplier, querySpaceUid=&lt;gen:0&gt;, path=com.shoppingbackend.model.Supplier)
    - QuerySpaces
       - EntityQuerySpaceImpl(uid=&lt;gen:0&gt;, entity=com.shoppingbackend.model.Supplier)
          - SQL table alias mapping - supplier0_
          - alias suffix - 0_
          - suffixed key columns - {sid1_7_0_}

16:32:50.458 [main] DEBUG org.hibernate.loader.entity.plan.EntityLoader - Static select for entity com.shoppingbackend.model.Supplier [PESSIMISTIC_WRITE]: select supplier0_.sid as sid1_7_0_, supplier0_.supplier_name as supplier2_7_0_ from supplier supplier0_ where supplier0_.sid=? for update
16:32:50.458 [main] DEBUG org.hibernate.loader.plan.build.internal.spaces.QuerySpacesImpl - Adding QuerySpace : uid = &lt;gen:0&gt; -&gt; org.hibernate.loader.plan.build.internal.spaces.EntityQuerySpaceImpl@3874b815]
16:32:50.458 [main] DEBUG org.hibernate.persister.walking.spi.MetamodelGraphWalker - Visiting attribute path : supplierName
16:32:50.459 [main] DEBUG org.hibernate.loader.plan.build.internal.FetchStyleLoadPlanBuildingAssociationVisitationStrategy - Building LoadPlan...
16:32:50.459 [main] DEBUG org.hibernate.loader.plan.exec.internal.LoadQueryJoinAndFetchProcessor - processing queryspace &lt;gen:0&gt;
16:32:50.459 [main] DEBUG org.hibernate.loader.plan.build.spi.LoadPlanTreePrinter - LoadPlan(entity=com.shoppingbackend.model.Supplier)
    - Returns
       - EntityReturnImpl(entity=com.shoppingbackend.model.Supplier, querySpaceUid=&lt;gen:0&gt;, path=com.shoppingbackend.model.Supplier)
    - QuerySpaces
       - EntityQuerySpaceImpl(uid=&lt;gen:0&gt;, entity=com.shoppingbackend.model.Supplier)
          - SQL table alias mapping - supplier0_
          - alias suffix - 0_
          - suffixed key columns - {sid1_7_0_}

16:32:50.459 [main] DEBUG org.hibernate.loader.entity.plan.EntityLoader - Static select for entity com.shoppingbackend.model.Supplier [PESSIMISTIC_FORCE_INCREMENT]: select supplier0_.sid as sid1_7_0_, supplier0_.supplier_name as supplier2_7_0_ from supplier supplier0_ where supplier0_.sid=? for update
16:32:50.459 [main] DEBUG org.hibernate.loader.plan.build.internal.spaces.QuerySpacesImpl - Adding QuerySpace : uid = &lt;gen:0&gt; -&gt; org.hibernate.loader.plan.build.internal.spaces.EntityQuerySpaceImpl@736048ed]
16:32:50.459 [main] DEBUG org.hibernate.persister.walking.spi.MetamodelGraphWalker - Visiting attribute path : supplierName
16:32:50.459 [main] DEBUG org.hibernate.loader.plan.build.internal.FetchStyleLoadPlanBuildingAssociationVisitationStrategy - Building LoadPlan...
16:32:50.459 [main] DEBUG org.hibernate.loader.plan.exec.internal.LoadQueryJoinAndFetchProcessor - processing queryspace &lt;gen:0&gt;
16:32:50.459 [main] DEBUG org.hibernate.loader.plan.build.spi.LoadPlanTreePrinter - LoadPlan(entity=com.shoppingbackend.model.Supplier)
    - Returns
       - EntityReturnImpl(entity=com.shoppingbackend.model.Supplier, querySpaceUid=&lt;gen:0&gt;, path=com.shoppingbackend.model.Supplier)
    - QuerySpaces
       - EntityQuerySpaceImpl(uid=&lt;gen:0&gt;, entity=com.shoppingbackend.model.Supplier)
          - SQL table alias mapping - supplier0_
          - alias suffix - 0_
          - suffixed key columns - {sid1_7_0_}

16:32:50.460 [main] DEBUG org.hibernate.loader.entity.plan.EntityLoader - Static select for entity com.shoppingbackend.model.Supplier [OPTIMISTIC]: select supplier0_.sid as sid1_7_0_, supplier0_.supplier_name as supplier2_7_0_ from supplier supplier0_ where supplier0_.sid=?
16:32:50.460 [main] DEBUG org.hibernate.loader.plan.build.internal.spaces.QuerySpacesImpl - Adding QuerySpace : uid = &lt;gen:0&gt; -&gt; org.hibernate.loader.plan.build.internal.spaces.EntityQuerySpaceImpl@45f421c]
16:32:50.460 [main] DEBUG org.hibernate.persister.walking.spi.MetamodelGraphWalker - Visiting attribute path : supplierName
16:32:50.460 [main] DEBUG org.hibernate.loader.plan.build.internal.FetchStyleLoadPlanBuildingAssociationVisitationStrategy - Building LoadPlan...
16:32:50.460 [main] DEBUG org.hibernate.loader.plan.exec.internal.LoadQueryJoinAndFetchProcessor - processing queryspace &lt;gen:0&gt;
16:32:50.460 [main] DEBUG org.hibernate.loader.plan.build.spi.LoadPlanTreePrinter - LoadPlan(entity=com.shoppingbackend.model.Supplier)
    - Returns
       - EntityReturnImpl(entity=com.shoppingbackend.model.Supplier, querySpaceUid=&lt;gen:0&gt;, path=com.shoppingbackend.model.Supplier)
    - QuerySpaces
       - EntityQuerySpaceImpl(uid=&lt;gen:0&gt;, entity=com.shoppingbackend.model.Supplier)
          - SQL table alias mapping - supplier0_
          - alias suffix - 0_
          - suffixed key columns - {sid1_7_0_}

16:32:50.460 [main] DEBUG org.hibernate.loader.entity.plan.EntityLoader - Static select for entity com.shoppingbackend.model.Supplier [OPTIMISTIC_FORCE_INCREMENT]: select supplier0_.sid as sid1_7_0_, supplier0_.supplier_name as supplier2_7_0_ from supplier supplier0_ where supplier0_.sid=?
16:32:50.461 [main] DEBUG org.hibernate.loader.Loader - Static select for action ACTION_MERGE on entity com.shoppingbackend.model.Supplier: select supplier0_.sid as sid1_7_0_, supplier0_.supplier_name as supplier2_7_0_ from supplier supplier0_ where supplier0_.sid=?
16:32:50.461 [main] DEBUG org.hibernate.loader.Loader - Static select for action ACTION_REFRESH on entity com.shoppingbackend.model.Supplier: select supplier0_.sid as sid1_7_0_, supplier0_.supplier_name as supplier2_7_0_ from supplier supplier0_ where supplier0_.sid=?
16:32:50.461 [main] DEBUG org.hibernate.persister.entity.AbstractEntityPersister - Static SQL for entity: com.shoppingbackend.model.User
16:32:50.461 [main] DEBUG org.hibernate.persister.entity.AbstractEntityPersister -  Version select: select id from user_detail where id =?
16:32:50.461 [main] DEBUG org.hibernate.persister.entity.AbstractEntityPersister -  Snapshot select: select user_.id, user_.contact_number as contact_2_8_, user_.email as email3_8_, user_.enabled as enabled4_8_, user_.first_name as first_na5_8_, user_.last_name as last_nam6_8_, user_.password as password7_8_, user_.role as role8_8_ from user_detail user_ where user_.id=?
16:32:50.461 [main] DEBUG org.hibernate.persister.entity.AbstractEntityPersister -  Insert 0: insert into user_detail (contact_number, email, enabled, first_name, last_name, password, role, id) values (?, ?, ?, ?, ?, ?, ?, ?)
16:32:50.461 [main] DEBUG org.hibernate.persister.entity.AbstractEntityPersister -  Update 0: update user_detail set contact_number=?, email=?, enabled=?, first_name=?, last_name=?, password=?, role=? where id=?
16:32:50.461 [main] DEBUG org.hibernate.persister.entity.AbstractEntityPersister -  Delete 0: delete from user_detail where id=?
16:32:50.461 [main] DEBUG org.hibernate.persister.entity.AbstractEntityPersister -  Identity insert: insert into user_detail (id, contact_number, email, enabled, first_name, last_name, password, role) values (null, ?, ?, ?, ?, ?, ?, ?)
16:32:50.461 [main] DEBUG org.hibernate.loader.plan.build.internal.spaces.QuerySpacesImpl - Adding QuerySpace : uid = &lt;gen:0&gt; -&gt; org.hibernate.loader.plan.build.internal.spaces.EntityQuerySpaceImpl@6940f685]
16:32:50.461 [main] DEBUG org.hibernate.persister.walking.spi.MetamodelGraphWalker - Visiting attribute path : contactNumber
16:32:50.461 [main] DEBUG org.hibernate.persister.walking.spi.MetamodelGraphWalker - Visiting attribute path : email
16:32:50.462 [main] DEBUG org.hibernate.persister.walking.spi.MetamodelGraphWalker - Visiting attribute path : enabled
16:32:50.462 [main] DEBUG org.hibernate.persister.walking.spi.MetamodelGraphWalker - Visiting attribute path : firstName
16:32:50.462 [main] DEBUG org.hibernate.persister.walking.spi.MetamodelGraphWalker - Visiting attribute path : lastName
16:32:50.462 [main] DEBUG org.hibernate.persister.walking.spi.MetamodelGraphWalker - Visiting attribute path : password
16:32:50.462 [main] DEBUG org.hibernate.persister.walking.spi.MetamodelGraphWalker - Visiting attribute path : role
16:32:50.462 [main] DEBUG org.hibernate.persister.walking.spi.MetamodelGraphWalker - Visiting attribute path : cart
16:32:50.462 [main] DEBUG org.hibernate.loader.plan.build.internal.spaces.QuerySpacesImpl - Adding QuerySpace : uid = &lt;gen:1&gt; -&gt; org.hibernate.loader.plan.build.internal.spaces.EntityQuerySpaceImpl@39008c9f]
16:32:50.462 [main] DEBUG org.hibernate.persister.walking.spi.MetamodelGraphWalker - Visiting attribute path : cart.cartLines
16:32:50.462 [main] DEBUG org.hibernate.persister.walking.spi.MetamodelGraphWalker - Visiting attribute path : cart.grandTotal
16:32:50.462 [main] DEBUG org.hibernate.persister.walking.spi.MetamodelGraphWalker - Visiting attribute path : cart.user
16:32:50.462 [main] DEBUG org.hibernate.persister.walking.spi.MetamodelGraphWalker - Property path deemed to be circular : cart.user
16:32:50.462 [main] DEBUG org.hibernate.loader.plan.build.internal.FetchStyleLoadPlanBuildingAssociationVisitationStrategy - Building LoadPlan...
16:32:50.462 [main] DEBUG org.hibernate.loader.plan.exec.internal.LoadQueryJoinAndFetchProcessor - processing queryspace &lt;gen:0&gt;
16:32:50.462 [main] DEBUG org.hibernate.loader.plan.build.spi.LoadPlanTreePrinter - LoadPlan(entity=com.shoppingbackend.model.User)
    - Returns
       - EntityReturnImpl(entity=com.shoppingbackend.model.User, querySpaceUid=&lt;gen:0&gt;, path=com.shoppingbackend.model.User)
          - EntityAttributeFetchImpl(entity=com.shoppingbackend.model.Cart, querySpaceUid=&lt;gen:1&gt;, path=com.shoppingbackend.model.User.cart)
    - QuerySpaces
       - EntityQuerySpaceImpl(uid=&lt;gen:0&gt;, entity=com.shoppingbackend.model.User)
          - SQL table alias mapping - user0_
          - alias suffix - 0_
          - suffixed key columns - {id1_8_0_}
          - JOIN (JoinDefinedByMetadata(cart)) : &lt;gen:0&gt; -&gt; &lt;gen:1&gt;
             - EntityQuerySpaceImpl(uid=&lt;gen:1&gt;, entity=com.shoppingbackend.model.Cart)
                - SQL table alias mapping - cart1_
                - alias suffix - 1_
                - suffixed key columns - {id1_1_1_}

16:32:50.462 [main] DEBUG org.hibernate.loader.entity.plan.EntityLoader - Static select for entity com.shoppingbackend.model.User [NONE]: select user0_.id as id1_8_0_, user0_.contact_number as contact_2_8_0_, user0_.email as email3_8_0_, user0_.enabled as enabled4_8_0_, user0_.first_name as first_na5_8_0_, user0_.last_name as last_nam6_8_0_, user0_.password as password7_8_0_, user0_.role as role8_8_0_, cart1_.id as id1_1_1_, cart1_.cart_lines as cart_lin2_1_1_, cart1_.grand_total as grand_to3_1_1_, cart1_.user_id as user_id4_1_1_ from user_detail user0_ left outer join Cart cart1_ on user0_.id=cart1_.user_id where user0_.id=?
16:32:50.462 [main] DEBUG org.hibernate.loader.plan.build.internal.spaces.QuerySpacesImpl - Adding QuerySpace : uid = &lt;gen:0&gt; -&gt; org.hibernate.loader.plan.build.internal.spaces.EntityQuerySpaceImpl@783115d9]
16:32:50.462 [main] DEBUG org.hibernate.persister.walking.spi.MetamodelGraphWalker - Visiting attribute path : contactNumber
16:32:50.462 [main] DEBUG org.hibernate.persister.walking.spi.MetamodelGraphWalker - Visiting attribute path : email
16:32:50.462 [main] DEBUG org.hibernate.persister.walking.spi.MetamodelGraphWalker - Visiting attribute path : enabled
16:32:50.462 [main] DEBUG org.hibernate.persister.walking.spi.MetamodelGraphWalker - Visiting attribute path : firstName
16:32:50.462 [main] DEBUG org.hibernate.persister.walking.spi.MetamodelGraphWalker - Visiting attribute path : lastName
16:32:50.462 [main] DEBUG org.hibernate.persister.walking.spi.MetamodelGraphWalker - Visiting attribute path : password
16:32:50.462 [main] DEBUG org.hibernate.persister.walking.spi.MetamodelGraphWalker - Visiting attribute path : role
16:32:50.462 [main] DEBUG org.hibernate.persister.walking.spi.MetamodelGraphWalker - Visiting attribute path : cart
16:32:50.462 [main] DEBUG org.hibernate.loader.plan.build.internal.spaces.QuerySpacesImpl - Adding QuerySpace : uid = &lt;gen:1&gt; -&gt; org.hibernate.loader.plan.build.internal.spaces.EntityQuerySpaceImpl@95bb2a2]
16:32:50.462 [main] DEBUG org.hibernate.persister.walking.spi.MetamodelGraphWalker - Visiting attribute path : cart.cartLines
16:32:50.462 [main] DEBUG org.hibernate.persister.walking.spi.MetamodelGraphWalker - Visiting attribute path : cart.grandTotal
16:32:50.463 [main] DEBUG org.hibernate.persister.walking.spi.MetamodelGraphWalker - Visiting attribute path : cart.user
16:32:50.463 [main] DEBUG org.hibernate.persister.walking.spi.MetamodelGraphWalker - Property path deemed to be circular : cart.user
16:32:50.463 [main] DEBUG org.hibernate.loader.plan.build.internal.FetchStyleLoadPlanBuildingAssociationVisitationStrategy - Building LoadPlan...
16:32:50.463 [main] DEBUG org.hibernate.loader.plan.exec.internal.LoadQueryJoinAndFetchProcessor - processing queryspace &lt;gen:0&gt;
16:32:50.463 [main] DEBUG org.hibernate.loader.plan.build.spi.LoadPlanTreePrinter - LoadPlan(entity=com.shoppingbackend.model.User)
    - Returns
       - EntityReturnImpl(entity=com.shoppingbackend.model.User, querySpaceUid=&lt;gen:0&gt;, path=com.shoppingbackend.model.User)
          - EntityAttributeFetchImpl(entity=com.shoppingbackend.model.Cart, querySpaceUid=&lt;gen:1&gt;, path=com.shoppingbackend.model.User.cart)
    - QuerySpaces
       - EntityQuerySpaceImpl(uid=&lt;gen:0&gt;, entity=com.shoppingbackend.model.User)
          - SQL table alias mapping - user0_
          - alias suffix - 0_
          - suffixed key columns - {id1_8_0_}
          - JOIN (JoinDefinedByMetadata(cart)) : &lt;gen:0&gt; -&gt; &lt;gen:1&gt;
             - EntityQuerySpaceImpl(uid=&lt;gen:1&gt;, entity=com.shoppingbackend.model.Cart)
                - SQL table alias mapping - cart1_
                - alias suffix - 1_
                - suffixed key columns - {id1_1_1_}

16:32:50.463 [main] DEBUG org.hibernate.loader.entity.plan.EntityLoader - Static select for entity com.shoppingbackend.model.User [READ]: select user0_.id as id1_8_0_, user0_.contact_number as contact_2_8_0_, user0_.email as email3_8_0_, user0_.enabled as enabled4_8_0_, user0_.first_name as first_na5_8_0_, user0_.last_name as last_nam6_8_0_, user0_.password as password7_8_0_, user0_.role as role8_8_0_, cart1_.id as id1_1_1_, cart1_.cart_lines as cart_lin2_1_1_, cart1_.grand_total as grand_to3_1_1_, cart1_.user_id as user_id4_1_1_ from user_detail user0_ left outer join Cart cart1_ on user0_.id=cart1_.user_id where user0_.id=?
16:32:50.463 [main] DEBUG org.hibernate.loader.plan.build.internal.spaces.QuerySpacesImpl - Adding QuerySpace : uid = &lt;gen:0&gt; -&gt; org.hibernate.loader.plan.build.internal.spaces.EntityQuerySpaceImpl@363a3d15]
16:32:50.463 [main] DEBUG org.hibernate.persister.walking.spi.MetamodelGraphWalker - Visiting attribute path : contactNumber
16:32:50.463 [main] DEBUG org.hibernate.persister.walking.spi.MetamodelGraphWalker - Visiting attribute path : email
16:32:50.463 [main] DEBUG org.hibernate.persister.walking.spi.MetamodelGraphWalker - Visiting attribute path : enabled
16:32:50.463 [main] DEBUG org.hibernate.persister.walking.spi.MetamodelGraphWalker - Visiting attribute path : firstName
16:32:50.463 [main] DEBUG org.hibernate.persister.walking.spi.MetamodelGraphWalker - Visiting attribute path : lastName
16:32:50.463 [main] DEBUG org.hibernate.persister.walking.spi.MetamodelGraphWalker - Visiting attribute path : password
16:32:50.463 [main] DEBUG org.hibernate.persister.walking.spi.MetamodelGraphWalker - Visiting attribute path : role
16:32:50.463 [main] DEBUG org.hibernate.persister.walking.spi.MetamodelGraphWalker - Visiting attribute path : cart
16:32:50.463 [main] DEBUG org.hibernate.loader.plan.build.internal.spaces.QuerySpacesImpl - Adding QuerySpace : uid = &lt;gen:1&gt; -&gt; org.hibernate.loader.plan.build.internal.spaces.EntityQuerySpaceImpl@43a51d00]
16:32:50.463 [main] DEBUG org.hibernate.loader.plan.build.internal.FetchStyleLoadPlanBuildingAssociationVisitationStrategy - Building LoadPlan...
16:32:50.464 [main] DEBUG org.hibernate.loader.plan.exec.internal.LoadQueryJoinAndFetchProcessor - processing queryspace &lt;gen:0&gt;
16:32:50.464 [main] DEBUG org.hibernate.loader.plan.build.spi.LoadPlanTreePrinter - LoadPlan(entity=com.shoppingbackend.model.User)
    - Returns
       - EntityReturnImpl(entity=com.shoppingbackend.model.User, querySpaceUid=&lt;gen:0&gt;, path=com.shoppingbackend.model.User)
          - EntityAttributeFetchImpl(entity=com.shoppingbackend.model.Cart, querySpaceUid=&lt;gen:1&gt;, path=com.shoppingbackend.model.User.cart)
    - QuerySpaces
       - EntityQuerySpaceImpl(uid=&lt;gen:0&gt;, entity=com.shoppingbackend.model.User)
          - SQL table alias mapping - user0_
          - alias suffix - 0_
          - suffixed key columns - {id1_8_0_}

16:32:50.464 [main] DEBUG org.hibernate.loader.entity.plan.EntityLoader - Static select for entity com.shoppingbackend.model.User [UPGRADE]: select user0_.id as id1_8_0_, user0_.contact_number as contact_2_8_0_, user0_.email as email3_8_0_, user0_.enabled as enabled4_8_0_, user0_.first_name as first_na5_8_0_, user0_.last_name as last_nam6_8_0_, user0_.password as password7_8_0_, user0_.role as role8_8_0_ from user_detail user0_ where user0_.id=? for update
16:32:50.464 [main] DEBUG org.hibernate.loader.plan.build.internal.spaces.QuerySpacesImpl - Adding QuerySpace : uid = &lt;gen:0&gt; -&gt; org.hibernate.loader.plan.build.internal.spaces.EntityQuerySpaceImpl@2e23c180]
16:32:50.464 [main] DEBUG org.hibernate.persister.walking.spi.MetamodelGraphWalker - Visiting attribute path : contactNumber
16:32:50.465 [main] DEBUG org.hibernate.persister.walking.spi.MetamodelGraphWalker - Visiting attribute path : email
16:32:50.465 [main] DEBUG org.hibernate.persister.walking.spi.MetamodelGraphWalker - Visiting attribute path : enabled
16:32:50.465 [main] DEBUG org.hibernate.persister.walking.spi.MetamodelGraphWalker - Visiting attribute path : firstName
16:32:50.465 [main] DEBUG org.hibernate.persister.walking.spi.MetamodelGraphWalker - Visiting attribute path : lastName
16:32:50.465 [main] DEBUG org.hibernate.persister.walking.spi.MetamodelGraphWalker - Visiting attribute path : password
16:32:50.465 [main] DEBUG org.hibernate.persister.walking.spi.MetamodelGraphWalker - Visiting attribute path : role
16:32:50.465 [main] DEBUG org.hibernate.persister.walking.spi.MetamodelGraphWalker - Visiting attribute path : cart
16:32:50.465 [main] DEBUG org.hibernate.loader.plan.build.internal.spaces.QuerySpacesImpl - Adding QuerySpace : uid = &lt;gen:1&gt; -&gt; org.hibernate.loader.plan.build.internal.spaces.EntityQuerySpaceImpl@25da615a]
16:32:50.465 [main] DEBUG org.hibernate.loader.plan.build.internal.FetchStyleLoadPlanBuildingAssociationVisitationStrategy - Building LoadPlan...
16:32:50.465 [main] DEBUG org.hibernate.loader.plan.exec.internal.LoadQueryJoinAndFetchProcessor - processing queryspace &lt;gen:0&gt;
16:32:50.465 [main] DEBUG org.hibernate.loader.plan.build.spi.LoadPlanTreePrinter - LoadPlan(entity=com.shoppingbackend.model.User)
    - Returns
       - EntityReturnImpl(entity=com.shoppingbackend.model.User, querySpaceUid=&lt;gen:0&gt;, path=com.shoppingbackend.model.User)
          - EntityAttributeFetchImpl(entity=com.shoppingbackend.model.Cart, querySpaceUid=&lt;gen:1&gt;, path=com.shoppingbackend.model.User.cart)
    - QuerySpaces
       - EntityQuerySpaceImpl(uid=&lt;gen:0&gt;, entity=com.shoppingbackend.model.User)
          - SQL table alias mapping - user0_
          - alias suffix - 0_
          - suffixed key columns - {id1_8_0_}

16:32:50.465 [main] DEBUG org.hibernate.loader.entity.plan.EntityLoader - Static select for entity com.shoppingbackend.model.User [UPGRADE_NOWAIT]: select user0_.id as id1_8_0_, user0_.contact_number as contact_2_8_0_, user0_.email as email3_8_0_, user0_.enabled as enabled4_8_0_, user0_.first_name as first_na5_8_0_, user0_.last_name as last_nam6_8_0_, user0_.password as password7_8_0_, user0_.role as role8_8_0_ from user_detail user0_ where user0_.id=? for update
16:32:50.465 [main] DEBUG org.hibernate.loader.plan.build.internal.spaces.QuerySpacesImpl - Adding QuerySpace : uid = &lt;gen:0&gt; -&gt; org.hibernate.loader.plan.build.internal.spaces.EntityQuerySpaceImpl@4efc25fc]
16:32:50.465 [main] DEBUG org.hibernate.persister.walking.spi.MetamodelGraphWalker - Visiting attribute path : contactNumber
16:32:50.465 [main] DEBUG org.hibernate.persister.walking.spi.MetamodelGraphWalker - Visiting attribute path : email
16:32:50.465 [main] DEBUG org.hibernate.persister.walking.spi.MetamodelGraphWalker - Visiting attribute path : enabled
16:32:50.465 [main] DEBUG org.hibernate.persister.walking.spi.MetamodelGraphWalker - Visiting attribute path : firstName
16:32:50.465 [main] DEBUG org.hibernate.persister.walking.spi.MetamodelGraphWalker - Visiting attribute path : lastName
16:32:50.465 [main] DEBUG org.hibernate.persister.walking.spi.MetamodelGraphWalker - Visiting attribute path : password
16:32:50.465 [main] DEBUG org.hibernate.persister.walking.spi.MetamodelGraphWalker - Visiting attribute path : role
16:32:50.465 [main] DEBUG org.hibernate.persister.walking.spi.MetamodelGraphWalker - Visiting attribute path : cart
16:32:50.465 [main] DEBUG org.hibernate.loader.plan.build.internal.spaces.QuerySpacesImpl - Adding QuerySpace : uid = &lt;gen:1&gt; -&gt; org.hibernate.loader.plan.build.internal.spaces.EntityQuerySpaceImpl@396e6d9]
16:32:50.465 [main] DEBUG org.hibernate.loader.plan.build.internal.FetchStyleLoadPlanBuildingAssociationVisitationStrategy - Building LoadPlan...
16:32:50.466 [main] DEBUG org.hibernate.loader.plan.exec.internal.LoadQueryJoinAndFetchProcessor - processing queryspace &lt;gen:0&gt;
16:32:50.466 [main] DEBUG org.hibernate.loader.plan.build.spi.LoadPlanTreePrinter - LoadPlan(entity=com.shoppingbackend.model.User)
    - Returns
       - EntityReturnImpl(entity=com.shoppingbackend.model.User, querySpaceUid=&lt;gen:0&gt;, path=com.shoppingbackend.model.User)
          - EntityAttributeFetchImpl(entity=com.shoppingbackend.model.Cart, querySpaceUid=&lt;gen:1&gt;, path=com.shoppingbackend.model.User.cart)
    - QuerySpaces
       - EntityQuerySpaceImpl(uid=&lt;gen:0&gt;, entity=com.shoppingbackend.model.User)
          - SQL table alias mapping - user0_
          - alias suffix - 0_
          - suffixed key columns - {id1_8_0_}

16:32:50.466 [main] DEBUG org.hibernate.loader.entity.plan.EntityLoader - Static select for entity com.shoppingbackend.model.User [UPGRADE_SKIPLOCKED]: select user0_.id as id1_8_0_, user0_.contact_number as contact_2_8_0_, user0_.email as email3_8_0_, user0_.enabled as enabled4_8_0_, user0_.first_name as first_na5_8_0_, user0_.last_name as last_nam6_8_0_, user0_.password as password7_8_0_, user0_.role as role8_8_0_ from user_detail user0_ where user0_.id=? for update
16:32:50.466 [main] DEBUG org.hibernate.loader.plan.build.internal.spaces.QuerySpacesImpl - Adding QuerySpace : uid = &lt;gen:0&gt; -&gt; org.hibernate.loader.plan.build.internal.spaces.EntityQuerySpaceImpl@75308740]
16:32:50.466 [main] DEBUG org.hibernate.persister.walking.spi.MetamodelGraphWalker - Visiting attribute path : contactNumber
16:32:50.466 [main] DEBUG org.hibernate.persister.walking.spi.MetamodelGraphWalker - Visiting attribute path : email
16:32:50.466 [main] DEBUG org.hibernate.persister.walking.spi.MetamodelGraphWalker - Visiting attribute path : enabled
16:32:50.466 [main] DEBUG org.hibernate.persister.walking.spi.MetamodelGraphWalker - Visiting attribute path : firstName
16:32:50.466 [main] DEBUG org.hibernate.persister.walking.spi.MetamodelGraphWalker - Visiting attribute path : lastName
16:32:50.466 [main] DEBUG org.hibernate.persister.walking.spi.MetamodelGraphWalker - Visiting attribute path : password
16:32:50.466 [main] DEBUG org.hibernate.persister.walking.spi.MetamodelGraphWalker - Visiting attribute path : role
16:32:50.466 [main] DEBUG org.hibernate.persister.walking.spi.MetamodelGraphWalker - Visiting attribute path : cart
16:32:50.466 [main] DEBUG org.hibernate.loader.plan.build.internal.spaces.QuerySpacesImpl - Adding QuerySpace : uid = &lt;gen:1&gt; -&gt; org.hibernate.loader.plan.build.internal.spaces.EntityQuerySpaceImpl@3a5c2626]
16:32:50.466 [main] DEBUG org.hibernate.loader.plan.build.internal.FetchStyleLoadPlanBuildingAssociationVisitationStrategy - Building LoadPlan...
16:32:50.466 [main] DEBUG org.hibernate.loader.plan.exec.internal.LoadQueryJoinAndFetchProcessor - processing queryspace &lt;gen:0&gt;
16:32:50.467 [main] DEBUG org.hibernate.loader.plan.build.spi.LoadPlanTreePrinter - LoadPlan(entity=com.shoppingbackend.model.User)
    - Returns
       - EntityReturnImpl(entity=com.shoppingbackend.model.User, querySpaceUid=&lt;gen:0&gt;, path=com.shoppingbackend.model.User)
          - EntityAttributeFetchImpl(entity=com.shoppingbackend.model.Cart, querySpaceUid=&lt;gen:1&gt;, path=com.shoppingbackend.model.User.cart)
    - QuerySpaces
       - EntityQuerySpaceImpl(uid=&lt;gen:0&gt;, entity=com.shoppingbackend.model.User)
          - SQL table alias mapping - user0_
          - alias suffix - 0_
          - suffixed key columns - {id1_8_0_}

16:32:50.467 [main] DEBUG org.hibernate.loader.entity.plan.EntityLoader - Static select for entity com.shoppingbackend.model.User [FORCE]: select user0_.id as id1_8_0_, user0_.contact_number as contact_2_8_0_, user0_.email as email3_8_0_, user0_.enabled as enabled4_8_0_, user0_.first_name as first_na5_8_0_, user0_.last_name as last_nam6_8_0_, user0_.password as password7_8_0_, user0_.role as role8_8_0_ from user_detail user0_ where user0_.id=? for update
16:32:50.467 [main] DEBUG org.hibernate.loader.plan.build.internal.spaces.QuerySpacesImpl - Adding QuerySpace : uid = &lt;gen:0&gt; -&gt; org.hibernate.loader.plan.build.internal.spaces.EntityQuerySpaceImpl@e48bf9a]
16:32:50.467 [main] DEBUG org.hibernate.persister.walking.spi.MetamodelGraphWalker - Visiting attribute path : contactNumber
16:32:50.467 [main] DEBUG org.hibernate.persister.walking.spi.MetamodelGraphWalker - Visiting attribute path : email
16:32:50.467 [main] DEBUG org.hibernate.persister.walking.spi.MetamodelGraphWalker - Visiting attribute path : enabled
16:32:50.467 [main] DEBUG org.hibernate.persister.walking.spi.MetamodelGraphWalker - Visiting attribute path : firstName
16:32:50.467 [main] DEBUG org.hibernate.persister.walking.spi.MetamodelGraphWalker - Visiting attribute path : lastName
16:32:50.467 [main] DEBUG org.hibernate.persister.walking.spi.MetamodelGraphWalker - Visiting attribute path : password
16:32:50.467 [main] DEBUG org.hibernate.persister.walking.spi.MetamodelGraphWalker - Visiting attribute path : role
16:32:50.467 [main] DEBUG org.hibernate.persister.walking.spi.MetamodelGraphWalker - Visiting attribute path : cart
16:32:50.467 [main] DEBUG org.hibernate.loader.plan.build.internal.spaces.QuerySpacesImpl - Adding QuerySpace : uid = &lt;gen:1&gt; -&gt; org.hibernate.loader.plan.build.internal.spaces.EntityQuerySpaceImpl@41bf79da]
16:32:50.467 [main] DEBUG org.hibernate.loader.plan.build.internal.FetchStyleLoadPlanBuildingAssociationVisitationStrategy - Building LoadPlan...
16:32:50.467 [main] DEBUG org.hibernate.loader.plan.exec.internal.LoadQueryJoinAndFetchProcessor - processing queryspace &lt;gen:0&gt;
16:32:50.468 [main] DEBUG org.hibernate.loader.plan.build.spi.LoadPlanTreePrinter - LoadPlan(entity=com.shoppingbackend.model.User)
    - Returns
       - EntityReturnImpl(entity=com.shoppingbackend.model.User, querySpaceUid=&lt;gen:0&gt;, path=com.shoppingbackend.model.User)
          - EntityAttributeFetchImpl(entity=com.shoppingbackend.model.Cart, querySpaceUid=&lt;gen:1&gt;, path=com.shoppingbackend.model.User.cart)
    - QuerySpaces
       - EntityQuerySpaceImpl(uid=&lt;gen:0&gt;, entity=com.shoppingbackend.model.User)
          - SQL table alias mapping - user0_
          - alias suffix - 0_
          - suffixed key columns - {id1_8_0_}

16:32:50.468 [main] DEBUG org.hibernate.loader.entity.plan.EntityLoader - Static select for entity com.shoppingbackend.model.User [PESSIMISTIC_READ]: select user0_.id as id1_8_0_, user0_.contact_number as contact_2_8_0_, user0_.email as email3_8_0_, user0_.enabled as enabled4_8_0_, user0_.first_name as first_na5_8_0_, user0_.last_name as last_nam6_8_0_, user0_.password as password7_8_0_, user0_.role as role8_8_0_ from user_detail user0_ where user0_.id=? for update
16:32:50.468 [main] DEBUG org.hibernate.loader.plan.build.internal.spaces.QuerySpacesImpl - Adding QuerySpace : uid = &lt;gen:0&gt; -&gt; org.hibernate.loader.plan.build.internal.spaces.EntityQuerySpaceImpl@1a891add]
16:32:50.468 [main] DEBUG org.hibernate.persister.walking.spi.MetamodelGraphWalker - Visiting attribute path : contactNumber
16:32:50.468 [main] DEBUG org.hibernate.persister.walking.spi.MetamodelGraphWalker - Visiting attribute path : email
16:32:50.468 [main] DEBUG org.hibernate.persister.walking.spi.MetamodelGraphWalker - Visiting attribute path : enabled
16:32:50.468 [main] DEBUG org.hibernate.persister.walking.spi.MetamodelGraphWalker - Visiting attribute path : firstName
16:32:50.468 [main] DEBUG org.hibernate.persister.walking.spi.MetamodelGraphWalker - Visiting attribute path : lastName
16:32:50.468 [main] DEBUG org.hibernate.persister.walking.spi.MetamodelGraphWalker - Visiting attribute path : password
16:32:50.468 [main] DEBUG org.hibernate.persister.walking.spi.MetamodelGraphWalker - Visiting attribute path : role
16:32:50.468 [main] DEBUG org.hibernate.persister.walking.spi.MetamodelGraphWalker - Visiting attribute path : cart
16:32:50.468 [main] DEBUG org.hibernate.loader.plan.build.internal.spaces.QuerySpacesImpl - Adding QuerySpace : uid = &lt;gen:1&gt; -&gt; org.hibernate.loader.plan.build.internal.spaces.EntityQuerySpaceImpl@373f7450]
16:32:50.468 [main] DEBUG org.hibernate.loader.plan.build.internal.FetchStyleLoadPlanBuildingAssociationVisitationStrategy - Building LoadPlan...
16:32:50.468 [main] DEBUG org.hibernate.loader.plan.exec.internal.LoadQueryJoinAndFetchProcessor - processing queryspace &lt;gen:0&gt;
16:32:50.469 [main] DEBUG org.hibernate.loader.plan.build.spi.LoadPlanTreePrinter - LoadPlan(entity=com.shoppingbackend.model.User)
    - Returns
       - EntityReturnImpl(entity=com.shoppingbackend.model.User, querySpaceUid=&lt;gen:0&gt;, path=com.shoppingbackend.model.User)
          - EntityAttributeFetchImpl(entity=com.shoppingbackend.model.Cart, querySpaceUid=&lt;gen:1&gt;, path=com.shoppingbackend.model.User.cart)
    - QuerySpaces
       - EntityQuerySpaceImpl(uid=&lt;gen:0&gt;, entity=com.shoppingbackend.model.User)
          - SQL table alias mapping - user0_
          - alias suffix - 0_
          - suffixed key columns - {id1_8_0_}

16:32:50.469 [main] DEBUG org.hibernate.loader.entity.plan.EntityLoader - Static select for entity com.shoppingbackend.model.User [PESSIMISTIC_WRITE]: select user0_.id as id1_8_0_, user0_.contact_number as contact_2_8_0_, user0_.email as email3_8_0_, user0_.enabled as enabled4_8_0_, user0_.first_name as first_na5_8_0_, user0_.last_name as last_nam6_8_0_, user0_.password as password7_8_0_, user0_.role as role8_8_0_ from user_detail user0_ where user0_.id=? for update
16:32:50.470 [main] DEBUG org.hibernate.loader.plan.build.internal.spaces.QuerySpacesImpl - Adding QuerySpace : uid = &lt;gen:0&gt; -&gt; org.hibernate.loader.plan.build.internal.spaces.EntityQuerySpaceImpl@d74bac4]
16:32:50.470 [main] DEBUG org.hibernate.persister.walking.spi.MetamodelGraphWalker - Visiting attribute path : contactNumber
16:32:50.470 [main] DEBUG org.hibernate.persister.walking.spi.MetamodelGraphWalker - Visiting attribute path : email
16:32:50.470 [main] DEBUG org.hibernate.persister.walking.spi.MetamodelGraphWalker - Visiting attribute path : enabled
16:32:50.470 [main] DEBUG org.hibernate.persister.walking.spi.MetamodelGraphWalker - Visiting attribute path : firstName
16:32:50.470 [main] DEBUG org.hibernate.persister.walking.spi.MetamodelGraphWalker - Visiting attribute path : lastName
16:32:50.470 [main] DEBUG org.hibernate.persister.walking.spi.MetamodelGraphWalker - Visiting attribute path : password
16:32:50.470 [main] DEBUG org.hibernate.persister.walking.spi.MetamodelGraphWalker - Visiting attribute path : role
16:32:50.470 [main] DEBUG org.hibernate.persister.walking.spi.MetamodelGraphWalker - Visiting attribute path : cart
16:32:50.470 [main] DEBUG org.hibernate.loader.plan.build.internal.spaces.QuerySpacesImpl - Adding QuerySpace : uid = &lt;gen:1&gt; -&gt; org.hibernate.loader.plan.build.internal.spaces.EntityQuerySpaceImpl@387bf2d9]
16:32:50.470 [main] DEBUG org.hibernate.loader.plan.build.internal.FetchStyleLoadPlanBuildingAssociationVisitationStrategy - Building LoadPlan...
16:32:50.470 [main] DEBUG org.hibernate.loader.plan.exec.internal.LoadQueryJoinAndFetchProcessor - processing queryspace &lt;gen:0&gt;
16:32:50.470 [main] DEBUG org.hibernate.loader.plan.build.spi.LoadPlanTreePrinter - LoadPlan(entity=com.shoppingbackend.model.User)
    - Returns
       - EntityReturnImpl(entity=com.shoppingbackend.model.User, querySpaceUid=&lt;gen:0&gt;, path=com.shoppingbackend.model.User)
          - EntityAttributeFetchImpl(entity=com.shoppingbackend.model.Cart, querySpaceUid=&lt;gen:1&gt;, path=com.shoppingbackend.model.User.cart)
    - QuerySpaces
       - EntityQuerySpaceImpl(uid=&lt;gen:0&gt;, entity=com.shoppingbackend.model.User)
          - SQL table alias mapping - user0_
          - alias suffix - 0_
          - suffixed key columns - {id1_8_0_}

16:32:50.470 [main] DEBUG org.hibernate.loader.entity.plan.EntityLoader - Static select for entity com.shoppingbackend.model.User [PESSIMISTIC_FORCE_INCREMENT]: select user0_.id as id1_8_0_, user0_.contact_number as contact_2_8_0_, user0_.email as email3_8_0_, user0_.enabled as enabled4_8_0_, user0_.first_name as first_na5_8_0_, user0_.last_name as last_nam6_8_0_, user0_.password as password7_8_0_, user0_.role as role8_8_0_ from user_detail user0_ where user0_.id=? for update
16:32:50.470 [main] DEBUG org.hibernate.loader.plan.build.internal.spaces.QuerySpacesImpl - Adding QuerySpace : uid = &lt;gen:0&gt; -&gt; org.hibernate.loader.plan.build.internal.spaces.EntityQuerySpaceImpl@74aa9c72]
16:32:50.470 [main] DEBUG org.hibernate.persister.walking.spi.MetamodelGraphWalker - Visiting attribute path : contactNumber
16:32:50.470 [main] DEBUG org.hibernate.persister.walking.spi.MetamodelGraphWalker - Visiting attribute path : email
16:32:50.470 [main] DEBUG org.hibernate.persister.walking.spi.MetamodelGraphWalker - Visiting attribute path : enabled
16:32:50.470 [main] DEBUG org.hibernate.persister.walking.spi.MetamodelGraphWalker - Visiting attribute path : firstName
16:32:50.470 [main] DEBUG org.hibernate.persister.walking.spi.MetamodelGraphWalker - Visiting attribute path : lastName
16:32:50.470 [main] DEBUG org.hibernate.persister.walking.spi.MetamodelGraphWalker - Visiting attribute path : password
16:32:50.470 [main] DEBUG org.hibernate.persister.walking.spi.MetamodelGraphWalker - Visiting attribute path : role
16:32:50.470 [main] DEBUG org.hibernate.persister.walking.spi.MetamodelGraphWalker - Visiting attribute path : cart
16:32:50.470 [main] DEBUG org.hibernate.loader.plan.build.internal.spaces.QuerySpacesImpl - Adding QuerySpace : uid = &lt;gen:1&gt; -&gt; org.hibernate.loader.plan.build.internal.spaces.EntityQuerySpaceImpl@4b7c4456]
16:32:50.470 [main] DEBUG org.hibernate.loader.plan.build.internal.FetchStyleLoadPlanBuildingAssociationVisitationStrategy - Building LoadPlan...
16:32:50.471 [main] DEBUG org.hibernate.loader.plan.exec.internal.LoadQueryJoinAndFetchProcessor - processing queryspace &lt;gen:0&gt;
16:32:50.471 [main] DEBUG org.hibernate.loader.plan.build.spi.LoadPlanTreePrinter - LoadPlan(entity=com.shoppingbackend.model.User)
    - Returns
       - EntityReturnImpl(entity=com.shoppingbackend.model.User, querySpaceUid=&lt;gen:0&gt;, path=com.shoppingbackend.model.User)
          - EntityAttributeFetchImpl(entity=com.shoppingbackend.model.Cart, querySpaceUid=&lt;gen:1&gt;, path=com.shoppingbackend.model.User.cart)
    - QuerySpaces
       - EntityQuerySpaceImpl(uid=&lt;gen:0&gt;, entity=com.shoppingbackend.model.User)
          - SQL table alias mapping - user0_
          - alias suffix - 0_
          - suffixed key columns - {id1_8_0_}

16:32:50.471 [main] DEBUG org.hibernate.loader.entity.plan.EntityLoader - Static select for entity com.shoppingbackend.model.User [OPTIMISTIC]: select user0_.id as id1_8_0_, user0_.contact_number as contact_2_8_0_, user0_.email as email3_8_0_, user0_.enabled as enabled4_8_0_, user0_.first_name as first_na5_8_0_, user0_.last_name as last_nam6_8_0_, user0_.password as password7_8_0_, user0_.role as role8_8_0_ from user_detail user0_ where user0_.id=?
16:32:50.471 [main] DEBUG org.hibernate.loader.plan.build.internal.spaces.QuerySpacesImpl - Adding QuerySpace : uid = &lt;gen:0&gt; -&gt; org.hibernate.loader.plan.build.internal.spaces.EntityQuerySpaceImpl@2c768ada]
16:32:50.471 [main] DEBUG org.hibernate.persister.walking.spi.MetamodelGraphWalker - Visiting attribute path : contactNumber
16:32:50.471 [main] DEBUG org.hibernate.persister.walking.spi.MetamodelGraphWalker - Visiting attribute path : email
16:32:50.471 [main] DEBUG org.hibernate.persister.walking.spi.MetamodelGraphWalker - Visiting attribute path : enabled
16:32:50.471 [main] DEBUG org.hibernate.persister.walking.spi.MetamodelGraphWalker - Visiting attribute path : firstName
16:32:50.471 [main] DEBUG org.hibernate.persister.walking.spi.MetamodelGraphWalker - Visiting attribute path : lastName
16:32:50.471 [main] DEBUG org.hibernate.persister.walking.spi.MetamodelGraphWalker - Visiting attribute path : password
16:32:50.471 [main] DEBUG org.hibernate.persister.walking.spi.MetamodelGraphWalker - Visiting attribute path : role
16:32:50.471 [main] DEBUG org.hibernate.persister.walking.spi.MetamodelGraphWalker - Visiting attribute path : cart
16:32:50.471 [main] DEBUG org.hibernate.loader.plan.build.internal.spaces.QuerySpacesImpl - Adding QuerySpace : uid = &lt;gen:1&gt; -&gt; org.hibernate.loader.plan.build.internal.spaces.EntityQuerySpaceImpl@5533dc72]
16:32:50.471 [main] DEBUG org.hibernate.loader.plan.build.internal.FetchStyleLoadPlanBuildingAssociationVisitationStrategy - Building LoadPlan...
16:32:50.472 [main] DEBUG org.hibernate.loader.plan.exec.internal.LoadQueryJoinAndFetchProcessor - processing queryspace &lt;gen:0&gt;
16:32:50.472 [main] DEBUG org.hibernate.loader.plan.build.spi.LoadPlanTreePrinter - LoadPlan(entity=com.shoppingbackend.model.User)
    - Returns
       - EntityReturnImpl(entity=com.shoppingbackend.model.User, querySpaceUid=&lt;gen:0&gt;, path=com.shoppingbackend.model.User)
          - EntityAttributeFetchImpl(entity=com.shoppingbackend.model.Cart, querySpaceUid=&lt;gen:1&gt;, path=com.shoppingbackend.model.User.cart)
    - QuerySpaces
       - EntityQuerySpaceImpl(uid=&lt;gen:0&gt;, entity=com.shoppingbackend.model.User)
          - SQL table alias mapping - user0_
          - alias suffix - 0_
          - suffixed key columns - {id1_8_0_}

16:32:50.472 [main] DEBUG org.hibernate.loader.entity.plan.EntityLoader - Static select for entity com.shoppingbackend.model.User [OPTIMISTIC_FORCE_INCREMENT]: select user0_.id as id1_8_0_, user0_.contact_number as contact_2_8_0_, user0_.email as email3_8_0_, user0_.enabled as enabled4_8_0_, user0_.first_name as first_na5_8_0_, user0_.last_name as last_nam6_8_0_, user0_.password as password7_8_0_, user0_.role as role8_8_0_ from user_detail user0_ where user0_.id=?
16:32:50.472 [main] DEBUG org.hibernate.loader.Loader - Static select for action ACTION_MERGE on entity com.shoppingbackend.model.User: select user0_.id as id1_8_1_, user0_.contact_number as contact_2_8_1_, user0_.email as email3_8_1_, user0_.enabled as enabled4_8_1_, user0_.first_name as first_na5_8_1_, user0_.last_name as last_nam6_8_1_, user0_.password as password7_8_1_, user0_.role as role8_8_1_, cart1_.id as id1_1_0_, cart1_.cart_lines as cart_lin2_1_0_, cart1_.grand_total as grand_to3_1_0_, cart1_.user_id as user_id4_1_0_ from user_detail user0_ left outer join Cart cart1_ on user0_.id=cart1_.user_id where user0_.id=?
16:32:50.472 [main] DEBUG org.hibernate.loader.Loader - Static select for action ACTION_REFRESH on entity com.shoppingbackend.model.User: select user0_.id as id1_8_1_, user0_.contact_number as contact_2_8_1_, user0_.email as email3_8_1_, user0_.enabled as enabled4_8_1_, user0_.first_name as first_na5_8_1_, user0_.last_name as last_nam6_8_1_, user0_.password as password7_8_1_, user0_.role as role8_8_1_, cart1_.id as id1_1_0_, cart1_.cart_lines as cart_lin2_1_0_, cart1_.grand_total as grand_to3_1_0_, cart1_.user_id as user_id4_1_0_ from user_detail user0_ left outer join Cart cart1_ on user0_.id=cart1_.user_id where user0_.id=?
16:32:50.472 [main] DEBUG org.hibernate.persister.entity.AbstractEntityPersister - Static SQL for entity: com.shoppingbackend.model.Cart
16:32:50.472 [main] DEBUG org.hibernate.persister.entity.AbstractEntityPersister -  Version select: select id from Cart where id =?
16:32:50.472 [main] DEBUG org.hibernate.persister.entity.AbstractEntityPersister -  Snapshot select: select cart_.id, cart_.cart_lines as cart_lin2_1_, cart_.grand_total as grand_to3_1_, cart_.user_id as user_id4_1_ from Cart cart_ where cart_.id=?
16:32:50.472 [main] DEBUG org.hibernate.persister.entity.AbstractEntityPersister -  Insert 0: insert into Cart (cart_lines, grand_total, user_id, id) values (?, ?, ?, ?)
16:32:50.472 [main] DEBUG org.hibernate.persister.entity.AbstractEntityPersister -  Update 0: update Cart set cart_lines=?, grand_total=?, user_id=? where id=?
16:32:50.473 [main] DEBUG org.hibernate.persister.entity.AbstractEntityPersister -  Delete 0: delete from Cart where id=?
16:32:50.473 [main] DEBUG org.hibernate.persister.entity.AbstractEntityPersister -  Identity insert: insert into Cart (id, cart_lines, grand_total, user_id) values (null, ?, ?, ?)
16:32:50.473 [main] DEBUG org.hibernate.loader.plan.build.internal.spaces.QuerySpacesImpl - Adding QuerySpace : uid = &lt;gen:0&gt; -&gt; org.hibernate.loader.plan.build.internal.spaces.EntityQuerySpaceImpl@7c447c76]
16:32:50.473 [main] DEBUG org.hibernate.persister.walking.spi.MetamodelGraphWalker - Visiting attribute path : cartLines
16:32:50.473 [main] DEBUG org.hibernate.persister.walking.spi.MetamodelGraphWalker - Visiting attribute path : grandTotal
16:32:50.473 [main] DEBUG org.hibernate.persister.walking.spi.MetamodelGraphWalker - Visiting attribute path : user
16:32:50.473 [main] DEBUG org.hibernate.loader.plan.build.internal.spaces.QuerySpacesImpl - Adding QuerySpace : uid = &lt;gen:1&gt; -&gt; org.hibernate.loader.plan.build.internal.spaces.EntityQuerySpaceImpl@1640c151]
16:32:50.473 [main] DEBUG org.hibernate.persister.walking.spi.MetamodelGraphWalker - Visiting attribute path : user.contactNumber
16:32:50.473 [main] DEBUG org.hibernate.persister.walking.spi.MetamodelGraphWalker - Visiting attribute path : user.email
16:32:50.473 [main] DEBUG org.hibernate.persister.walking.spi.MetamodelGraphWalker - Visiting attribute path : user.enabled
16:32:50.473 [main] DEBUG org.hibernate.persister.walking.spi.MetamodelGraphWalker - Visiting attribute path : user.firstName
16:32:50.473 [main] DEBUG org.hibernate.persister.walking.spi.MetamodelGraphWalker - Visiting attribute path : user.lastName
16:32:50.473 [main] DEBUG org.hibernate.persister.walking.spi.MetamodelGraphWalker - Visiting attribute path : user.password
16:32:50.473 [main] DEBUG org.hibernate.persister.walking.spi.MetamodelGraphWalker - Visiting attribute path : user.role
16:32:50.473 [main] DEBUG org.hibernate.persister.walking.spi.MetamodelGraphWalker - Visiting attribute path : user.cart
16:32:50.473 [main] DEBUG org.hibernate.persister.walking.spi.MetamodelGraphWalker - Property path deemed to be circular : user.cart
16:32:50.473 [main] DEBUG org.hibernate.loader.plan.build.internal.FetchStyleLoadPlanBuildingAssociationVisitationStrategy - Building LoadPlan...
16:32:50.473 [main] DEBUG org.hibernate.loader.plan.exec.internal.LoadQueryJoinAndFetchProcessor - processing queryspace &lt;gen:0&gt;
16:32:50.473 [main] DEBUG org.hibernate.loader.plan.build.spi.LoadPlanTreePrinter - LoadPlan(entity=com.shoppingbackend.model.Cart)
    - Returns
       - EntityReturnImpl(entity=com.shoppingbackend.model.Cart, querySpaceUid=&lt;gen:0&gt;, path=com.shoppingbackend.model.Cart)
          - EntityAttributeFetchImpl(entity=com.shoppingbackend.model.User, querySpaceUid=&lt;gen:1&gt;, path=com.shoppingbackend.model.Cart.user)
    - QuerySpaces
       - EntityQuerySpaceImpl(uid=&lt;gen:0&gt;, entity=com.shoppingbackend.model.Cart)
          - SQL table alias mapping - cart0_
          - alias suffix - 0_
          - suffixed key columns - {id1_1_0_}
          - JOIN (JoinDefinedByMetadata(user)) : &lt;gen:0&gt; -&gt; &lt;gen:1&gt;
             - EntityQuerySpaceImpl(uid=&lt;gen:1&gt;, entity=com.shoppingbackend.model.User)
                - SQL table alias mapping - user1_
                - alias suffix - 1_
                - suffixed key columns - {id1_8_1_}

16:32:50.474 [main] DEBUG org.hibernate.loader.entity.plan.EntityLoader - Static select for entity com.shoppingbackend.model.Cart [NONE]: select cart0_.id as id1_1_0_, cart0_.cart_lines as cart_lin2_1_0_, cart0_.grand_total as grand_to3_1_0_, cart0_.user_id as user_id4_1_0_, user1_.id as id1_8_1_, user1_.contact_number as contact_2_8_1_, user1_.email as email3_8_1_, user1_.enabled as enabled4_8_1_, user1_.first_name as first_na5_8_1_, user1_.last_name as last_nam6_8_1_, user1_.password as password7_8_1_, user1_.role as role8_8_1_ from Cart cart0_ left outer join user_detail user1_ on cart0_.user_id=user1_.id where cart0_.id=?
16:32:50.474 [main] DEBUG org.hibernate.loader.plan.build.internal.spaces.QuerySpacesImpl - Adding QuerySpace : uid = &lt;gen:0&gt; -&gt; org.hibernate.loader.plan.build.internal.spaces.EntityQuerySpaceImpl@2a32fb6]
16:32:50.474 [main] DEBUG org.hibernate.persister.walking.spi.MetamodelGraphWalker - Visiting attribute path : cartLines
16:32:50.474 [main] DEBUG org.hibernate.persister.walking.spi.MetamodelGraphWalker - Visiting attribute path : grandTotal
16:32:50.474 [main] DEBUG org.hibernate.persister.walking.spi.MetamodelGraphWalker - Visiting attribute path : user
16:32:50.474 [main] DEBUG org.hibernate.loader.plan.build.internal.spaces.QuerySpacesImpl - Adding QuerySpace : uid = &lt;gen:1&gt; -&gt; org.hibernate.loader.plan.build.internal.spaces.EntityQuerySpaceImpl@164a62bf]
16:32:50.474 [main] DEBUG org.hibernate.persister.walking.spi.MetamodelGraphWalker - Visiting attribute path : user.contactNumber
16:32:50.474 [main] DEBUG org.hibernate.persister.walking.spi.MetamodelGraphWalker - Visiting attribute path : user.email
16:32:50.474 [main] DEBUG org.hibernate.persister.walking.spi.MetamodelGraphWalker - Visiting attribute path : user.enabled
16:32:50.474 [main] DEBUG org.hibernate.persister.walking.spi.MetamodelGraphWalker - Visiting attribute path : user.firstName
16:32:50.474 [main] DEBUG org.hibernate.persister.walking.spi.MetamodelGraphWalker - Visiting attribute path : user.lastName
16:32:50.474 [main] DEBUG org.hibernate.persister.walking.spi.MetamodelGraphWalker - Visiting attribute path : user.password
16:32:50.474 [main] DEBUG org.hibernate.persister.walking.spi.MetamodelGraphWalker - Visiting attribute path : user.role
16:32:50.474 [main] DEBUG org.hibernate.persister.walking.spi.MetamodelGraphWalker - Visiting attribute path : user.cart
16:32:50.474 [main] DEBUG org.hibernate.persister.walking.spi.MetamodelGraphWalker - Property path deemed to be circular : user.cart
16:32:50.474 [main] DEBUG org.hibernate.loader.plan.build.internal.FetchStyleLoadPlanBuildingAssociationVisitationStrategy - Building LoadPlan...
16:32:50.474 [main] DEBUG org.hibernate.loader.plan.exec.internal.LoadQueryJoinAndFetchProcessor - processing queryspace &lt;gen:0&gt;
16:32:50.475 [main] DEBUG org.hibernate.loader.plan.build.spi.LoadPlanTreePrinter - LoadPlan(entity=com.shoppingbackend.model.Cart)
    - Returns
       - EntityReturnImpl(entity=com.shoppingbackend.model.Cart, querySpaceUid=&lt;gen:0&gt;, path=com.shoppingbackend.model.Cart)
          - EntityAttributeFetchImpl(entity=com.shoppingbackend.model.User, querySpaceUid=&lt;gen:1&gt;, path=com.shoppingbackend.model.Cart.user)
    - QuerySpaces
       - EntityQuerySpaceImpl(uid=&lt;gen:0&gt;, entity=com.shoppingbackend.model.Cart)
          - SQL table alias mapping - cart0_
          - alias suffix - 0_
          - suffixed key columns - {id1_1_0_}
          - JOIN (JoinDefinedByMetadata(user)) : &lt;gen:0&gt; -&gt; &lt;gen:1&gt;
             - EntityQuerySpaceImpl(uid=&lt;gen:1&gt;, entity=com.shoppingbackend.model.User)
                - SQL table alias mapping - user1_
                - alias suffix - 1_
                - suffixed key columns - {id1_8_1_}

16:32:50.475 [main] DEBUG org.hibernate.loader.entity.plan.EntityLoader - Static select for entity com.shoppingbackend.model.Cart [READ]: select cart0_.id as id1_1_0_, cart0_.cart_lines as cart_lin2_1_0_, cart0_.grand_total as grand_to3_1_0_, cart0_.user_id as user_id4_1_0_, user1_.id as id1_8_1_, user1_.contact_number as contact_2_8_1_, user1_.email as email3_8_1_, user1_.enabled as enabled4_8_1_, user1_.first_name as first_na5_8_1_, user1_.last_name as last_nam6_8_1_, user1_.password as password7_8_1_, user1_.role as role8_8_1_ from Cart cart0_ left outer join user_detail user1_ on cart0_.user_id=user1_.id where cart0_.id=?
16:32:50.475 [main] DEBUG org.hibernate.loader.plan.build.internal.spaces.QuerySpacesImpl - Adding QuerySpace : uid = &lt;gen:0&gt; -&gt; org.hibernate.loader.plan.build.internal.spaces.EntityQuerySpaceImpl@aaee2a2]
16:32:50.475 [main] DEBUG org.hibernate.persister.walking.spi.MetamodelGraphWalker - Visiting attribute path : cartLines
16:32:50.475 [main] DEBUG org.hibernate.persister.walking.spi.MetamodelGraphWalker - Visiting attribute path : grandTotal
16:32:50.475 [main] DEBUG org.hibernate.persister.walking.spi.MetamodelGraphWalker - Visiting attribute path : user
16:32:50.475 [main] DEBUG org.hibernate.loader.plan.build.internal.spaces.QuerySpacesImpl - Adding QuerySpace : uid = &lt;gen:1&gt; -&gt; org.hibernate.loader.plan.build.internal.spaces.EntityQuerySpaceImpl@4aaae508]
16:32:50.475 [main] DEBUG org.hibernate.loader.plan.build.internal.FetchStyleLoadPlanBuildingAssociationVisitationStrategy - Building LoadPlan...
16:32:50.476 [main] DEBUG org.hibernate.loader.plan.exec.internal.LoadQueryJoinAndFetchProcessor - processing queryspace &lt;gen:0&gt;
16:32:50.476 [main] DEBUG org.hibernate.loader.plan.build.spi.LoadPlanTreePrinter - LoadPlan(entity=com.shoppingbackend.model.Cart)
    - Returns
       - EntityReturnImpl(entity=com.shoppingbackend.model.Cart, querySpaceUid=&lt;gen:0&gt;, path=com.shoppingbackend.model.Cart)
          - EntityAttributeFetchImpl(entity=com.shoppingbackend.model.User, querySpaceUid=&lt;gen:1&gt;, path=com.shoppingbackend.model.Cart.user)
    - QuerySpaces
       - EntityQuerySpaceImpl(uid=&lt;gen:0&gt;, entity=com.shoppingbackend.model.Cart)
          - SQL table alias mapping - cart0_
          - alias suffix - 0_
          - suffixed key columns - {id1_1_0_}

16:32:50.476 [main] DEBUG org.hibernate.loader.entity.plan.EntityLoader - Static select for entity com.shoppingbackend.model.Cart [UPGRADE]: select cart0_.id as id1_1_0_, cart0_.cart_lines as cart_lin2_1_0_, cart0_.grand_total as grand_to3_1_0_, cart0_.user_id as user_id4_1_0_ from Cart cart0_ where cart0_.id=? for update
16:32:50.476 [main] DEBUG org.hibernate.loader.plan.build.internal.spaces.QuerySpacesImpl - Adding QuerySpace : uid = &lt;gen:0&gt; -&gt; org.hibernate.loader.plan.build.internal.spaces.EntityQuerySpaceImpl@6009bea]
16:32:50.476 [main] DEBUG org.hibernate.persister.walking.spi.MetamodelGraphWalker - Visiting attribute path : cartLines
16:32:50.476 [main] DEBUG org.hibernate.persister.walking.spi.MetamodelGraphWalker - Visiting attribute path : grandTotal
16:32:50.476 [main] DEBUG org.hibernate.persister.walking.spi.MetamodelGraphWalker - Visiting attribute path : user
16:32:50.476 [main] DEBUG org.hibernate.loader.plan.build.internal.spaces.QuerySpacesImpl - Adding QuerySpace : uid = &lt;gen:1&gt; -&gt; org.hibernate.loader.plan.build.internal.spaces.EntityQuerySpaceImpl@75769ab0]
16:32:50.476 [main] DEBUG org.hibernate.loader.plan.build.internal.FetchStyleLoadPlanBuildingAssociationVisitationStrategy - Building LoadPlan...
16:32:50.480 [main] DEBUG org.hibernate.loader.plan.exec.internal.LoadQueryJoinAndFetchProcessor - processing queryspace &lt;gen:0&gt;
16:32:50.480 [main] DEBUG org.hibernate.loader.plan.build.spi.LoadPlanTreePrinter - LoadPlan(entity=com.shoppingbackend.model.Cart)
    - Returns
       - EntityReturnImpl(entity=com.shoppingbackend.model.Cart, querySpaceUid=&lt;gen:0&gt;, path=com.shoppingbackend.model.Cart)
          - EntityAttributeFetchImpl(entity=com.shoppingbackend.model.User, querySpaceUid=&lt;gen:1&gt;, path=com.shoppingbackend.model.Cart.user)
    - QuerySpaces
       - EntityQuerySpaceImpl(uid=&lt;gen:0&gt;, entity=com.shoppingbackend.model.Cart)
          - SQL table alias mapping - cart0_
          - alias suffix - 0_
          - suffixed key columns - {id1_1_0_}

16:32:50.480 [main] DEBUG org.hibernate.loader.entity.plan.EntityLoader - Static select for entity com.shoppingbackend.model.Cart [UPGRADE_NOWAIT]: select cart0_.id as id1_1_0_, cart0_.cart_lines as cart_lin2_1_0_, cart0_.grand_total as grand_to3_1_0_, cart0_.user_id as user_id4_1_0_ from Cart cart0_ where cart0_.id=? for update
16:32:50.480 [main] DEBUG org.hibernate.loader.plan.build.internal.spaces.QuerySpacesImpl - Adding QuerySpace : uid = &lt;gen:0&gt; -&gt; org.hibernate.loader.plan.build.internal.spaces.EntityQuerySpaceImpl@6869a3b3]
16:32:50.480 [main] DEBUG org.hibernate.persister.walking.spi.MetamodelGraphWalker - Visiting attribute path : cartLines
16:32:50.480 [main] DEBUG org.hibernate.persister.walking.spi.MetamodelGraphWalker - Visiting attribute path : grandTotal
16:32:50.480 [main] DEBUG org.hibernate.persister.walking.spi.MetamodelGraphWalker - Visiting attribute path : user
16:32:50.480 [main] DEBUG org.hibernate.loader.plan.build.internal.spaces.QuerySpacesImpl - Adding QuerySpace : uid = &lt;gen:1&gt; -&gt; org.hibernate.loader.plan.build.internal.spaces.EntityQuerySpaceImpl@27ace0b1]
16:32:50.481 [main] DEBUG org.hibernate.loader.plan.build.internal.FetchStyleLoadPlanBuildingAssociationVisitationStrategy - Building LoadPlan...
16:32:50.481 [main] DEBUG org.hibernate.loader.plan.exec.internal.LoadQueryJoinAndFetchProcessor - processing queryspace &lt;gen:0&gt;
16:32:50.481 [main] DEBUG org.hibernate.loader.plan.build.spi.LoadPlanTreePrinter - LoadPlan(entity=com.shoppingbackend.model.Cart)
    - Returns
       - EntityReturnImpl(entity=com.shoppingbackend.model.Cart, querySpaceUid=&lt;gen:0&gt;, path=com.shoppingbackend.model.Cart)
          - EntityAttributeFetchImpl(entity=com.shoppingbackend.model.User, querySpaceUid=&lt;gen:1&gt;, path=com.shoppingbackend.model.Cart.user)
    - QuerySpaces
       - EntityQuerySpaceImpl(uid=&lt;gen:0&gt;, entity=com.shoppingbackend.model.Cart)
          - SQL table alias mapping - cart0_
          - alias suffix - 0_
          - suffixed key columns - {id1_1_0_}

16:32:50.481 [main] DEBUG org.hibernate.loader.entity.plan.EntityLoader - Static select for entity com.shoppingbackend.model.Cart [UPGRADE_SKIPLOCKED]: select cart0_.id as id1_1_0_, cart0_.cart_lines as cart_lin2_1_0_, cart0_.grand_total as grand_to3_1_0_, cart0_.user_id as user_id4_1_0_ from Cart cart0_ where cart0_.id=? for update
16:32:50.481 [main] DEBUG org.hibernate.loader.plan.build.internal.spaces.QuerySpacesImpl - Adding QuerySpace : uid = &lt;gen:0&gt; -&gt; org.hibernate.loader.plan.build.internal.spaces.EntityQuerySpaceImpl@664e5dee]
16:32:50.481 [main] DEBUG org.hibernate.persister.walking.spi.MetamodelGraphWalker - Visiting attribute path : cartLines
16:32:50.481 [main] DEBUG org.hibernate.persister.walking.spi.MetamodelGraphWalker - Visiting attribute path : grandTotal
16:32:50.481 [main] DEBUG org.hibernate.persister.walking.spi.MetamodelGraphWalker - Visiting attribute path : user
16:32:50.482 [main] DEBUG org.hibernate.loader.plan.build.internal.spaces.QuerySpacesImpl - Adding QuerySpace : uid = &lt;gen:1&gt; -&gt; org.hibernate.loader.plan.build.internal.spaces.EntityQuerySpaceImpl@cb03411]
16:32:50.482 [main] DEBUG org.hibernate.loader.plan.build.internal.FetchStyleLoadPlanBuildingAssociationVisitationStrategy - Building LoadPlan...
16:32:50.482 [main] DEBUG org.hibernate.loader.plan.exec.internal.LoadQueryJoinAndFetchProcessor - processing queryspace &lt;gen:0&gt;
16:32:50.482 [main] DEBUG org.hibernate.loader.plan.build.spi.LoadPlanTreePrinter - LoadPlan(entity=com.shoppingbackend.model.Cart)
    - Returns
       - EntityReturnImpl(entity=com.shoppingbackend.model.Cart, querySpaceUid=&lt;gen:0&gt;, path=com.shoppingbackend.model.Cart)
          - EntityAttributeFetchImpl(entity=com.shoppingbackend.model.User, querySpaceUid=&lt;gen:1&gt;, path=com.shoppingbackend.model.Cart.user)
    - QuerySpaces
       - EntityQuerySpaceImpl(uid=&lt;gen:0&gt;, entity=com.shoppingbackend.model.Cart)
          - SQL table alias mapping - cart0_
          - alias suffix - 0_
          - suffixed key columns - {id1_1_0_}

16:32:50.482 [main] DEBUG org.hibernate.loader.entity.plan.EntityLoader - Static select for entity com.shoppingbackend.model.Cart [FORCE]: select cart0_.id as id1_1_0_, cart0_.cart_lines as cart_lin2_1_0_, cart0_.grand_total as grand_to3_1_0_, cart0_.user_id as user_id4_1_0_ from Cart cart0_ where cart0_.id=? for update
16:32:50.482 [main] DEBUG org.hibernate.loader.plan.build.internal.spaces.QuerySpacesImpl - Adding QuerySpace : uid = &lt;gen:0&gt; -&gt; org.hibernate.loader.plan.build.internal.spaces.EntityQuerySpaceImpl@4c59e45e]
16:32:50.482 [main] DEBUG org.hibernate.persister.walking.spi.MetamodelGraphWalker - Visiting attribute path : cartLines
16:32:50.482 [main] DEBUG org.hibernate.persister.walking.spi.MetamodelGraphWalker - Visiting attribute path : grandTotal
16:32:50.482 [main] DEBUG org.hibernate.persister.walking.spi.MetamodelGraphWalker - Visiting attribute path : user
16:32:50.483 [main] DEBUG org.hibernate.loader.plan.build.internal.spaces.QuerySpacesImpl - Adding QuerySpace : uid = &lt;gen:1&gt; -&gt; org.hibernate.loader.plan.build.internal.spaces.EntityQuerySpaceImpl@63bde6c2]
16:32:50.484 [main] DEBUG org.hibernate.loader.plan.build.internal.FetchStyleLoadPlanBuildingAssociationVisitationStrategy - Building LoadPlan...
16:32:50.484 [main] DEBUG org.hibernate.loader.plan.exec.internal.LoadQueryJoinAndFetchProcessor - processing queryspace &lt;gen:0&gt;
16:32:50.484 [main] DEBUG org.hibernate.loader.plan.build.spi.LoadPlanTreePrinter - LoadPlan(entity=com.shoppingbackend.model.Cart)
    - Returns
       - EntityReturnImpl(entity=com.shoppingbackend.model.Cart, querySpaceUid=&lt;gen:0&gt;, path=com.shoppingbackend.model.Cart)
          - EntityAttributeFetchImpl(entity=com.shoppingbackend.model.User, querySpaceUid=&lt;gen:1&gt;, path=com.shoppingbackend.model.Cart.user)
    - QuerySpaces
       - EntityQuerySpaceImpl(uid=&lt;gen:0&gt;, entity=com.shoppingbackend.model.Cart)
          - SQL table alias mapping - cart0_
          - alias suffix - 0_
          - suffixed key columns - {id1_1_0_}

16:32:50.484 [main] DEBUG org.hibernate.loader.entity.plan.EntityLoader - Static select for entity com.shoppingbackend.model.Cart [PESSIMISTIC_READ]: select cart0_.id as id1_1_0_, cart0_.cart_lines as cart_lin2_1_0_, cart0_.grand_total as grand_to3_1_0_, cart0_.user_id as user_id4_1_0_ from Cart cart0_ where cart0_.id=? for update
16:32:50.484 [main] DEBUG org.hibernate.loader.plan.build.internal.spaces.QuerySpacesImpl - Adding QuerySpace : uid = &lt;gen:0&gt; -&gt; org.hibernate.loader.plan.build.internal.spaces.EntityQuerySpaceImpl@6ea04618]
16:32:50.484 [main] DEBUG org.hibernate.persister.walking.spi.MetamodelGraphWalker - Visiting attribute path : cartLines
16:32:50.484 [main] DEBUG org.hibernate.persister.walking.spi.MetamodelGraphWalker - Visiting attribute path : grandTotal
16:32:50.484 [main] DEBUG org.hibernate.persister.walking.spi.MetamodelGraphWalker - Visiting attribute path : user
16:32:50.485 [main] DEBUG org.hibernate.loader.plan.build.internal.spaces.QuerySpacesImpl - Adding QuerySpace : uid = &lt;gen:1&gt; -&gt; org.hibernate.loader.plan.build.internal.spaces.EntityQuerySpaceImpl@56078cea]
16:32:50.485 [main] DEBUG org.hibernate.loader.plan.build.internal.FetchStyleLoadPlanBuildingAssociationVisitationStrategy - Building LoadPlan...
16:32:50.485 [main] DEBUG org.hibernate.loader.plan.exec.internal.LoadQueryJoinAndFetchProcessor - processing queryspace &lt;gen:0&gt;
16:32:50.486 [main] DEBUG org.hibernate.loader.plan.build.spi.LoadPlanTreePrinter - LoadPlan(entity=com.shoppingbackend.model.Cart)
    - Returns
       - EntityReturnImpl(entity=com.shoppingbackend.model.Cart, querySpaceUid=&lt;gen:0&gt;, path=com.shoppingbackend.model.Cart)
          - EntityAttributeFetchImpl(entity=com.shoppingbackend.model.User, querySpaceUid=&lt;gen:1&gt;, path=com.shoppingbackend.model.Cart.user)
    - QuerySpaces
       - EntityQuerySpaceImpl(uid=&lt;gen:0&gt;, entity=com.shoppingbackend.model.Cart)
          - SQL table alias mapping - cart0_
          - alias suffix - 0_
          - suffixed key columns - {id1_1_0_}

16:32:50.486 [main] DEBUG org.hibernate.loader.entity.plan.EntityLoader - Static select for entity com.shoppingbackend.model.Cart [PESSIMISTIC_WRITE]: select cart0_.id as id1_1_0_, cart0_.cart_lines as cart_lin2_1_0_, cart0_.grand_total as grand_to3_1_0_, cart0_.user_id as user_id4_1_0_ from Cart cart0_ where cart0_.id=? for update
16:32:50.486 [main] DEBUG org.hibernate.loader.plan.build.internal.spaces.QuerySpacesImpl - Adding QuerySpace : uid = &lt;gen:0&gt; -&gt; org.hibernate.loader.plan.build.internal.spaces.EntityQuerySpaceImpl@5a00eb1e]
16:32:50.486 [main] DEBUG org.hibernate.persister.walking.spi.MetamodelGraphWalker - Visiting attribute path : cartLines
16:32:50.486 [main] DEBUG org.hibernate.persister.walking.spi.MetamodelGraphWalker - Visiting attribute path : grandTotal
16:32:50.486 [main] DEBUG org.hibernate.persister.walking.spi.MetamodelGraphWalker - Visiting attribute path : user
16:32:50.486 [main] DEBUG org.hibernate.loader.plan.build.internal.spaces.QuerySpacesImpl - Adding QuerySpace : uid = &lt;gen:1&gt; -&gt; org.hibernate.loader.plan.build.internal.spaces.EntityQuerySpaceImpl@1aac188d]
16:32:50.488 [main] DEBUG org.hibernate.loader.plan.build.internal.FetchStyleLoadPlanBuildingAssociationVisitationStrategy - Building LoadPlan...
16:32:50.488 [main] DEBUG org.hibernate.loader.plan.exec.internal.LoadQueryJoinAndFetchProcessor - processing queryspace &lt;gen:0&gt;
16:32:50.490 [main] DEBUG org.hibernate.loader.plan.build.spi.LoadPlanTreePrinter - LoadPlan(entity=com.shoppingbackend.model.Cart)
    - Returns
       - EntityReturnImpl(entity=com.shoppingbackend.model.Cart, querySpaceUid=&lt;gen:0&gt;, path=com.shoppingbackend.model.Cart)
          - EntityAttributeFetchImpl(entity=com.shoppingbackend.model.User, querySpaceUid=&lt;gen:1&gt;, path=com.shoppingbackend.model.Cart.user)
    - QuerySpaces
       - EntityQuerySpaceImpl(uid=&lt;gen:0&gt;, entity=com.shoppingbackend.model.Cart)
          - SQL table alias mapping - cart0_
          - alias suffix - 0_
          - suffixed key columns - {id1_1_0_}

16:32:50.490 [main] DEBUG org.hibernate.loader.entity.plan.EntityLoader - Static select for entity com.shoppingbackend.model.Cart [PESSIMISTIC_FORCE_INCREMENT]: select cart0_.id as id1_1_0_, cart0_.cart_lines as cart_lin2_1_0_, cart0_.grand_total as grand_to3_1_0_, cart0_.user_id as user_id4_1_0_ from Cart cart0_ where cart0_.id=? for update
16:32:50.490 [main] DEBUG org.hibernate.loader.plan.build.internal.spaces.QuerySpacesImpl - Adding QuerySpace : uid = &lt;gen:0&gt; -&gt; org.hibernate.loader.plan.build.internal.spaces.EntityQuerySpaceImpl@7026b7ee]
16:32:50.490 [main] DEBUG org.hibernate.persister.walking.spi.MetamodelGraphWalker - Visiting attribute path : cartLines
16:32:50.490 [main] DEBUG org.hibernate.persister.walking.spi.MetamodelGraphWalker - Visiting attribute path : grandTotal
16:32:50.490 [main] DEBUG org.hibernate.persister.walking.spi.MetamodelGraphWalker - Visiting attribute path : user
16:32:50.491 [main] DEBUG org.hibernate.loader.plan.build.internal.spaces.QuerySpacesImpl - Adding QuerySpace : uid = &lt;gen:1&gt; -&gt; org.hibernate.loader.plan.build.internal.spaces.EntityQuerySpaceImpl@7cb8437d]
16:32:50.491 [main] DEBUG org.hibernate.loader.plan.build.internal.FetchStyleLoadPlanBuildingAssociationVisitationStrategy - Building LoadPlan...
16:32:50.491 [main] DEBUG org.hibernate.loader.plan.exec.internal.LoadQueryJoinAndFetchProcessor - processing queryspace &lt;gen:0&gt;
16:32:50.491 [main] DEBUG org.hibernate.loader.plan.build.spi.LoadPlanTreePrinter - LoadPlan(entity=com.shoppingbackend.model.Cart)
    - Returns
       - EntityReturnImpl(entity=com.shoppingbackend.model.Cart, querySpaceUid=&lt;gen:0&gt;, path=com.shoppingbackend.model.Cart)
          - EntityAttributeFetchImpl(entity=com.shoppingbackend.model.User, querySpaceUid=&lt;gen:1&gt;, path=com.shoppingbackend.model.Cart.user)
    - QuerySpaces
       - EntityQuerySpaceImpl(uid=&lt;gen:0&gt;, entity=com.shoppingbackend.model.Cart)
          - SQL table alias mapping - cart0_
          - alias suffix - 0_
          - suffixed key columns - {id1_1_0_}

16:32:50.491 [main] DEBUG org.hibernate.loader.entity.plan.EntityLoader - Static select for entity com.shoppingbackend.model.Cart [OPTIMISTIC]: select cart0_.id as id1_1_0_, cart0_.cart_lines as cart_lin2_1_0_, cart0_.grand_total as grand_to3_1_0_, cart0_.user_id as user_id4_1_0_ from Cart cart0_ where cart0_.id=?
16:32:50.491 [main] DEBUG org.hibernate.loader.plan.build.internal.spaces.QuerySpacesImpl - Adding QuerySpace : uid = &lt;gen:0&gt; -&gt; org.hibernate.loader.plan.build.internal.spaces.EntityQuerySpaceImpl@62a4417]
16:32:50.491 [main] DEBUG org.hibernate.persister.walking.spi.MetamodelGraphWalker - Visiting attribute path : cartLines
16:32:50.491 [main] DEBUG org.hibernate.persister.walking.spi.MetamodelGraphWalker - Visiting attribute path : grandTotal
16:32:50.491 [main] DEBUG org.hibernate.persister.walking.spi.MetamodelGraphWalker - Visiting attribute path : user
16:32:50.492 [main] DEBUG org.hibernate.loader.plan.build.internal.spaces.QuerySpacesImpl - Adding QuerySpace : uid = &lt;gen:1&gt; -&gt; org.hibernate.loader.plan.build.internal.spaces.EntityQuerySpaceImpl@713064e8]
16:32:50.492 [main] DEBUG org.hibernate.loader.plan.build.internal.FetchStyleLoadPlanBuildingAssociationVisitationStrategy - Building LoadPlan...
16:32:50.492 [main] DEBUG org.hibernate.loader.plan.exec.internal.LoadQueryJoinAndFetchProcessor - processing queryspace &lt;gen:0&gt;
16:32:50.492 [main] DEBUG org.hibernate.loader.plan.build.spi.LoadPlanTreePrinter - LoadPlan(entity=com.shoppingbackend.model.Cart)
    - Returns
       - EntityReturnImpl(entity=com.shoppingbackend.model.Cart, querySpaceUid=&lt;gen:0&gt;, path=com.shoppingbackend.model.Cart)
          - EntityAttributeFetchImpl(entity=com.shoppingbackend.model.User, querySpaceUid=&lt;gen:1&gt;, path=com.shoppingbackend.model.Cart.user)
    - QuerySpaces
       - EntityQuerySpaceImpl(uid=&lt;gen:0&gt;, entity=com.shoppingbackend.model.Cart)
          - SQL table alias mapping - cart0_
          - alias suffix - 0_
          - suffixed key columns - {id1_1_0_}

16:32:50.492 [main] DEBUG org.hibernate.loader.entity.plan.EntityLoader - Static select for entity com.shoppingbackend.model.Cart [OPTIMISTIC_FORCE_INCREMENT]: select cart0_.id as id1_1_0_, cart0_.cart_lines as cart_lin2_1_0_, cart0_.grand_total as grand_to3_1_0_, cart0_.user_id as user_id4_1_0_ from Cart cart0_ where cart0_.id=?
16:32:50.492 [main] DEBUG org.hibernate.loader.Loader - Static select for action ACTION_MERGE on entity com.shoppingbackend.model.Cart: select cart0_.id as id1_1_0_, cart0_.cart_lines as cart_lin2_1_0_, cart0_.grand_total as grand_to3_1_0_, cart0_.user_id as user_id4_1_0_ from Cart cart0_ where cart0_.id=?
16:32:50.493 [main] DEBUG org.hibernate.loader.Loader - Static select for action ACTION_REFRESH on entity com.shoppingbackend.model.Cart: select cart0_.id as id1_1_0_, cart0_.cart_lines as cart_lin2_1_0_, cart0_.grand_total as grand_to3_1_0_, cart0_.user_id as user_id4_1_0_ from Cart cart0_ where cart0_.id=?
16:32:50.493 [main] DEBUG org.hibernate.loader.Loader - Static select for entity com.shoppingbackend.model.Cart [NONE]: select cart0_.id as id1_1_1_, cart0_.cart_lines as cart_lin2_1_1_, cart0_.grand_total as grand_to3_1_1_, cart0_.user_id as user_id4_1_1_, user1_.id as id1_8_0_, user1_.contact_number as contact_2_8_0_, user1_.email as email3_8_0_, user1_.enabled as enabled4_8_0_, user1_.first_name as first_na5_8_0_, user1_.last_name as last_nam6_8_0_, user1_.password as password7_8_0_, user1_.role as role8_8_0_ from Cart cart0_ left outer join user_detail user1_ on cart0_.user_id=user1_.id where cart0_.user_id=?
16:32:50.493 [main] DEBUG org.hibernate.persister.entity.AbstractEntityPersister - Static SQL for entity: com.shoppingbackend.model.Category
16:32:50.493 [main] DEBUG org.hibernate.persister.entity.AbstractEntityPersister -  Version select: select id from Category where id =?
16:32:50.493 [main] DEBUG org.hibernate.persister.entity.AbstractEntityPersister -  Snapshot select: select category_.id, category_.is_active as is_activ2_3_, category_.description as descript3_3_, category_.name as name4_3_ from Category category_ where category_.id=?
16:32:50.493 [main] DEBUG org.hibernate.persister.entity.AbstractEntityPersister -  Insert 0: insert into Category (is_active, description, name, id) values (?, ?, ?, ?)
16:32:50.494 [main] DEBUG org.hibernate.persister.entity.AbstractEntityPersister -  Update 0: update Category set is_active=?, description=?, name=? where id=?
16:32:50.494 [main] DEBUG org.hibernate.persister.entity.AbstractEntityPersister -  Delete 0: delete from Category where id=?
16:32:50.494 [main] DEBUG org.hibernate.persister.entity.AbstractEntityPersister -  Identity insert: insert into Category (id, is_active, description, name) values (null, ?, ?, ?)
16:32:50.494 [main] DEBUG org.hibernate.loader.plan.build.internal.spaces.QuerySpacesImpl - Adding QuerySpace : uid = &lt;gen:0&gt; -&gt; org.hibernate.loader.plan.build.internal.spaces.EntityQuerySpaceImpl@4fad6218]
16:32:50.494 [main] DEBUG org.hibernate.persister.walking.spi.MetamodelGraphWalker - Visiting attribute path : active
16:32:50.494 [main] DEBUG org.hibernate.persister.walking.spi.MetamodelGraphWalker - Visiting attribute path : description
16:32:50.494 [main] DEBUG org.hibernate.persister.walking.spi.MetamodelGraphWalker - Visiting attribute path : name
16:32:50.494 [main] DEBUG org.hibernate.loader.plan.build.internal.FetchStyleLoadPlanBuildingAssociationVisitationStrategy - Building LoadPlan...
16:32:50.494 [main] DEBUG org.hibernate.loader.plan.exec.internal.LoadQueryJoinAndFetchProcessor - processing queryspace &lt;gen:0&gt;
16:32:50.494 [main] DEBUG org.hibernate.loader.plan.build.spi.LoadPlanTreePrinter - LoadPlan(entity=com.shoppingbackend.model.Category)
    - Returns
       - EntityReturnImpl(entity=com.shoppingbackend.model.Category, querySpaceUid=&lt;gen:0&gt;, path=com.shoppingbackend.model.Category)
    - QuerySpaces
       - EntityQuerySpaceImpl(uid=&lt;gen:0&gt;, entity=com.shoppingbackend.model.Category)
          - SQL table alias mapping - category0_
          - alias suffix - 0_
          - suffixed key columns - {id1_3_0_}

16:32:50.495 [main] DEBUG org.hibernate.loader.entity.plan.EntityLoader - Static select for entity com.shoppingbackend.model.Category [NONE]: select category0_.id as id1_3_0_, category0_.is_active as is_activ2_3_0_, category0_.description as descript3_3_0_, category0_.name as name4_3_0_ from Category category0_ where category0_.id=?
16:32:50.495 [main] DEBUG org.hibernate.loader.plan.build.internal.spaces.QuerySpacesImpl - Adding QuerySpace : uid = &lt;gen:0&gt; -&gt; org.hibernate.loader.plan.build.internal.spaces.EntityQuerySpaceImpl@68217d41]
16:32:50.495 [main] DEBUG org.hibernate.persister.walking.spi.MetamodelGraphWalker - Visiting attribute path : active
16:32:50.495 [main] DEBUG org.hibernate.persister.walking.spi.MetamodelGraphWalker - Visiting attribute path : description
16:32:50.495 [main] DEBUG org.hibernate.persister.walking.spi.MetamodelGraphWalker - Visiting attribute path : name
16:32:50.495 [main] DEBUG org.hibernate.loader.plan.build.internal.FetchStyleLoadPlanBuildingAssociationVisitationStrategy - Building LoadPlan...
16:32:50.495 [main] DEBUG org.hibernate.loader.plan.exec.internal.LoadQueryJoinAndFetchProcessor - processing queryspace &lt;gen:0&gt;
16:32:50.495 [main] DEBUG org.hibernate.loader.plan.build.spi.LoadPlanTreePrinter - LoadPlan(entity=com.shoppingbackend.model.Category)
    - Returns
       - EntityReturnImpl(entity=com.shoppingbackend.model.Category, querySpaceUid=&lt;gen:0&gt;, path=com.shoppingbackend.model.Category)
    - QuerySpaces
       - EntityQuerySpaceImpl(uid=&lt;gen:0&gt;, entity=com.shoppingbackend.model.Category)
          - SQL table alias mapping - category0_
          - alias suffix - 0_
          - suffixed key columns - {id1_3_0_}

16:32:50.495 [main] DEBUG org.hibernate.loader.entity.plan.EntityLoader - Static select for entity com.shoppingbackend.model.Category [READ]: select category0_.id as id1_3_0_, category0_.is_active as is_activ2_3_0_, category0_.description as descript3_3_0_, category0_.name as name4_3_0_ from Category category0_ where category0_.id=?
16:32:50.496 [main] DEBUG org.hibernate.loader.plan.build.internal.spaces.QuerySpacesImpl - Adding QuerySpace : uid = &lt;gen:0&gt; -&gt; org.hibernate.loader.plan.build.internal.spaces.EntityQuerySpaceImpl@3e5d4f6b]
16:32:50.496 [main] DEBUG org.hibernate.persister.walking.spi.MetamodelGraphWalker - Visiting attribute path : active
16:32:50.496 [main] DEBUG org.hibernate.persister.walking.spi.MetamodelGraphWalker - Visiting attribute path : description
16:32:50.496 [main] DEBUG org.hibernate.persister.walking.spi.MetamodelGraphWalker - Visiting attribute path : name
16:32:50.496 [main] DEBUG org.hibernate.loader.plan.build.internal.FetchStyleLoadPlanBuildingAssociationVisitationStrategy - Building LoadPlan...
16:32:50.496 [main] DEBUG org.hibernate.loader.plan.exec.internal.LoadQueryJoinAndFetchProcessor - processing queryspace &lt;gen:0&gt;
16:32:50.496 [main] DEBUG org.hibernate.loader.plan.build.spi.LoadPlanTreePrinter - LoadPlan(entity=com.shoppingbackend.model.Category)
    - Returns
       - EntityReturnImpl(entity=com.shoppingbackend.model.Category, querySpaceUid=&lt;gen:0&gt;, path=com.shoppingbackend.model.Category)
    - QuerySpaces
       - EntityQuerySpaceImpl(uid=&lt;gen:0&gt;, entity=com.shoppingbackend.model.Category)
          - SQL table alias mapping - category0_
          - alias suffix - 0_
          - suffixed key columns - {id1_3_0_}

16:32:50.496 [main] DEBUG org.hibernate.loader.entity.plan.EntityLoader - Static select for entity com.shoppingbackend.model.Category [UPGRADE]: select category0_.id as id1_3_0_, category0_.is_active as is_activ2_3_0_, category0_.description as descript3_3_0_, category0_.name as name4_3_0_ from Category category0_ where category0_.id=? for update
16:32:50.496 [main] DEBUG org.hibernate.loader.plan.build.internal.spaces.QuerySpacesImpl - Adding QuerySpace : uid = &lt;gen:0&gt; -&gt; org.hibernate.loader.plan.build.internal.spaces.EntityQuerySpaceImpl@5ae95707]
16:32:50.497 [main] DEBUG org.hibernate.persister.walking.spi.MetamodelGraphWalker - Visiting attribute path : active
16:32:50.497 [main] DEBUG org.hibernate.persister.walking.spi.MetamodelGraphWalker - Visiting attribute path : description
16:32:50.497 [main] DEBUG org.hibernate.persister.walking.spi.MetamodelGraphWalker - Visiting attribute path : name
16:32:50.497 [main] DEBUG org.hibernate.loader.plan.build.internal.FetchStyleLoadPlanBuildingAssociationVisitationStrategy - Building LoadPlan...
16:32:50.497 [main] DEBUG org.hibernate.loader.plan.exec.internal.LoadQueryJoinAndFetchProcessor - processing queryspace &lt;gen:0&gt;
16:32:50.497 [main] DEBUG org.hibernate.loader.plan.build.spi.LoadPlanTreePrinter - LoadPlan(entity=com.shoppingbackend.model.Category)
    - Returns
       - EntityReturnImpl(entity=com.shoppingbackend.model.Category, querySpaceUid=&lt;gen:0&gt;, path=com.shoppingbackend.model.Category)
    - QuerySpaces
       - EntityQuerySpaceImpl(uid=&lt;gen:0&gt;, entity=com.shoppingbackend.model.Category)
          - SQL table alias mapping - category0_
          - alias suffix - 0_
          - suffixed key columns - {id1_3_0_}

16:32:50.497 [main] DEBUG org.hibernate.loader.entity.plan.EntityLoader - Static select for entity com.shoppingbackend.model.Category [UPGRADE_NOWAIT]: select category0_.id as id1_3_0_, category0_.is_active as is_activ2_3_0_, category0_.description as descript3_3_0_, category0_.name as name4_3_0_ from Category category0_ where category0_.id=? for update
16:32:50.497 [main] DEBUG org.hibernate.loader.plan.build.internal.spaces.QuerySpacesImpl - Adding QuerySpace : uid = &lt;gen:0&gt; -&gt; org.hibernate.loader.plan.build.internal.spaces.EntityQuerySpaceImpl@367b22e5]
16:32:50.497 [main] DEBUG org.hibernate.persister.walking.spi.MetamodelGraphWalker - Visiting attribute path : active
16:32:50.497 [main] DEBUG org.hibernate.persister.walking.spi.MetamodelGraphWalker - Visiting attribute path : description
16:32:50.497 [main] DEBUG org.hibernate.persister.walking.spi.MetamodelGraphWalker - Visiting attribute path : name
16:32:50.498 [main] DEBUG org.hibernate.loader.plan.build.internal.FetchStyleLoadPlanBuildingAssociationVisitationStrategy - Building LoadPlan...
16:32:50.498 [main] DEBUG org.hibernate.loader.plan.exec.internal.LoadQueryJoinAndFetchProcessor - processing queryspace &lt;gen:0&gt;
16:32:50.498 [main] DEBUG org.hibernate.loader.plan.build.spi.LoadPlanTreePrinter - LoadPlan(entity=com.shoppingbackend.model.Category)
    - Returns
       - EntityReturnImpl(entity=com.shoppingbackend.model.Category, querySpaceUid=&lt;gen:0&gt;, path=com.shoppingbackend.model.Category)
    - QuerySpaces
       - EntityQuerySpaceImpl(uid=&lt;gen:0&gt;, entity=com.shoppingbackend.model.Category)
          - SQL table alias mapping - category0_
          - alias suffix - 0_
          - suffixed key columns - {id1_3_0_}

16:32:50.498 [main] DEBUG org.hibernate.loader.entity.plan.EntityLoader - Static select for entity com.shoppingbackend.model.Category [UPGRADE_SKIPLOCKED]: select category0_.id as id1_3_0_, category0_.is_active as is_activ2_3_0_, category0_.description as descript3_3_0_, category0_.name as name4_3_0_ from Category category0_ where category0_.id=? for update
16:32:50.498 [main] DEBUG org.hibernate.loader.plan.build.internal.spaces.QuerySpacesImpl - Adding QuerySpace : uid = &lt;gen:0&gt; -&gt; org.hibernate.loader.plan.build.internal.spaces.EntityQuerySpaceImpl@10bd9df0]
16:32:50.498 [main] DEBUG org.hibernate.persister.walking.spi.MetamodelGraphWalker - Visiting attribute path : active
16:32:50.498 [main] DEBUG org.hibernate.persister.walking.spi.MetamodelGraphWalker - Visiting attribute path : description
16:32:50.498 [main] DEBUG org.hibernate.persister.walking.spi.MetamodelGraphWalker - Visiting attribute path : name
16:32:50.498 [main] DEBUG org.hibernate.loader.plan.build.internal.FetchStyleLoadPlanBuildingAssociationVisitationStrategy - Building LoadPlan...
16:32:50.499 [main] DEBUG org.hibernate.loader.plan.exec.internal.LoadQueryJoinAndFetchProcessor - processing queryspace &lt;gen:0&gt;
16:32:50.500 [main] DEBUG org.hibernate.loader.plan.build.spi.LoadPlanTreePrinter - LoadPlan(entity=com.shoppingbackend.model.Category)
    - Returns
       - EntityReturnImpl(entity=com.shoppingbackend.model.Category, querySpaceUid=&lt;gen:0&gt;, path=com.shoppingbackend.model.Category)
    - QuerySpaces
       - EntityQuerySpaceImpl(uid=&lt;gen:0&gt;, entity=com.shoppingbackend.model.Category)
          - SQL table alias mapping - category0_
          - alias suffix - 0_
          - suffixed key columns - {id1_3_0_}

16:32:50.500 [main] DEBUG org.hibernate.loader.entity.plan.EntityLoader - Static select for entity com.shoppingbackend.model.Category [FORCE]: select category0_.id as id1_3_0_, category0_.is_active as is_activ2_3_0_, category0_.description as descript3_3_0_, category0_.name as name4_3_0_ from Category category0_ where category0_.id=? for update
16:32:50.500 [main] DEBUG org.hibernate.loader.plan.build.internal.spaces.QuerySpacesImpl - Adding QuerySpace : uid = &lt;gen:0&gt; -&gt; org.hibernate.loader.plan.build.internal.spaces.EntityQuerySpaceImpl@55e3d6c3]
16:32:50.500 [main] DEBUG org.hibernate.persister.walking.spi.MetamodelGraphWalker - Visiting attribute path : active
16:32:50.500 [main] DEBUG org.hibernate.persister.walking.spi.MetamodelGraphWalker - Visiting attribute path : description
16:32:50.500 [main] DEBUG org.hibernate.persister.walking.spi.MetamodelGraphWalker - Visiting attribute path : name
16:32:50.500 [main] DEBUG org.hibernate.loader.plan.build.internal.FetchStyleLoadPlanBuildingAssociationVisitationStrategy - Building LoadPlan...
16:32:50.500 [main] DEBUG org.hibernate.loader.plan.exec.internal.LoadQueryJoinAndFetchProcessor - processing queryspace &lt;gen:0&gt;
16:32:50.500 [main] DEBUG org.hibernate.loader.plan.build.spi.LoadPlanTreePrinter - LoadPlan(entity=com.shoppingbackend.model.Category)
    - Returns
       - EntityReturnImpl(entity=com.shoppingbackend.model.Category, querySpaceUid=&lt;gen:0&gt;, path=com.shoppingbackend.model.Category)
    - QuerySpaces
       - EntityQuerySpaceImpl(uid=&lt;gen:0&gt;, entity=com.shoppingbackend.model.Category)
          - SQL table alias mapping - category0_
          - alias suffix - 0_
          - suffixed key columns - {id1_3_0_}

16:32:50.501 [main] DEBUG org.hibernate.loader.entity.plan.EntityLoader - Static select for entity com.shoppingbackend.model.Category [PESSIMISTIC_READ]: select category0_.id as id1_3_0_, category0_.is_active as is_activ2_3_0_, category0_.description as descript3_3_0_, category0_.name as name4_3_0_ from Category category0_ where category0_.id=? for update
16:32:50.501 [main] DEBUG org.hibernate.loader.plan.build.internal.spaces.QuerySpacesImpl - Adding QuerySpace : uid = &lt;gen:0&gt; -&gt; org.hibernate.loader.plan.build.internal.spaces.EntityQuerySpaceImpl@4c48fe92]
16:32:50.501 [main] DEBUG org.hibernate.persister.walking.spi.MetamodelGraphWalker - Visiting attribute path : active
16:32:50.501 [main] DEBUG org.hibernate.persister.walking.spi.MetamodelGraphWalker - Visiting attribute path : description
16:32:50.501 [main] DEBUG org.hibernate.persister.walking.spi.MetamodelGraphWalker - Visiting attribute path : name
16:32:50.501 [main] DEBUG org.hibernate.loader.plan.build.internal.FetchStyleLoadPlanBuildingAssociationVisitationStrategy - Building LoadPlan...
16:32:50.501 [main] DEBUG org.hibernate.loader.plan.exec.internal.LoadQueryJoinAndFetchProcessor - processing queryspace &lt;gen:0&gt;
16:32:50.512 [main] DEBUG org.hibernate.loader.plan.build.spi.LoadPlanTreePrinter - LoadPlan(entity=com.shoppingbackend.model.Category)
    - Returns
       - EntityReturnImpl(entity=com.shoppingbackend.model.Category, querySpaceUid=&lt;gen:0&gt;, path=com.shoppingbackend.model.Category)
    - QuerySpaces
       - EntityQuerySpaceImpl(uid=&lt;gen:0&gt;, entity=com.shoppingbackend.model.Category)
          - SQL table alias mapping - category0_
          - alias suffix - 0_
          - suffixed key columns - {id1_3_0_}

16:32:50.513 [main] DEBUG org.hibernate.loader.entity.plan.EntityLoader - Static select for entity com.shoppingbackend.model.Category [PESSIMISTIC_WRITE]: select category0_.id as id1_3_0_, category0_.is_active as is_activ2_3_0_, category0_.description as descript3_3_0_, category0_.name as name4_3_0_ from Category category0_ where category0_.id=? for update
16:32:50.513 [main] DEBUG org.hibernate.loader.plan.build.internal.spaces.QuerySpacesImpl - Adding QuerySpace : uid = &lt;gen:0&gt; -&gt; org.hibernate.loader.plan.build.internal.spaces.EntityQuerySpaceImpl@38320e34]
16:32:50.513 [main] DEBUG org.hibernate.persister.walking.spi.MetamodelGraphWalker - Visiting attribute path : active
16:32:50.513 [main] DEBUG org.hibernate.persister.walking.spi.MetamodelGraphWalker - Visiting attribute path : description
16:32:50.513 [main] DEBUG org.hibernate.persister.walking.spi.MetamodelGraphWalker - Visiting attribute path : name
16:32:50.513 [main] DEBUG org.hibernate.loader.plan.build.internal.FetchStyleLoadPlanBuildingAssociationVisitationStrategy - Building LoadPlan...
16:32:50.514 [main] DEBUG org.hibernate.loader.plan.exec.internal.LoadQueryJoinAndFetchProcessor - processing queryspace &lt;gen:0&gt;
16:32:50.514 [main] DEBUG org.hibernate.loader.plan.build.spi.LoadPlanTreePrinter - LoadPlan(entity=com.shoppingbackend.model.Category)
    - Returns
       - EntityReturnImpl(entity=com.shoppingbackend.model.Category, querySpaceUid=&lt;gen:0&gt;, path=com.shoppingbackend.model.Category)
    - QuerySpaces
       - EntityQuerySpaceImpl(uid=&lt;gen:0&gt;, entity=com.shoppingbackend.model.Category)
          - SQL table alias mapping - category0_
          - alias suffix - 0_
          - suffixed key columns - {id1_3_0_}

16:32:50.514 [main] DEBUG org.hibernate.loader.entity.plan.EntityLoader - Static select for entity com.shoppingbackend.model.Category [PESSIMISTIC_FORCE_INCREMENT]: select category0_.id as id1_3_0_, category0_.is_active as is_activ2_3_0_, category0_.description as descript3_3_0_, category0_.name as name4_3_0_ from Category category0_ where category0_.id=? for update
16:32:50.514 [main] DEBUG org.hibernate.loader.plan.build.internal.spaces.QuerySpacesImpl - Adding QuerySpace : uid = &lt;gen:0&gt; -&gt; org.hibernate.loader.plan.build.internal.spaces.EntityQuerySpaceImpl@36ddaebf]
16:32:50.514 [main] DEBUG org.hibernate.persister.walking.spi.MetamodelGraphWalker - Visiting attribute path : active
16:32:50.514 [main] DEBUG org.hibernate.persister.walking.spi.MetamodelGraphWalker - Visiting attribute path : description
16:32:50.514 [main] DEBUG org.hibernate.persister.walking.spi.MetamodelGraphWalker - Visiting attribute path : name
16:32:50.515 [main] DEBUG org.hibernate.loader.plan.build.internal.FetchStyleLoadPlanBuildingAssociationVisitationStrategy - Building LoadPlan...
16:32:50.515 [main] DEBUG org.hibernate.loader.plan.exec.internal.LoadQueryJoinAndFetchProcessor - processing queryspace &lt;gen:0&gt;
16:32:50.515 [main] DEBUG org.hibernate.loader.plan.build.spi.LoadPlanTreePrinter - LoadPlan(entity=com.shoppingbackend.model.Category)
    - Returns
       - EntityReturnImpl(entity=com.shoppingbackend.model.Category, querySpaceUid=&lt;gen:0&gt;, path=com.shoppingbackend.model.Category)
    - QuerySpaces
       - EntityQuerySpaceImpl(uid=&lt;gen:0&gt;, entity=com.shoppingbackend.model.Category)
          - SQL table alias mapping - category0_
          - alias suffix - 0_
          - suffixed key columns - {id1_3_0_}

16:32:50.515 [main] DEBUG org.hibernate.loader.entity.plan.EntityLoader - Static select for entity com.shoppingbackend.model.Category [OPTIMISTIC]: select category0_.id as id1_3_0_, category0_.is_active as is_activ2_3_0_, category0_.description as descript3_3_0_, category0_.name as name4_3_0_ from Category category0_ where category0_.id=?
16:32:50.515 [main] DEBUG org.hibernate.loader.plan.build.internal.spaces.QuerySpacesImpl - Adding QuerySpace : uid = &lt;gen:0&gt; -&gt; org.hibernate.loader.plan.build.internal.spaces.EntityQuerySpaceImpl@9d7ccfe]
16:32:50.515 [main] DEBUG org.hibernate.persister.walking.spi.MetamodelGraphWalker - Visiting attribute path : active
16:32:50.516 [main] DEBUG org.hibernate.persister.walking.spi.MetamodelGraphWalker - Visiting attribute path : description
16:32:50.516 [main] DEBUG org.hibernate.persister.walking.spi.MetamodelGraphWalker - Visiting attribute path : name
16:32:50.516 [main] DEBUG org.hibernate.loader.plan.build.internal.FetchStyleLoadPlanBuildingAssociationVisitationStrategy - Building LoadPlan...
16:32:50.516 [main] DEBUG org.hibernate.loader.plan.exec.internal.LoadQueryJoinAndFetchProcessor - processing queryspace &lt;gen:0&gt;
16:32:50.516 [main] DEBUG org.hibernate.loader.plan.build.spi.LoadPlanTreePrinter - LoadPlan(entity=com.shoppingbackend.model.Category)
    - Returns
       - EntityReturnImpl(entity=com.shoppingbackend.model.Category, querySpaceUid=&lt;gen:0&gt;, path=com.shoppingbackend.model.Category)
    - QuerySpaces
       - EntityQuerySpaceImpl(uid=&lt;gen:0&gt;, entity=com.shoppingbackend.model.Category)
          - SQL table alias mapping - category0_
          - alias suffix - 0_
          - suffixed key columns - {id1_3_0_}

16:32:50.522 [main] DEBUG org.hibernate.loader.entity.plan.EntityLoader - Static select for entity com.shoppingbackend.model.Category [OPTIMISTIC_FORCE_INCREMENT]: select category0_.id as id1_3_0_, category0_.is_active as is_activ2_3_0_, category0_.description as descript3_3_0_, category0_.name as name4_3_0_ from Category category0_ where category0_.id=?
16:32:50.523 [main] DEBUG org.hibernate.loader.Loader - Static select for action ACTION_MERGE on entity com.shoppingbackend.model.Category: select category0_.id as id1_3_0_, category0_.is_active as is_activ2_3_0_, category0_.description as descript3_3_0_, category0_.name as name4_3_0_ from Category category0_ where category0_.id=?
16:32:50.523 [main] DEBUG org.hibernate.loader.Loader - Static select for action ACTION_REFRESH on entity com.shoppingbackend.model.Category: select category0_.id as id1_3_0_, category0_.is_active as is_activ2_3_0_, category0_.description as descript3_3_0_, category0_.name as name4_3_0_ from Category category0_ where category0_.id=?
16:32:50.524 [main] DEBUG org.hibernate.persister.entity.AbstractEntityPersister - Static SQL for entity: com.shoppingbackend.model.Address
16:32:50.524 [main] DEBUG org.hibernate.persister.entity.AbstractEntityPersister -  Version select: select id from Address where id =?
16:32:50.524 [main] DEBUG org.hibernate.persister.entity.AbstractEntityPersister -  Snapshot select: select address_.id, address_.address_line_one as address_2_0_, address_.address_line_two as address_3_0_, address_.is_billing as is_billi4_0_, address_.city as city5_0_, address_.country as country6_0_, address_.postal_code as postal_c7_0_, address_.is_shipping as is_shipp8_0_, address_.state as state9_0_, address_.user_id as user_id10_0_ from Address address_ where address_.id=?
16:32:50.524 [main] DEBUG org.hibernate.persister.entity.AbstractEntityPersister -  Insert 0: insert into Address (address_line_one, address_line_two, is_billing, city, country, postal_code, is_shipping, state, user_id, id) values (?, ?, ?, ?, ?, ?, ?, ?, ?, ?)
16:32:50.524 [main] DEBUG org.hibernate.persister.entity.AbstractEntityPersister -  Update 0: update Address set address_line_one=?, address_line_two=?, is_billing=?, city=?, country=?, postal_code=?, is_shipping=?, state=?, user_id=? where id=?
16:32:50.524 [main] DEBUG org.hibernate.persister.entity.AbstractEntityPersister -  Delete 0: delete from Address where id=?
16:32:50.524 [main] DEBUG org.hibernate.persister.entity.AbstractEntityPersister -  Identity insert: insert into Address (id, address_line_one, address_line_two, is_billing, city, country, postal_code, is_shipping, state, user_id) values (null, ?, ?, ?, ?, ?, ?, ?, ?, ?)
16:32:50.524 [main] DEBUG org.hibernate.loader.plan.build.internal.spaces.QuerySpacesImpl - Adding QuerySpace : uid = &lt;gen:0&gt; -&gt; org.hibernate.loader.plan.build.internal.spaces.EntityQuerySpaceImpl@3cff0139]
16:32:50.524 [main] DEBUG org.hibernate.persister.walking.spi.MetamodelGraphWalker - Visiting attribute path : addressLineOne
16:32:50.525 [main] DEBUG org.hibernate.persister.walking.spi.MetamodelGraphWalker - Visiting attribute path : addressLineTwo
16:32:50.525 [main] DEBUG org.hibernate.persister.walking.spi.MetamodelGraphWalker - Visiting attribute path : billing
16:32:50.525 [main] DEBUG org.hibernate.persister.walking.spi.MetamodelGraphWalker - Visiting attribute path : city
16:32:50.525 [main] DEBUG org.hibernate.persister.walking.spi.MetamodelGraphWalker - Visiting attribute path : country
16:32:50.525 [main] DEBUG org.hibernate.persister.walking.spi.MetamodelGraphWalker - Visiting attribute path : postalCode
16:32:50.525 [main] DEBUG org.hibernate.persister.walking.spi.MetamodelGraphWalker - Visiting attribute path : shipping
16:32:50.525 [main] DEBUG org.hibernate.persister.walking.spi.MetamodelGraphWalker - Visiting attribute path : state
16:32:50.525 [main] DEBUG org.hibernate.persister.walking.spi.MetamodelGraphWalker - Visiting attribute path : userId
16:32:50.525 [main] DEBUG org.hibernate.loader.plan.build.internal.FetchStyleLoadPlanBuildingAssociationVisitationStrategy - Building LoadPlan...
16:32:50.525 [main] DEBUG org.hibernate.loader.plan.exec.internal.LoadQueryJoinAndFetchProcessor - processing queryspace &lt;gen:0&gt;
16:32:50.526 [main] DEBUG org.hibernate.loader.plan.build.spi.LoadPlanTreePrinter - LoadPlan(entity=com.shoppingbackend.model.Address)
    - Returns
       - EntityReturnImpl(entity=com.shoppingbackend.model.Address, querySpaceUid=&lt;gen:0&gt;, path=com.shoppingbackend.model.Address)
    - QuerySpaces
       - EntityQuerySpaceImpl(uid=&lt;gen:0&gt;, entity=com.shoppingbackend.model.Address)
          - SQL table alias mapping - address0_
          - alias suffix - 0_
          - suffixed key columns - {id1_0_0_}

16:32:50.526 [main] DEBUG org.hibernate.loader.entity.plan.EntityLoader - Static select for entity com.shoppingbackend.model.Address [NONE]: select address0_.id as id1_0_0_, address0_.address_line_one as address_2_0_0_, address0_.address_line_two as address_3_0_0_, address0_.is_billing as is_billi4_0_0_, address0_.city as city5_0_0_, address0_.country as country6_0_0_, address0_.postal_code as postal_c7_0_0_, address0_.is_shipping as is_shipp8_0_0_, address0_.state as state9_0_0_, address0_.user_id as user_id10_0_0_ from Address address0_ where address0_.id=?
16:32:50.526 [main] DEBUG org.hibernate.loader.plan.build.internal.spaces.QuerySpacesImpl - Adding QuerySpace : uid = &lt;gen:0&gt; -&gt; org.hibernate.loader.plan.build.internal.spaces.EntityQuerySpaceImpl@4b2e3e8f]
16:32:50.526 [main] DEBUG org.hibernate.persister.walking.spi.MetamodelGraphWalker - Visiting attribute path : addressLineOne
16:32:50.526 [main] DEBUG org.hibernate.persister.walking.spi.MetamodelGraphWalker - Visiting attribute path : addressLineTwo
16:32:50.526 [main] DEBUG org.hibernate.persister.walking.spi.MetamodelGraphWalker - Visiting attribute path : billing
16:32:50.526 [main] DEBUG org.hibernate.persister.walking.spi.MetamodelGraphWalker - Visiting attribute path : city
16:32:50.526 [main] DEBUG org.hibernate.persister.walking.spi.MetamodelGraphWalker - Visiting attribute path : country
16:32:50.526 [main] DEBUG org.hibernate.persister.walking.spi.MetamodelGraphWalker - Visiting attribute path : postalCode
16:32:50.527 [main] DEBUG org.hibernate.persister.walking.spi.MetamodelGraphWalker - Visiting attribute path : shipping
16:32:50.527 [main] DEBUG org.hibernate.persister.walking.spi.MetamodelGraphWalker - Visiting attribute path : state
16:32:50.527 [main] DEBUG org.hibernate.persister.walking.spi.MetamodelGraphWalker - Visiting attribute path : userId
16:32:50.527 [main] DEBUG org.hibernate.loader.plan.build.internal.FetchStyleLoadPlanBuildingAssociationVisitationStrategy - Building LoadPlan...
16:32:50.527 [main] DEBUG org.hibernate.loader.plan.exec.internal.LoadQueryJoinAndFetchProcessor - processing queryspace &lt;gen:0&gt;
16:32:50.527 [main] DEBUG org.hibernate.loader.plan.build.spi.LoadPlanTreePrinter - LoadPlan(entity=com.shoppingbackend.model.Address)
    - Returns
       - EntityReturnImpl(entity=com.shoppingbackend.model.Address, querySpaceUid=&lt;gen:0&gt;, path=com.shoppingbackend.model.Address)
    - QuerySpaces
       - EntityQuerySpaceImpl(uid=&lt;gen:0&gt;, entity=com.shoppingbackend.model.Address)
          - SQL table alias mapping - address0_
          - alias suffix - 0_
          - suffixed key columns - {id1_0_0_}

16:32:50.527 [main] DEBUG org.hibernate.loader.entity.plan.EntityLoader - Static select for entity com.shoppingbackend.model.Address [READ]: select address0_.id as id1_0_0_, address0_.address_line_one as address_2_0_0_, address0_.address_line_two as address_3_0_0_, address0_.is_billing as is_billi4_0_0_, address0_.city as city5_0_0_, address0_.country as country6_0_0_, address0_.postal_code as postal_c7_0_0_, address0_.is_shipping as is_shipp8_0_0_, address0_.state as state9_0_0_, address0_.user_id as user_id10_0_0_ from Address address0_ where address0_.id=?
16:32:50.528 [main] DEBUG org.hibernate.loader.plan.build.internal.spaces.QuerySpacesImpl - Adding QuerySpace : uid = &lt;gen:0&gt; -&gt; org.hibernate.loader.plan.build.internal.spaces.EntityQuerySpaceImpl@f096f37]
16:32:50.528 [main] DEBUG org.hibernate.persister.walking.spi.MetamodelGraphWalker - Visiting attribute path : addressLineOne
16:32:50.528 [main] DEBUG org.hibernate.persister.walking.spi.MetamodelGraphWalker - Visiting attribute path : addressLineTwo
16:32:50.528 [main] DEBUG org.hibernate.persister.walking.spi.MetamodelGraphWalker - Visiting attribute path : billing
16:32:50.528 [main] DEBUG org.hibernate.persister.walking.spi.MetamodelGraphWalker - Visiting attribute path : city
16:32:50.528 [main] DEBUG org.hibernate.persister.walking.spi.MetamodelGraphWalker - Visiting attribute path : country
16:32:50.528 [main] DEBUG org.hibernate.persister.walking.spi.MetamodelGraphWalker - Visiting attribute path : postalCode
16:32:50.528 [main] DEBUG org.hibernate.persister.walking.spi.MetamodelGraphWalker - Visiting attribute path : shipping
16:32:50.528 [main] DEBUG org.hibernate.persister.walking.spi.MetamodelGraphWalker - Visiting attribute path : state
16:32:50.528 [main] DEBUG org.hibernate.persister.walking.spi.MetamodelGraphWalker - Visiting attribute path : userId
16:32:50.531 [main] DEBUG org.hibernate.loader.plan.build.internal.FetchStyleLoadPlanBuildingAssociationVisitationStrategy - Building LoadPlan...
16:32:50.531 [main] DEBUG org.hibernate.loader.plan.exec.internal.LoadQueryJoinAndFetchProcessor - processing queryspace &lt;gen:0&gt;
16:32:50.531 [main] DEBUG org.hibernate.loader.plan.build.spi.LoadPlanTreePrinter - LoadPlan(entity=com.shoppingbackend.model.Address)
    - Returns
       - EntityReturnImpl(entity=com.shoppingbackend.model.Address, querySpaceUid=&lt;gen:0&gt;, path=com.shoppingbackend.model.Address)
    - QuerySpaces
       - EntityQuerySpaceImpl(uid=&lt;gen:0&gt;, entity=com.shoppingbackend.model.Address)
          - SQL table alias mapping - address0_
          - alias suffix - 0_
          - suffixed key columns - {id1_0_0_}

16:32:50.532 [main] DEBUG org.hibernate.loader.entity.plan.EntityLoader - Static select for entity com.shoppingbackend.model.Address [UPGRADE]: select address0_.id as id1_0_0_, address0_.address_line_one as address_2_0_0_, address0_.address_line_two as address_3_0_0_, address0_.is_billing as is_billi4_0_0_, address0_.city as city5_0_0_, address0_.country as country6_0_0_, address0_.postal_code as postal_c7_0_0_, address0_.is_shipping as is_shipp8_0_0_, address0_.state as state9_0_0_, address0_.user_id as user_id10_0_0_ from Address address0_ where address0_.id=? for update
16:32:50.532 [main] DEBUG org.hibernate.loader.plan.build.internal.spaces.QuerySpacesImpl - Adding QuerySpace : uid = &lt;gen:0&gt; -&gt; org.hibernate.loader.plan.build.internal.spaces.EntityQuerySpaceImpl@41f4fe5]
16:32:50.532 [main] DEBUG org.hibernate.persister.walking.spi.MetamodelGraphWalker - Visiting attribute path : addressLineOne
16:32:50.532 [main] DEBUG org.hibernate.persister.walking.spi.MetamodelGraphWalker - Visiting attribute path : addressLineTwo
16:32:50.532 [main] DEBUG org.hibernate.persister.walking.spi.MetamodelGraphWalker - Visiting attribute path : billing
16:32:50.532 [main] DEBUG org.hibernate.persister.walking.spi.MetamodelGraphWalker - Visiting attribute path : city
16:32:50.532 [main] DEBUG org.hibernate.persister.walking.spi.MetamodelGraphWalker - Visiting attribute path : country
16:32:50.532 [main] DEBUG org.hibernate.persister.walking.spi.MetamodelGraphWalker - Visiting attribute path : postalCode
16:32:50.532 [main] DEBUG org.hibernate.persister.walking.spi.MetamodelGraphWalker - Visiting attribute path : shipping
16:32:50.532 [main] DEBUG org.hibernate.persister.walking.spi.MetamodelGraphWalker - Visiting attribute path : state
16:32:50.533 [main] DEBUG org.hibernate.persister.walking.spi.MetamodelGraphWalker - Visiting attribute path : userId
16:32:50.533 [main] DEBUG org.hibernate.loader.plan.build.internal.FetchStyleLoadPlanBuildingAssociationVisitationStrategy - Building LoadPlan...
16:32:50.533 [main] DEBUG org.hibernate.loader.plan.exec.internal.LoadQueryJoinAndFetchProcessor - processing queryspace &lt;gen:0&gt;
16:32:50.533 [main] DEBUG org.hibernate.loader.plan.build.spi.LoadPlanTreePrinter - LoadPlan(entity=com.shoppingbackend.model.Address)
    - Returns
       - EntityReturnImpl(entity=com.shoppingbackend.model.Address, querySpaceUid=&lt;gen:0&gt;, path=com.shoppingbackend.model.Address)
    - QuerySpaces
       - EntityQuerySpaceImpl(uid=&lt;gen:0&gt;, entity=com.shoppingbackend.model.Address)
          - SQL table alias mapping - address0_
          - alias suffix - 0_
          - suffixed key columns - {id1_0_0_}

16:32:50.533 [main] DEBUG org.hibernate.loader.entity.plan.EntityLoader - Static select for entity com.shoppingbackend.model.Address [UPGRADE_NOWAIT]: select address0_.id as id1_0_0_, address0_.address_line_one as address_2_0_0_, address0_.address_line_two as address_3_0_0_, address0_.is_billing as is_billi4_0_0_, address0_.city as city5_0_0_, address0_.country as country6_0_0_, address0_.postal_code as postal_c7_0_0_, address0_.is_shipping as is_shipp8_0_0_, address0_.state as state9_0_0_, address0_.user_id as user_id10_0_0_ from Address address0_ where address0_.id=? for update
16:32:50.534 [main] DEBUG org.hibernate.loader.plan.build.internal.spaces.QuerySpacesImpl - Adding QuerySpace : uid = &lt;gen:0&gt; -&gt; org.hibernate.loader.plan.build.internal.spaces.EntityQuerySpaceImpl@514cd540]
16:32:50.534 [main] DEBUG org.hibernate.persister.walking.spi.MetamodelGraphWalker - Visiting attribute path : addressLineOne
16:32:50.534 [main] DEBUG org.hibernate.persister.walking.spi.MetamodelGraphWalker - Visiting attribute path : addressLineTwo
16:32:50.534 [main] DEBUG org.hibernate.persister.walking.spi.MetamodelGraphWalker - Visiting attribute path : billing
16:32:50.534 [main] DEBUG org.hibernate.persister.walking.spi.MetamodelGraphWalker - Visiting attribute path : city
16:32:50.534 [main] DEBUG org.hibernate.persister.walking.spi.MetamodelGraphWalker - Visiting attribute path : country
16:32:50.534 [main] DEBUG org.hibernate.persister.walking.spi.MetamodelGraphWalker - Visiting attribute path : postalCode
16:32:50.534 [main] DEBUG org.hibernate.persister.walking.spi.MetamodelGraphWalker - Visiting attribute path : shipping
16:32:50.534 [main] DEBUG org.hibernate.persister.walking.spi.MetamodelGraphWalker - Visiting attribute path : state
16:32:50.534 [main] DEBUG org.hibernate.persister.walking.spi.MetamodelGraphWalker - Visiting attribute path : userId
16:32:50.536 [main] DEBUG org.hibernate.loader.plan.build.internal.FetchStyleLoadPlanBuildingAssociationVisitationStrategy - Building LoadPlan...
16:32:50.536 [main] DEBUG org.hibernate.loader.plan.exec.internal.LoadQueryJoinAndFetchProcessor - processing queryspace &lt;gen:0&gt;
16:32:50.537 [main] DEBUG org.hibernate.loader.plan.build.spi.LoadPlanTreePrinter - LoadPlan(entity=com.shoppingbackend.model.Address)
    - Returns
       - EntityReturnImpl(entity=com.shoppingbackend.model.Address, querySpaceUid=&lt;gen:0&gt;, path=com.shoppingbackend.model.Address)
    - QuerySpaces
       - EntityQuerySpaceImpl(uid=&lt;gen:0&gt;, entity=com.shoppingbackend.model.Address)
          - SQL table alias mapping - address0_
          - alias suffix - 0_
          - suffixed key columns - {id1_0_0_}

16:32:50.537 [main] DEBUG org.hibernate.loader.entity.plan.EntityLoader - Static select for entity com.shoppingbackend.model.Address [UPGRADE_SKIPLOCKED]: select address0_.id as id1_0_0_, address0_.address_line_one as address_2_0_0_, address0_.address_line_two as address_3_0_0_, address0_.is_billing as is_billi4_0_0_, address0_.city as city5_0_0_, address0_.country as country6_0_0_, address0_.postal_code as postal_c7_0_0_, address0_.is_shipping as is_shipp8_0_0_, address0_.state as state9_0_0_, address0_.user_id as user_id10_0_0_ from Address address0_ where address0_.id=? for update
16:32:50.537 [main] DEBUG org.hibernate.loader.plan.build.internal.spaces.QuerySpacesImpl - Adding QuerySpace : uid = &lt;gen:0&gt; -&gt; org.hibernate.loader.plan.build.internal.spaces.EntityQuerySpaceImpl@6f4ade6e]
16:32:50.537 [main] DEBUG org.hibernate.persister.walking.spi.MetamodelGraphWalker - Visiting attribute path : addressLineOne
16:32:50.537 [main] DEBUG org.hibernate.persister.walking.spi.MetamodelGraphWalker - Visiting attribute path : addressLineTwo
16:32:50.537 [main] DEBUG org.hibernate.persister.walking.spi.MetamodelGraphWalker - Visiting attribute path : billing
16:32:50.537 [main] DEBUG org.hibernate.persister.walking.spi.MetamodelGraphWalker - Visiting attribute path : city
16:32:50.537 [main] DEBUG org.hibernate.persister.walking.spi.MetamodelGraphWalker - Visiting attribute path : country
16:32:50.538 [main] DEBUG org.hibernate.persister.walking.spi.MetamodelGraphWalker - Visiting attribute path : postalCode
16:32:50.538 [main] DEBUG org.hibernate.persister.walking.spi.MetamodelGraphWalker - Visiting attribute path : shipping
16:32:50.538 [main] DEBUG org.hibernate.persister.walking.spi.MetamodelGraphWalker - Visiting attribute path : state
16:32:50.538 [main] DEBUG org.hibernate.persister.walking.spi.MetamodelGraphWalker - Visiting attribute path : userId
16:32:50.538 [main] DEBUG org.hibernate.loader.plan.build.internal.FetchStyleLoadPlanBuildingAssociationVisitationStrategy - Building LoadPlan...
16:32:50.538 [main] DEBUG org.hibernate.loader.plan.exec.internal.LoadQueryJoinAndFetchProcessor - processing queryspace &lt;gen:0&gt;
16:32:50.539 [main] DEBUG org.hibernate.loader.plan.build.spi.LoadPlanTreePrinter - LoadPlan(entity=com.shoppingbackend.model.Address)
    - Returns
       - EntityReturnImpl(entity=com.shoppingbackend.model.Address, querySpaceUid=&lt;gen:0&gt;, path=com.shoppingbackend.model.Address)
    - QuerySpaces
       - EntityQuerySpaceImpl(uid=&lt;gen:0&gt;, entity=com.shoppingbackend.model.Address)
          - SQL table alias mapping - address0_
          - alias suffix - 0_
          - suffixed key columns - {id1_0_0_}

16:32:50.539 [main] DEBUG org.hibernate.loader.entity.plan.EntityLoader - Static select for entity com.shoppingbackend.model.Address [FORCE]: select address0_.id as id1_0_0_, address0_.address_line_one as address_2_0_0_, address0_.address_line_two as address_3_0_0_, address0_.is_billing as is_billi4_0_0_, address0_.city as city5_0_0_, address0_.country as country6_0_0_, address0_.postal_code as postal_c7_0_0_, address0_.is_shipping as is_shipp8_0_0_, address0_.state as state9_0_0_, address0_.user_id as user_id10_0_0_ from Address address0_ where address0_.id=? for update
16:32:50.540 [main] DEBUG org.hibernate.loader.plan.build.internal.spaces.QuerySpacesImpl - Adding QuerySpace : uid = &lt;gen:0&gt; -&gt; org.hibernate.loader.plan.build.internal.spaces.EntityQuerySpaceImpl@eb507b9]
16:32:50.540 [main] DEBUG org.hibernate.persister.walking.spi.MetamodelGraphWalker - Visiting attribute path : addressLineOne
16:32:50.540 [main] DEBUG org.hibernate.persister.walking.spi.MetamodelGraphWalker - Visiting attribute path : addressLineTwo
16:32:50.540 [main] DEBUG org.hibernate.persister.walking.spi.MetamodelGraphWalker - Visiting attribute path : billing
16:32:50.540 [main] DEBUG org.hibernate.persister.walking.spi.MetamodelGraphWalker - Visiting attribute path : city
16:32:50.540 [main] DEBUG org.hibernate.persister.walking.spi.MetamodelGraphWalker - Visiting attribute path : country
16:32:50.540 [main] DEBUG org.hibernate.persister.walking.spi.MetamodelGraphWalker - Visiting attribute path : postalCode
16:32:50.540 [main] DEBUG org.hibernate.persister.walking.spi.MetamodelGraphWalker - Visiting attribute path : shipping
16:32:50.540 [main] DEBUG org.hibernate.persister.walking.spi.MetamodelGraphWalker - Visiting attribute path : state
16:32:50.540 [main] DEBUG org.hibernate.persister.walking.spi.MetamodelGraphWalker - Visiting attribute path : userId
16:32:50.541 [main] DEBUG org.hibernate.loader.plan.build.internal.FetchStyleLoadPlanBuildingAssociationVisitationStrategy - Building LoadPlan...
16:32:50.541 [main] DEBUG org.hibernate.loader.plan.exec.internal.LoadQueryJoinAndFetchProcessor - processing queryspace &lt;gen:0&gt;
16:32:50.541 [main] DEBUG org.hibernate.loader.plan.build.spi.LoadPlanTreePrinter - LoadPlan(entity=com.shoppingbackend.model.Address)
    - Returns
       - EntityReturnImpl(entity=com.shoppingbackend.model.Address, querySpaceUid=&lt;gen:0&gt;, path=com.shoppingbackend.model.Address)
    - QuerySpaces
       - EntityQuerySpaceImpl(uid=&lt;gen:0&gt;, entity=com.shoppingbackend.model.Address)
          - SQL table alias mapping - address0_
          - alias suffix - 0_
          - suffixed key columns - {id1_0_0_}

16:32:50.541 [main] DEBUG org.hibernate.loader.entity.plan.EntityLoader - Static select for entity com.shoppingbackend.model.Address [PESSIMISTIC_READ]: select address0_.id as id1_0_0_, address0_.address_line_one as address_2_0_0_, address0_.address_line_two as address_3_0_0_, address0_.is_billing as is_billi4_0_0_, address0_.city as city5_0_0_, address0_.country as country6_0_0_, address0_.postal_code as postal_c7_0_0_, address0_.is_shipping as is_shipp8_0_0_, address0_.state as state9_0_0_, address0_.user_id as user_id10_0_0_ from Address address0_ where address0_.id=? for update
16:32:50.541 [main] DEBUG org.hibernate.loader.plan.build.internal.spaces.QuerySpacesImpl - Adding QuerySpace : uid = &lt;gen:0&gt; -&gt; org.hibernate.loader.plan.build.internal.spaces.EntityQuerySpaceImpl@86733]
16:32:50.542 [main] DEBUG org.hibernate.persister.walking.spi.MetamodelGraphWalker - Visiting attribute path : addressLineOne
16:32:50.542 [main] DEBUG org.hibernate.persister.walking.spi.MetamodelGraphWalker - Visiting attribute path : addressLineTwo
16:32:50.542 [main] DEBUG org.hibernate.persister.walking.spi.MetamodelGraphWalker - Visiting attribute path : billing
16:32:50.542 [main] DEBUG org.hibernate.persister.walking.spi.MetamodelGraphWalker - Visiting attribute path : city
16:32:50.542 [main] DEBUG org.hibernate.persister.walking.spi.MetamodelGraphWalker - Visiting attribute path : country
16:32:50.542 [main] DEBUG org.hibernate.persister.walking.spi.MetamodelGraphWalker - Visiting attribute path : postalCode
16:32:50.543 [main] DEBUG org.hibernate.persister.walking.spi.MetamodelGraphWalker - Visiting attribute path : shipping
16:32:50.543 [main] DEBUG org.hibernate.persister.walking.spi.MetamodelGraphWalker - Visiting attribute path : state
16:32:50.543 [main] DEBUG org.hibernate.persister.walking.spi.MetamodelGraphWalker - Visiting attribute path : userId
16:32:50.543 [main] DEBUG org.hibernate.loader.plan.build.internal.FetchStyleLoadPlanBuildingAssociationVisitationStrategy - Building LoadPlan...
16:32:50.543 [main] DEBUG org.hibernate.loader.plan.exec.internal.LoadQueryJoinAndFetchProcessor - processing queryspace &lt;gen:0&gt;
16:32:50.544 [main] DEBUG org.hibernate.loader.plan.build.spi.LoadPlanTreePrinter - LoadPlan(entity=com.shoppingbackend.model.Address)
    - Returns
       - EntityReturnImpl(entity=com.shoppingbackend.model.Address, querySpaceUid=&lt;gen:0&gt;, path=com.shoppingbackend.model.Address)
    - QuerySpaces
       - EntityQuerySpaceImpl(uid=&lt;gen:0&gt;, entity=com.shoppingbackend.model.Address)
          - SQL table alias mapping - address0_
          - alias suffix - 0_
          - suffixed key columns - {id1_0_0_}

16:32:50.544 [main] DEBUG org.hibernate.loader.entity.plan.EntityLoader - Static select for entity com.shoppingbackend.model.Address [PESSIMISTIC_WRITE]: select address0_.id as id1_0_0_, address0_.address_line_one as address_2_0_0_, address0_.address_line_two as address_3_0_0_, address0_.is_billing as is_billi4_0_0_, address0_.city as city5_0_0_, address0_.country as country6_0_0_, address0_.postal_code as postal_c7_0_0_, address0_.is_shipping as is_shipp8_0_0_, address0_.state as state9_0_0_, address0_.user_id as user_id10_0_0_ from Address address0_ where address0_.id=? for update
16:32:50.544 [main] DEBUG org.hibernate.loader.plan.build.internal.spaces.QuerySpacesImpl - Adding QuerySpace : uid = &lt;gen:0&gt; -&gt; org.hibernate.loader.plan.build.internal.spaces.EntityQuerySpaceImpl@3ec2ecea]
16:32:50.544 [main] DEBUG org.hibernate.persister.walking.spi.MetamodelGraphWalker - Visiting attribute path : addressLineOne
16:32:50.544 [main] DEBUG org.hibernate.persister.walking.spi.MetamodelGraphWalker - Visiting attribute path : addressLineTwo
16:32:50.544 [main] DEBUG org.hibernate.persister.walking.spi.MetamodelGraphWalker - Visiting attribute path : billing
16:32:50.544 [main] DEBUG org.hibernate.persister.walking.spi.MetamodelGraphWalker - Visiting attribute path : city
16:32:50.544 [main] DEBUG org.hibernate.persister.walking.spi.MetamodelGraphWalker - Visiting attribute path : country
16:32:50.545 [main] DEBUG org.hibernate.persister.walking.spi.MetamodelGraphWalker - Visiting attribute path : postalCode
16:32:50.545 [main] DEBUG org.hibernate.persister.walking.spi.MetamodelGraphWalker - Visiting attribute path : shipping
16:32:50.545 [main] DEBUG org.hibernate.persister.walking.spi.MetamodelGraphWalker - Visiting attribute path : state
16:32:50.545 [main] DEBUG org.hibernate.persister.walking.spi.MetamodelGraphWalker - Visiting attribute path : userId
16:32:50.545 [main] DEBUG org.hibernate.loader.plan.build.internal.FetchStyleLoadPlanBuildingAssociationVisitationStrategy - Building LoadPlan...
16:32:50.545 [main] DEBUG org.hibernate.loader.plan.exec.internal.LoadQueryJoinAndFetchProcessor - processing queryspace &lt;gen:0&gt;
16:32:50.546 [main] DEBUG org.hibernate.loader.plan.build.spi.LoadPlanTreePrinter - LoadPlan(entity=com.shoppingbackend.model.Address)
    - Returns
       - EntityReturnImpl(entity=com.shoppingbackend.model.Address, querySpaceUid=&lt;gen:0&gt;, path=com.shoppingbackend.model.Address)
    - QuerySpaces
       - EntityQuerySpaceImpl(uid=&lt;gen:0&gt;, entity=com.shoppingbackend.model.Address)
          - SQL table alias mapping - address0_
          - alias suffix - 0_
          - suffixed key columns - {id1_0_0_}

16:32:50.546 [main] DEBUG org.hibernate.loader.entity.plan.EntityLoader - Static select for entity com.shoppingbackend.model.Address [PESSIMISTIC_FORCE_INCREMENT]: select address0_.id as id1_0_0_, address0_.address_line_one as address_2_0_0_, address0_.address_line_two as address_3_0_0_, address0_.is_billing as is_billi4_0_0_, address0_.city as city5_0_0_, address0_.country as country6_0_0_, address0_.postal_code as postal_c7_0_0_, address0_.is_shipping as is_shipp8_0_0_, address0_.state as state9_0_0_, address0_.user_id as user_id10_0_0_ from Address address0_ where address0_.id=? for update
16:32:50.546 [main] DEBUG org.hibernate.loader.plan.build.internal.spaces.QuerySpacesImpl - Adding QuerySpace : uid = &lt;gen:0&gt; -&gt; org.hibernate.loader.plan.build.internal.spaces.EntityQuerySpaceImpl@7fc7c4a]
16:32:50.547 [main] DEBUG org.hibernate.persister.walking.spi.MetamodelGraphWalker - Visiting attribute path : addressLineOne
16:32:50.547 [main] DEBUG org.hibernate.persister.walking.spi.MetamodelGraphWalker - Visiting attribute path : addressLineTwo
16:32:50.547 [main] DEBUG org.hibernate.persister.walking.spi.MetamodelGraphWalker - Visiting attribute path : billing
16:32:50.547 [main] DEBUG org.hibernate.persister.walking.spi.MetamodelGraphWalker - Visiting attribute path : city
16:32:50.547 [main] DEBUG org.hibernate.persister.walking.spi.MetamodelGraphWalker - Visiting attribute path : country
16:32:50.547 [main] DEBUG org.hibernate.persister.walking.spi.MetamodelGraphWalker - Visiting attribute path : postalCode
16:32:50.547 [main] DEBUG org.hibernate.persister.walking.spi.MetamodelGraphWalker - Visiting attribute path : shipping
16:32:50.547 [main] DEBUG org.hibernate.persister.walking.spi.MetamodelGraphWalker - Visiting attribute path : state
16:32:50.548 [main] DEBUG org.hibernate.persister.walking.spi.MetamodelGraphWalker - Visiting attribute path : userId
16:32:50.548 [main] DEBUG org.hibernate.loader.plan.build.internal.FetchStyleLoadPlanBuildingAssociationVisitationStrategy - Building LoadPlan...
16:32:50.548 [main] DEBUG org.hibernate.loader.plan.exec.internal.LoadQueryJoinAndFetchProcessor - processing queryspace &lt;gen:0&gt;
16:32:50.548 [main] DEBUG org.hibernate.loader.plan.build.spi.LoadPlanTreePrinter - LoadPlan(entity=com.shoppingbackend.model.Address)
    - Returns
       - EntityReturnImpl(entity=com.shoppingbackend.model.Address, querySpaceUid=&lt;gen:0&gt;, path=com.shoppingbackend.model.Address)
    - QuerySpaces
       - EntityQuerySpaceImpl(uid=&lt;gen:0&gt;, entity=com.shoppingbackend.model.Address)
          - SQL table alias mapping - address0_
          - alias suffix - 0_
          - suffixed key columns - {id1_0_0_}

16:32:50.549 [main] DEBUG org.hibernate.loader.entity.plan.EntityLoader - Static select for entity com.shoppingbackend.model.Address [OPTIMISTIC]: select address0_.id as id1_0_0_, address0_.address_line_one as address_2_0_0_, address0_.address_line_two as address_3_0_0_, address0_.is_billing as is_billi4_0_0_, address0_.city as city5_0_0_, address0_.country as country6_0_0_, address0_.postal_code as postal_c7_0_0_, address0_.is_shipping as is_shipp8_0_0_, address0_.state as state9_0_0_, address0_.user_id as user_id10_0_0_ from Address address0_ where address0_.id=?
16:32:50.550 [main] DEBUG org.hibernate.loader.plan.build.internal.spaces.QuerySpacesImpl - Adding QuerySpace : uid = &lt;gen:0&gt; -&gt; org.hibernate.loader.plan.build.internal.spaces.EntityQuerySpaceImpl@53a5e217]
16:32:50.550 [main] DEBUG org.hibernate.persister.walking.spi.MetamodelGraphWalker - Visiting attribute path : addressLineOne
16:32:50.550 [main] DEBUG org.hibernate.persister.walking.spi.MetamodelGraphWalker - Visiting attribute path : addressLineTwo
16:32:50.550 [main] DEBUG org.hibernate.persister.walking.spi.MetamodelGraphWalker - Visiting attribute path : billing
16:32:50.550 [main] DEBUG org.hibernate.persister.walking.spi.MetamodelGraphWalker - Visiting attribute path : city
16:32:50.550 [main] DEBUG org.hibernate.persister.walking.spi.MetamodelGraphWalker - Visiting attribute path : country
16:32:50.550 [main] DEBUG org.hibernate.persister.walking.spi.MetamodelGraphWalker - Visiting attribute path : postalCode
16:32:50.550 [main] DEBUG org.hibernate.persister.walking.spi.MetamodelGraphWalker - Visiting attribute path : shipping
16:32:50.550 [main] DEBUG org.hibernate.persister.walking.spi.MetamodelGraphWalker - Visiting attribute path : state
16:32:50.550 [main] DEBUG org.hibernate.persister.walking.spi.MetamodelGraphWalker - Visiting attribute path : userId
16:32:50.551 [main] DEBUG org.hibernate.loader.plan.build.internal.FetchStyleLoadPlanBuildingAssociationVisitationStrategy - Building LoadPlan...
16:32:50.551 [main] DEBUG org.hibernate.loader.plan.exec.internal.LoadQueryJoinAndFetchProcessor - processing queryspace &lt;gen:0&gt;
16:32:50.555 [main] DEBUG org.hibernate.loader.plan.build.spi.LoadPlanTreePrinter - LoadPlan(entity=com.shoppingbackend.model.Address)
    - Returns
       - EntityReturnImpl(entity=com.shoppingbackend.model.Address, querySpaceUid=&lt;gen:0&gt;, path=com.shoppingbackend.model.Address)
    - QuerySpaces
       - EntityQuerySpaceImpl(uid=&lt;gen:0&gt;, entity=com.shoppingbackend.model.Address)
          - SQL table alias mapping - address0_
          - alias suffix - 0_
          - suffixed key columns - {id1_0_0_}

16:32:50.555 [main] DEBUG org.hibernate.loader.entity.plan.EntityLoader - Static select for entity com.shoppingbackend.model.Address [OPTIMISTIC_FORCE_INCREMENT]: select address0_.id as id1_0_0_, address0_.address_line_one as address_2_0_0_, address0_.address_line_two as address_3_0_0_, address0_.is_billing as is_billi4_0_0_, address0_.city as city5_0_0_, address0_.country as country6_0_0_, address0_.postal_code as postal_c7_0_0_, address0_.is_shipping as is_shipp8_0_0_, address0_.state as state9_0_0_, address0_.user_id as user_id10_0_0_ from Address address0_ where address0_.id=?
16:32:50.555 [main] DEBUG org.hibernate.loader.Loader - Static select for action ACTION_MERGE on entity com.shoppingbackend.model.Address: select address0_.id as id1_0_0_, address0_.address_line_one as address_2_0_0_, address0_.address_line_two as address_3_0_0_, address0_.is_billing as is_billi4_0_0_, address0_.city as city5_0_0_, address0_.country as country6_0_0_, address0_.postal_code as postal_c7_0_0_, address0_.is_shipping as is_shipp8_0_0_, address0_.state as state9_0_0_, address0_.user_id as user_id10_0_0_ from Address address0_ where address0_.id=?
16:32:50.556 [main] DEBUG org.hibernate.loader.Loader - Static select for action ACTION_REFRESH on entity com.shoppingbackend.model.Address: select address0_.id as id1_0_0_, address0_.address_line_one as address_2_0_0_, address0_.address_line_two as address_3_0_0_, address0_.is_billing as is_billi4_0_0_, address0_.city as city5_0_0_, address0_.country as country6_0_0_, address0_.postal_code as postal_c7_0_0_, address0_.is_shipping as is_shipp8_0_0_, address0_.state as state9_0_0_, address0_.user_id as user_id10_0_0_ from Address address0_ where address0_.id=?
16:32:50.556 [main] DEBUG org.hibernate.persister.entity.AbstractEntityPersister - Static SQL for entity: com.shoppingbackend.model.Product
16:32:50.557 [main] DEBUG org.hibernate.persister.entity.AbstractEntityPersister -  Version select: select id from Product where id =?
16:32:50.557 [main] DEBUG org.hibernate.persister.entity.AbstractEntityPersister -  Snapshot select: select product_.id, product_.is_active as is_activ2_6_, product_.brand as brand3_6_, product_.category_id as category4_6_, product_.code as code5_6_, product_.description as descript6_6_, product_.name as name7_6_, product_.purchases as purchase8_6_, product_.quantity as quantity9_6_, product_.supplier_id as supplie10_6_, product_.unit_price as unit_pr11_6_, product_.views as views12_6_ from Product product_ where product_.id=?
16:32:50.557 [main] DEBUG org.hibernate.persister.entity.AbstractEntityPersister -  Insert 0: insert into Product (is_active, brand, category_id, code, description, name, purchases, quantity, supplier_id, unit_price, views, id) values (?, ?, ?, ?, ?, ?, ?, ?, ?, ?, ?, ?)
16:32:50.557 [main] DEBUG org.hibernate.persister.entity.AbstractEntityPersister -  Update 0: update Product set is_active=?, brand=?, category_id=?, code=?, description=?, name=?, purchases=?, quantity=?, supplier_id=?, unit_price=?, views=? where id=?
16:32:50.559 [main] DEBUG org.hibernate.persister.entity.AbstractEntityPersister -  Delete 0: delete from Product where id=?
16:32:50.559 [main] DEBUG org.hibernate.persister.entity.AbstractEntityPersister -  Identity insert: insert into Product (id, is_active, brand, category_id, code, description, name, purchases, quantity, supplier_id, unit_price, views) values (null, ?, ?, ?, ?, ?, ?, ?, ?, ?, ?, ?)
16:32:50.559 [main] DEBUG org.hibernate.loader.plan.build.internal.spaces.QuerySpacesImpl - Adding QuerySpace : uid = &lt;gen:0&gt; -&gt; org.hibernate.loader.plan.build.internal.spaces.EntityQuerySpaceImpl@6b00ad9]
16:32:50.560 [main] DEBUG org.hibernate.persister.walking.spi.MetamodelGraphWalker - Visiting attribute path : active
16:32:50.560 [main] DEBUG org.hibernate.persister.walking.spi.MetamodelGraphWalker - Visiting attribute path : brand
16:32:50.560 [main] DEBUG org.hibernate.persister.walking.spi.MetamodelGraphWalker - Visiting attribute path : categoryId
16:32:50.560 [main] DEBUG org.hibernate.persister.walking.spi.MetamodelGraphWalker - Visiting attribute path : code
16:32:50.560 [main] DEBUG org.hibernate.persister.walking.spi.MetamodelGraphWalker - Visiting attribute path : description
16:32:50.560 [main] DEBUG org.hibernate.persister.walking.spi.MetamodelGraphWalker - Visiting attribute path : name
16:32:50.560 [main] DEBUG org.hibernate.persister.walking.spi.MetamodelGraphWalker - Visiting attribute path : purchases
16:32:50.560 [main] DEBUG org.hibernate.persister.walking.spi.MetamodelGraphWalker - Visiting attribute path : quantity
16:32:50.560 [main] DEBUG org.hibernate.persister.walking.spi.MetamodelGraphWalker - Visiting attribute path : supplierId
16:32:50.560 [main] DEBUG org.hibernate.persister.walking.spi.MetamodelGraphWalker - Visiting attribute path : unitPrice
16:32:50.560 [main] DEBUG org.hibernate.persister.walking.spi.MetamodelGraphWalker - Visiting attribute path : views
16:32:50.560 [main] DEBUG org.hibernate.loader.plan.build.internal.FetchStyleLoadPlanBuildingAssociationVisitationStrategy - Building LoadPlan...
16:32:50.561 [main] DEBUG org.hibernate.loader.plan.exec.internal.LoadQueryJoinAndFetchProcessor - processing queryspace &lt;gen:0&gt;
16:32:50.561 [main] DEBUG org.hibernate.loader.plan.build.spi.LoadPlanTreePrinter - LoadPlan(entity=com.shoppingbackend.model.Product)
    - Returns
       - EntityReturnImpl(entity=com.shoppingbackend.model.Product, querySpaceUid=&lt;gen:0&gt;, path=com.shoppingbackend.model.Product)
    - QuerySpaces
       - EntityQuerySpaceImpl(uid=&lt;gen:0&gt;, entity=com.shoppingbackend.model.Product)
          - SQL table alias mapping - product0_
          - alias suffix - 0_
          - suffixed key columns - {id1_6_0_}

16:32:50.561 [main] DEBUG org.hibernate.loader.entity.plan.EntityLoader - Static select for entity com.shoppingbackend.model.Product [NONE]: select product0_.id as id1_6_0_, product0_.is_active as is_activ2_6_0_, product0_.brand as brand3_6_0_, product0_.category_id as category4_6_0_, product0_.code as code5_6_0_, product0_.description as descript6_6_0_, product0_.name as name7_6_0_, product0_.purchases as purchase8_6_0_, product0_.quantity as quantity9_6_0_, product0_.supplier_id as supplie10_6_0_, product0_.unit_price as unit_pr11_6_0_, product0_.views as views12_6_0_ from Product product0_ where product0_.id=?
16:32:50.561 [main] DEBUG org.hibernate.loader.plan.build.internal.spaces.QuerySpacesImpl - Adding QuerySpace : uid = &lt;gen:0&gt; -&gt; org.hibernate.loader.plan.build.internal.spaces.EntityQuerySpaceImpl@4f453e63]
16:32:50.561 [main] DEBUG org.hibernate.persister.walking.spi.MetamodelGraphWalker - Visiting attribute path : active
16:32:50.561 [main] DEBUG org.hibernate.persister.walking.spi.MetamodelGraphWalker - Visiting attribute path : brand
16:32:50.562 [main] DEBUG org.hibernate.persister.walking.spi.MetamodelGraphWalker - Visiting attribute path : categoryId
16:32:50.562 [main] DEBUG org.hibernate.persister.walking.spi.MetamodelGraphWalker - Visiting attribute path : code
16:32:50.562 [main] DEBUG org.hibernate.persister.walking.spi.MetamodelGraphWalker - Visiting attribute path : description
16:32:50.562 [main] DEBUG org.hibernate.persister.walking.spi.MetamodelGraphWalker - Visiting attribute path : name
16:32:50.562 [main] DEBUG org.hibernate.persister.walking.spi.MetamodelGraphWalker - Visiting attribute path : purchases
16:32:50.562 [main] DEBUG org.hibernate.persister.walking.spi.MetamodelGraphWalker - Visiting attribute path : quantity
16:32:50.562 [main] DEBUG org.hibernate.persister.walking.spi.MetamodelGraphWalker - Visiting attribute path : supplierId
16:32:50.562 [main] DEBUG org.hibernate.persister.walking.spi.MetamodelGraphWalker - Visiting attribute path : unitPrice
16:32:50.562 [main] DEBUG org.hibernate.persister.walking.spi.MetamodelGraphWalker - Visiting attribute path : views
16:32:50.562 [main] DEBUG org.hibernate.loader.plan.build.internal.FetchStyleLoadPlanBuildingAssociationVisitationStrategy - Building LoadPlan...
16:32:50.565 [main] DEBUG org.hibernate.loader.plan.exec.internal.LoadQueryJoinAndFetchProcessor - processing queryspace &lt;gen:0&gt;
16:32:50.575 [main] DEBUG org.hibernate.loader.plan.build.spi.LoadPlanTreePrinter - LoadPlan(entity=com.shoppingbackend.model.Product)
    - Returns
       - EntityReturnImpl(entity=com.shoppingbackend.model.Product, querySpaceUid=&lt;gen:0&gt;, path=com.shoppingbackend.model.Product)
    - QuerySpaces
       - EntityQuerySpaceImpl(uid=&lt;gen:0&gt;, entity=com.shoppingbackend.model.Product)
          - SQL table alias mapping - product0_
          - alias suffix - 0_
          - suffixed key columns - {id1_6_0_}

16:32:50.576 [main] DEBUG org.hibernate.loader.entity.plan.EntityLoader - Static select for entity com.shoppingbackend.model.Product [READ]: select product0_.id as id1_6_0_, product0_.is_active as is_activ2_6_0_, product0_.brand as brand3_6_0_, product0_.category_id as category4_6_0_, product0_.code as code5_6_0_, product0_.description as descript6_6_0_, product0_.name as name7_6_0_, product0_.purchases as purchase8_6_0_, product0_.quantity as quantity9_6_0_, product0_.supplier_id as supplie10_6_0_, product0_.unit_price as unit_pr11_6_0_, product0_.views as views12_6_0_ from Product product0_ where product0_.id=?
16:32:50.576 [main] DEBUG org.hibernate.loader.plan.build.internal.spaces.QuerySpacesImpl - Adding QuerySpace : uid = &lt;gen:0&gt; -&gt; org.hibernate.loader.plan.build.internal.spaces.EntityQuerySpaceImpl@7afbf561]
16:32:50.576 [main] DEBUG org.hibernate.persister.walking.spi.MetamodelGraphWalker - Visiting attribute path : active
16:32:50.576 [main] DEBUG org.hibernate.persister.walking.spi.MetamodelGraphWalker - Visiting attribute path : brand
16:32:50.576 [main] DEBUG org.hibernate.persister.walking.spi.MetamodelGraphWalker - Visiting attribute path : categoryId
16:32:50.576 [main] DEBUG org.hibernate.persister.walking.spi.MetamodelGraphWalker - Visiting attribute path : code
16:32:50.576 [main] DEBUG org.hibernate.persister.walking.spi.MetamodelGraphWalker - Visiting attribute path : description
16:32:50.576 [main] DEBUG org.hibernate.persister.walking.spi.MetamodelGraphWalker - Visiting attribute path : name
16:32:50.577 [main] DEBUG org.hibernate.persister.walking.spi.MetamodelGraphWalker - Visiting attribute path : purchases
16:32:50.577 [main] DEBUG org.hibernate.persister.walking.spi.MetamodelGraphWalker - Visiting attribute path : quantity
16:32:50.577 [main] DEBUG org.hibernate.persister.walking.spi.MetamodelGraphWalker - Visiting attribute path : supplierId
16:32:50.577 [main] DEBUG org.hibernate.persister.walking.spi.MetamodelGraphWalker - Visiting attribute path : unitPrice
16:32:50.577 [main] DEBUG org.hibernate.persister.walking.spi.MetamodelGraphWalker - Visiting attribute path : views
16:32:50.577 [main] DEBUG org.hibernate.loader.plan.build.internal.FetchStyleLoadPlanBuildingAssociationVisitationStrategy - Building LoadPlan...
16:32:50.578 [main] DEBUG org.hibernate.loader.plan.exec.internal.LoadQueryJoinAndFetchProcessor - processing queryspace &lt;gen:0&gt;
16:32:50.580 [main] DEBUG org.hibernate.loader.plan.build.spi.LoadPlanTreePrinter - LoadPlan(entity=com.shoppingbackend.model.Product)
    - Returns
       - EntityReturnImpl(entity=com.shoppingbackend.model.Product, querySpaceUid=&lt;gen:0&gt;, path=com.shoppingbackend.model.Product)
    - QuerySpaces
       - EntityQuerySpaceImpl(uid=&lt;gen:0&gt;, entity=com.shoppingbackend.model.Product)
          - SQL table alias mapping - product0_
          - alias suffix - 0_
          - suffixed key columns - {id1_6_0_}

16:32:50.580 [main] DEBUG org.hibernate.loader.entity.plan.EntityLoader - Static select for entity com.shoppingbackend.model.Product [UPGRADE]: select product0_.id as id1_6_0_, product0_.is_active as is_activ2_6_0_, product0_.brand as brand3_6_0_, product0_.category_id as category4_6_0_, product0_.code as code5_6_0_, product0_.description as descript6_6_0_, product0_.name as name7_6_0_, product0_.purchases as purchase8_6_0_, product0_.quantity as quantity9_6_0_, product0_.supplier_id as supplie10_6_0_, product0_.unit_price as unit_pr11_6_0_, product0_.views as views12_6_0_ from Product product0_ where product0_.id=? for update
16:32:50.580 [main] DEBUG org.hibernate.loader.plan.build.internal.spaces.QuerySpacesImpl - Adding QuerySpace : uid = &lt;gen:0&gt; -&gt; org.hibernate.loader.plan.build.internal.spaces.EntityQuerySpaceImpl@49c8f6e8]
16:32:50.581 [main] DEBUG org.hibernate.persister.walking.spi.MetamodelGraphWalker - Visiting attribute path : active
16:32:50.581 [main] DEBUG org.hibernate.persister.walking.spi.MetamodelGraphWalker - Visiting attribute path : brand
16:32:50.581 [main] DEBUG org.hibernate.persister.walking.spi.MetamodelGraphWalker - Visiting attribute path : categoryId
16:32:50.581 [main] DEBUG org.hibernate.persister.walking.spi.MetamodelGraphWalker - Visiting attribute path : code
16:32:50.581 [main] DEBUG org.hibernate.persister.walking.spi.MetamodelGraphWalker - Visiting attribute path : description
16:32:50.581 [main] DEBUG org.hibernate.persister.walking.spi.MetamodelGraphWalker - Visiting attribute path : name
16:32:50.581 [main] DEBUG org.hibernate.persister.walking.spi.MetamodelGraphWalker - Visiting attribute path : purchases
16:32:50.581 [main] DEBUG org.hibernate.persister.walking.spi.MetamodelGraphWalker - Visiting attribute path : quantity
16:32:50.581 [main] DEBUG org.hibernate.persister.walking.spi.MetamodelGraphWalker - Visiting attribute path : supplierId
16:32:50.581 [main] DEBUG org.hibernate.persister.walking.spi.MetamodelGraphWalker - Visiting attribute path : unitPrice
16:32:50.581 [main] DEBUG org.hibernate.persister.walking.spi.MetamodelGraphWalker - Visiting attribute path : views
16:32:50.582 [main] DEBUG org.hibernate.loader.plan.build.internal.FetchStyleLoadPlanBuildingAssociationVisitationStrategy - Building LoadPlan...
16:32:50.582 [main] DEBUG org.hibernate.loader.plan.exec.internal.LoadQueryJoinAndFetchProcessor - processing queryspace &lt;gen:0&gt;
16:32:50.583 [main] DEBUG org.hibernate.loader.plan.build.spi.LoadPlanTreePrinter - LoadPlan(entity=com.shoppingbackend.model.Product)
    - Returns
       - EntityReturnImpl(entity=com.shoppingbackend.model.Product, querySpaceUid=&lt;gen:0&gt;, path=com.shoppingbackend.model.Product)
    - QuerySpaces
       - EntityQuerySpaceImpl(uid=&lt;gen:0&gt;, entity=com.shoppingbackend.model.Product)
          - SQL table alias mapping - product0_
          - alias suffix - 0_
          - suffixed key columns - {id1_6_0_}

16:32:50.583 [main] DEBUG org.hibernate.loader.entity.plan.EntityLoader - Static select for entity com.shoppingbackend.model.Product [UPGRADE_NOWAIT]: select product0_.id as id1_6_0_, product0_.is_active as is_activ2_6_0_, product0_.brand as brand3_6_0_, product0_.category_id as category4_6_0_, product0_.code as code5_6_0_, product0_.description as descript6_6_0_, product0_.name as name7_6_0_, product0_.purchases as purchase8_6_0_, product0_.quantity as quantity9_6_0_, product0_.supplier_id as supplie10_6_0_, product0_.unit_price as unit_pr11_6_0_, product0_.views as views12_6_0_ from Product product0_ where product0_.id=? for update
16:32:50.584 [main] DEBUG org.hibernate.loader.plan.build.internal.spaces.QuerySpacesImpl - Adding QuerySpace : uid = &lt;gen:0&gt; -&gt; org.hibernate.loader.plan.build.internal.spaces.EntityQuerySpaceImpl@4e73b552]
16:32:50.584 [main] DEBUG org.hibernate.persister.walking.spi.MetamodelGraphWalker - Visiting attribute path : active
16:32:50.584 [main] DEBUG org.hibernate.persister.walking.spi.MetamodelGraphWalker - Visiting attribute path : brand
16:32:50.584 [main] DEBUG org.hibernate.persister.walking.spi.MetamodelGraphWalker - Visiting attribute path : categoryId
16:32:50.584 [main] DEBUG org.hibernate.persister.walking.spi.MetamodelGraphWalker - Visiting attribute path : code
16:32:50.584 [main] DEBUG org.hibernate.persister.walking.spi.MetamodelGraphWalker - Visiting attribute path : description
16:32:50.584 [main] DEBUG org.hibernate.persister.walking.spi.MetamodelGraphWalker - Visiting attribute path : name
16:32:50.584 [main] DEBUG org.hibernate.persister.walking.spi.MetamodelGraphWalker - Visiting attribute path : purchases
16:32:50.584 [main] DEBUG org.hibernate.persister.walking.spi.MetamodelGraphWalker - Visiting attribute path : quantity
16:32:50.584 [main] DEBUG org.hibernate.persister.walking.spi.MetamodelGraphWalker - Visiting attribute path : supplierId
16:32:50.589 [main] DEBUG org.hibernate.persister.walking.spi.MetamodelGraphWalker - Visiting attribute path : unitPrice
16:32:50.590 [main] DEBUG org.hibernate.persister.walking.spi.MetamodelGraphWalker - Visiting attribute path : views
16:32:50.590 [main] DEBUG org.hibernate.loader.plan.build.internal.FetchStyleLoadPlanBuildingAssociationVisitationStrategy - Building LoadPlan...
16:32:50.590 [main] DEBUG org.hibernate.loader.plan.exec.internal.LoadQueryJoinAndFetchProcessor - processing queryspace &lt;gen:0&gt;
16:32:50.590 [main] DEBUG org.hibernate.loader.plan.build.spi.LoadPlanTreePrinter - LoadPlan(entity=com.shoppingbackend.model.Product)
    - Returns
       - EntityReturnImpl(entity=com.shoppingbackend.model.Product, querySpaceUid=&lt;gen:0&gt;, path=com.shoppingbackend.model.Product)
    - QuerySpaces
       - EntityQuerySpaceImpl(uid=&lt;gen:0&gt;, entity=com.shoppingbackend.model.Product)
          - SQL table alias mapping - product0_
          - alias suffix - 0_
          - suffixed key columns - {id1_6_0_}

16:32:50.590 [main] DEBUG org.hibernate.loader.entity.plan.EntityLoader - Static select for entity com.shoppingbackend.model.Product [UPGRADE_SKIPLOCKED]: select product0_.id as id1_6_0_, product0_.is_active as is_activ2_6_0_, product0_.brand as brand3_6_0_, product0_.category_id as category4_6_0_, product0_.code as code5_6_0_, product0_.description as descript6_6_0_, product0_.name as name7_6_0_, product0_.purchases as purchase8_6_0_, product0_.quantity as quantity9_6_0_, product0_.supplier_id as supplie10_6_0_, product0_.unit_price as unit_pr11_6_0_, product0_.views as views12_6_0_ from Product product0_ where product0_.id=? for update
16:32:50.591 [main] DEBUG org.hibernate.loader.plan.build.internal.spaces.QuerySpacesImpl - Adding QuerySpace : uid = &lt;gen:0&gt; -&gt; org.hibernate.loader.plan.build.internal.spaces.EntityQuerySpaceImpl@2cec704c]
16:32:50.591 [main] DEBUG org.hibernate.persister.walking.spi.MetamodelGraphWalker - Visiting attribute path : active
16:32:50.591 [main] DEBUG org.hibernate.persister.walking.spi.MetamodelGraphWalker - Visiting attribute path : brand
16:32:50.591 [main] DEBUG org.hibernate.persister.walking.spi.MetamodelGraphWalker - Visiting attribute path : categoryId
16:32:50.591 [main] DEBUG org.hibernate.persister.walking.spi.MetamodelGraphWalker - Visiting attribute path : code
16:32:50.591 [main] DEBUG org.hibernate.persister.walking.spi.MetamodelGraphWalker - Visiting attribute path : description
16:32:50.591 [main] DEBUG org.hibernate.persister.walking.spi.MetamodelGraphWalker - Visiting attribute path : name
16:32:50.591 [main] DEBUG org.hibernate.persister.walking.spi.MetamodelGraphWalker - Visiting attribute path : purchases
16:32:50.591 [main] DEBUG org.hibernate.persister.walking.spi.MetamodelGraphWalker - Visiting attribute path : quantity
16:32:50.591 [main] DEBUG org.hibernate.persister.walking.spi.MetamodelGraphWalker - Visiting attribute path : supplierId
16:32:50.592 [main] DEBUG org.hibernate.persister.walking.spi.MetamodelGraphWalker - Visiting attribute path : unitPrice
16:32:50.592 [main] DEBUG org.hibernate.persister.walking.spi.MetamodelGraphWalker - Visiting attribute path : views
16:32:50.592 [main] DEBUG org.hibernate.loader.plan.build.internal.FetchStyleLoadPlanBuildingAssociationVisitationStrategy - Building LoadPlan...
16:32:50.592 [main] DEBUG org.hibernate.loader.plan.exec.internal.LoadQueryJoinAndFetchProcessor - processing queryspace &lt;gen:0&gt;
16:32:50.592 [main] DEBUG org.hibernate.loader.plan.build.spi.LoadPlanTreePrinter - LoadPlan(entity=com.shoppingbackend.model.Product)
    - Returns
       - EntityReturnImpl(entity=com.shoppingbackend.model.Product, querySpaceUid=&lt;gen:0&gt;, path=com.shoppingbackend.model.Product)
    - QuerySpaces
       - EntityQuerySpaceImpl(uid=&lt;gen:0&gt;, entity=com.shoppingbackend.model.Product)
          - SQL table alias mapping - product0_
          - alias suffix - 0_
          - suffixed key columns - {id1_6_0_}

16:32:50.592 [main] DEBUG org.hibernate.loader.entity.plan.EntityLoader - Static select for entity com.shoppingbackend.model.Product [FORCE]: select product0_.id as id1_6_0_, product0_.is_active as is_activ2_6_0_, product0_.brand as brand3_6_0_, product0_.category_id as category4_6_0_, product0_.code as code5_6_0_, product0_.description as descript6_6_0_, product0_.name as name7_6_0_, product0_.purchases as purchase8_6_0_, product0_.quantity as quantity9_6_0_, product0_.supplier_id as supplie10_6_0_, product0_.unit_price as unit_pr11_6_0_, product0_.views as views12_6_0_ from Product product0_ where product0_.id=? for update
16:32:50.593 [main] DEBUG org.hibernate.loader.plan.build.internal.spaces.QuerySpacesImpl - Adding QuerySpace : uid = &lt;gen:0&gt; -&gt; org.hibernate.loader.plan.build.internal.spaces.EntityQuerySpaceImpl@2416498e]
16:32:50.595 [main] DEBUG org.hibernate.persister.walking.spi.MetamodelGraphWalker - Visiting attribute path : active
16:32:50.595 [main] DEBUG org.hibernate.persister.walking.spi.MetamodelGraphWalker - Visiting attribute path : brand
16:32:50.595 [main] DEBUG org.hibernate.persister.walking.spi.MetamodelGraphWalker - Visiting attribute path : categoryId
16:32:50.595 [main] DEBUG org.hibernate.persister.walking.spi.MetamodelGraphWalker - Visiting attribute path : code
16:32:50.595 [main] DEBUG org.hibernate.persister.walking.spi.MetamodelGraphWalker - Visiting attribute path : description
16:32:50.596 [main] DEBUG org.hibernate.persister.walking.spi.MetamodelGraphWalker - Visiting attribute path : name
16:32:50.596 [main] DEBUG org.hibernate.persister.walking.spi.MetamodelGraphWalker - Visiting attribute path : purchases
16:32:50.596 [main] DEBUG org.hibernate.persister.walking.spi.MetamodelGraphWalker - Visiting attribute path : quantity
16:32:50.596 [main] DEBUG org.hibernate.persister.walking.spi.MetamodelGraphWalker - Visiting attribute path : supplierId
16:32:50.596 [main] DEBUG org.hibernate.persister.walking.spi.MetamodelGraphWalker - Visiting attribute path : unitPrice
16:32:50.596 [main] DEBUG org.hibernate.persister.walking.spi.MetamodelGraphWalker - Visiting attribute path : views
16:32:50.596 [main] DEBUG org.hibernate.loader.plan.build.internal.FetchStyleLoadPlanBuildingAssociationVisitationStrategy - Building LoadPlan...
16:32:50.599 [main] DEBUG org.hibernate.loader.plan.exec.internal.LoadQueryJoinAndFetchProcessor - processing queryspace &lt;gen:0&gt;
16:32:50.600 [main] DEBUG org.hibernate.loader.plan.build.spi.LoadPlanTreePrinter - LoadPlan(entity=com.shoppingbackend.model.Product)
    - Returns
       - EntityReturnImpl(entity=com.shoppingbackend.model.Product, querySpaceUid=&lt;gen:0&gt;, path=com.shoppingbackend.model.Product)
    - QuerySpaces
       - EntityQuerySpaceImpl(uid=&lt;gen:0&gt;, entity=com.shoppingbackend.model.Product)
          - SQL table alias mapping - product0_
          - alias suffix - 0_
          - suffixed key columns - {id1_6_0_}

16:32:50.601 [main] DEBUG org.hibernate.loader.entity.plan.EntityLoader - Static select for entity com.shoppingbackend.model.Product [PESSIMISTIC_READ]: select product0_.id as id1_6_0_, product0_.is_active as is_activ2_6_0_, product0_.brand as brand3_6_0_, product0_.category_id as category4_6_0_, product0_.code as code5_6_0_, product0_.description as descript6_6_0_, product0_.name as name7_6_0_, product0_.purchases as purchase8_6_0_, product0_.quantity as quantity9_6_0_, product0_.supplier_id as supplie10_6_0_, product0_.unit_price as unit_pr11_6_0_, product0_.views as views12_6_0_ from Product product0_ where product0_.id=? for update
16:32:50.601 [main] DEBUG org.hibernate.loader.plan.build.internal.spaces.QuerySpacesImpl - Adding QuerySpace : uid = &lt;gen:0&gt; -&gt; org.hibernate.loader.plan.build.internal.spaces.EntityQuerySpaceImpl@240f6c41]
16:32:50.601 [main] DEBUG org.hibernate.persister.walking.spi.MetamodelGraphWalker - Visiting attribute path : active
16:32:50.602 [main] DEBUG org.hibernate.persister.walking.spi.MetamodelGraphWalker - Visiting attribute path : brand
16:32:50.602 [main] DEBUG org.hibernate.persister.walking.spi.MetamodelGraphWalker - Visiting attribute path : categoryId
16:32:50.602 [main] DEBUG org.hibernate.persister.walking.spi.MetamodelGraphWalker - Visiting attribute path : code
16:32:50.602 [main] DEBUG org.hibernate.persister.walking.spi.MetamodelGraphWalker - Visiting attribute path : description
16:32:50.602 [main] DEBUG org.hibernate.persister.walking.spi.MetamodelGraphWalker - Visiting attribute path : name
16:32:50.602 [main] DEBUG org.hibernate.persister.walking.spi.MetamodelGraphWalker - Visiting attribute path : purchases
16:32:50.602 [main] DEBUG org.hibernate.persister.walking.spi.MetamodelGraphWalker - Visiting attribute path : quantity
16:32:50.602 [main] DEBUG org.hibernate.persister.walking.spi.MetamodelGraphWalker - Visiting attribute path : supplierId
16:32:50.602 [main] DEBUG org.hibernate.persister.walking.spi.MetamodelGraphWalker - Visiting attribute path : unitPrice
16:32:50.602 [main] DEBUG org.hibernate.persister.walking.spi.MetamodelGraphWalker - Visiting attribute path : views
16:32:50.602 [main] DEBUG org.hibernate.loader.plan.build.internal.FetchStyleLoadPlanBuildingAssociationVisitationStrategy - Building LoadPlan...
16:32:50.603 [main] DEBUG org.hibernate.loader.plan.exec.internal.LoadQueryJoinAndFetchProcessor - processing queryspace &lt;gen:0&gt;
16:32:50.603 [main] DEBUG org.hibernate.loader.plan.build.spi.LoadPlanTreePrinter - LoadPlan(entity=com.shoppingbackend.model.Product)
    - Returns
       - EntityReturnImpl(entity=com.shoppingbackend.model.Product, querySpaceUid=&lt;gen:0&gt;, path=com.shoppingbackend.model.Product)
    - QuerySpaces
       - EntityQuerySpaceImpl(uid=&lt;gen:0&gt;, entity=com.shoppingbackend.model.Product)
          - SQL table alias mapping - product0_
          - alias suffix - 0_
          - suffixed key columns - {id1_6_0_}

16:32:50.603 [main] DEBUG org.hibernate.loader.entity.plan.EntityLoader - Static select for entity com.shoppingbackend.model.Product [PESSIMISTIC_WRITE]: select product0_.id as id1_6_0_, product0_.is_active as is_activ2_6_0_, product0_.brand as brand3_6_0_, product0_.category_id as category4_6_0_, product0_.code as code5_6_0_, product0_.description as descript6_6_0_, product0_.name as name7_6_0_, product0_.purchases as purchase8_6_0_, product0_.quantity as quantity9_6_0_, product0_.supplier_id as supplie10_6_0_, product0_.unit_price as unit_pr11_6_0_, product0_.views as views12_6_0_ from Product product0_ where product0_.id=? for update
16:32:50.603 [main] DEBUG org.hibernate.loader.plan.build.internal.spaces.QuerySpacesImpl - Adding QuerySpace : uid = &lt;gen:0&gt; -&gt; org.hibernate.loader.plan.build.internal.spaces.EntityQuerySpaceImpl@2015b2cd]
16:32:50.604 [main] DEBUG org.hibernate.persister.walking.spi.MetamodelGraphWalker - Visiting attribute path : active
16:32:50.604 [main] DEBUG org.hibernate.persister.walking.spi.MetamodelGraphWalker - Visiting attribute path : brand
16:32:50.604 [main] DEBUG org.hibernate.persister.walking.spi.MetamodelGraphWalker - Visiting attribute path : categoryId
16:32:50.604 [main] DEBUG org.hibernate.persister.walking.spi.MetamodelGraphWalker - Visiting attribute path : code
16:32:50.604 [main] DEBUG org.hibernate.persister.walking.spi.MetamodelGraphWalker - Visiting attribute path : description
16:32:50.604 [main] DEBUG org.hibernate.persister.walking.spi.MetamodelGraphWalker - Visiting attribute path : name
16:32:50.604 [main] DEBUG org.hibernate.persister.walking.spi.MetamodelGraphWalker - Visiting attribute path : purchases
16:32:50.604 [main] DEBUG org.hibernate.persister.walking.spi.MetamodelGraphWalker - Visiting attribute path : quantity
16:32:50.604 [main] DEBUG org.hibernate.persister.walking.spi.MetamodelGraphWalker - Visiting attribute path : supplierId
16:32:50.604 [main] DEBUG org.hibernate.persister.walking.spi.MetamodelGraphWalker - Visiting attribute path : unitPrice
16:32:50.604 [main] DEBUG org.hibernate.persister.walking.spi.MetamodelGraphWalker - Visiting attribute path : views
16:32:50.604 [main] DEBUG org.hibernate.loader.plan.build.internal.FetchStyleLoadPlanBuildingAssociationVisitationStrategy - Building LoadPlan...
16:32:50.604 [main] DEBUG org.hibernate.loader.plan.exec.internal.LoadQueryJoinAndFetchProcessor - processing queryspace &lt;gen:0&gt;
16:32:50.604 [main] DEBUG org.hibernate.loader.plan.build.spi.LoadPlanTreePrinter - LoadPlan(entity=com.shoppingbackend.model.Product)
    - Returns
       - EntityReturnImpl(entity=com.shoppingbackend.model.Product, querySpaceUid=&lt;gen:0&gt;, path=com.shoppingbackend.model.Product)
    - QuerySpaces
       - EntityQuerySpaceImpl(uid=&lt;gen:0&gt;, entity=com.shoppingbackend.model.Product)
          - SQL table alias mapping - product0_
          - alias suffix - 0_
          - suffixed key columns - {id1_6_0_}

16:32:50.604 [main] DEBUG org.hibernate.loader.entity.plan.EntityLoader - Static select for entity com.shoppingbackend.model.Product [PESSIMISTIC_FORCE_INCREMENT]: select product0_.id as id1_6_0_, product0_.is_active as is_activ2_6_0_, product0_.brand as brand3_6_0_, product0_.category_id as category4_6_0_, product0_.code as code5_6_0_, product0_.description as descript6_6_0_, product0_.name as name7_6_0_, product0_.purchases as purchase8_6_0_, product0_.quantity as quantity9_6_0_, product0_.supplier_id as supplie10_6_0_, product0_.unit_price as unit_pr11_6_0_, product0_.views as views12_6_0_ from Product product0_ where product0_.id=? for update
16:32:50.605 [main] DEBUG org.hibernate.loader.plan.build.internal.spaces.QuerySpacesImpl - Adding QuerySpace : uid = &lt;gen:0&gt; -&gt; org.hibernate.loader.plan.build.internal.spaces.EntityQuerySpaceImpl@64693226]
16:32:50.605 [main] DEBUG org.hibernate.persister.walking.spi.MetamodelGraphWalker - Visiting attribute path : active
16:32:50.605 [main] DEBUG org.hibernate.persister.walking.spi.MetamodelGraphWalker - Visiting attribute path : brand
16:32:50.605 [main] DEBUG org.hibernate.persister.walking.spi.MetamodelGraphWalker - Visiting attribute path : categoryId
16:32:50.605 [main] DEBUG org.hibernate.persister.walking.spi.MetamodelGraphWalker - Visiting attribute path : code
16:32:50.605 [main] DEBUG org.hibernate.persister.walking.spi.MetamodelGraphWalker - Visiting attribute path : description
16:32:50.605 [main] DEBUG org.hibernate.persister.walking.spi.MetamodelGraphWalker - Visiting attribute path : name
16:32:50.605 [main] DEBUG org.hibernate.persister.walking.spi.MetamodelGraphWalker - Visiting attribute path : purchases
16:32:50.605 [main] DEBUG org.hibernate.persister.walking.spi.MetamodelGraphWalker - Visiting attribute path : quantity
16:32:50.605 [main] DEBUG org.hibernate.persister.walking.spi.MetamodelGraphWalker - Visiting attribute path : supplierId
16:32:50.605 [main] DEBUG org.hibernate.persister.walking.spi.MetamodelGraphWalker - Visiting attribute path : unitPrice
16:32:50.605 [main] DEBUG org.hibernate.persister.walking.spi.MetamodelGraphWalker - Visiting attribute path : views
16:32:50.605 [main] DEBUG org.hibernate.loader.plan.build.internal.FetchStyleLoadPlanBuildingAssociationVisitationStrategy - Building LoadPlan...
16:32:50.605 [main] DEBUG org.hibernate.loader.plan.exec.internal.LoadQueryJoinAndFetchProcessor - processing queryspace &lt;gen:0&gt;
16:32:50.605 [main] DEBUG org.hibernate.loader.plan.build.spi.LoadPlanTreePrinter - LoadPlan(entity=com.shoppingbackend.model.Product)
    - Returns
       - EntityReturnImpl(entity=com.shoppingbackend.model.Product, querySpaceUid=&lt;gen:0&gt;, path=com.shoppingbackend.model.Product)
    - QuerySpaces
       - EntityQuerySpaceImpl(uid=&lt;gen:0&gt;, entity=com.shoppingbackend.model.Product)
          - SQL table alias mapping - product0_
          - alias suffix - 0_
          - suffixed key columns - {id1_6_0_}

16:32:50.605 [main] DEBUG org.hibernate.loader.entity.plan.EntityLoader - Static select for entity com.shoppingbackend.model.Product [OPTIMISTIC]: select product0_.id as id1_6_0_, product0_.is_active as is_activ2_6_0_, product0_.brand as brand3_6_0_, product0_.category_id as category4_6_0_, product0_.code as code5_6_0_, product0_.description as descript6_6_0_, product0_.name as name7_6_0_, product0_.purchases as purchase8_6_0_, product0_.quantity as quantity9_6_0_, product0_.supplier_id as supplie10_6_0_, product0_.unit_price as unit_pr11_6_0_, product0_.views as views12_6_0_ from Product product0_ where product0_.id=?
16:32:50.605 [main] DEBUG org.hibernate.loader.plan.build.internal.spaces.QuerySpacesImpl - Adding QuerySpace : uid = &lt;gen:0&gt; -&gt; org.hibernate.loader.plan.build.internal.spaces.EntityQuerySpaceImpl@117bcfdc]
16:32:50.606 [main] DEBUG org.hibernate.persister.walking.spi.MetamodelGraphWalker - Visiting attribute path : active
16:32:50.606 [main] DEBUG org.hibernate.persister.walking.spi.MetamodelGraphWalker - Visiting attribute path : brand
16:32:50.606 [main] DEBUG org.hibernate.persister.walking.spi.MetamodelGraphWalker - Visiting attribute path : categoryId
16:32:50.606 [main] DEBUG org.hibernate.persister.walking.spi.MetamodelGraphWalker - Visiting attribute path : code
16:32:50.606 [main] DEBUG org.hibernate.persister.walking.spi.MetamodelGraphWalker - Visiting attribute path : description
16:32:50.606 [main] DEBUG org.hibernate.persister.walking.spi.MetamodelGraphWalker - Visiting attribute path : name
16:32:50.606 [main] DEBUG org.hibernate.persister.walking.spi.MetamodelGraphWalker - Visiting attribute path : purchases
16:32:50.606 [main] DEBUG org.hibernate.persister.walking.spi.MetamodelGraphWalker - Visiting attribute path : quantity
16:32:50.606 [main] DEBUG org.hibernate.persister.walking.spi.MetamodelGraphWalker - Visiting attribute path : supplierId
16:32:50.606 [main] DEBUG org.hibernate.persister.walking.spi.MetamodelGraphWalker - Visiting attribute path : unitPrice
16:32:50.606 [main] DEBUG org.hibernate.persister.walking.spi.MetamodelGraphWalker - Visiting attribute path : views
16:32:50.606 [main] DEBUG org.hibernate.loader.plan.build.internal.FetchStyleLoadPlanBuildingAssociationVisitationStrategy - Building LoadPlan...
16:32:50.606 [main] DEBUG org.hibernate.loader.plan.exec.internal.LoadQueryJoinAndFetchProcessor - processing queryspace &lt;gen:0&gt;
16:32:50.607 [main] DEBUG org.hibernate.loader.plan.build.spi.LoadPlanTreePrinter - LoadPlan(entity=com.shoppingbackend.model.Product)
    - Returns
       - EntityReturnImpl(entity=com.shoppingbackend.model.Product, querySpaceUid=&lt;gen:0&gt;, path=com.shoppingbackend.model.Product)
    - QuerySpaces
       - EntityQuerySpaceImpl(uid=&lt;gen:0&gt;, entity=com.shoppingbackend.model.Product)
          - SQL table alias mapping - product0_
          - alias suffix - 0_
          - suffixed key columns - {id1_6_0_}

16:32:50.607 [main] DEBUG org.hibernate.loader.entity.plan.EntityLoader - Static select for entity com.shoppingbackend.model.Product [OPTIMISTIC_FORCE_INCREMENT]: select product0_.id as id1_6_0_, product0_.is_active as is_activ2_6_0_, product0_.brand as brand3_6_0_, product0_.category_id as category4_6_0_, product0_.code as code5_6_0_, product0_.description as descript6_6_0_, product0_.name as name7_6_0_, product0_.purchases as purchase8_6_0_, product0_.quantity as quantity9_6_0_, product0_.supplier_id as supplie10_6_0_, product0_.unit_price as unit_pr11_6_0_, product0_.views as views12_6_0_ from Product product0_ where product0_.id=?
16:32:50.607 [main] DEBUG org.hibernate.loader.Loader - Static select for action ACTION_MERGE on entity com.shoppingbackend.model.Product: select product0_.id as id1_6_0_, product0_.is_active as is_activ2_6_0_, product0_.brand as brand3_6_0_, product0_.category_id as category4_6_0_, product0_.code as code5_6_0_, product0_.description as descript6_6_0_, product0_.name as name7_6_0_, product0_.purchases as purchase8_6_0_, product0_.quantity as quantity9_6_0_, product0_.supplier_id as supplie10_6_0_, product0_.unit_price as unit_pr11_6_0_, product0_.views as views12_6_0_ from Product product0_ where product0_.id=?
16:32:50.607 [main] DEBUG org.hibernate.loader.Loader - Static select for action ACTION_REFRESH on entity com.shoppingbackend.model.Product: select product0_.id as id1_6_0_, product0_.is_active as is_activ2_6_0_, product0_.brand as brand3_6_0_, product0_.category_id as category4_6_0_, product0_.code as code5_6_0_, product0_.description as descript6_6_0_, product0_.name as name7_6_0_, product0_.purchases as purchase8_6_0_, product0_.quantity as quantity9_6_0_, product0_.supplier_id as supplie10_6_0_, product0_.unit_price as unit_pr11_6_0_, product0_.views as views12_6_0_ from Product product0_ where product0_.id=?
16:32:50.607 [main] DEBUG org.hibernate.loader.plan.build.internal.spaces.QuerySpacesImpl - Adding QuerySpace : uid = &lt;gen:0&gt; -&gt; org.hibernate.loader.plan.build.internal.spaces.CollectionQuerySpaceImpl@5e746d37]
16:32:50.607 [main] DEBUG org.hibernate.loader.plan.build.internal.spaces.QuerySpacesImpl - Adding QuerySpace : uid = &lt;gen:1&gt; -&gt; org.hibernate.loader.plan.build.internal.spaces.EntityQuerySpaceImpl@6e1b9411]
16:32:50.607 [main] DEBUG org.hibernate.persister.walking.spi.MetamodelGraphWalker - Visiting attribute path : buyingPrice
16:32:50.607 [main] DEBUG org.hibernate.persister.walking.spi.MetamodelGraphWalker - Visiting attribute path : orderDetail
16:32:50.608 [main] DEBUG org.hibernate.persister.walking.spi.MetamodelGraphWalker - Property path deemed to be circular : orderDetail
16:32:50.608 [main] DEBUG org.hibernate.persister.walking.spi.MetamodelGraphWalker - Visiting attribute path : product
16:32:50.608 [main] DEBUG org.hibernate.loader.plan.build.internal.spaces.QuerySpacesImpl - Adding QuerySpace : uid = &lt;gen:2&gt; -&gt; org.hibernate.loader.plan.build.internal.spaces.EntityQuerySpaceImpl@2324bfe7]
16:32:50.608 [main] DEBUG org.hibernate.persister.walking.spi.MetamodelGraphWalker - Visiting attribute path : product.active
16:32:50.608 [main] DEBUG org.hibernate.persister.walking.spi.MetamodelGraphWalker - Visiting attribute path : product.brand
16:32:50.608 [main] DEBUG org.hibernate.persister.walking.spi.MetamodelGraphWalker - Visiting attribute path : product.categoryId
16:32:50.608 [main] DEBUG org.hibernate.persister.walking.spi.MetamodelGraphWalker - Visiting attribute path : product.code
16:32:50.608 [main] DEBUG org.hibernate.persister.walking.spi.MetamodelGraphWalker - Visiting attribute path : product.description
16:32:50.608 [main] DEBUG org.hibernate.persister.walking.spi.MetamodelGraphWalker - Visiting attribute path : product.name
16:32:50.608 [main] DEBUG org.hibernate.persister.walking.spi.MetamodelGraphWalker - Visiting attribute path : product.purchases
16:32:50.608 [main] DEBUG org.hibernate.persister.walking.spi.MetamodelGraphWalker - Visiting attribute path : product.quantity
16:32:50.608 [main] DEBUG org.hibernate.persister.walking.spi.MetamodelGraphWalker - Visiting attribute path : product.supplierId
16:32:50.608 [main] DEBUG org.hibernate.persister.walking.spi.MetamodelGraphWalker - Visiting attribute path : product.unitPrice
16:32:50.608 [main] DEBUG org.hibernate.persister.walking.spi.MetamodelGraphWalker - Visiting attribute path : product.views
16:32:50.608 [main] DEBUG org.hibernate.persister.walking.spi.MetamodelGraphWalker - Visiting attribute path : productCount
16:32:50.608 [main] DEBUG org.hibernate.persister.walking.spi.MetamodelGraphWalker - Visiting attribute path : total
16:32:50.608 [main] DEBUG org.hibernate.loader.plan.build.internal.FetchStyleLoadPlanBuildingAssociationVisitationStrategy - Building LoadPlan...
16:32:50.609 [main] DEBUG org.hibernate.loader.plan.exec.internal.LoadQueryJoinAndFetchProcessor - processing queryspace &lt;gen:0&gt;
16:32:50.610 [main] DEBUG org.hibernate.loader.plan.build.spi.LoadPlanTreePrinter - LoadPlan(collection=com.shoppingbackend.model.OrderDetail.orderItems)
    - Returns
       - CollectionReturnImpl(collection=com.shoppingbackend.model.OrderDetail.orderItems, querySpaceUid=&lt;gen:0&gt;, path=[com.shoppingbackend.model.OrderDetail.orderItems])
          - (collection element) CollectionFetchableElementEntityGraph(entity=com.shoppingbackend.model.OrderItem, querySpaceUid=&lt;gen:1&gt;, path=[com.shoppingbackend.model.OrderDetail.orderItems].&lt;elements&gt;)
             - EntityAttributeFetchImpl(entity=com.shoppingbackend.model.Product, querySpaceUid=&lt;gen:2&gt;, path=[com.shoppingbackend.model.OrderDetail.orderItems].&lt;elements&gt;.product)
    - QuerySpaces
       - CollectionQuerySpaceImpl(uid=&lt;gen:0&gt;, collection=com.shoppingbackend.model.OrderDetail.orderItems)
          - SQL table alias mapping - orderitems0_
          - alias suffix - 0_
          - suffixed key columns - {order_id5_5_0_}
          - entity-element alias suffix - 1_
          - 1_entity-element suffixed key columns - id1_5_1_
          - JOIN (JoinDefinedByMetadata(elements)) : &lt;gen:0&gt; -&gt; &lt;gen:1&gt;
             - EntityQuerySpaceImpl(uid=&lt;gen:1&gt;, entity=com.shoppingbackend.model.OrderItem)
                - SQL table alias mapping - orderitems0_
                - alias suffix - 1_
                - suffixed key columns - {id1_5_1_}
                - JOIN (JoinDefinedByMetadata(product)) : &lt;gen:1&gt; -&gt; &lt;gen:2&gt;
                   - EntityQuerySpaceImpl(uid=&lt;gen:2&gt;, entity=com.shoppingbackend.model.Product)
                      - SQL table alias mapping - product1_
                      - alias suffix - 2_
                      - suffixed key columns - {id1_6_2_}

16:32:50.610 [main] DEBUG org.hibernate.loader.collection.plan.CollectionLoader - Static select for collection com.shoppingbackend.model.OrderDetail.orderItems: select orderitems0_.order_id as order_id5_5_0_, orderitems0_.id as id1_5_0_, orderitems0_.id as id1_5_1_, orderitems0_.buying_price as buying_p2_5_1_, orderitems0_.order_id as order_id5_5_1_, orderitems0_.product_id as product_6_5_1_, orderitems0_.product_count as product_3_5_1_, orderitems0_.total as total4_5_1_, product1_.id as id1_6_2_, product1_.is_active as is_activ2_6_2_, product1_.brand as brand3_6_2_, product1_.category_id as category4_6_2_, product1_.code as code5_6_2_, product1_.description as descript6_6_2_, product1_.name as name7_6_2_, product1_.purchases as purchase8_6_2_, product1_.quantity as quantity9_6_2_, product1_.supplier_id as supplie10_6_2_, product1_.unit_price as unit_pr11_6_2_, product1_.views as views12_6_2_ from order_item orderitems0_ left outer join Product product1_ on orderitems0_.product_id=product1_.id where orderitems0_.order_id=?
16:32:50.624 [main] DEBUG org.hibernate.mapping.Table - No alter strings for table : Address
16:32:50.624 [main] DEBUG org.hibernate.mapping.Table - No alter strings for table : Cart
16:32:50.624 [main] DEBUG org.hibernate.mapping.Table - No alter strings for table : cart_line
16:32:50.624 [main] DEBUG org.hibernate.mapping.Table - No alter strings for table : Category
16:32:50.624 [main] DEBUG org.hibernate.mapping.Table - No alter strings for table : order_detail
16:32:50.624 [main] DEBUG org.hibernate.mapping.Table - No alter strings for table : order_item
16:32:50.624 [main] DEBUG org.hibernate.mapping.Table - No alter strings for table : Product
16:32:50.624 [main] DEBUG org.hibernate.mapping.Table - No alter strings for table : supplier
16:32:50.624 [main] DEBUG org.hibernate.mapping.Table - No alter strings for table : user_detail
16:32:50.650 [main] DEBUG org.hibernate.engine.transaction.jta.platform.internal.JtaPlatformInitiator - No JtaPlatform was specified, checking resolver
16:32:50.650 [main] DEBUG org.hibernate.engine.transaction.jta.platform.internal.JtaPlatformResolverInitiator - No JtaPlatformResolver was specified, using default [org.hibernate.engine.transaction.jta.platform.internal.StandardJtaPlatformResolver]
16:32:50.655 [main] DEBUG org.hibernate.engine.transaction.jta.platform.internal.StandardJtaPlatformResolver - Could not resolve JtaPlatform, using default [org.hibernate.engine.transaction.jta.platform.internal.NoJtaPlatform]
16:32:50.655 [main] DEBUG org.hibernate.query.spi.NamedQueryRepository - Checking 0 named HQL queries
16:32:50.655 [main] DEBUG org.hibernate.query.spi.NamedQueryRepository - Checking 0 named SQL queries
16:32:50.655 [main] DEBUG org.hibernate.internal.SessionFactoryRegistry - Registering SessionFactory: 282f7824-87a1-494c-a2aa-76b9ecea46ab (&lt;unnamed&gt;)
16:32:50.655 [main] DEBUG org.hibernate.internal.SessionFactoryRegistry - Not binding SessionFactory to JNDI, no JNDI name configured
16:32:50.657 [main] DEBUG org.springframework.beans.factory.support.DefaultListableBeanFactory - Eagerly caching bean &apos;getSessionFactory&apos; to allow for resolving potential circular references
16:32:50.659 [main] DEBUG org.springframework.beans.factory.support.DefaultListableBeanFactory - Returning cached instance of singleton bean &apos;org.springframework.transaction.config.internalTransactionAdvisor&apos;
16:32:50.661 [main] DEBUG org.springframework.beans.factory.support.DefaultListableBeanFactory - Finished creating instance of bean &apos;getSessionFactory&apos;
16:32:50.661 [main] DEBUG org.springframework.beans.factory.annotation.AutowiredAnnotationBeanPostProcessor - Autowiring by type from bean name &apos;cartLineDAO&apos; to bean named &apos;getSessionFactory&apos;
16:32:50.661 [main] DEBUG org.springframework.beans.factory.support.DefaultListableBeanFactory - Returning cached instance of singleton bean &apos;org.springframework.transaction.config.internalTransactionAdvisor&apos;
16:32:50.661 [main] DEBUG org.springframework.transaction.annotation.AnnotationTransactionAttributeSource - Adding transactional method &apos;com.shoppingbackend.dao.daoimpl.CartLineDAOImpl.add&apos; with attribute: PROPAGATION_REQUIRED,ISOLATION_DEFAULT; &apos;&apos;
16:32:50.661 [main] DEBUG org.springframework.aop.framework.autoproxy.InfrastructureAdvisorAutoProxyCreator - Creating implicit proxy for bean &apos;cartLineDAO&apos; with 0 common interceptors and 1 specific interceptors
16:32:50.662 [main] DEBUG org.springframework.aop.framework.JdkDynamicAopProxy - Creating JDK dynamic proxy: target source is SingletonTargetSource for target object [com.shoppingbackend.dao.daoimpl.CartLineDAOImpl@7b78ed6a]
16:32:50.662 [main] DEBUG org.springframework.beans.factory.support.DefaultListableBeanFactory - Finished creating instance of bean &apos;cartLineDAO&apos;
16:32:50.662 [main] DEBUG org.springframework.beans.factory.support.DefaultListableBeanFactory - Creating shared instance of singleton bean &apos;categoryDAO&apos;
16:32:50.662 [main] DEBUG org.springframework.beans.factory.support.DefaultListableBeanFactory - Creating instance of bean &apos;categoryDAO&apos;
16:32:50.662 [main] DEBUG org.springframework.beans.factory.annotation.InjectionMetadata - Registered injected element on class [com.shoppingbackend.dao.daoimpl.CategoryDAOImpl]: AutowiredFieldElement for private org.hibernate.SessionFactory com.shoppingbackend.dao.daoimpl.CategoryDAOImpl.sessionFactory
16:32:50.662 [main] DEBUG org.springframework.beans.factory.support.DefaultListableBeanFactory - Eagerly caching bean &apos;categoryDAO&apos; to allow for resolving potential circular references
16:32:50.663 [main] DEBUG org.springframework.beans.factory.annotation.InjectionMetadata - Processing injected element of bean &apos;categoryDAO&apos;: AutowiredFieldElement for private org.hibernate.SessionFactory com.shoppingbackend.dao.daoimpl.CategoryDAOImpl.sessionFactory
16:32:50.663 [main] DEBUG org.springframework.beans.factory.support.DefaultListableBeanFactory - Returning cached instance of singleton bean &apos;getSessionFactory&apos;
16:32:50.663 [main] DEBUG org.springframework.beans.factory.annotation.AutowiredAnnotationBeanPostProcessor - Autowiring by type from bean name &apos;categoryDAO&apos; to bean named &apos;getSessionFactory&apos;
16:32:50.663 [main] DEBUG org.springframework.beans.factory.support.DefaultListableBeanFactory - Returning cached instance of singleton bean &apos;org.springframework.transaction.config.internalTransactionAdvisor&apos;
16:32:50.665 [main] DEBUG org.springframework.transaction.annotation.AnnotationTransactionAttributeSource - Adding transactional method &apos;com.shoppingbackend.dao.daoimpl.CategoryDAOImpl.add&apos; with attribute: PROPAGATION_REQUIRED,ISOLATION_DEFAULT; &apos;&apos;
16:32:50.665 [main] DEBUG org.springframework.aop.framework.autoproxy.InfrastructureAdvisorAutoProxyCreator - Creating implicit proxy for bean &apos;categoryDAO&apos; with 0 common interceptors and 1 specific interceptors
16:32:50.665 [main] DEBUG org.springframework.aop.framework.JdkDynamicAopProxy - Creating JDK dynamic proxy: target source is SingletonTargetSource for target object [com.shoppingbackend.dao.daoimpl.CategoryDAOImpl@6ec65b5e]
16:32:50.665 [main] DEBUG org.springframework.beans.factory.support.DefaultListableBeanFactory - Finished creating instance of bean &apos;categoryDAO&apos;
16:32:50.665 [main] DEBUG org.springframework.beans.factory.support.DefaultListableBeanFactory - Creating shared instance of singleton bean &apos;productDAO&apos;
16:32:50.665 [main] DEBUG org.springframework.beans.factory.support.DefaultListableBeanFactory - Creating instance of bean &apos;productDAO&apos;
16:32:50.666 [main] DEBUG org.springframework.beans.factory.annotation.InjectionMetadata - Registered injected element on class [com.shoppingbackend.dao.daoimpl.ProductDAOImpl]: AutowiredFieldElement for private org.hibernate.SessionFactory com.shoppingbackend.dao.daoimpl.ProductDAOImpl.sessionFactory
16:32:50.666 [main] DEBUG org.springframework.beans.factory.support.DefaultListableBeanFactory - Eagerly caching bean &apos;productDAO&apos; to allow for resolving potential circular references
16:32:50.667 [main] DEBUG org.springframework.beans.factory.annotation.InjectionMetadata - Processing injected element of bean &apos;productDAO&apos;: AutowiredFieldElement for private org.hibernate.SessionFactory com.shoppingbackend.dao.daoimpl.ProductDAOImpl.sessionFactory
16:32:50.667 [main] DEBUG org.springframework.beans.factory.support.DefaultListableBeanFactory - Returning cached instance of singleton bean &apos;getSessionFactory&apos;
16:32:50.667 [main] DEBUG org.springframework.beans.factory.annotation.AutowiredAnnotationBeanPostProcessor - Autowiring by type from bean name &apos;productDAO&apos; to bean named &apos;getSessionFactory&apos;
16:32:50.667 [main] DEBUG org.springframework.beans.factory.support.DefaultListableBeanFactory - Returning cached instance of singleton bean &apos;org.springframework.transaction.config.internalTransactionAdvisor&apos;
16:32:50.668 [main] DEBUG org.springframework.transaction.annotation.AnnotationTransactionAttributeSource - Adding transactional method &apos;com.shoppingbackend.dao.daoimpl.ProductDAOImpl.add&apos; with attribute: PROPAGATION_REQUIRED,ISOLATION_DEFAULT; &apos;&apos;
16:32:50.668 [main] DEBUG org.springframework.aop.framework.autoproxy.InfrastructureAdvisorAutoProxyCreator - Creating implicit proxy for bean &apos;productDAO&apos; with 0 common interceptors and 1 specific interceptors
16:32:50.668 [main] DEBUG org.springframework.aop.framework.JdkDynamicAopProxy - Creating JDK dynamic proxy: target source is SingletonTargetSource for target object [com.shoppingbackend.dao.daoimpl.ProductDAOImpl@47447ccf]
16:32:50.668 [main] DEBUG org.springframework.beans.factory.support.DefaultListableBeanFactory - Finished creating instance of bean &apos;productDAO&apos;
16:32:50.668 [main] DEBUG org.springframework.beans.factory.support.DefaultListableBeanFactory - Creating shared instance of singleton bean &apos;supplierDAO&apos;
16:32:50.668 [main] DEBUG org.springframework.beans.factory.support.DefaultListableBeanFactory - Creating instance of bean &apos;supplierDAO&apos;
16:32:50.669 [main] DEBUG org.springframework.beans.factory.annotation.InjectionMetadata - Registered injected element on class [com.shoppingbackend.dao.daoimpl.SupplierDAOImpl]: AutowiredFieldElement for private org.hibernate.SessionFactory com.shoppingbackend.dao.daoimpl.SupplierDAOImpl.sessionFactory
16:32:50.669 [main] DEBUG org.springframework.beans.factory.support.DefaultListableBeanFactory - Eagerly caching bean &apos;supplierDAO&apos; to allow for resolving potential circular references
16:32:50.672 [main] DEBUG org.springframework.beans.factory.annotation.InjectionMetadata - Processing injected element of bean &apos;supplierDAO&apos;: AutowiredFieldElement for private org.hibernate.SessionFactory com.shoppingbackend.dao.daoimpl.SupplierDAOImpl.sessionFactory
16:32:50.672 [main] DEBUG org.springframework.beans.factory.support.DefaultListableBeanFactory - Returning cached instance of singleton bean &apos;getSessionFactory&apos;
16:32:50.672 [main] DEBUG org.springframework.beans.factory.annotation.AutowiredAnnotationBeanPostProcessor - Autowiring by type from bean name &apos;supplierDAO&apos; to bean named &apos;getSessionFactory&apos;
16:32:50.672 [main] DEBUG org.springframework.beans.factory.support.DefaultListableBeanFactory - Returning cached instance of singleton bean &apos;org.springframework.transaction.config.internalTransactionAdvisor&apos;
16:32:50.672 [main] DEBUG org.springframework.transaction.annotation.AnnotationTransactionAttributeSource - Adding transactional method &apos;com.shoppingbackend.dao.daoimpl.SupplierDAOImpl.list&apos; with attribute: PROPAGATION_REQUIRED,ISOLATION_DEFAULT; &apos;&apos;
16:32:50.672 [main] DEBUG org.springframework.aop.framework.autoproxy.InfrastructureAdvisorAutoProxyCreator - Creating implicit proxy for bean &apos;supplierDAO&apos; with 0 common interceptors and 1 specific interceptors
16:32:50.673 [main] DEBUG org.springframework.aop.framework.JdkDynamicAopProxy - Creating JDK dynamic proxy: target source is SingletonTargetSource for target object [com.shoppingbackend.dao.daoimpl.SupplierDAOImpl@263bbfeb]
16:32:50.673 [main] DEBUG org.springframework.beans.factory.support.DefaultListableBeanFactory - Finished creating instance of bean &apos;supplierDAO&apos;
16:32:50.673 [main] DEBUG org.springframework.beans.factory.support.DefaultListableBeanFactory - Creating shared instance of singleton bean &apos;userDAO&apos;
16:32:50.673 [main] DEBUG org.springframework.beans.factory.support.DefaultListableBeanFactory - Creating instance of bean &apos;userDAO&apos;
16:32:50.677 [main] DEBUG org.springframework.beans.factory.annotation.InjectionMetadata - Registered injected element on class [com.shoppingbackend.dao.daoimpl.UserDAOImpl]: AutowiredFieldElement for private org.hibernate.SessionFactory com.shoppingbackend.dao.daoimpl.UserDAOImpl.sessionFactory
16:32:50.677 [main] DEBUG org.springframework.beans.factory.support.DefaultListableBeanFactory - Eagerly caching bean &apos;userDAO&apos; to allow for resolving potential circular references
16:32:50.678 [main] DEBUG org.springframework.beans.factory.annotation.InjectionMetadata - Processing injected element of bean &apos;userDAO&apos;: AutowiredFieldElement for private org.hibernate.SessionFactory com.shoppingbackend.dao.daoimpl.UserDAOImpl.sessionFactory
16:32:50.678 [main] DEBUG org.springframework.beans.factory.support.DefaultListableBeanFactory - Returning cached instance of singleton bean &apos;getSessionFactory&apos;
16:32:50.678 [main] DEBUG org.springframework.beans.factory.annotation.AutowiredAnnotationBeanPostProcessor - Autowiring by type from bean name &apos;userDAO&apos; to bean named &apos;getSessionFactory&apos;
16:32:50.678 [main] DEBUG org.springframework.beans.factory.support.DefaultListableBeanFactory - Returning cached instance of singleton bean &apos;org.springframework.transaction.config.internalTransactionAdvisor&apos;
16:32:50.679 [main] DEBUG org.springframework.transaction.annotation.AnnotationTransactionAttributeSource - Adding transactional method &apos;com.shoppingbackend.dao.daoimpl.UserDAOImpl.add&apos; with attribute: PROPAGATION_REQUIRED,ISOLATION_DEFAULT; &apos;&apos;
16:32:50.679 [main] DEBUG org.springframework.aop.framework.autoproxy.InfrastructureAdvisorAutoProxyCreator - Creating implicit proxy for bean &apos;userDAO&apos; with 0 common interceptors and 1 specific interceptors
16:32:50.679 [main] DEBUG org.springframework.aop.framework.JdkDynamicAopProxy - Creating JDK dynamic proxy: target source is SingletonTargetSource for target object [com.shoppingbackend.dao.daoimpl.UserDAOImpl@67d86804]
16:32:50.679 [main] DEBUG org.springframework.beans.factory.support.DefaultListableBeanFactory - Finished creating instance of bean &apos;userDAO&apos;
16:32:50.679 [main] DEBUG org.springframework.beans.factory.support.DefaultListableBeanFactory - Creating shared instance of singleton bean &apos;product&apos;
16:32:50.679 [main] DEBUG org.springframework.beans.factory.support.DefaultListableBeanFactory - Creating instance of bean &apos;product&apos;
16:32:50.680 [main] DEBUG org.springframework.beans.factory.support.DefaultListableBeanFactory - Eagerly caching bean &apos;product&apos; to allow for resolving potential circular references
16:32:50.681 [main] DEBUG org.springframework.beans.factory.support.DefaultListableBeanFactory - Returning cached instance of singleton bean &apos;org.springframework.transaction.config.internalTransactionAdvisor&apos;
16:32:50.683 [main] DEBUG org.springframework.beans.factory.support.DefaultListableBeanFactory - Finished creating instance of bean &apos;product&apos;
16:32:50.683 [main] DEBUG org.springframework.beans.factory.support.DefaultListableBeanFactory - Returning cached instance of singleton bean &apos;org.springframework.transaction.annotation.ProxyTransactionManagementConfiguration&apos;
16:32:50.683 [main] DEBUG org.springframework.beans.factory.support.DefaultListableBeanFactory - Returning cached instance of singleton bean &apos;org.springframework.transaction.config.internalTransactionAdvisor&apos;
16:32:50.683 [main] DEBUG org.springframework.beans.factory.support.DefaultListableBeanFactory - Returning cached instance of singleton bean &apos;transactionAttributeSource&apos;
16:32:50.683 [main] DEBUG org.springframework.beans.factory.support.DefaultListableBeanFactory - Returning cached instance of singleton bean &apos;transactionInterceptor&apos;
16:32:50.683 [main] DEBUG org.springframework.beans.factory.support.DefaultListableBeanFactory - Creating shared instance of singleton bean &apos;org.springframework.transaction.config.internalTransactionalEventListenerFactory&apos;
16:32:50.683 [main] DEBUG org.springframework.beans.factory.support.DefaultListableBeanFactory - Creating instance of bean &apos;org.springframework.transaction.config.internalTransactionalEventListenerFactory&apos;
16:32:50.683 [main] DEBUG org.springframework.beans.factory.support.DefaultListableBeanFactory - Returning cached instance of singleton bean &apos;org.springframework.transaction.annotation.ProxyTransactionManagementConfiguration&apos;
16:32:50.684 [main] DEBUG org.springframework.beans.factory.support.DefaultListableBeanFactory - Eagerly caching bean &apos;org.springframework.transaction.config.internalTransactionalEventListenerFactory&apos; to allow for resolving potential circular references
16:32:50.686 [main] DEBUG org.springframework.beans.factory.support.DefaultListableBeanFactory - Returning cached instance of singleton bean &apos;org.springframework.transaction.config.internalTransactionAdvisor&apos;
16:32:50.686 [main] DEBUG org.springframework.beans.factory.support.DefaultListableBeanFactory - Finished creating instance of bean &apos;org.springframework.transaction.config.internalTransactionalEventListenerFactory&apos;
16:32:50.687 [main] DEBUG org.springframework.beans.factory.support.DefaultListableBeanFactory - Returning cached instance of singleton bean &apos;dataSource&apos;
16:32:50.687 [main] DEBUG org.springframework.beans.factory.support.DefaultListableBeanFactory - Returning cached instance of singleton bean &apos;getSessionFactory&apos;
16:32:50.687 [main] DEBUG org.springframework.beans.factory.support.DefaultListableBeanFactory - Creating shared instance of singleton bean &apos;getTransactionManager&apos;
16:32:50.687 [main] DEBUG org.springframework.beans.factory.support.DefaultListableBeanFactory - Creating instance of bean &apos;getTransactionManager&apos;
16:32:50.687 [main] DEBUG org.springframework.beans.factory.support.DefaultListableBeanFactory - Returning cached instance of singleton bean &apos;hibernateConfig&apos;
16:32:50.687 [main] DEBUG org.springframework.beans.factory.support.DefaultListableBeanFactory - Returning cached instance of singleton bean &apos;getSessionFactory&apos;
16:32:50.687 [main] DEBUG org.springframework.beans.factory.support.DefaultListableBeanFactory - Autowiring by type from bean name &apos;getTransactionManager&apos; via factory method to bean named &apos;getSessionFactory&apos;
16:32:50.687 [main] INFO org.springframework.orm.hibernate5.HibernateTransactionManager - Using DataSource [org.apache.commons.dbcp2.BasicDataSource@627d8516] of Hibernate SessionFactory for HibernateTransactionManager
16:32:50.688 [main] DEBUG org.springframework.beans.factory.support.DefaultListableBeanFactory - Eagerly caching bean &apos;getTransactionManager&apos; to allow for resolving potential circular references
16:32:50.691 [main] DEBUG org.springframework.beans.factory.support.DefaultListableBeanFactory - Invoking afterPropertiesSet() on bean with name &apos;getTransactionManager&apos;
16:32:50.691 [main] DEBUG org.springframework.beans.factory.support.DefaultListableBeanFactory - Returning cached instance of singleton bean &apos;org.springframework.transaction.config.internalTransactionAdvisor&apos;
16:32:50.691 [main] DEBUG org.springframework.beans.factory.support.DefaultListableBeanFactory - Finished creating instance of bean &apos;getTransactionManager&apos;
16:32:50.692 [main] DEBUG org.springframework.beans.factory.support.DefaultListableBeanFactory - Returning cached instance of singleton bean &apos;org.springframework.aop.config.internalAutoProxyCreator&apos;
16:32:50.692 [main] DEBUG org.springframework.beans.factory.support.DefaultListableBeanFactory - Returning cached instance of singleton bean &apos;org.springframework.context.event.internalEventListenerFactory&apos;
16:32:50.692 [main] DEBUG org.springframework.beans.factory.support.DefaultListableBeanFactory - Returning cached instance of singleton bean &apos;org.springframework.transaction.config.internalTransactionalEventListenerFactory&apos;
16:32:50.703 [main] DEBUG org.springframework.context.annotation.AnnotationConfigApplicationContext - Unable to locate LifecycleProcessor with name &apos;lifecycleProcessor&apos;: using default [org.springframework.context.support.DefaultLifecycleProcessor@6d469831]
16:32:50.704 [main] DEBUG org.springframework.beans.factory.support.DefaultListableBeanFactory - Returning cached instance of singleton bean &apos;lifecycleProcessor&apos;
16:32:50.704 [main] DEBUG org.springframework.core.env.PropertySourcesPropertyResolver - Could not find key &apos;spring.liveBeansView.mbeanDomain&apos; in any property source
16:32:50.704 [main] DEBUG org.springframework.beans.factory.support.DefaultListableBeanFactory - Returning cached instance of singleton bean &apos;supplierDAO&apos;
</system-out>
  </testcase>
  <testcase classname="com.shoppingbackend.test.SupplierTestCase" name="testDeleteSupplier" time="0.693">
    <skipped/>
  </testcase>
  <testcase classname="com.shoppingbackend.test.SupplierTestCase" name="testAddSupplier" time="0.014"/>
</testsuite>